[0.080s] Invoking command in '/home/nth/ros2_ws/build/nav2_behavior_tree': AMENT_PREFIX_PATH=/home/nth/ros2_ws/install/nav2_util:/home/nth/ros2_ws/install/nav2_msgs:/home/nth/ros2_ws/install/nav2_common:${AMENT_PREFIX_PATH} CMAKE_PREFIX_PATH=/home/nth/ros2_ws/install/nav2_util:/home/nth/ros2_ws/install/nav2_msgs:/home/nth/ros2_ws/install/nav2_common:/home/nth/rtc_ws/install/turtlebot3:/home/nth/rtc_ws/install/turtlebot3_bringup:/home/nth/rtc_ws/install/turtlebot3_node:/home/nth/rtc_ws/install/turtlebot3_navigation2:/home/nth/rtc_ws/install/turtlebot3_msgs:/home/nth/rtc_ws/install/turtlebot3_description:/home/nth/rtc_ws/install/turtlebot3_cartographer:/home/nth/rtc_ws/install/teb_msgs:/home/nth/rtc_ws/install/nav2_system_tests:/home/nth/rtc_ws/install/nav2_bringup:/home/nth/rtc_ws/install/navigation2:/home/nth/rtc_ws/install/smac_planner:/home/nth/rtc_ws/install/rplidar_ros2:/home/nth/rtc_ws/install/robot_localization:/home/nth/rtc_ws/install/nav2_dwb_controller:/home/nth/rtc_ws/install/nav2_controller:/home/nth/rtc_ws/install/dwb_plugins:/home/nth/rtc_ws/install/dwb_critics:/home/nth/rtc_ws/install/dwb_core:/home/nth/rtc_ws/install/nav_2d_utils:/home/nth/rtc_ws/install/dwb_msgs:/home/nth/rtc_ws/install/nav_2d_msgs:/home/nth/rtc_ws/install/nav2_waypoint_follower:/home/nth/rtc_ws/install/nav2_regulated_pure_pursuit_controller:/home/nth/rtc_ws/install/nav2_recoveries:/home/nth/rtc_ws/install/nav2_planner:/home/nth/rtc_ws/install/nav2_navfn_planner:/home/nth/rtc_ws/install/nav2_core:/home/nth/rtc_ws/install/costmap_queue:/home/nth/rtc_ws/install/costmap_converter:/home/nth/rtc_ws/install/nav2_costmap_2d:/home/nth/rtc_ws/install/nav2_voxel_grid:/home/nth/rtc_ws/install/nav2_rviz_plugins:/home/nth/rtc_ws/install/nav2_map_server:/home/nth/rtc_ws/install/nav2_lifecycle_manager:/home/nth/rtc_ws/install/nav2_bt_navigator:/home/nth/rtc_ws/install/nav2_behavior_tree:/home/nth/rtc_ws/install/nav2_amcl:/home/nth/rtc_ws/install/nav2_util:/home/nth/rtc_ws/install/nav2_msgs:/home/nth/rtc_ws/install/nav2_common:/home/nth/rtc_ws/install/ld08_driver:/home/nth/rtc_ws/install/g2o:/home/nth/rtc_ws/install/dynamixel_sdk_examples:/home/nth/rtc_ws/install/dynamixel_sdk_custom_interfaces:/home/nth/rtc_ws/install/dynamixel_sdk:/home/nth/rtc_ws/install/costmap_converter_msgs:/home/nth/rtc_ws/install/aws_robomaker_small_warehouse_world:/home/nth/rtcamr_ws/install/turtlebot3_msgs:/home/nth/rtcamr_ws/install/turtlebot3_gazebo:/home/nth/rtcamr_ws/install/turtlebot3_description:/home/nth/rtcamr_ws/install/turtlebot3_cartographer:/home/nth/rtcamr_ws/install/rplidar_ros2:/home/nth/rtcamr_ws/install/dwb_msgs:/home/nth/rtcamr_ws/install/nav_2d_msgs:/home/nth/rtcamr_ws/install/nav2_voxel_grid:/home/nth/rtcamr_ws/install/nav2_msgs:/home/nth/rtcamr_ws/install/nav2_common:/home/nth/rtcamr_ws/install/aws_robomaker_small_warehouse_world:/home/nth/rtc_ws/install/turtlebot3_teleop:/home/nth/rtc_ws/install/turtlebot3_example:/home/nth/rtc_ws/install/nav2_simple_commander:/home/nth/rtc_ws/install/nav2_gazebo_spawner:/home/nth/rtcamr_ws/install/turtlebot3_teleop:/home/nth/rtcamr_ws/install/turtlebot3_example:/home/nth/rtcamr_ws/install/nav2_simple_commander:/home/nth/rtcamr_ws/install/nav2_gazebo_spawner:/opt/ros/foxy LD_LIBRARY_PATH=/home/nth/ros2_ws/install/nav2_util/lib:/home/nth/ros2_ws/install/nav2_msgs/lib:${LD_LIBRARY_PATH} PYTHONPATH=/home/nth/ros2_ws/install/nav2_msgs/lib/python3.8/site-packages:/home/nth/ros2_ws/install/nav2_common/lib/python3.8/site-packages:${PYTHONPATH} /usr/bin/cmake --build /home/nth/ros2_ws/build/nav2_behavior_tree -- -j16 -l16
[0.201s] [  2%] Built target nav2_pipeline_sequence_bt_node
[0.201s] [  4%] Built target nav2_transform_available_condition_bt_node
[0.202s] [  6%] Built target nav2_behavior_tree
[0.204s] [  8%] Built target nav2_wait_action_bt_node
[0.208s] [ 12%] Built target nav2_is_stuck_condition_bt_node
[0.208s] [ 12%] Built target nav2_goal_updated_condition_bt_node
[0.210s] [ 14%] Built target nav2_spin_action_bt_node
[0.212s] [ 16%] Built target nav2_compute_path_to_pose_action_bt_node
[0.215s] [ 20%] Built target nav2_goal_updater_node_bt_node
[0.215s] [ 20%] Built target nav2_goal_reached_condition_bt_node
[0.216s] [ 22%] Built target nav2_follow_path_action_bt_node
[0.216s] [ 24%] Built target nav2_initial_pose_received_condition_bt_node
[0.229s] [ 26%] Built target nav2_is_battery_low_condition_bt_node
[0.229s] [ 28%] Built target nav2_reinitialize_global_localization_service_bt_node
[0.229s] [ 30%] Built target nav2_time_expired_condition_bt_node
[0.232s] [ 32%] Built target nav2_distance_traveled_condition_bt_node
[0.273s] [ 36%] Built target nav2_truncate_path_action_bt_node
[0.273s] [ 36%] Built target nav2_rate_controller_bt_node
[0.274s] [ 38%] Built target nav2_clear_costmap_service_bt_node
[0.276s] [ 40%] Built target nav2_round_robin_node_bt_node
[0.276s] [ 42%] Built target nav2_distance_controller_bt_node
[0.280s] [ 44%] Built target gtest
[0.283s] [ 46%] Built target nav2_recovery_node_bt_node
[0.286s] [ 48%] Built target gtest_main
[0.287s] [ 51%] Built target nav2_speed_controller_bt_node
[0.296s] [ 53%] Built target nav2_back_up_action_bt_node
[0.296s] [ 55%] Built target nav2_navigate_to_pose_action_bt_node
[0.361s] [ 58%] Built target test_condition_goal_updated
[0.361s] [ 59%] Built target test_condition_distance_traveled
[0.362s] [ 61%] Built target test_bt_conversions
[0.363s] [ 63%] Built target test_condition_initial_pose_received
[0.366s] [ 65%] Built target test_condition_time_expired
[0.368s] [ 67%] Built target test_condition_is_battery_low
[0.374s] [ 73%] Built target test_condition_goal_reached
[0.375s] [ 73%] Built target test_condition_is_stuck
[0.375s] [ 73%] Built target test_goal_updater_node
[0.375s] [ 75%] Built target test_condition_transform_available
[0.375s] [ 77%] Built target test_decorator_rate_controller
[0.375s] [ 79%] Built target test_decorator_speed_controller
[0.376s] [ 81%] Built target test_decorator_distance_controller
[0.376s] [ 83%] Built target test_control_recovery_node
[0.376s] [ 85%] Built target test_control_pipeline_sequence
[0.379s] [ 87%] Built target test_control_round_robin_node
[0.410s] [ 91%] Built target test_action_navigate_to_pose_action
[0.410s] [ 91%] Built target test_truncate_path_action
[0.410s] [ 93%] Built target test_action_clear_costmap_service
[0.410s] [ 95%] Built target test_action_reinitialize_global_localization_service
[0.413s] [ 97%] Built target test_action_follow_path_action
[0.417s] [100%] Built target test_action_compute_path_to_pose_action
[0.453s] Invoked command in '/home/nth/ros2_ws/build/nav2_behavior_tree' returned '0': AMENT_PREFIX_PATH=/home/nth/ros2_ws/install/nav2_util:/home/nth/ros2_ws/install/nav2_msgs:/home/nth/ros2_ws/install/nav2_common:${AMENT_PREFIX_PATH} CMAKE_PREFIX_PATH=/home/nth/ros2_ws/install/nav2_util:/home/nth/ros2_ws/install/nav2_msgs:/home/nth/ros2_ws/install/nav2_common:/home/nth/rtc_ws/install/turtlebot3:/home/nth/rtc_ws/install/turtlebot3_bringup:/home/nth/rtc_ws/install/turtlebot3_node:/home/nth/rtc_ws/install/turtlebot3_navigation2:/home/nth/rtc_ws/install/turtlebot3_msgs:/home/nth/rtc_ws/install/turtlebot3_description:/home/nth/rtc_ws/install/turtlebot3_cartographer:/home/nth/rtc_ws/install/teb_msgs:/home/nth/rtc_ws/install/nav2_system_tests:/home/nth/rtc_ws/install/nav2_bringup:/home/nth/rtc_ws/install/navigation2:/home/nth/rtc_ws/install/smac_planner:/home/nth/rtc_ws/install/rplidar_ros2:/home/nth/rtc_ws/install/robot_localization:/home/nth/rtc_ws/install/nav2_dwb_controller:/home/nth/rtc_ws/install/nav2_controller:/home/nth/rtc_ws/install/dwb_plugins:/home/nth/rtc_ws/install/dwb_critics:/home/nth/rtc_ws/install/dwb_core:/home/nth/rtc_ws/install/nav_2d_utils:/home/nth/rtc_ws/install/dwb_msgs:/home/nth/rtc_ws/install/nav_2d_msgs:/home/nth/rtc_ws/install/nav2_waypoint_follower:/home/nth/rtc_ws/install/nav2_regulated_pure_pursuit_controller:/home/nth/rtc_ws/install/nav2_recoveries:/home/nth/rtc_ws/install/nav2_planner:/home/nth/rtc_ws/install/nav2_navfn_planner:/home/nth/rtc_ws/install/nav2_core:/home/nth/rtc_ws/install/costmap_queue:/home/nth/rtc_ws/install/costmap_converter:/home/nth/rtc_ws/install/nav2_costmap_2d:/home/nth/rtc_ws/install/nav2_voxel_grid:/home/nth/rtc_ws/install/nav2_rviz_plugins:/home/nth/rtc_ws/install/nav2_map_server:/home/nth/rtc_ws/install/nav2_lifecycle_manager:/home/nth/rtc_ws/install/nav2_bt_navigator:/home/nth/rtc_ws/install/nav2_behavior_tree:/home/nth/rtc_ws/install/nav2_amcl:/home/nth/rtc_ws/install/nav2_util:/home/nth/rtc_ws/install/nav2_msgs:/home/nth/rtc_ws/install/nav2_common:/home/nth/rtc_ws/install/ld08_driver:/home/nth/rtc_ws/install/g2o:/home/nth/rtc_ws/install/dynamixel_sdk_examples:/home/nth/rtc_ws/install/dynamixel_sdk_custom_interfaces:/home/nth/rtc_ws/install/dynamixel_sdk:/home/nth/rtc_ws/install/costmap_converter_msgs:/home/nth/rtc_ws/install/aws_robomaker_small_warehouse_world:/home/nth/rtcamr_ws/install/turtlebot3_msgs:/home/nth/rtcamr_ws/install/turtlebot3_gazebo:/home/nth/rtcamr_ws/install/turtlebot3_description:/home/nth/rtcamr_ws/install/turtlebot3_cartographer:/home/nth/rtcamr_ws/install/rplidar_ros2:/home/nth/rtcamr_ws/install/dwb_msgs:/home/nth/rtcamr_ws/install/nav_2d_msgs:/home/nth/rtcamr_ws/install/nav2_voxel_grid:/home/nth/rtcamr_ws/install/nav2_msgs:/home/nth/rtcamr_ws/install/nav2_common:/home/nth/rtcamr_ws/install/aws_robomaker_small_warehouse_world:/home/nth/rtc_ws/install/turtlebot3_teleop:/home/nth/rtc_ws/install/turtlebot3_example:/home/nth/rtc_ws/install/nav2_simple_commander:/home/nth/rtc_ws/install/nav2_gazebo_spawner:/home/nth/rtcamr_ws/install/turtlebot3_teleop:/home/nth/rtcamr_ws/install/turtlebot3_example:/home/nth/rtcamr_ws/install/nav2_simple_commander:/home/nth/rtcamr_ws/install/nav2_gazebo_spawner:/opt/ros/foxy LD_LIBRARY_PATH=/home/nth/ros2_ws/install/nav2_util/lib:/home/nth/ros2_ws/install/nav2_msgs/lib:${LD_LIBRARY_PATH} PYTHONPATH=/home/nth/ros2_ws/install/nav2_msgs/lib/python3.8/site-packages:/home/nth/ros2_ws/install/nav2_common/lib/python3.8/site-packages:${PYTHONPATH} /usr/bin/cmake --build /home/nth/ros2_ws/build/nav2_behavior_tree -- -j16 -l16
[0.589s] Invoking command in '/home/nth/ros2_ws/build/nav2_behavior_tree': AMENT_PREFIX_PATH=/home/nth/ros2_ws/install/nav2_util:/home/nth/ros2_ws/install/nav2_msgs:/home/nth/ros2_ws/install/nav2_common:${AMENT_PREFIX_PATH} CMAKE_PREFIX_PATH=/home/nth/ros2_ws/install/nav2_util:/home/nth/ros2_ws/install/nav2_msgs:/home/nth/ros2_ws/install/nav2_common:/home/nth/rtc_ws/install/turtlebot3:/home/nth/rtc_ws/install/turtlebot3_bringup:/home/nth/rtc_ws/install/turtlebot3_node:/home/nth/rtc_ws/install/turtlebot3_navigation2:/home/nth/rtc_ws/install/turtlebot3_msgs:/home/nth/rtc_ws/install/turtlebot3_description:/home/nth/rtc_ws/install/turtlebot3_cartographer:/home/nth/rtc_ws/install/teb_msgs:/home/nth/rtc_ws/install/nav2_system_tests:/home/nth/rtc_ws/install/nav2_bringup:/home/nth/rtc_ws/install/navigation2:/home/nth/rtc_ws/install/smac_planner:/home/nth/rtc_ws/install/rplidar_ros2:/home/nth/rtc_ws/install/robot_localization:/home/nth/rtc_ws/install/nav2_dwb_controller:/home/nth/rtc_ws/install/nav2_controller:/home/nth/rtc_ws/install/dwb_plugins:/home/nth/rtc_ws/install/dwb_critics:/home/nth/rtc_ws/install/dwb_core:/home/nth/rtc_ws/install/nav_2d_utils:/home/nth/rtc_ws/install/dwb_msgs:/home/nth/rtc_ws/install/nav_2d_msgs:/home/nth/rtc_ws/install/nav2_waypoint_follower:/home/nth/rtc_ws/install/nav2_regulated_pure_pursuit_controller:/home/nth/rtc_ws/install/nav2_recoveries:/home/nth/rtc_ws/install/nav2_planner:/home/nth/rtc_ws/install/nav2_navfn_planner:/home/nth/rtc_ws/install/nav2_core:/home/nth/rtc_ws/install/costmap_queue:/home/nth/rtc_ws/install/costmap_converter:/home/nth/rtc_ws/install/nav2_costmap_2d:/home/nth/rtc_ws/install/nav2_voxel_grid:/home/nth/rtc_ws/install/nav2_rviz_plugins:/home/nth/rtc_ws/install/nav2_map_server:/home/nth/rtc_ws/install/nav2_lifecycle_manager:/home/nth/rtc_ws/install/nav2_bt_navigator:/home/nth/rtc_ws/install/nav2_behavior_tree:/home/nth/rtc_ws/install/nav2_amcl:/home/nth/rtc_ws/install/nav2_util:/home/nth/rtc_ws/install/nav2_msgs:/home/nth/rtc_ws/install/nav2_common:/home/nth/rtc_ws/install/ld08_driver:/home/nth/rtc_ws/install/g2o:/home/nth/rtc_ws/install/dynamixel_sdk_examples:/home/nth/rtc_ws/install/dynamixel_sdk_custom_interfaces:/home/nth/rtc_ws/install/dynamixel_sdk:/home/nth/rtc_ws/install/costmap_converter_msgs:/home/nth/rtc_ws/install/aws_robomaker_small_warehouse_world:/home/nth/rtcamr_ws/install/turtlebot3_msgs:/home/nth/rtcamr_ws/install/turtlebot3_gazebo:/home/nth/rtcamr_ws/install/turtlebot3_description:/home/nth/rtcamr_ws/install/turtlebot3_cartographer:/home/nth/rtcamr_ws/install/rplidar_ros2:/home/nth/rtcamr_ws/install/dwb_msgs:/home/nth/rtcamr_ws/install/nav_2d_msgs:/home/nth/rtcamr_ws/install/nav2_voxel_grid:/home/nth/rtcamr_ws/install/nav2_msgs:/home/nth/rtcamr_ws/install/nav2_common:/home/nth/rtcamr_ws/install/aws_robomaker_small_warehouse_world:/home/nth/rtc_ws/install/turtlebot3_teleop:/home/nth/rtc_ws/install/turtlebot3_example:/home/nth/rtc_ws/install/nav2_simple_commander:/home/nth/rtc_ws/install/nav2_gazebo_spawner:/home/nth/rtcamr_ws/install/turtlebot3_teleop:/home/nth/rtcamr_ws/install/turtlebot3_example:/home/nth/rtcamr_ws/install/nav2_simple_commander:/home/nth/rtcamr_ws/install/nav2_gazebo_spawner:/opt/ros/foxy LD_LIBRARY_PATH=/home/nth/ros2_ws/install/nav2_util/lib:/home/nth/ros2_ws/install/nav2_msgs/lib:${LD_LIBRARY_PATH} PYTHONPATH=/home/nth/ros2_ws/install/nav2_msgs/lib/python3.8/site-packages:/home/nth/ros2_ws/install/nav2_common/lib/python3.8/site-packages:${PYTHONPATH} /usr/bin/cmake --install /home/nth/ros2_ws/build/nav2_behavior_tree
[0.602s] -- Install configuration: "Release"
[0.602s] -- Up-to-date: /home/nth/ros2_ws/install/nav2_behavior_tree/lib/libnav2_behavior_tree.so
[0.607s] -- Up-to-date: /home/nth/ros2_ws/install/nav2_behavior_tree/lib/libnav2_compute_path_to_pose_action_bt_node.so
[0.608s] -- Up-to-date: /home/nth/ros2_ws/install/nav2_behavior_tree/lib/libnav2_follow_path_action_bt_node.so
[0.608s] -- Up-to-date: /home/nth/ros2_ws/install/nav2_behavior_tree/lib/libnav2_back_up_action_bt_node.so
[0.608s] -- Up-to-date: /home/nth/ros2_ws/install/nav2_behavior_tree/lib/libnav2_spin_action_bt_node.so
[0.608s] -- Up-to-date: /home/nth/ros2_ws/install/nav2_behavior_tree/lib/libnav2_wait_action_bt_node.so
[0.608s] -- Up-to-date: /home/nth/ros2_ws/install/nav2_behavior_tree/lib/libnav2_clear_costmap_service_bt_node.so
[0.608s] -- Up-to-date: /home/nth/ros2_ws/install/nav2_behavior_tree/lib/libnav2_is_stuck_condition_bt_node.so
[0.609s] -- Up-to-date: /home/nth/ros2_ws/install/nav2_behavior_tree/lib/libnav2_transform_available_condition_bt_node.so
[0.611s] -- Up-to-date: /home/nth/ros2_ws/install/nav2_behavior_tree/lib/libnav2_goal_reached_condition_bt_node.so
[0.612s] -- Up-to-date: /home/nth/ros2_ws/install/nav2_behavior_tree/lib/libnav2_goal_updated_condition_bt_node.so
[0.612s] -- Up-to-date: /home/nth/ros2_ws/install/nav2_behavior_tree/lib/libnav2_time_expired_condition_bt_node.so
[0.612s] -- Up-to-date: /home/nth/ros2_ws/install/nav2_behavior_tree/lib/libnav2_distance_traveled_condition_bt_node.so
[0.612s] -- Up-to-date: /home/nth/ros2_ws/install/nav2_behavior_tree/lib/libnav2_initial_pose_received_condition_bt_node.so
[0.613s] -- Up-to-date: /home/nth/ros2_ws/install/nav2_behavior_tree/lib/libnav2_is_battery_low_condition_bt_node.so
[0.614s] -- Up-to-date: /home/nth/ros2_ws/install/nav2_behavior_tree/lib/libnav2_reinitialize_global_localization_service_bt_node.so
[0.616s] -- Up-to-date: /home/nth/ros2_ws/install/nav2_behavior_tree/lib/libnav2_rate_controller_bt_node.so
[0.616s] -- Up-to-date: /home/nth/ros2_ws/install/nav2_behavior_tree/lib/libnav2_distance_controller_bt_node.so
[0.616s] -- Up-to-date: /home/nth/ros2_ws/install/nav2_behavior_tree/lib/libnav2_speed_controller_bt_node.so
[0.617s] -- Up-to-date: /home/nth/ros2_ws/install/nav2_behavior_tree/lib/libnav2_truncate_path_action_bt_node.so
[0.618s] -- Up-to-date: /home/nth/ros2_ws/install/nav2_behavior_tree/lib/libnav2_goal_updater_node_bt_node.so
[0.618s] -- Up-to-date: /home/nth/ros2_ws/install/nav2_behavior_tree/lib/libnav2_recovery_node_bt_node.so
[0.619s] -- Up-to-date: /home/nth/ros2_ws/install/nav2_behavior_tree/lib/libnav2_navigate_to_pose_action_bt_node.so
[0.619s] -- Up-to-date: /home/nth/ros2_ws/install/nav2_behavior_tree/lib/libnav2_pipeline_sequence_bt_node.so
[0.620s] -- Up-to-date: /home/nth/ros2_ws/install/nav2_behavior_tree/lib/libnav2_round_robin_node_bt_node.so
[0.620s] -- Up-to-date: /home/nth/ros2_ws/install/nav2_behavior_tree/include/
[0.623s] -- Up-to-date: /home/nth/ros2_ws/install/nav2_behavior_tree/include//nav2_behavior_tree
[0.624s] -- Up-to-date: /home/nth/ros2_ws/install/nav2_behavior_tree/include//nav2_behavior_tree/bt_action_node.hpp
[0.624s] -- Up-to-date: /home/nth/ros2_ws/install/nav2_behavior_tree/include//nav2_behavior_tree/bt_conversions.hpp
[0.624s] -- Up-to-date: /home/nth/ros2_ws/install/nav2_behavior_tree/include//nav2_behavior_tree/behavior_tree_engine.hpp
[0.624s] -- Up-to-date: /home/nth/ros2_ws/install/nav2_behavior_tree/include//nav2_behavior_tree/bt_service_node.hpp
[0.624s] -- Up-to-date: /home/nth/ros2_ws/install/nav2_behavior_tree/include//nav2_behavior_tree/plugins
[0.624s] -- Up-to-date: /home/nth/ros2_ws/install/nav2_behavior_tree/include//nav2_behavior_tree/plugins/action
[0.624s] -- Up-to-date: /home/nth/ros2_ws/install/nav2_behavior_tree/include//nav2_behavior_tree/plugins/action/clear_costmap_service.hpp
[0.624s] -- Up-to-date: /home/nth/ros2_ws/install/nav2_behavior_tree/include//nav2_behavior_tree/plugins/action/truncate_path_action.hpp
[0.624s] -- Up-to-date: /home/nth/ros2_ws/install/nav2_behavior_tree/include//nav2_behavior_tree/plugins/action/compute_path_to_pose_action.hpp
[0.625s] -- Up-to-date: /home/nth/ros2_ws/install/nav2_behavior_tree/include//nav2_behavior_tree/plugins/action/back_up_action.hpp
[0.625s] -- Up-to-date: /home/nth/ros2_ws/install/nav2_behavior_tree/include//nav2_behavior_tree/plugins/action/navigate_to_pose_action.hpp
[0.625s] -- Up-to-date: /home/nth/ros2_ws/install/nav2_behavior_tree/include//nav2_behavior_tree/plugins/action/follow_path_action.hpp
[0.625s] -- Up-to-date: /home/nth/ros2_ws/install/nav2_behavior_tree/include//nav2_behavior_tree/plugins/action/wait_action.hpp
[0.625s] -- Up-to-date: /home/nth/ros2_ws/install/nav2_behavior_tree/include//nav2_behavior_tree/plugins/action/spin_action.hpp
[0.625s] -- Up-to-date: /home/nth/ros2_ws/install/nav2_behavior_tree/include//nav2_behavior_tree/plugins/action/reinitialize_global_localization_service.hpp
[0.625s] -- Up-to-date: /home/nth/ros2_ws/install/nav2_behavior_tree/include//nav2_behavior_tree/plugins/decorator
[0.625s] -- Up-to-date: /home/nth/ros2_ws/install/nav2_behavior_tree/include//nav2_behavior_tree/plugins/decorator/speed_controller.hpp
[0.625s] -- Up-to-date: /home/nth/ros2_ws/install/nav2_behavior_tree/include//nav2_behavior_tree/plugins/decorator/rate_controller.hpp
[0.625s] -- Up-to-date: /home/nth/ros2_ws/install/nav2_behavior_tree/include//nav2_behavior_tree/plugins/decorator/distance_controller.hpp
[0.625s] -- Up-to-date: /home/nth/ros2_ws/install/nav2_behavior_tree/include//nav2_behavior_tree/plugins/decorator/goal_updater_node.hpp
[0.625s] -- Up-to-date: /home/nth/ros2_ws/install/nav2_behavior_tree/include//nav2_behavior_tree/plugins/condition
[0.625s] -- Up-to-date: /home/nth/ros2_ws/install/nav2_behavior_tree/include//nav2_behavior_tree/plugins/condition/initial_pose_received_condition.hpp
[0.625s] -- Up-to-date: /home/nth/ros2_ws/install/nav2_behavior_tree/include//nav2_behavior_tree/plugins/condition/transform_available_condition.hpp
[0.626s] -- Up-to-date: /home/nth/ros2_ws/install/nav2_behavior_tree/include//nav2_behavior_tree/plugins/condition/is_battery_low_condition.hpp
[0.626s] -- Up-to-date: /home/nth/ros2_ws/install/nav2_behavior_tree/include//nav2_behavior_tree/plugins/condition/time_expired_condition.hpp
[0.626s] -- Up-to-date: /home/nth/ros2_ws/install/nav2_behavior_tree/include//nav2_behavior_tree/plugins/condition/goal_reached_condition.hpp
[0.626s] -- Up-to-date: /home/nth/ros2_ws/install/nav2_behavior_tree/include//nav2_behavior_tree/plugins/condition/is_stuck_condition.hpp
[0.626s] -- Up-to-date: /home/nth/ros2_ws/install/nav2_behavior_tree/include//nav2_behavior_tree/plugins/condition/goal_updated_condition.hpp
[0.627s] -- Up-to-date: /home/nth/ros2_ws/install/nav2_behavior_tree/include//nav2_behavior_tree/plugins/condition/distance_traveled_condition.hpp
[0.627s] -- Up-to-date: /home/nth/ros2_ws/install/nav2_behavior_tree/include//nav2_behavior_tree/plugins/control
[0.627s] -- Up-to-date: /home/nth/ros2_ws/install/nav2_behavior_tree/include//nav2_behavior_tree/plugins/control/pipeline_sequence.hpp
[0.627s] -- Up-to-date: /home/nth/ros2_ws/install/nav2_behavior_tree/include//nav2_behavior_tree/plugins/control/recovery_node.hpp
[0.627s] -- Up-to-date: /home/nth/ros2_ws/install/nav2_behavior_tree/include//nav2_behavior_tree/plugins/control/round_robin_node.hpp
[0.627s] -- Up-to-date: /home/nth/ros2_ws/install/nav2_behavior_tree/share/nav2_behavior_tree/nav2_tree_nodes.xml
[0.627s] -- Up-to-date: /home/nth/ros2_ws/install/nav2_behavior_tree/share/nav2_behavior_tree/environment/library_path.sh
[0.627s] -- Up-to-date: /home/nth/ros2_ws/install/nav2_behavior_tree/share/nav2_behavior_tree/environment/library_path.dsv
[0.627s] -- Up-to-date: /home/nth/ros2_ws/install/nav2_behavior_tree/share/ament_index/resource_index/package_run_dependencies/nav2_behavior_tree
[0.627s] -- Up-to-date: /home/nth/ros2_ws/install/nav2_behavior_tree/share/ament_index/resource_index/parent_prefix_path/nav2_behavior_tree
[0.627s] -- Up-to-date: /home/nth/ros2_ws/install/nav2_behavior_tree/share/nav2_behavior_tree/environment/ament_prefix_path.sh
[0.627s] -- Up-to-date: /home/nth/ros2_ws/install/nav2_behavior_tree/share/nav2_behavior_tree/environment/ament_prefix_path.dsv
[0.627s] -- Up-to-date: /home/nth/ros2_ws/install/nav2_behavior_tree/share/nav2_behavior_tree/environment/path.sh
[0.628s] -- Up-to-date: /home/nth/ros2_ws/install/nav2_behavior_tree/share/nav2_behavior_tree/environment/path.dsv
[0.628s] -- Up-to-date: /home/nth/ros2_ws/install/nav2_behavior_tree/share/nav2_behavior_tree/local_setup.bash
[0.628s] -- Up-to-date: /home/nth/ros2_ws/install/nav2_behavior_tree/share/nav2_behavior_tree/local_setup.sh
[0.628s] -- Up-to-date: /home/nth/ros2_ws/install/nav2_behavior_tree/share/nav2_behavior_tree/local_setup.zsh
[0.628s] -- Up-to-date: /home/nth/ros2_ws/install/nav2_behavior_tree/share/nav2_behavior_tree/local_setup.dsv
[0.628s] -- Installing: /home/nth/ros2_ws/install/nav2_behavior_tree/share/nav2_behavior_tree/package.dsv
[0.628s] -- Up-to-date: /home/nth/ros2_ws/install/nav2_behavior_tree/share/ament_index/resource_index/packages/nav2_behavior_tree
[0.628s] -- Up-to-date: /home/nth/ros2_ws/install/nav2_behavior_tree/share/nav2_behavior_tree/cmake/ament_cmake_export_include_directories-extras.cmake
[0.628s] -- Up-to-date: /home/nth/ros2_ws/install/nav2_behavior_tree/share/nav2_behavior_tree/cmake/ament_cmake_export_libraries-extras.cmake
[0.628s] -- Up-to-date: /home/nth/ros2_ws/install/nav2_behavior_tree/share/nav2_behavior_tree/cmake/ament_cmake_export_dependencies-extras.cmake
[0.628s] -- Up-to-date: /home/nth/ros2_ws/install/nav2_behavior_tree/share/nav2_behavior_tree/cmake/nav2_behavior_treeConfig.cmake
[0.628s] -- Up-to-date: /home/nth/ros2_ws/install/nav2_behavior_tree/share/nav2_behavior_tree/cmake/nav2_behavior_treeConfig-version.cmake
[0.629s] -- Up-to-date: /home/nth/ros2_ws/install/nav2_behavior_tree/share/nav2_behavior_tree/package.xml
[0.645s] Invoked command in '/home/nth/ros2_ws/build/nav2_behavior_tree' returned '0': AMENT_PREFIX_PATH=/home/nth/ros2_ws/install/nav2_util:/home/nth/ros2_ws/install/nav2_msgs:/home/nth/ros2_ws/install/nav2_common:${AMENT_PREFIX_PATH} CMAKE_PREFIX_PATH=/home/nth/ros2_ws/install/nav2_util:/home/nth/ros2_ws/install/nav2_msgs:/home/nth/ros2_ws/install/nav2_common:/home/nth/rtc_ws/install/turtlebot3:/home/nth/rtc_ws/install/turtlebot3_bringup:/home/nth/rtc_ws/install/turtlebot3_node:/home/nth/rtc_ws/install/turtlebot3_navigation2:/home/nth/rtc_ws/install/turtlebot3_msgs:/home/nth/rtc_ws/install/turtlebot3_description:/home/nth/rtc_ws/install/turtlebot3_cartographer:/home/nth/rtc_ws/install/teb_msgs:/home/nth/rtc_ws/install/nav2_system_tests:/home/nth/rtc_ws/install/nav2_bringup:/home/nth/rtc_ws/install/navigation2:/home/nth/rtc_ws/install/smac_planner:/home/nth/rtc_ws/install/rplidar_ros2:/home/nth/rtc_ws/install/robot_localization:/home/nth/rtc_ws/install/nav2_dwb_controller:/home/nth/rtc_ws/install/nav2_controller:/home/nth/rtc_ws/install/dwb_plugins:/home/nth/rtc_ws/install/dwb_critics:/home/nth/rtc_ws/install/dwb_core:/home/nth/rtc_ws/install/nav_2d_utils:/home/nth/rtc_ws/install/dwb_msgs:/home/nth/rtc_ws/install/nav_2d_msgs:/home/nth/rtc_ws/install/nav2_waypoint_follower:/home/nth/rtc_ws/install/nav2_regulated_pure_pursuit_controller:/home/nth/rtc_ws/install/nav2_recoveries:/home/nth/rtc_ws/install/nav2_planner:/home/nth/rtc_ws/install/nav2_navfn_planner:/home/nth/rtc_ws/install/nav2_core:/home/nth/rtc_ws/install/costmap_queue:/home/nth/rtc_ws/install/costmap_converter:/home/nth/rtc_ws/install/nav2_costmap_2d:/home/nth/rtc_ws/install/nav2_voxel_grid:/home/nth/rtc_ws/install/nav2_rviz_plugins:/home/nth/rtc_ws/install/nav2_map_server:/home/nth/rtc_ws/install/nav2_lifecycle_manager:/home/nth/rtc_ws/install/nav2_bt_navigator:/home/nth/rtc_ws/install/nav2_behavior_tree:/home/nth/rtc_ws/install/nav2_amcl:/home/nth/rtc_ws/install/nav2_util:/home/nth/rtc_ws/install/nav2_msgs:/home/nth/rtc_ws/install/nav2_common:/home/nth/rtc_ws/install/ld08_driver:/home/nth/rtc_ws/install/g2o:/home/nth/rtc_ws/install/dynamixel_sdk_examples:/home/nth/rtc_ws/install/dynamixel_sdk_custom_interfaces:/home/nth/rtc_ws/install/dynamixel_sdk:/home/nth/rtc_ws/install/costmap_converter_msgs:/home/nth/rtc_ws/install/aws_robomaker_small_warehouse_world:/home/nth/rtcamr_ws/install/turtlebot3_msgs:/home/nth/rtcamr_ws/install/turtlebot3_gazebo:/home/nth/rtcamr_ws/install/turtlebot3_description:/home/nth/rtcamr_ws/install/turtlebot3_cartographer:/home/nth/rtcamr_ws/install/rplidar_ros2:/home/nth/rtcamr_ws/install/dwb_msgs:/home/nth/rtcamr_ws/install/nav_2d_msgs:/home/nth/rtcamr_ws/install/nav2_voxel_grid:/home/nth/rtcamr_ws/install/nav2_msgs:/home/nth/rtcamr_ws/install/nav2_common:/home/nth/rtcamr_ws/install/aws_robomaker_small_warehouse_world:/home/nth/rtc_ws/install/turtlebot3_teleop:/home/nth/rtc_ws/install/turtlebot3_example:/home/nth/rtc_ws/install/nav2_simple_commander:/home/nth/rtc_ws/install/nav2_gazebo_spawner:/home/nth/rtcamr_ws/install/turtlebot3_teleop:/home/nth/rtcamr_ws/install/turtlebot3_example:/home/nth/rtcamr_ws/install/nav2_simple_commander:/home/nth/rtcamr_ws/install/nav2_gazebo_spawner:/opt/ros/foxy LD_LIBRARY_PATH=/home/nth/ros2_ws/install/nav2_util/lib:/home/nth/ros2_ws/install/nav2_msgs/lib:${LD_LIBRARY_PATH} PYTHONPATH=/home/nth/ros2_ws/install/nav2_msgs/lib/python3.8/site-packages:/home/nth/ros2_ws/install/nav2_common/lib/python3.8/site-packages:${PYTHONPATH} /usr/bin/cmake --install /home/nth/ros2_ws/build/nav2_behavior_tree
