[100%] Built target server
[100%] Built target client
-- Install configuration: ""
-- Up-to-date: /home/nth/ros2_ws/install/service_cpp/lib/service_cpp/server
-- Up-to-date: /home/nth/ros2_ws/install/service_cpp/lib/service_cpp/client
-- Up-to-date: /home/nth/ros2_ws/install/service_cpp/share/ament_index/resource_index/package_run_dependencies/service_cpp
-- Up-to-date: /home/nth/ros2_ws/install/service_cpp/share/ament_index/resource_index/parent_prefix_path/service_cpp
-- Up-to-date: /home/nth/ros2_ws/install/service_cpp/share/service_cpp/environment/ament_prefix_path.sh
-- Up-to-date: /home/nth/ros2_ws/install/service_cpp/share/service_cpp/environment/ament_prefix_path.dsv
-- Up-to-date: /home/nth/ros2_ws/install/service_cpp/share/service_cpp/environment/path.sh
-- Up-to-date: /home/nth/ros2_ws/install/service_cpp/share/service_cpp/environment/path.dsv
-- Up-to-date: /home/nth/ros2_ws/install/service_cpp/share/service_cpp/local_setup.bash
-- Up-to-date: /home/nth/ros2_ws/install/service_cpp/share/service_cpp/local_setup.sh
-- Up-to-date: /home/nth/ros2_ws/install/service_cpp/share/service_cpp/local_setup.zsh
-- Up-to-date: /home/nth/ros2_ws/install/service_cpp/share/service_cpp/local_setup.dsv
-- Installing: /home/nth/ros2_ws/install/service_cpp/share/service_cpp/package.dsv
-- Up-to-date: /home/nth/ros2_ws/install/service_cpp/share/ament_index/resource_index/packages/service_cpp
-- Up-to-date: /home/nth/ros2_ws/install/service_cpp/share/service_cpp/cmake/service_cppConfig.cmake
-- Up-to-date: /home/nth/ros2_ws/install/service_cpp/share/service_cpp/cmake/service_cppConfig-version.cmake
-- Up-to-date: /home/nth/ros2_ws/install/service_cpp/share/service_cpp/package.xml
