[0.045s] Invoking command in '/home/nth/ros2_ws/build/nav2_amcl': AMENT_PREFIX_PATH=/home/nth/ros2_ws/install/nav2_util:/home/nth/ros2_ws/install/nav2_msgs:/home/nth/ros2_ws/install/nav2_common:${AMENT_PREFIX_PATH} CMAKE_PREFIX_PATH=/home/nth/ros2_ws/install/nav2_util:/home/nth/ros2_ws/install/nav2_msgs:/home/nth/ros2_ws/install/nav2_common:/home/nth/rtc_ws/install/turtlebot3:/home/nth/rtc_ws/install/turtlebot3_bringup:/home/nth/rtc_ws/install/turtlebot3_node:/home/nth/rtc_ws/install/turtlebot3_navigation2:/home/nth/rtc_ws/install/turtlebot3_msgs:/home/nth/rtc_ws/install/turtlebot3_description:/home/nth/rtc_ws/install/turtlebot3_cartographer:/home/nth/rtc_ws/install/teb_msgs:/home/nth/rtc_ws/install/nav2_system_tests:/home/nth/rtc_ws/install/nav2_bringup:/home/nth/rtc_ws/install/navigation2:/home/nth/rtc_ws/install/smac_planner:/home/nth/rtc_ws/install/rplidar_ros2:/home/nth/rtc_ws/install/robot_localization:/home/nth/rtc_ws/install/nav2_dwb_controller:/home/nth/rtc_ws/install/nav2_controller:/home/nth/rtc_ws/install/dwb_plugins:/home/nth/rtc_ws/install/dwb_critics:/home/nth/rtc_ws/install/dwb_core:/home/nth/rtc_ws/install/nav_2d_utils:/home/nth/rtc_ws/install/dwb_msgs:/home/nth/rtc_ws/install/nav_2d_msgs:/home/nth/rtc_ws/install/nav2_waypoint_follower:/home/nth/rtc_ws/install/nav2_regulated_pure_pursuit_controller:/home/nth/rtc_ws/install/nav2_recoveries:/home/nth/rtc_ws/install/nav2_planner:/home/nth/rtc_ws/install/nav2_navfn_planner:/home/nth/rtc_ws/install/nav2_core:/home/nth/rtc_ws/install/costmap_queue:/home/nth/rtc_ws/install/costmap_converter:/home/nth/rtc_ws/install/nav2_costmap_2d:/home/nth/rtc_ws/install/nav2_voxel_grid:/home/nth/rtc_ws/install/nav2_rviz_plugins:/home/nth/rtc_ws/install/nav2_map_server:/home/nth/rtc_ws/install/nav2_lifecycle_manager:/home/nth/rtc_ws/install/nav2_bt_navigator:/home/nth/rtc_ws/install/nav2_behavior_tree:/home/nth/rtc_ws/install/nav2_amcl:/home/nth/rtc_ws/install/nav2_util:/home/nth/rtc_ws/install/nav2_msgs:/home/nth/rtc_ws/install/nav2_common:/home/nth/rtc_ws/install/ld08_driver:/home/nth/rtc_ws/install/g2o:/home/nth/rtc_ws/install/dynamixel_sdk_examples:/home/nth/rtc_ws/install/dynamixel_sdk_custom_interfaces:/home/nth/rtc_ws/install/dynamixel_sdk:/home/nth/rtc_ws/install/costmap_converter_msgs:/home/nth/rtc_ws/install/aws_robomaker_small_warehouse_world:/home/nth/rtcamr_ws/install/turtlebot3_msgs:/home/nth/rtcamr_ws/install/turtlebot3_gazebo:/home/nth/rtcamr_ws/install/turtlebot3_description:/home/nth/rtcamr_ws/install/turtlebot3_cartographer:/home/nth/rtcamr_ws/install/rplidar_ros2:/home/nth/rtcamr_ws/install/dwb_msgs:/home/nth/rtcamr_ws/install/nav_2d_msgs:/home/nth/rtcamr_ws/install/nav2_voxel_grid:/home/nth/rtcamr_ws/install/nav2_msgs:/home/nth/rtcamr_ws/install/nav2_common:/home/nth/rtcamr_ws/install/aws_robomaker_small_warehouse_world:/home/nth/rtc_ws/install/turtlebot3_teleop:/home/nth/rtc_ws/install/turtlebot3_example:/home/nth/rtc_ws/install/nav2_simple_commander:/home/nth/rtc_ws/install/nav2_gazebo_spawner:/home/nth/rtcamr_ws/install/turtlebot3_teleop:/home/nth/rtcamr_ws/install/turtlebot3_example:/home/nth/rtcamr_ws/install/nav2_simple_commander:/home/nth/rtcamr_ws/install/nav2_gazebo_spawner:/opt/ros/foxy LD_LIBRARY_PATH=/home/nth/ros2_ws/install/nav2_util/lib:/home/nth/ros2_ws/install/nav2_msgs/lib:${LD_LIBRARY_PATH} PYTHONPATH=/home/nth/ros2_ws/install/nav2_msgs/lib/python3.8/site-packages:/home/nth/ros2_ws/install/nav2_common/lib/python3.8/site-packages:${PYTHONPATH} /usr/bin/cmake /home/nth/ros2_ws/src/navigation2/nav2_amcl -DCMAKE_INSTALL_PREFIX=/home/nth/ros2_ws/install/nav2_amcl
[0.101s] -- The C compiler identification is GNU 9.4.0
[0.161s] -- The CXX compiler identification is GNU 9.4.0
[0.168s] -- Check for working C compiler: /usr/bin/cc
[0.243s] -- Check for working C compiler: /usr/bin/cc -- works
[0.244s] -- Detecting C compiler ABI info
[0.319s] -- Detecting C compiler ABI info - done
[0.330s] -- Detecting C compile features
[0.331s] -- Detecting C compile features - done
[0.333s] -- Check for working CXX compiler: /usr/bin/c++
[0.417s] -- Check for working CXX compiler: /usr/bin/c++ -- works
[0.418s] -- Detecting CXX compiler ABI info
[0.503s] -- Detecting CXX compiler ABI info - done
[0.512s] -- Detecting CXX compile features
[0.512s] -- Detecting CXX compile features - done
[0.517s] -- Found ament_cmake: 0.9.9 (/opt/ros/foxy/share/ament_cmake/cmake)
[0.555s] -- Found PythonInterp: /usr/bin/python3 (found suitable version "3.8.10", minimum required is "3") 
[0.556s] -- Using PYTHON_EXECUTABLE: /usr/bin/python3
[0.783s] -- Found nav2_common: 0.4.7 (/home/nth/ros2_ws/install/nav2_common/share/nav2_common/cmake)
[0.788s] -- Found rclcpp: 2.4.1 (/opt/ros/foxy/share/rclcpp/cmake)
[0.861s] -- Using all available rosidl_typesupport_c: rosidl_typesupport_fastrtps_c;rosidl_typesupport_introspection_c
[0.876s] -- Found rosidl_adapter: 1.2.1 (/opt/ros/foxy/share/rosidl_adapter/cmake)
[0.993s] -- Found OpenSSL: /usr/lib/x86_64-linux-gnu/libcrypto.so (found version "1.1.1f")  
[1.033s] -- Found FastRTPS: /opt/ros/foxy/include  
[1.126s] -- Using all available rosidl_typesupport_cpp: rosidl_typesupport_fastrtps_cpp;rosidl_typesupport_introspection_cpp
[1.196s] -- Found rmw_implementation_cmake: 1.0.3 (/opt/ros/foxy/share/rmw_implementation_cmake/cmake)
[1.199s] -- Using RMW implementation 'rmw_fastrtps_cpp' as default
[1.200s] -- Looking for pthread.h
[1.272s] -- Looking for pthread.h - found
[1.272s] -- Performing Test CMAKE_HAVE_LIBC_PTHREAD
[1.354s] -- Performing Test CMAKE_HAVE_LIBC_PTHREAD - Failed
[1.354s] -- Looking for pthread_create in pthreads
[1.418s] -- Looking for pthread_create in pthreads - not found
[1.419s] -- Looking for pthread_create in pthread
[1.492s] -- Looking for pthread_create in pthread - found
[1.493s] -- Found Threads: TRUE  
[1.647s] -- Found rclcpp_lifecycle: 2.4.1 (/opt/ros/foxy/share/rclcpp_lifecycle/cmake)
[1.682s] -- Found message_filters: 3.2.5 (/opt/ros/foxy/share/message_filters/cmake)
[1.688s] -- Found tf2_geometry_msgs: 0.13.13 (/opt/ros/foxy/share/tf2_geometry_msgs/cmake)
[1.736s] -- Found eigen3_cmake_module: 0.1.1 (/opt/ros/foxy/share/eigen3_cmake_module/cmake)
[1.742s] -- Found Eigen3: TRUE (found version "3.3.7") 
[2.091s] -- Found nav_msgs: 2.0.5 (/opt/ros/foxy/share/nav_msgs/cmake)
[2.155s] -- Found sensor_msgs: 2.0.5 (/opt/ros/foxy/share/sensor_msgs/cmake)
[2.212s] -- Found std_srvs: 2.0.5 (/opt/ros/foxy/share/std_srvs/cmake)
[2.219s] -- Found nav2_util: 0.4.7 (/home/nth/ros2_ws/install/nav2_util/share/nav2_util/cmake)
[2.530s] -- Setting build type to Release as none was specified.
[2.531s] -- Looking for drand48
[2.609s] -- Looking for drand48 - found
[3.327s] -- Found ament_lint_auto: 0.9.6 (/opt/ros/foxy/share/ament_lint_auto/cmake)
[3.436s] -- Added test 'cppcheck' to perform static code analysis on C / C++ code
[3.436s] -- Configured cppcheck include dirs: /home/nth/ros2_ws/src/navigation2/nav2_amcl/include;/home/nth/ros2_ws/src/navigation2/nav2_amcl/src/include
[3.437s] -- Configured cppcheck exclude dirs and/or files: 
[3.438s] -- Added test 'lint_cmake' to check CMake code style
[3.441s] -- Added test 'uncrustify' to check C / C++ code style
[3.441s] -- Configured uncrustify additional arguments: 
[3.443s] -- Added test 'xmllint' to check XML markup files
[3.449s] -- Configuring done
[3.529s] -- Generating done
[3.531s] -- Build files have been written to: /home/nth/ros2_ws/build/nav2_amcl
[3.544s] Invoked command in '/home/nth/ros2_ws/build/nav2_amcl' returned '0': AMENT_PREFIX_PATH=/home/nth/ros2_ws/install/nav2_util:/home/nth/ros2_ws/install/nav2_msgs:/home/nth/ros2_ws/install/nav2_common:${AMENT_PREFIX_PATH} CMAKE_PREFIX_PATH=/home/nth/ros2_ws/install/nav2_util:/home/nth/ros2_ws/install/nav2_msgs:/home/nth/ros2_ws/install/nav2_common:/home/nth/rtc_ws/install/turtlebot3:/home/nth/rtc_ws/install/turtlebot3_bringup:/home/nth/rtc_ws/install/turtlebot3_node:/home/nth/rtc_ws/install/turtlebot3_navigation2:/home/nth/rtc_ws/install/turtlebot3_msgs:/home/nth/rtc_ws/install/turtlebot3_description:/home/nth/rtc_ws/install/turtlebot3_cartographer:/home/nth/rtc_ws/install/teb_msgs:/home/nth/rtc_ws/install/nav2_system_tests:/home/nth/rtc_ws/install/nav2_bringup:/home/nth/rtc_ws/install/navigation2:/home/nth/rtc_ws/install/smac_planner:/home/nth/rtc_ws/install/rplidar_ros2:/home/nth/rtc_ws/install/robot_localization:/home/nth/rtc_ws/install/nav2_dwb_controller:/home/nth/rtc_ws/install/nav2_controller:/home/nth/rtc_ws/install/dwb_plugins:/home/nth/rtc_ws/install/dwb_critics:/home/nth/rtc_ws/install/dwb_core:/home/nth/rtc_ws/install/nav_2d_utils:/home/nth/rtc_ws/install/dwb_msgs:/home/nth/rtc_ws/install/nav_2d_msgs:/home/nth/rtc_ws/install/nav2_waypoint_follower:/home/nth/rtc_ws/install/nav2_regulated_pure_pursuit_controller:/home/nth/rtc_ws/install/nav2_recoveries:/home/nth/rtc_ws/install/nav2_planner:/home/nth/rtc_ws/install/nav2_navfn_planner:/home/nth/rtc_ws/install/nav2_core:/home/nth/rtc_ws/install/costmap_queue:/home/nth/rtc_ws/install/costmap_converter:/home/nth/rtc_ws/install/nav2_costmap_2d:/home/nth/rtc_ws/install/nav2_voxel_grid:/home/nth/rtc_ws/install/nav2_rviz_plugins:/home/nth/rtc_ws/install/nav2_map_server:/home/nth/rtc_ws/install/nav2_lifecycle_manager:/home/nth/rtc_ws/install/nav2_bt_navigator:/home/nth/rtc_ws/install/nav2_behavior_tree:/home/nth/rtc_ws/install/nav2_amcl:/home/nth/rtc_ws/install/nav2_util:/home/nth/rtc_ws/install/nav2_msgs:/home/nth/rtc_ws/install/nav2_common:/home/nth/rtc_ws/install/ld08_driver:/home/nth/rtc_ws/install/g2o:/home/nth/rtc_ws/install/dynamixel_sdk_examples:/home/nth/rtc_ws/install/dynamixel_sdk_custom_interfaces:/home/nth/rtc_ws/install/dynamixel_sdk:/home/nth/rtc_ws/install/costmap_converter_msgs:/home/nth/rtc_ws/install/aws_robomaker_small_warehouse_world:/home/nth/rtcamr_ws/install/turtlebot3_msgs:/home/nth/rtcamr_ws/install/turtlebot3_gazebo:/home/nth/rtcamr_ws/install/turtlebot3_description:/home/nth/rtcamr_ws/install/turtlebot3_cartographer:/home/nth/rtcamr_ws/install/rplidar_ros2:/home/nth/rtcamr_ws/install/dwb_msgs:/home/nth/rtcamr_ws/install/nav_2d_msgs:/home/nth/rtcamr_ws/install/nav2_voxel_grid:/home/nth/rtcamr_ws/install/nav2_msgs:/home/nth/rtcamr_ws/install/nav2_common:/home/nth/rtcamr_ws/install/aws_robomaker_small_warehouse_world:/home/nth/rtc_ws/install/turtlebot3_teleop:/home/nth/rtc_ws/install/turtlebot3_example:/home/nth/rtc_ws/install/nav2_simple_commander:/home/nth/rtc_ws/install/nav2_gazebo_spawner:/home/nth/rtcamr_ws/install/turtlebot3_teleop:/home/nth/rtcamr_ws/install/turtlebot3_example:/home/nth/rtcamr_ws/install/nav2_simple_commander:/home/nth/rtcamr_ws/install/nav2_gazebo_spawner:/opt/ros/foxy LD_LIBRARY_PATH=/home/nth/ros2_ws/install/nav2_util/lib:/home/nth/ros2_ws/install/nav2_msgs/lib:${LD_LIBRARY_PATH} PYTHONPATH=/home/nth/ros2_ws/install/nav2_msgs/lib/python3.8/site-packages:/home/nth/ros2_ws/install/nav2_common/lib/python3.8/site-packages:${PYTHONPATH} /usr/bin/cmake /home/nth/ros2_ws/src/navigation2/nav2_amcl -DCMAKE_INSTALL_PREFIX=/home/nth/ros2_ws/install/nav2_amcl
[3.548s] Invoking command in '/home/nth/ros2_ws/build/nav2_amcl': AMENT_PREFIX_PATH=/home/nth/ros2_ws/install/nav2_util:/home/nth/ros2_ws/install/nav2_msgs:/home/nth/ros2_ws/install/nav2_common:${AMENT_PREFIX_PATH} CMAKE_PREFIX_PATH=/home/nth/ros2_ws/install/nav2_util:/home/nth/ros2_ws/install/nav2_msgs:/home/nth/ros2_ws/install/nav2_common:/home/nth/rtc_ws/install/turtlebot3:/home/nth/rtc_ws/install/turtlebot3_bringup:/home/nth/rtc_ws/install/turtlebot3_node:/home/nth/rtc_ws/install/turtlebot3_navigation2:/home/nth/rtc_ws/install/turtlebot3_msgs:/home/nth/rtc_ws/install/turtlebot3_description:/home/nth/rtc_ws/install/turtlebot3_cartographer:/home/nth/rtc_ws/install/teb_msgs:/home/nth/rtc_ws/install/nav2_system_tests:/home/nth/rtc_ws/install/nav2_bringup:/home/nth/rtc_ws/install/navigation2:/home/nth/rtc_ws/install/smac_planner:/home/nth/rtc_ws/install/rplidar_ros2:/home/nth/rtc_ws/install/robot_localization:/home/nth/rtc_ws/install/nav2_dwb_controller:/home/nth/rtc_ws/install/nav2_controller:/home/nth/rtc_ws/install/dwb_plugins:/home/nth/rtc_ws/install/dwb_critics:/home/nth/rtc_ws/install/dwb_core:/home/nth/rtc_ws/install/nav_2d_utils:/home/nth/rtc_ws/install/dwb_msgs:/home/nth/rtc_ws/install/nav_2d_msgs:/home/nth/rtc_ws/install/nav2_waypoint_follower:/home/nth/rtc_ws/install/nav2_regulated_pure_pursuit_controller:/home/nth/rtc_ws/install/nav2_recoveries:/home/nth/rtc_ws/install/nav2_planner:/home/nth/rtc_ws/install/nav2_navfn_planner:/home/nth/rtc_ws/install/nav2_core:/home/nth/rtc_ws/install/costmap_queue:/home/nth/rtc_ws/install/costmap_converter:/home/nth/rtc_ws/install/nav2_costmap_2d:/home/nth/rtc_ws/install/nav2_voxel_grid:/home/nth/rtc_ws/install/nav2_rviz_plugins:/home/nth/rtc_ws/install/nav2_map_server:/home/nth/rtc_ws/install/nav2_lifecycle_manager:/home/nth/rtc_ws/install/nav2_bt_navigator:/home/nth/rtc_ws/install/nav2_behavior_tree:/home/nth/rtc_ws/install/nav2_amcl:/home/nth/rtc_ws/install/nav2_util:/home/nth/rtc_ws/install/nav2_msgs:/home/nth/rtc_ws/install/nav2_common:/home/nth/rtc_ws/install/ld08_driver:/home/nth/rtc_ws/install/g2o:/home/nth/rtc_ws/install/dynamixel_sdk_examples:/home/nth/rtc_ws/install/dynamixel_sdk_custom_interfaces:/home/nth/rtc_ws/install/dynamixel_sdk:/home/nth/rtc_ws/install/costmap_converter_msgs:/home/nth/rtc_ws/install/aws_robomaker_small_warehouse_world:/home/nth/rtcamr_ws/install/turtlebot3_msgs:/home/nth/rtcamr_ws/install/turtlebot3_gazebo:/home/nth/rtcamr_ws/install/turtlebot3_description:/home/nth/rtcamr_ws/install/turtlebot3_cartographer:/home/nth/rtcamr_ws/install/rplidar_ros2:/home/nth/rtcamr_ws/install/dwb_msgs:/home/nth/rtcamr_ws/install/nav_2d_msgs:/home/nth/rtcamr_ws/install/nav2_voxel_grid:/home/nth/rtcamr_ws/install/nav2_msgs:/home/nth/rtcamr_ws/install/nav2_common:/home/nth/rtcamr_ws/install/aws_robomaker_small_warehouse_world:/home/nth/rtc_ws/install/turtlebot3_teleop:/home/nth/rtc_ws/install/turtlebot3_example:/home/nth/rtc_ws/install/nav2_simple_commander:/home/nth/rtc_ws/install/nav2_gazebo_spawner:/home/nth/rtcamr_ws/install/turtlebot3_teleop:/home/nth/rtcamr_ws/install/turtlebot3_example:/home/nth/rtcamr_ws/install/nav2_simple_commander:/home/nth/rtcamr_ws/install/nav2_gazebo_spawner:/opt/ros/foxy LD_LIBRARY_PATH=/home/nth/ros2_ws/install/nav2_util/lib:/home/nth/ros2_ws/install/nav2_msgs/lib:${LD_LIBRARY_PATH} PYTHONPATH=/home/nth/ros2_ws/install/nav2_msgs/lib/python3.8/site-packages:/home/nth/ros2_ws/install/nav2_common/lib/python3.8/site-packages:${PYTHONPATH} /usr/bin/cmake --build /home/nth/ros2_ws/build/nav2_amcl -- -j16 -l16
[3.597s] [35m[1mScanning dependencies of target map_lib[0m
[3.603s] [35m[1mScanning dependencies of target pf_lib[0m
[3.615s] [ 11%] [32mBuilding C object src/map/CMakeFiles/map_lib.dir/map_store.c.o[0m
[3.616s] [ 11%] [32mBuilding C object src/map/CMakeFiles/map_lib.dir/map.c.o[0m
[3.616s] [ 11%] [32mBuilding CXX object src/map/CMakeFiles/map_lib.dir/map_cspace.cpp.o[0m
[3.616s] [ 15%] [32mBuilding C object src/map/CMakeFiles/map_lib.dir/map_range.c.o[0m
[3.616s] [ 19%] [32mBuilding C object src/map/CMakeFiles/map_lib.dir/map_draw.c.o[0m
[3.627s] [ 23%] [32mBuilding C object src/pf/CMakeFiles/pf_lib.dir/pf_kdtree.c.o[0m
[3.632s] [ 26%] [32mBuilding C object src/pf/CMakeFiles/pf_lib.dir/pf.c.o[0m
[3.635s] [ 30%] [32mBuilding C object src/pf/CMakeFiles/pf_lib.dir/pf_pdf.c.o[0m
[3.637s] [ 34%] [32mBuilding C object src/pf/CMakeFiles/pf_lib.dir/eig3.c.o[0m
[3.644s] [ 38%] [32mBuilding C object src/pf/CMakeFiles/pf_lib.dir/pf_draw.c.o[0m
[3.651s] [ 42%] [32mBuilding C object src/pf/CMakeFiles/pf_lib.dir/pf_vector.c.o[0m
[3.865s] [ 46%] [32m[1mLinking C shared library libpf_lib.so[0m
[3.920s] [ 46%] Built target pf_lib
[3.942s] [35m[1mScanning dependencies of target motions_lib[0m
[3.963s] [ 53%] [32mBuilding CXX object src/motion_model/CMakeFiles/motions_lib.dir/omni_motion_model.cpp.o[0m
[3.963s] [ 53%] [32mBuilding CXX object src/motion_model/CMakeFiles/motions_lib.dir/motion_model.cpp.o[0m
[3.963s] [ 57%] [32mBuilding CXX object src/motion_model/CMakeFiles/motions_lib.dir/differential_motion_model.cpp.o[0m
[3.998s] [ 61%] [32m[1mLinking CXX shared library libmap_lib.so[0m
[4.130s] [ 61%] Built target map_lib
[4.148s] [35m[1mScanning dependencies of target sensors_lib[0m
[4.166s] [ 69%] [32mBuilding CXX object src/sensors/CMakeFiles/sensors_lib.dir/laser/beam_model.cpp.o[0m
[4.166s] [ 69%] [32mBuilding CXX object src/sensors/CMakeFiles/sensors_lib.dir/laser/laser.cpp.o[0m
[4.180s] [ 76%] [32mBuilding CXX object src/sensors/CMakeFiles/sensors_lib.dir/laser/likelihood_field_model_prob.cpp.o[0m
[4.180s] [ 76%] [32mBuilding CXX object src/sensors/CMakeFiles/sensors_lib.dir/laser/likelihood_field_model.cpp.o[0m
[4.345s] [ 80%] [32m[1mLinking CXX shared library libmotions_lib.so[0m
[4.511s] [ 80%] Built target motions_lib
[4.596s] [ 84%] [32m[1mLinking CXX shared library libsensors_lib.so[0m
[4.686s] [ 84%] Built target sensors_lib
[4.699s] [35m[1mScanning dependencies of target amcl_core[0m
[4.752s] [ 88%] [32mBuilding CXX object CMakeFiles/amcl_core.dir/src/amcl_node.cpp.o[0m
[31.384s] [ 92%] [32m[1mLinking CXX shared library libamcl_core.so[0m
[32.148s] [ 92%] Built target amcl_core
[32.216s] [35m[1mScanning dependencies of target amcl[0m
[32.340s] [ 96%] [32mBuilding CXX object CMakeFiles/amcl.dir/src/main.cpp.o[0m
[36.951s] [100%] [32m[1mLinking CXX executable amcl[0m
[37.518s] [100%] Built target amcl
[37.558s] Invoked command in '/home/nth/ros2_ws/build/nav2_amcl' returned '0': AMENT_PREFIX_PATH=/home/nth/ros2_ws/install/nav2_util:/home/nth/ros2_ws/install/nav2_msgs:/home/nth/ros2_ws/install/nav2_common:${AMENT_PREFIX_PATH} CMAKE_PREFIX_PATH=/home/nth/ros2_ws/install/nav2_util:/home/nth/ros2_ws/install/nav2_msgs:/home/nth/ros2_ws/install/nav2_common:/home/nth/rtc_ws/install/turtlebot3:/home/nth/rtc_ws/install/turtlebot3_bringup:/home/nth/rtc_ws/install/turtlebot3_node:/home/nth/rtc_ws/install/turtlebot3_navigation2:/home/nth/rtc_ws/install/turtlebot3_msgs:/home/nth/rtc_ws/install/turtlebot3_description:/home/nth/rtc_ws/install/turtlebot3_cartographer:/home/nth/rtc_ws/install/teb_msgs:/home/nth/rtc_ws/install/nav2_system_tests:/home/nth/rtc_ws/install/nav2_bringup:/home/nth/rtc_ws/install/navigation2:/home/nth/rtc_ws/install/smac_planner:/home/nth/rtc_ws/install/rplidar_ros2:/home/nth/rtc_ws/install/robot_localization:/home/nth/rtc_ws/install/nav2_dwb_controller:/home/nth/rtc_ws/install/nav2_controller:/home/nth/rtc_ws/install/dwb_plugins:/home/nth/rtc_ws/install/dwb_critics:/home/nth/rtc_ws/install/dwb_core:/home/nth/rtc_ws/install/nav_2d_utils:/home/nth/rtc_ws/install/dwb_msgs:/home/nth/rtc_ws/install/nav_2d_msgs:/home/nth/rtc_ws/install/nav2_waypoint_follower:/home/nth/rtc_ws/install/nav2_regulated_pure_pursuit_controller:/home/nth/rtc_ws/install/nav2_recoveries:/home/nth/rtc_ws/install/nav2_planner:/home/nth/rtc_ws/install/nav2_navfn_planner:/home/nth/rtc_ws/install/nav2_core:/home/nth/rtc_ws/install/costmap_queue:/home/nth/rtc_ws/install/costmap_converter:/home/nth/rtc_ws/install/nav2_costmap_2d:/home/nth/rtc_ws/install/nav2_voxel_grid:/home/nth/rtc_ws/install/nav2_rviz_plugins:/home/nth/rtc_ws/install/nav2_map_server:/home/nth/rtc_ws/install/nav2_lifecycle_manager:/home/nth/rtc_ws/install/nav2_bt_navigator:/home/nth/rtc_ws/install/nav2_behavior_tree:/home/nth/rtc_ws/install/nav2_amcl:/home/nth/rtc_ws/install/nav2_util:/home/nth/rtc_ws/install/nav2_msgs:/home/nth/rtc_ws/install/nav2_common:/home/nth/rtc_ws/install/ld08_driver:/home/nth/rtc_ws/install/g2o:/home/nth/rtc_ws/install/dynamixel_sdk_examples:/home/nth/rtc_ws/install/dynamixel_sdk_custom_interfaces:/home/nth/rtc_ws/install/dynamixel_sdk:/home/nth/rtc_ws/install/costmap_converter_msgs:/home/nth/rtc_ws/install/aws_robomaker_small_warehouse_world:/home/nth/rtcamr_ws/install/turtlebot3_msgs:/home/nth/rtcamr_ws/install/turtlebot3_gazebo:/home/nth/rtcamr_ws/install/turtlebot3_description:/home/nth/rtcamr_ws/install/turtlebot3_cartographer:/home/nth/rtcamr_ws/install/rplidar_ros2:/home/nth/rtcamr_ws/install/dwb_msgs:/home/nth/rtcamr_ws/install/nav_2d_msgs:/home/nth/rtcamr_ws/install/nav2_voxel_grid:/home/nth/rtcamr_ws/install/nav2_msgs:/home/nth/rtcamr_ws/install/nav2_common:/home/nth/rtcamr_ws/install/aws_robomaker_small_warehouse_world:/home/nth/rtc_ws/install/turtlebot3_teleop:/home/nth/rtc_ws/install/turtlebot3_example:/home/nth/rtc_ws/install/nav2_simple_commander:/home/nth/rtc_ws/install/nav2_gazebo_spawner:/home/nth/rtcamr_ws/install/turtlebot3_teleop:/home/nth/rtcamr_ws/install/turtlebot3_example:/home/nth/rtcamr_ws/install/nav2_simple_commander:/home/nth/rtcamr_ws/install/nav2_gazebo_spawner:/opt/ros/foxy LD_LIBRARY_PATH=/home/nth/ros2_ws/install/nav2_util/lib:/home/nth/ros2_ws/install/nav2_msgs/lib:${LD_LIBRARY_PATH} PYTHONPATH=/home/nth/ros2_ws/install/nav2_msgs/lib/python3.8/site-packages:/home/nth/ros2_ws/install/nav2_common/lib/python3.8/site-packages:${PYTHONPATH} /usr/bin/cmake --build /home/nth/ros2_ws/build/nav2_amcl -- -j16 -l16
[38.048s] Invoking command in '/home/nth/ros2_ws/build/nav2_amcl': AMENT_PREFIX_PATH=/home/nth/ros2_ws/install/nav2_util:/home/nth/ros2_ws/install/nav2_msgs:/home/nth/ros2_ws/install/nav2_common:${AMENT_PREFIX_PATH} CMAKE_PREFIX_PATH=/home/nth/ros2_ws/install/nav2_util:/home/nth/ros2_ws/install/nav2_msgs:/home/nth/ros2_ws/install/nav2_common:/home/nth/rtc_ws/install/turtlebot3:/home/nth/rtc_ws/install/turtlebot3_bringup:/home/nth/rtc_ws/install/turtlebot3_node:/home/nth/rtc_ws/install/turtlebot3_navigation2:/home/nth/rtc_ws/install/turtlebot3_msgs:/home/nth/rtc_ws/install/turtlebot3_description:/home/nth/rtc_ws/install/turtlebot3_cartographer:/home/nth/rtc_ws/install/teb_msgs:/home/nth/rtc_ws/install/nav2_system_tests:/home/nth/rtc_ws/install/nav2_bringup:/home/nth/rtc_ws/install/navigation2:/home/nth/rtc_ws/install/smac_planner:/home/nth/rtc_ws/install/rplidar_ros2:/home/nth/rtc_ws/install/robot_localization:/home/nth/rtc_ws/install/nav2_dwb_controller:/home/nth/rtc_ws/install/nav2_controller:/home/nth/rtc_ws/install/dwb_plugins:/home/nth/rtc_ws/install/dwb_critics:/home/nth/rtc_ws/install/dwb_core:/home/nth/rtc_ws/install/nav_2d_utils:/home/nth/rtc_ws/install/dwb_msgs:/home/nth/rtc_ws/install/nav_2d_msgs:/home/nth/rtc_ws/install/nav2_waypoint_follower:/home/nth/rtc_ws/install/nav2_regulated_pure_pursuit_controller:/home/nth/rtc_ws/install/nav2_recoveries:/home/nth/rtc_ws/install/nav2_planner:/home/nth/rtc_ws/install/nav2_navfn_planner:/home/nth/rtc_ws/install/nav2_core:/home/nth/rtc_ws/install/costmap_queue:/home/nth/rtc_ws/install/costmap_converter:/home/nth/rtc_ws/install/nav2_costmap_2d:/home/nth/rtc_ws/install/nav2_voxel_grid:/home/nth/rtc_ws/install/nav2_rviz_plugins:/home/nth/rtc_ws/install/nav2_map_server:/home/nth/rtc_ws/install/nav2_lifecycle_manager:/home/nth/rtc_ws/install/nav2_bt_navigator:/home/nth/rtc_ws/install/nav2_behavior_tree:/home/nth/rtc_ws/install/nav2_amcl:/home/nth/rtc_ws/install/nav2_util:/home/nth/rtc_ws/install/nav2_msgs:/home/nth/rtc_ws/install/nav2_common:/home/nth/rtc_ws/install/ld08_driver:/home/nth/rtc_ws/install/g2o:/home/nth/rtc_ws/install/dynamixel_sdk_examples:/home/nth/rtc_ws/install/dynamixel_sdk_custom_interfaces:/home/nth/rtc_ws/install/dynamixel_sdk:/home/nth/rtc_ws/install/costmap_converter_msgs:/home/nth/rtc_ws/install/aws_robomaker_small_warehouse_world:/home/nth/rtcamr_ws/install/turtlebot3_msgs:/home/nth/rtcamr_ws/install/turtlebot3_gazebo:/home/nth/rtcamr_ws/install/turtlebot3_description:/home/nth/rtcamr_ws/install/turtlebot3_cartographer:/home/nth/rtcamr_ws/install/rplidar_ros2:/home/nth/rtcamr_ws/install/dwb_msgs:/home/nth/rtcamr_ws/install/nav_2d_msgs:/home/nth/rtcamr_ws/install/nav2_voxel_grid:/home/nth/rtcamr_ws/install/nav2_msgs:/home/nth/rtcamr_ws/install/nav2_common:/home/nth/rtcamr_ws/install/aws_robomaker_small_warehouse_world:/home/nth/rtc_ws/install/turtlebot3_teleop:/home/nth/rtc_ws/install/turtlebot3_example:/home/nth/rtc_ws/install/nav2_simple_commander:/home/nth/rtc_ws/install/nav2_gazebo_spawner:/home/nth/rtcamr_ws/install/turtlebot3_teleop:/home/nth/rtcamr_ws/install/turtlebot3_example:/home/nth/rtcamr_ws/install/nav2_simple_commander:/home/nth/rtcamr_ws/install/nav2_gazebo_spawner:/opt/ros/foxy LD_LIBRARY_PATH=/home/nth/ros2_ws/install/nav2_util/lib:/home/nth/ros2_ws/install/nav2_msgs/lib:${LD_LIBRARY_PATH} PYTHONPATH=/home/nth/ros2_ws/install/nav2_msgs/lib/python3.8/site-packages:/home/nth/ros2_ws/install/nav2_common/lib/python3.8/site-packages:${PYTHONPATH} /usr/bin/cmake --install /home/nth/ros2_ws/build/nav2_amcl
[38.090s] -- Install configuration: "Release"
[38.090s] -- Installing: /home/nth/ros2_ws/install/nav2_amcl/lib/libamcl_core.so
[38.102s] -- Set runtime path of "/home/nth/ros2_ws/install/nav2_amcl/lib/libamcl_core.so" to ""
[38.102s] -- Installing: /home/nth/ros2_ws/install/nav2_amcl/lib/nav2_amcl/amcl
[38.102s] -- Set runtime path of "/home/nth/ros2_ws/install/nav2_amcl/lib/nav2_amcl/amcl" to ""
[38.102s] -- Installing: /home/nth/ros2_ws/install/nav2_amcl/include/
[38.103s] -- Installing: /home/nth/ros2_ws/install/nav2_amcl/include//nav2_amcl
[38.103s] -- Installing: /home/nth/ros2_ws/install/nav2_amcl/include//nav2_amcl/angleutils.hpp
[38.103s] -- Installing: /home/nth/ros2_ws/install/nav2_amcl/include//nav2_amcl/map
[38.103s] -- Installing: /home/nth/ros2_ws/install/nav2_amcl/include//nav2_amcl/map/map.hpp
[38.103s] -- Installing: /home/nth/ros2_ws/install/nav2_amcl/include//nav2_amcl/motion_model
[38.103s] -- Installing: /home/nth/ros2_ws/install/nav2_amcl/include//nav2_amcl/motion_model/motion_model.hpp
[38.103s] -- Installing: /home/nth/ros2_ws/install/nav2_amcl/include//nav2_amcl/pf
[38.103s] -- Installing: /home/nth/ros2_ws/install/nav2_amcl/include//nav2_amcl/pf/pf_kdtree.hpp
[38.104s] -- Installing: /home/nth/ros2_ws/install/nav2_amcl/include//nav2_amcl/pf/pf_vector.hpp
[38.104s] -- Installing: /home/nth/ros2_ws/install/nav2_amcl/include//nav2_amcl/pf/eig3.hpp
[38.104s] -- Installing: /home/nth/ros2_ws/install/nav2_amcl/include//nav2_amcl/pf/pf_pdf.hpp
[38.104s] -- Installing: /home/nth/ros2_ws/install/nav2_amcl/include//nav2_amcl/pf/pf.hpp
[38.104s] -- Installing: /home/nth/ros2_ws/install/nav2_amcl/include//nav2_amcl/sensors
[38.104s] -- Installing: /home/nth/ros2_ws/install/nav2_amcl/include//nav2_amcl/sensors/laser
[38.104s] -- Installing: /home/nth/ros2_ws/install/nav2_amcl/include//nav2_amcl/sensors/laser/laser.hpp
[38.104s] -- Installing: /home/nth/ros2_ws/install/nav2_amcl/include//nav2_amcl/amcl_node.hpp
[38.104s] -- Installing: /home/nth/ros2_ws/install/nav2_amcl/share/nav2_amcl/environment/library_path.sh
[38.104s] -- Installing: /home/nth/ros2_ws/install/nav2_amcl/share/nav2_amcl/environment/library_path.dsv
[38.105s] -- Installing: /home/nth/ros2_ws/install/nav2_amcl/share/ament_index/resource_index/package_run_dependencies/nav2_amcl
[38.105s] -- Installing: /home/nth/ros2_ws/install/nav2_amcl/share/ament_index/resource_index/parent_prefix_path/nav2_amcl
[38.105s] -- Installing: /home/nth/ros2_ws/install/nav2_amcl/share/nav2_amcl/environment/ament_prefix_path.sh
[38.105s] -- Installing: /home/nth/ros2_ws/install/nav2_amcl/share/nav2_amcl/environment/ament_prefix_path.dsv
[38.105s] -- Installing: /home/nth/ros2_ws/install/nav2_amcl/share/nav2_amcl/environment/path.sh
[38.105s] -- Installing: /home/nth/ros2_ws/install/nav2_amcl/share/nav2_amcl/environment/path.dsv
[38.105s] -- Installing: /home/nth/ros2_ws/install/nav2_amcl/share/nav2_amcl/local_setup.bash
[38.105s] -- Installing: /home/nth/ros2_ws/install/nav2_amcl/share/nav2_amcl/local_setup.sh
[38.106s] -- Installing: /home/nth/ros2_ws/install/nav2_amcl/share/nav2_amcl/local_setup.zsh
[38.106s] -- Installing: /home/nth/ros2_ws/install/nav2_amcl/share/nav2_amcl/local_setup.dsv
[38.106s] -- Installing: /home/nth/ros2_ws/install/nav2_amcl/share/nav2_amcl/package.dsv
[38.106s] -- Installing: /home/nth/ros2_ws/install/nav2_amcl/share/ament_index/resource_index/packages/nav2_amcl
[38.106s] -- Installing: /home/nth/ros2_ws/install/nav2_amcl/share/nav2_amcl/cmake/ament_cmake_export_include_directories-extras.cmake
[38.106s] -- Installing: /home/nth/ros2_ws/install/nav2_amcl/share/nav2_amcl/cmake/ament_cmake_export_libraries-extras.cmake
[38.107s] -- Installing: /home/nth/ros2_ws/install/nav2_amcl/share/nav2_amcl/cmake/ament_cmake_export_dependencies-extras.cmake
[38.107s] -- Installing: /home/nth/ros2_ws/install/nav2_amcl/share/nav2_amcl/cmake/nav2_amclConfig.cmake
[38.107s] -- Installing: /home/nth/ros2_ws/install/nav2_amcl/share/nav2_amcl/cmake/nav2_amclConfig-version.cmake
[38.107s] -- Installing: /home/nth/ros2_ws/install/nav2_amcl/share/nav2_amcl/package.xml
[38.107s] -- Installing: /home/nth/ros2_ws/install/nav2_amcl/lib/libpf_lib.so
[38.108s] -- Installing: /home/nth/ros2_ws/install/nav2_amcl/lib/libmap_lib.so
[38.108s] -- Installing: /home/nth/ros2_ws/install/nav2_amcl/lib/libmotions_lib.so
[38.114s] -- Set runtime path of "/home/nth/ros2_ws/install/nav2_amcl/lib/libmotions_lib.so" to ""
[38.114s] -- Installing: /home/nth/ros2_ws/install/nav2_amcl/lib/libsensors_lib.so
[38.114s] -- Set runtime path of "/home/nth/ros2_ws/install/nav2_amcl/lib/libsensors_lib.so" to ""
[38.121s] Invoked command in '/home/nth/ros2_ws/build/nav2_amcl' returned '0': AMENT_PREFIX_PATH=/home/nth/ros2_ws/install/nav2_util:/home/nth/ros2_ws/install/nav2_msgs:/home/nth/ros2_ws/install/nav2_common:${AMENT_PREFIX_PATH} CMAKE_PREFIX_PATH=/home/nth/ros2_ws/install/nav2_util:/home/nth/ros2_ws/install/nav2_msgs:/home/nth/ros2_ws/install/nav2_common:/home/nth/rtc_ws/install/turtlebot3:/home/nth/rtc_ws/install/turtlebot3_bringup:/home/nth/rtc_ws/install/turtlebot3_node:/home/nth/rtc_ws/install/turtlebot3_navigation2:/home/nth/rtc_ws/install/turtlebot3_msgs:/home/nth/rtc_ws/install/turtlebot3_description:/home/nth/rtc_ws/install/turtlebot3_cartographer:/home/nth/rtc_ws/install/teb_msgs:/home/nth/rtc_ws/install/nav2_system_tests:/home/nth/rtc_ws/install/nav2_bringup:/home/nth/rtc_ws/install/navigation2:/home/nth/rtc_ws/install/smac_planner:/home/nth/rtc_ws/install/rplidar_ros2:/home/nth/rtc_ws/install/robot_localization:/home/nth/rtc_ws/install/nav2_dwb_controller:/home/nth/rtc_ws/install/nav2_controller:/home/nth/rtc_ws/install/dwb_plugins:/home/nth/rtc_ws/install/dwb_critics:/home/nth/rtc_ws/install/dwb_core:/home/nth/rtc_ws/install/nav_2d_utils:/home/nth/rtc_ws/install/dwb_msgs:/home/nth/rtc_ws/install/nav_2d_msgs:/home/nth/rtc_ws/install/nav2_waypoint_follower:/home/nth/rtc_ws/install/nav2_regulated_pure_pursuit_controller:/home/nth/rtc_ws/install/nav2_recoveries:/home/nth/rtc_ws/install/nav2_planner:/home/nth/rtc_ws/install/nav2_navfn_planner:/home/nth/rtc_ws/install/nav2_core:/home/nth/rtc_ws/install/costmap_queue:/home/nth/rtc_ws/install/costmap_converter:/home/nth/rtc_ws/install/nav2_costmap_2d:/home/nth/rtc_ws/install/nav2_voxel_grid:/home/nth/rtc_ws/install/nav2_rviz_plugins:/home/nth/rtc_ws/install/nav2_map_server:/home/nth/rtc_ws/install/nav2_lifecycle_manager:/home/nth/rtc_ws/install/nav2_bt_navigator:/home/nth/rtc_ws/install/nav2_behavior_tree:/home/nth/rtc_ws/install/nav2_amcl:/home/nth/rtc_ws/install/nav2_util:/home/nth/rtc_ws/install/nav2_msgs:/home/nth/rtc_ws/install/nav2_common:/home/nth/rtc_ws/install/ld08_driver:/home/nth/rtc_ws/install/g2o:/home/nth/rtc_ws/install/dynamixel_sdk_examples:/home/nth/rtc_ws/install/dynamixel_sdk_custom_interfaces:/home/nth/rtc_ws/install/dynamixel_sdk:/home/nth/rtc_ws/install/costmap_converter_msgs:/home/nth/rtc_ws/install/aws_robomaker_small_warehouse_world:/home/nth/rtcamr_ws/install/turtlebot3_msgs:/home/nth/rtcamr_ws/install/turtlebot3_gazebo:/home/nth/rtcamr_ws/install/turtlebot3_description:/home/nth/rtcamr_ws/install/turtlebot3_cartographer:/home/nth/rtcamr_ws/install/rplidar_ros2:/home/nth/rtcamr_ws/install/dwb_msgs:/home/nth/rtcamr_ws/install/nav_2d_msgs:/home/nth/rtcamr_ws/install/nav2_voxel_grid:/home/nth/rtcamr_ws/install/nav2_msgs:/home/nth/rtcamr_ws/install/nav2_common:/home/nth/rtcamr_ws/install/aws_robomaker_small_warehouse_world:/home/nth/rtc_ws/install/turtlebot3_teleop:/home/nth/rtc_ws/install/turtlebot3_example:/home/nth/rtc_ws/install/nav2_simple_commander:/home/nth/rtc_ws/install/nav2_gazebo_spawner:/home/nth/rtcamr_ws/install/turtlebot3_teleop:/home/nth/rtcamr_ws/install/turtlebot3_example:/home/nth/rtcamr_ws/install/nav2_simple_commander:/home/nth/rtcamr_ws/install/nav2_gazebo_spawner:/opt/ros/foxy LD_LIBRARY_PATH=/home/nth/ros2_ws/install/nav2_util/lib:/home/nth/ros2_ws/install/nav2_msgs/lib:${LD_LIBRARY_PATH} PYTHONPATH=/home/nth/ros2_ws/install/nav2_msgs/lib/python3.8/site-packages:/home/nth/ros2_ws/install/nav2_common/lib/python3.8/site-packages:${PYTHONPATH} /usr/bin/cmake --install /home/nth/ros2_ws/build/nav2_amcl
