[0.125s] Invoking command in '/home/nth/ros2_ws/build/nav_2d_msgs': CMAKE_PREFIX_PATH=${CMAKE_PREFIX_PATH}:/home/nth/ros2_ws/install/turtlesim_test:/home/nth/ros2_ws/install/service_test:/home/nth/ros2_ws/install/pub_initial_pose:/home/nth/ros2_ws/install/nav2_simple_commander:/home/nth/ros2_ws/install/nav2_gazebo_spawner:/home/nth/rtc_ws/install/turtlebot3_teleop:/home/nth/rtc_ws/install/turtlebot3_example:/home/nth/rtc_ws/install/nav2_simple_commander:/home/nth/rtc_ws/install/nav2_gazebo_spawner:/home/nth/rtcamr_ws/install/turtlebot3_teleop:/home/nth/rtcamr_ws/install/turtlebot3_example:/home/nth/rtcamr_ws/install/nav2_simple_commander:/home/nth/rtcamr_ws/install/nav2_gazebo_spawner:/opt/ros/foxy /usr/bin/cmake --build /home/nth/ros2_ws/build/nav_2d_msgs -- -j16 -l16
[0.943s] [  1%] Built target nav_2d_msgs__cpp
[0.944s] [ 12%] Built target nav_2d_msgs__rosidl_generator_c
[0.944s] [ 23%] Built target nav_2d_msgs__rosidl_typesupport_cpp
[0.944s] [ 46%] Built target nav_2d_msgs__rosidl_typesupport_fastrtps_cpp
[0.944s] [ 46%] Built target nav_2d_msgs__rosidl_typesupport_introspection_c
[0.944s] [ 57%] Built target nav_2d_msgs__rosidl_typesupport_introspection_cpp
[0.944s] [ 69%] Built target nav_2d_msgs__rosidl_typesupport_c
[0.944s] [ 80%] Built target nav_2d_msgs__rosidl_typesupport_fastrtps_c
[0.944s] [ 80%] Built target nav_2d_msgs
[0.945s] [ 81%] Built target nav_2d_msgs__py
[0.945s] [ 91%] Built target nav_2d_msgs__python
[0.945s] [ 94%] Built target nav_2d_msgs__rosidl_typesupport_c__pyext
[0.945s] [ 97%] Built target nav_2d_msgs__rosidl_typesupport_introspection_c__pyext
[0.945s] [100%] Built target nav_2d_msgs__rosidl_typesupport_fastrtps_c__pyext
[1.163s] Invoked command in '/home/nth/ros2_ws/build/nav_2d_msgs' returned '0': CMAKE_PREFIX_PATH=${CMAKE_PREFIX_PATH}:/home/nth/ros2_ws/install/turtlesim_test:/home/nth/ros2_ws/install/service_test:/home/nth/ros2_ws/install/pub_initial_pose:/home/nth/ros2_ws/install/nav2_simple_commander:/home/nth/ros2_ws/install/nav2_gazebo_spawner:/home/nth/rtc_ws/install/turtlebot3_teleop:/home/nth/rtc_ws/install/turtlebot3_example:/home/nth/rtc_ws/install/nav2_simple_commander:/home/nth/rtc_ws/install/nav2_gazebo_spawner:/home/nth/rtcamr_ws/install/turtlebot3_teleop:/home/nth/rtcamr_ws/install/turtlebot3_example:/home/nth/rtcamr_ws/install/nav2_simple_commander:/home/nth/rtcamr_ws/install/nav2_gazebo_spawner:/opt/ros/foxy /usr/bin/cmake --build /home/nth/ros2_ws/build/nav_2d_msgs -- -j16 -l16
[1.483s] Invoking command in '/home/nth/ros2_ws/build/nav_2d_msgs': CMAKE_PREFIX_PATH=${CMAKE_PREFIX_PATH}:/home/nth/ros2_ws/install/turtlesim_test:/home/nth/ros2_ws/install/service_test:/home/nth/ros2_ws/install/pub_initial_pose:/home/nth/ros2_ws/install/nav2_simple_commander:/home/nth/ros2_ws/install/nav2_gazebo_spawner:/home/nth/rtc_ws/install/turtlebot3_teleop:/home/nth/rtc_ws/install/turtlebot3_example:/home/nth/rtc_ws/install/nav2_simple_commander:/home/nth/rtc_ws/install/nav2_gazebo_spawner:/home/nth/rtcamr_ws/install/turtlebot3_teleop:/home/nth/rtcamr_ws/install/turtlebot3_example:/home/nth/rtcamr_ws/install/nav2_simple_commander:/home/nth/rtcamr_ws/install/nav2_gazebo_spawner:/opt/ros/foxy /usr/bin/cmake --install /home/nth/ros2_ws/build/nav_2d_msgs
[1.497s] -- Install configuration: ""
[1.498s] -- Up-to-date: /home/nth/ros2_ws/install/nav_2d_msgs/share/ament_index/resource_index/rosidl_interfaces/nav_2d_msgs
[1.498s] -- Up-to-date: /home/nth/ros2_ws/install/nav_2d_msgs/include/nav_2d_msgs
[1.498s] -- Up-to-date: /home/nth/ros2_ws/install/nav_2d_msgs/include/nav_2d_msgs/msg
[1.498s] -- Up-to-date: /home/nth/ros2_ws/install/nav_2d_msgs/include/nav_2d_msgs/msg/twist2_d32.h
[1.498s] -- Up-to-date: /home/nth/ros2_ws/install/nav_2d_msgs/include/nav_2d_msgs/msg/rosidl_generator_c__visibility_control.h
[1.498s] -- Up-to-date: /home/nth/ros2_ws/install/nav_2d_msgs/include/nav_2d_msgs/msg/twist2_d.h
[1.498s] -- Up-to-date: /home/nth/ros2_ws/install/nav_2d_msgs/include/nav_2d_msgs/msg/detail
[1.498s] -- Up-to-date: /home/nth/ros2_ws/install/nav_2d_msgs/include/nav_2d_msgs/msg/detail/twist2_d32__struct.h
[1.499s] -- Up-to-date: /home/nth/ros2_ws/install/nav_2d_msgs/include/nav_2d_msgs/msg/detail/twist2_d__struct.h
[1.499s] -- Up-to-date: /home/nth/ros2_ws/install/nav_2d_msgs/include/nav_2d_msgs/msg/detail/path2_d__struct.h
[1.499s] -- Up-to-date: /home/nth/ros2_ws/install/nav_2d_msgs/include/nav_2d_msgs/msg/detail/twist2_d__type_support.h
[1.499s] -- Up-to-date: /home/nth/ros2_ws/install/nav_2d_msgs/include/nav_2d_msgs/msg/detail/pose2_d32__type_support.h
[1.499s] -- Up-to-date: /home/nth/ros2_ws/install/nav_2d_msgs/include/nav_2d_msgs/msg/detail/pose2_d_stamped__struct.h
[1.499s] -- Up-to-date: /home/nth/ros2_ws/install/nav_2d_msgs/include/nav_2d_msgs/msg/detail/path2_d__type_support.h
[1.499s] -- Up-to-date: /home/nth/ros2_ws/install/nav_2d_msgs/include/nav_2d_msgs/msg/detail/twist2_d_stamped__functions.c
[1.499s] -- Up-to-date: /home/nth/ros2_ws/install/nav_2d_msgs/include/nav_2d_msgs/msg/detail/pose2_d32__struct.h
[1.499s] -- Up-to-date: /home/nth/ros2_ws/install/nav_2d_msgs/include/nav_2d_msgs/msg/detail/path2_d__functions.h
[1.499s] -- Up-to-date: /home/nth/ros2_ws/install/nav_2d_msgs/include/nav_2d_msgs/msg/detail/pose2_d_stamped__functions.c
[1.499s] -- Up-to-date: /home/nth/ros2_ws/install/nav_2d_msgs/include/nav_2d_msgs/msg/detail/twist2_d32__functions.h
[1.500s] -- Up-to-date: /home/nth/ros2_ws/install/nav_2d_msgs/include/nav_2d_msgs/msg/detail/pose2_d32__functions.c
[1.500s] -- Up-to-date: /home/nth/ros2_ws/install/nav_2d_msgs/include/nav_2d_msgs/msg/detail/twist2_d__functions.c
[1.500s] -- Up-to-date: /home/nth/ros2_ws/install/nav_2d_msgs/include/nav_2d_msgs/msg/detail/twist2_d32__type_support.h
[1.500s] -- Up-to-date: /home/nth/ros2_ws/install/nav_2d_msgs/include/nav_2d_msgs/msg/detail/twist2_d_stamped__type_support.h
[1.500s] -- Up-to-date: /home/nth/ros2_ws/install/nav_2d_msgs/include/nav_2d_msgs/msg/detail/pose2_d_stamped__type_support.h
[1.500s] -- Up-to-date: /home/nth/ros2_ws/install/nav_2d_msgs/include/nav_2d_msgs/msg/detail/pose2_d_stamped__functions.h
[1.500s] -- Up-to-date: /home/nth/ros2_ws/install/nav_2d_msgs/include/nav_2d_msgs/msg/detail/twist2_d_stamped__functions.h
[1.500s] -- Up-to-date: /home/nth/ros2_ws/install/nav_2d_msgs/include/nav_2d_msgs/msg/detail/twist2_d_stamped__struct.h
[1.500s] -- Up-to-date: /home/nth/ros2_ws/install/nav_2d_msgs/include/nav_2d_msgs/msg/detail/pose2_d32__functions.h
[1.500s] -- Up-to-date: /home/nth/ros2_ws/install/nav_2d_msgs/include/nav_2d_msgs/msg/detail/path2_d__functions.c
[1.500s] -- Up-to-date: /home/nth/ros2_ws/install/nav_2d_msgs/include/nav_2d_msgs/msg/detail/twist2_d32__functions.c
[1.500s] -- Up-to-date: /home/nth/ros2_ws/install/nav_2d_msgs/include/nav_2d_msgs/msg/detail/twist2_d__functions.h
[1.500s] -- Up-to-date: /home/nth/ros2_ws/install/nav_2d_msgs/include/nav_2d_msgs/msg/pose2_d32.h
[1.501s] -- Up-to-date: /home/nth/ros2_ws/install/nav_2d_msgs/include/nav_2d_msgs/msg/path2_d.h
[1.501s] -- Up-to-date: /home/nth/ros2_ws/install/nav_2d_msgs/include/nav_2d_msgs/msg/pose2_d_stamped.h
[1.501s] -- Up-to-date: /home/nth/ros2_ws/install/nav_2d_msgs/include/nav_2d_msgs/msg/twist2_d_stamped.h
[1.501s] -- Up-to-date: /home/nth/ros2_ws/install/nav_2d_msgs/share/nav_2d_msgs/environment/library_path.sh
[1.501s] -- Up-to-date: /home/nth/ros2_ws/install/nav_2d_msgs/share/nav_2d_msgs/environment/library_path.dsv
[1.501s] -- Up-to-date: /home/nth/ros2_ws/install/nav_2d_msgs/lib/libnav_2d_msgs__rosidl_generator_c.so
[1.501s] -- Up-to-date: /home/nth/ros2_ws/install/nav_2d_msgs/include/nav_2d_msgs
[1.501s] -- Up-to-date: /home/nth/ros2_ws/install/nav_2d_msgs/include/nav_2d_msgs/msg
[1.501s] -- Up-to-date: /home/nth/ros2_ws/install/nav_2d_msgs/include/nav_2d_msgs/msg/detail
[1.501s] -- Up-to-date: /home/nth/ros2_ws/install/nav_2d_msgs/include/nav_2d_msgs/msg/detail/pose2_d32__rosidl_typesupport_fastrtps_c.h
[1.501s] -- Up-to-date: /home/nth/ros2_ws/install/nav_2d_msgs/include/nav_2d_msgs/msg/detail/path2_d__rosidl_typesupport_fastrtps_c.h
[1.502s] -- Up-to-date: /home/nth/ros2_ws/install/nav_2d_msgs/include/nav_2d_msgs/msg/detail/twist2_d__rosidl_typesupport_fastrtps_c.h
[1.502s] -- Up-to-date: /home/nth/ros2_ws/install/nav_2d_msgs/include/nav_2d_msgs/msg/detail/pose2_d_stamped__rosidl_typesupport_fastrtps_c.h
[1.502s] -- Up-to-date: /home/nth/ros2_ws/install/nav_2d_msgs/include/nav_2d_msgs/msg/detail/twist2_d_stamped__rosidl_typesupport_fastrtps_c.h
[1.502s] -- Up-to-date: /home/nth/ros2_ws/install/nav_2d_msgs/include/nav_2d_msgs/msg/detail/twist2_d32__rosidl_typesupport_fastrtps_c.h
[1.502s] -- Up-to-date: /home/nth/ros2_ws/install/nav_2d_msgs/include/nav_2d_msgs/msg/rosidl_typesupport_fastrtps_c__visibility_control.h
[1.502s] -- Up-to-date: /home/nth/ros2_ws/install/nav_2d_msgs/lib/libnav_2d_msgs__rosidl_typesupport_fastrtps_c.so
[1.502s] -- Up-to-date: /home/nth/ros2_ws/install/nav_2d_msgs/include/nav_2d_msgs
[1.502s] -- Up-to-date: /home/nth/ros2_ws/install/nav_2d_msgs/include/nav_2d_msgs/msg
[1.503s] -- Up-to-date: /home/nth/ros2_ws/install/nav_2d_msgs/include/nav_2d_msgs/msg/detail
[1.503s] -- Up-to-date: /home/nth/ros2_ws/install/nav_2d_msgs/include/nav_2d_msgs/msg/detail/pose2_d32__rosidl_typesupport_fastrtps_cpp.hpp
[1.503s] -- Up-to-date: /home/nth/ros2_ws/install/nav_2d_msgs/include/nav_2d_msgs/msg/detail/twist2_d__rosidl_typesupport_fastrtps_cpp.hpp
[1.503s] -- Up-to-date: /home/nth/ros2_ws/install/nav_2d_msgs/include/nav_2d_msgs/msg/detail/path2_d__rosidl_typesupport_fastrtps_cpp.hpp
[1.503s] -- Up-to-date: /home/nth/ros2_ws/install/nav_2d_msgs/include/nav_2d_msgs/msg/detail/twist2_d32__rosidl_typesupport_fastrtps_cpp.hpp
[1.503s] -- Up-to-date: /home/nth/ros2_ws/install/nav_2d_msgs/include/nav_2d_msgs/msg/detail/twist2_d_stamped__rosidl_typesupport_fastrtps_cpp.hpp
[1.503s] -- Up-to-date: /home/nth/ros2_ws/install/nav_2d_msgs/include/nav_2d_msgs/msg/detail/dds_fastrtps
[1.503s] -- Up-to-date: /home/nth/ros2_ws/install/nav_2d_msgs/include/nav_2d_msgs/msg/detail/pose2_d_stamped__rosidl_typesupport_fastrtps_cpp.hpp
[1.503s] -- Up-to-date: /home/nth/ros2_ws/install/nav_2d_msgs/include/nav_2d_msgs/msg/rosidl_typesupport_fastrtps_cpp__visibility_control.h
[1.503s] -- Up-to-date: /home/nth/ros2_ws/install/nav_2d_msgs/lib/libnav_2d_msgs__rosidl_typesupport_fastrtps_cpp.so
[1.503s] -- Up-to-date: /home/nth/ros2_ws/install/nav_2d_msgs/include/nav_2d_msgs
[1.503s] -- Up-to-date: /home/nth/ros2_ws/install/nav_2d_msgs/include/nav_2d_msgs/msg
[1.503s] -- Up-to-date: /home/nth/ros2_ws/install/nav_2d_msgs/include/nav_2d_msgs/msg/detail
[1.504s] -- Up-to-date: /home/nth/ros2_ws/install/nav_2d_msgs/include/nav_2d_msgs/msg/detail/twist2_d_stamped__rosidl_typesupport_introspection_c.h
[1.504s] -- Up-to-date: /home/nth/ros2_ws/install/nav_2d_msgs/include/nav_2d_msgs/msg/detail/pose2_d32__rosidl_typesupport_introspection_c.h
[1.504s] -- Up-to-date: /home/nth/ros2_ws/install/nav_2d_msgs/include/nav_2d_msgs/msg/detail/path2_d__rosidl_typesupport_introspection_c.h
[1.504s] -- Up-to-date: /home/nth/ros2_ws/install/nav_2d_msgs/include/nav_2d_msgs/msg/detail/twist2_d__type_support.c
[1.504s] -- Up-to-date: /home/nth/ros2_ws/install/nav_2d_msgs/include/nav_2d_msgs/msg/detail/twist2_d__rosidl_typesupport_introspection_c.h
[1.504s] -- Up-to-date: /home/nth/ros2_ws/install/nav_2d_msgs/include/nav_2d_msgs/msg/detail/pose2_d32__type_support.c
[1.504s] -- Up-to-date: /home/nth/ros2_ws/install/nav_2d_msgs/include/nav_2d_msgs/msg/detail/twist2_d32__rosidl_typesupport_introspection_c.h
[1.504s] -- Up-to-date: /home/nth/ros2_ws/install/nav_2d_msgs/include/nav_2d_msgs/msg/detail/twist2_d_stamped__type_support.c
[1.504s] -- Up-to-date: /home/nth/ros2_ws/install/nav_2d_msgs/include/nav_2d_msgs/msg/detail/pose2_d_stamped__rosidl_typesupport_introspection_c.h
[1.504s] -- Up-to-date: /home/nth/ros2_ws/install/nav_2d_msgs/include/nav_2d_msgs/msg/detail/path2_d__type_support.c
[1.505s] -- Up-to-date: /home/nth/ros2_ws/install/nav_2d_msgs/include/nav_2d_msgs/msg/detail/pose2_d_stamped__type_support.c
[1.506s] -- Up-to-date: /home/nth/ros2_ws/install/nav_2d_msgs/include/nav_2d_msgs/msg/detail/twist2_d32__type_support.c
[1.506s] -- Up-to-date: /home/nth/ros2_ws/install/nav_2d_msgs/include/nav_2d_msgs/msg/rosidl_typesupport_introspection_c__visibility_control.h
[1.506s] -- Up-to-date: /home/nth/ros2_ws/install/nav_2d_msgs/lib/libnav_2d_msgs__rosidl_typesupport_introspection_c.so
[1.506s] -- Up-to-date: /home/nth/ros2_ws/install/nav_2d_msgs/lib/libnav_2d_msgs__rosidl_typesupport_c.so
[1.506s] -- Up-to-date: /home/nth/ros2_ws/install/nav_2d_msgs/include/nav_2d_msgs
[1.506s] -- Up-to-date: /home/nth/ros2_ws/install/nav_2d_msgs/include/nav_2d_msgs/msg
[1.506s] -- Up-to-date: /home/nth/ros2_ws/install/nav_2d_msgs/include/nav_2d_msgs/msg/detail
[1.506s] -- Up-to-date: /home/nth/ros2_ws/install/nav_2d_msgs/include/nav_2d_msgs/msg/detail/path2_d__builder.hpp
[1.506s] -- Up-to-date: /home/nth/ros2_ws/install/nav_2d_msgs/include/nav_2d_msgs/msg/detail/path2_d__struct.hpp
[1.506s] -- Up-to-date: /home/nth/ros2_ws/install/nav_2d_msgs/include/nav_2d_msgs/msg/detail/twist2_d__struct.hpp
[1.507s] -- Up-to-date: /home/nth/ros2_ws/install/nav_2d_msgs/include/nav_2d_msgs/msg/detail/twist2_d__builder.hpp
[1.507s] -- Up-to-date: /home/nth/ros2_ws/install/nav_2d_msgs/include/nav_2d_msgs/msg/detail/twist2_d_stamped__builder.hpp
[1.507s] -- Up-to-date: /home/nth/ros2_ws/install/nav_2d_msgs/include/nav_2d_msgs/msg/detail/twist2_d__traits.hpp
[1.507s] -- Up-to-date: /home/nth/ros2_ws/install/nav_2d_msgs/include/nav_2d_msgs/msg/detail/pose2_d32__builder.hpp
[1.507s] -- Up-to-date: /home/nth/ros2_ws/install/nav_2d_msgs/include/nav_2d_msgs/msg/detail/pose2_d32__traits.hpp
[1.507s] -- Up-to-date: /home/nth/ros2_ws/install/nav_2d_msgs/include/nav_2d_msgs/msg/detail/pose2_d32__struct.hpp
[1.507s] -- Up-to-date: /home/nth/ros2_ws/install/nav_2d_msgs/include/nav_2d_msgs/msg/detail/pose2_d_stamped__traits.hpp
[1.507s] -- Up-to-date: /home/nth/ros2_ws/install/nav_2d_msgs/include/nav_2d_msgs/msg/detail/twist2_d32__builder.hpp
[1.507s] -- Up-to-date: /home/nth/ros2_ws/install/nav_2d_msgs/include/nav_2d_msgs/msg/detail/twist2_d32__struct.hpp
[1.507s] -- Up-to-date: /home/nth/ros2_ws/install/nav_2d_msgs/include/nav_2d_msgs/msg/detail/pose2_d_stamped__struct.hpp
[1.513s] -- Up-to-date: /home/nth/ros2_ws/install/nav_2d_msgs/include/nav_2d_msgs/msg/detail/twist2_d32__traits.hpp
[1.513s] -- Up-to-date: /home/nth/ros2_ws/install/nav_2d_msgs/include/nav_2d_msgs/msg/detail/path2_d__traits.hpp
[1.514s] -- Up-to-date: /home/nth/ros2_ws/install/nav_2d_msgs/include/nav_2d_msgs/msg/detail/pose2_d_stamped__builder.hpp
[1.514s] -- Up-to-date: /home/nth/ros2_ws/install/nav_2d_msgs/include/nav_2d_msgs/msg/detail/twist2_d_stamped__struct.hpp
[1.514s] -- Up-to-date: /home/nth/ros2_ws/install/nav_2d_msgs/include/nav_2d_msgs/msg/detail/twist2_d_stamped__traits.hpp
[1.514s] -- Up-to-date: /home/nth/ros2_ws/install/nav_2d_msgs/include/nav_2d_msgs/msg/pose2_d32.hpp
[1.514s] -- Up-to-date: /home/nth/ros2_ws/install/nav_2d_msgs/include/nav_2d_msgs/msg/twist2_d32.hpp
[1.514s] -- Up-to-date: /home/nth/ros2_ws/install/nav_2d_msgs/include/nav_2d_msgs/msg/path2_d.hpp
[1.514s] -- Up-to-date: /home/nth/ros2_ws/install/nav_2d_msgs/include/nav_2d_msgs/msg/pose2_d_stamped.hpp
[1.514s] -- Up-to-date: /home/nth/ros2_ws/install/nav_2d_msgs/include/nav_2d_msgs/msg/twist2_d_stamped.hpp
[1.514s] -- Up-to-date: /home/nth/ros2_ws/install/nav_2d_msgs/include/nav_2d_msgs/msg/twist2_d.hpp
[1.514s] -- Up-to-date: /home/nth/ros2_ws/install/nav_2d_msgs/include/nav_2d_msgs
[1.514s] -- Up-to-date: /home/nth/ros2_ws/install/nav_2d_msgs/include/nav_2d_msgs/msg
[1.515s] -- Up-to-date: /home/nth/ros2_ws/install/nav_2d_msgs/include/nav_2d_msgs/msg/detail
[1.515s] -- Up-to-date: /home/nth/ros2_ws/install/nav_2d_msgs/include/nav_2d_msgs/msg/detail/pose2_d_stamped__rosidl_typesupport_introspection_cpp.hpp
[1.515s] -- Up-to-date: /home/nth/ros2_ws/install/nav_2d_msgs/include/nav_2d_msgs/msg/detail/twist2_d_stamped__type_support.cpp
[1.515s] -- Up-to-date: /home/nth/ros2_ws/install/nav_2d_msgs/include/nav_2d_msgs/msg/detail/pose2_d32__type_support.cpp
[1.515s] -- Up-to-date: /home/nth/ros2_ws/install/nav_2d_msgs/include/nav_2d_msgs/msg/detail/twist2_d__rosidl_typesupport_introspection_cpp.hpp
[1.515s] -- Up-to-date: /home/nth/ros2_ws/install/nav_2d_msgs/include/nav_2d_msgs/msg/detail/path2_d__rosidl_typesupport_introspection_cpp.hpp
[1.515s] -- Up-to-date: /home/nth/ros2_ws/install/nav_2d_msgs/include/nav_2d_msgs/msg/detail/twist2_d32__type_support.cpp
[1.515s] -- Up-to-date: /home/nth/ros2_ws/install/nav_2d_msgs/include/nav_2d_msgs/msg/detail/pose2_d_stamped__type_support.cpp
[1.515s] -- Up-to-date: /home/nth/ros2_ws/install/nav_2d_msgs/include/nav_2d_msgs/msg/detail/pose2_d32__rosidl_typesupport_introspection_cpp.hpp
[1.515s] -- Up-to-date: /home/nth/ros2_ws/install/nav_2d_msgs/include/nav_2d_msgs/msg/detail/twist2_d__type_support.cpp
[1.515s] -- Up-to-date: /home/nth/ros2_ws/install/nav_2d_msgs/include/nav_2d_msgs/msg/detail/twist2_d32__rosidl_typesupport_introspection_cpp.hpp
[1.515s] -- Up-to-date: /home/nth/ros2_ws/install/nav_2d_msgs/include/nav_2d_msgs/msg/detail/twist2_d_stamped__rosidl_typesupport_introspection_cpp.hpp
[1.515s] -- Up-to-date: /home/nth/ros2_ws/install/nav_2d_msgs/include/nav_2d_msgs/msg/detail/path2_d__type_support.cpp
[1.515s] -- Up-to-date: /home/nth/ros2_ws/install/nav_2d_msgs/lib/libnav_2d_msgs__rosidl_typesupport_introspection_cpp.so
[1.516s] -- Up-to-date: /home/nth/ros2_ws/install/nav_2d_msgs/lib/libnav_2d_msgs__rosidl_typesupport_cpp.so
[1.516s] -- Up-to-date: /home/nth/ros2_ws/install/nav_2d_msgs/share/nav_2d_msgs/environment/pythonpath.sh
[1.516s] -- Up-to-date: /home/nth/ros2_ws/install/nav_2d_msgs/share/nav_2d_msgs/environment/pythonpath.dsv
[1.516s] -- Up-to-date: /home/nth/ros2_ws/install/nav_2d_msgs/lib/python3.8/site-packages/nav_2d_msgs/__init__.py
[1.559s] -- Up-to-date: /home/nth/ros2_ws/install/nav_2d_msgs/lib/python3.8/site-packages/nav_2d_msgs/msg
[1.559s] -- Up-to-date: /home/nth/ros2_ws/install/nav_2d_msgs/lib/python3.8/site-packages/nav_2d_msgs/msg/_twist2_d_stamped.py
[1.559s] -- Up-to-date: /home/nth/ros2_ws/install/nav_2d_msgs/lib/python3.8/site-packages/nav_2d_msgs/msg/_pose2_d_stamped.py
[1.559s] -- Up-to-date: /home/nth/ros2_ws/install/nav_2d_msgs/lib/python3.8/site-packages/nav_2d_msgs/msg/_twist2_d32.py
[1.559s] -- Up-to-date: /home/nth/ros2_ws/install/nav_2d_msgs/lib/python3.8/site-packages/nav_2d_msgs/msg/_twist2_d_s.c
[1.559s] -- Up-to-date: /home/nth/ros2_ws/install/nav_2d_msgs/lib/python3.8/site-packages/nav_2d_msgs/msg/_twist2_d.py
[1.559s] -- Up-to-date: /home/nth/ros2_ws/install/nav_2d_msgs/lib/python3.8/site-packages/nav_2d_msgs/msg/_pose2_d32.py
[1.559s] -- Up-to-date: /home/nth/ros2_ws/install/nav_2d_msgs/lib/python3.8/site-packages/nav_2d_msgs/msg/_twist2_d_stamped_s.c
[1.559s] -- Up-to-date: /home/nth/ros2_ws/install/nav_2d_msgs/lib/python3.8/site-packages/nav_2d_msgs/msg/_pose2_d_stamped_s.c
[1.559s] -- Up-to-date: /home/nth/ros2_ws/install/nav_2d_msgs/lib/python3.8/site-packages/nav_2d_msgs/msg/__init__.py
[1.559s] -- Up-to-date: /home/nth/ros2_ws/install/nav_2d_msgs/lib/python3.8/site-packages/nav_2d_msgs/msg/_path2_d_s.c
[1.559s] -- Up-to-date: /home/nth/ros2_ws/install/nav_2d_msgs/lib/python3.8/site-packages/nav_2d_msgs/msg/_pose2_d32_s.c
[1.559s] -- Up-to-date: /home/nth/ros2_ws/install/nav_2d_msgs/lib/python3.8/site-packages/nav_2d_msgs/msg/_path2_d.py
[1.559s] -- Up-to-date: /home/nth/ros2_ws/install/nav_2d_msgs/lib/python3.8/site-packages/nav_2d_msgs/msg/_twist2_d32_s.c
[1.559s] -- Up-to-date: /home/nth/ros2_ws/install/nav_2d_msgs/lib/python3.8/site-packages/nav_2d_msgs/nav_2d_msgs_s__rosidl_typesupport_fastrtps_c.cpython-38-x86_64-linux-gnu.so
[1.560s] -- Up-to-date: /home/nth/ros2_ws/install/nav_2d_msgs/lib/python3.8/site-packages/nav_2d_msgs/nav_2d_msgs_s__rosidl_typesupport_introspection_c.cpython-38-x86_64-linux-gnu.so
[1.560s] -- Up-to-date: /home/nth/ros2_ws/install/nav_2d_msgs/lib/python3.8/site-packages/nav_2d_msgs/nav_2d_msgs_s__rosidl_typesupport_c.cpython-38-x86_64-linux-gnu.so
[1.560s] -- Up-to-date: /home/nth/ros2_ws/install/nav_2d_msgs/lib/libnav_2d_msgs__python.so
[1.560s] -- Up-to-date: /home/nth/ros2_ws/install/nav_2d_msgs/share/nav_2d_msgs/msg/Path2D.idl
[1.560s] -- Up-to-date: /home/nth/ros2_ws/install/nav_2d_msgs/share/nav_2d_msgs/msg/Pose2D32.idl
[1.560s] -- Up-to-date: /home/nth/ros2_ws/install/nav_2d_msgs/share/nav_2d_msgs/msg/Pose2DStamped.idl
[1.560s] -- Up-to-date: /home/nth/ros2_ws/install/nav_2d_msgs/share/nav_2d_msgs/msg/Twist2D.idl
[1.560s] -- Up-to-date: /home/nth/ros2_ws/install/nav_2d_msgs/share/nav_2d_msgs/msg/Twist2D32.idl
[1.560s] -- Up-to-date: /home/nth/ros2_ws/install/nav_2d_msgs/share/nav_2d_msgs/msg/Twist2DStamped.idl
[1.560s] -- Up-to-date: /home/nth/ros2_ws/install/nav_2d_msgs/share/nav_2d_msgs/msg/Path2D.msg
[1.560s] -- Up-to-date: /home/nth/ros2_ws/install/nav_2d_msgs/share/nav_2d_msgs/msg/Pose2D32.msg
[1.560s] -- Up-to-date: /home/nth/ros2_ws/install/nav_2d_msgs/share/nav_2d_msgs/msg/Pose2DStamped.msg
[1.561s] -- Up-to-date: /home/nth/ros2_ws/install/nav_2d_msgs/share/nav_2d_msgs/msg/Twist2D.msg
[1.561s] -- Up-to-date: /home/nth/ros2_ws/install/nav_2d_msgs/share/nav_2d_msgs/msg/Twist2D32.msg
[1.561s] -- Up-to-date: /home/nth/ros2_ws/install/nav_2d_msgs/share/nav_2d_msgs/msg/Twist2DStamped.msg
[1.561s] -- Up-to-date: /home/nth/ros2_ws/install/nav_2d_msgs/share/ament_index/resource_index/package_run_dependencies/nav_2d_msgs
[1.561s] -- Up-to-date: /home/nth/ros2_ws/install/nav_2d_msgs/share/ament_index/resource_index/parent_prefix_path/nav_2d_msgs
[1.561s] -- Up-to-date: /home/nth/ros2_ws/install/nav_2d_msgs/share/nav_2d_msgs/environment/ament_prefix_path.sh
[1.561s] -- Up-to-date: /home/nth/ros2_ws/install/nav_2d_msgs/share/nav_2d_msgs/environment/ament_prefix_path.dsv
[1.561s] -- Up-to-date: /home/nth/ros2_ws/install/nav_2d_msgs/share/nav_2d_msgs/environment/path.sh
[1.561s] -- Up-to-date: /home/nth/ros2_ws/install/nav_2d_msgs/share/nav_2d_msgs/environment/path.dsv
[1.561s] -- Up-to-date: /home/nth/ros2_ws/install/nav_2d_msgs/share/nav_2d_msgs/local_setup.bash
[1.561s] -- Up-to-date: /home/nth/ros2_ws/install/nav_2d_msgs/share/nav_2d_msgs/local_setup.sh
[1.561s] -- Up-to-date: /home/nth/ros2_ws/install/nav_2d_msgs/share/nav_2d_msgs/local_setup.zsh
[1.562s] -- Up-to-date: /home/nth/ros2_ws/install/nav_2d_msgs/share/nav_2d_msgs/local_setup.dsv
[1.562s] -- Installing: /home/nth/ros2_ws/install/nav_2d_msgs/share/nav_2d_msgs/package.dsv
[1.562s] -- Up-to-date: /home/nth/ros2_ws/install/nav_2d_msgs/share/ament_index/resource_index/packages/nav_2d_msgs
[1.562s] -- Up-to-date: /home/nth/ros2_ws/install/nav_2d_msgs/share/nav_2d_msgs/cmake/nav_2d_msgs__rosidl_generator_cExport.cmake
[1.562s] -- Up-to-date: /home/nth/ros2_ws/install/nav_2d_msgs/share/nav_2d_msgs/cmake/nav_2d_msgs__rosidl_generator_cExport-noconfig.cmake
[1.562s] -- Up-to-date: /home/nth/ros2_ws/install/nav_2d_msgs/share/nav_2d_msgs/cmake/nav_2d_msgs__rosidl_typesupport_introspection_cExport.cmake
[1.562s] -- Up-to-date: /home/nth/ros2_ws/install/nav_2d_msgs/share/nav_2d_msgs/cmake/nav_2d_msgs__rosidl_typesupport_introspection_cExport-noconfig.cmake
[1.562s] -- Up-to-date: /home/nth/ros2_ws/install/nav_2d_msgs/share/nav_2d_msgs/cmake/nav_2d_msgs__rosidl_typesupport_cExport.cmake
[1.562s] -- Up-to-date: /home/nth/ros2_ws/install/nav_2d_msgs/share/nav_2d_msgs/cmake/nav_2d_msgs__rosidl_typesupport_cExport-noconfig.cmake
[1.562s] -- Up-to-date: /home/nth/ros2_ws/install/nav_2d_msgs/share/nav_2d_msgs/cmake/nav_2d_msgs__rosidl_generator_cppExport.cmake
[1.562s] -- Up-to-date: /home/nth/ros2_ws/install/nav_2d_msgs/share/nav_2d_msgs/cmake/nav_2d_msgs__rosidl_typesupport_introspection_cppExport.cmake
[1.562s] -- Up-to-date: /home/nth/ros2_ws/install/nav_2d_msgs/share/nav_2d_msgs/cmake/nav_2d_msgs__rosidl_typesupport_introspection_cppExport-noconfig.cmake
[1.562s] -- Up-to-date: /home/nth/ros2_ws/install/nav_2d_msgs/share/nav_2d_msgs/cmake/nav_2d_msgs__rosidl_typesupport_cppExport.cmake
[1.562s] -- Up-to-date: /home/nth/ros2_ws/install/nav_2d_msgs/share/nav_2d_msgs/cmake/nav_2d_msgs__rosidl_typesupport_cppExport-noconfig.cmake
[1.562s] -- Up-to-date: /home/nth/ros2_ws/install/nav_2d_msgs/share/nav_2d_msgs/cmake/rosidl_cmake-extras.cmake
[1.562s] -- Up-to-date: /home/nth/ros2_ws/install/nav_2d_msgs/share/nav_2d_msgs/cmake/ament_cmake_export_dependencies-extras.cmake
[1.563s] -- Up-to-date: /home/nth/ros2_ws/install/nav_2d_msgs/share/nav_2d_msgs/cmake/ament_cmake_export_libraries-extras.cmake
[1.563s] -- Up-to-date: /home/nth/ros2_ws/install/nav_2d_msgs/share/nav_2d_msgs/cmake/ament_cmake_export_targets-extras.cmake
[1.563s] -- Up-to-date: /home/nth/ros2_ws/install/nav_2d_msgs/share/nav_2d_msgs/cmake/ament_cmake_export_include_directories-extras.cmake
[1.563s] -- Up-to-date: /home/nth/ros2_ws/install/nav_2d_msgs/share/nav_2d_msgs/cmake/rosidl_cmake_export_typesupport_libraries-extras.cmake
[1.563s] -- Up-to-date: /home/nth/ros2_ws/install/nav_2d_msgs/share/nav_2d_msgs/cmake/rosidl_cmake_export_typesupport_targets-extras.cmake
[1.563s] -- Up-to-date: /home/nth/ros2_ws/install/nav_2d_msgs/share/nav_2d_msgs/cmake/nav_2d_msgsConfig.cmake
[1.563s] -- Up-to-date: /home/nth/ros2_ws/install/nav_2d_msgs/share/nav_2d_msgs/cmake/nav_2d_msgsConfig-version.cmake
[1.563s] -- Up-to-date: /home/nth/ros2_ws/install/nav_2d_msgs/share/nav_2d_msgs/package.xml
[1.597s] Invoked command in '/home/nth/ros2_ws/build/nav_2d_msgs' returned '0': CMAKE_PREFIX_PATH=${CMAKE_PREFIX_PATH}:/home/nth/ros2_ws/install/turtlesim_test:/home/nth/ros2_ws/install/service_test:/home/nth/ros2_ws/install/pub_initial_pose:/home/nth/ros2_ws/install/nav2_simple_commander:/home/nth/ros2_ws/install/nav2_gazebo_spawner:/home/nth/rtc_ws/install/turtlebot3_teleop:/home/nth/rtc_ws/install/turtlebot3_example:/home/nth/rtc_ws/install/nav2_simple_commander:/home/nth/rtc_ws/install/nav2_gazebo_spawner:/home/nth/rtcamr_ws/install/turtlebot3_teleop:/home/nth/rtcamr_ws/install/turtlebot3_example:/home/nth/rtcamr_ws/install/nav2_simple_commander:/home/nth/rtcamr_ws/install/nav2_gazebo_spawner:/opt/ros/foxy /usr/bin/cmake --install /home/nth/ros2_ws/build/nav_2d_msgs
