-- Found geometry_msgs: 2.0.5 (/opt/ros/foxy/share/geometry_msgs/cmake)
-- Using PYTHON_EXECUTABLE: /usr/bin/python3
-- Using all available rosidl_typesupport_c: rosidl_typesupport_fastrtps_c;rosidl_typesupport_introspection_c
-- Found rosidl_adapter: 1.2.1 (/opt/ros/foxy/share/rosidl_adapter/cmake)
-- Using all available rosidl_typesupport_cpp: rosidl_typesupport_fastrtps_cpp;rosidl_typesupport_introspection_cpp
-- Configuring incomplete, errors occurred!
See also "/home/nth/ros2_ws/build/tf2_cpp/CMakeFiles/CMakeOutput.log".
See also "/home/nth/ros2_ws/build/tf2_cpp/CMakeFiles/CMakeError.log".
CMake Error at CMakeLists.txt:18 (find_package):
  By not providing "Findturtle_tf2.cmake" in CMAKE_MODULE_PATH this project
  has asked CMake to find a package configuration file provided by
  "turtle_tf2", but CMake did not find one.

  Could not find a package configuration file provided by "turtle_tf2" with
  any of the following names:

    turtle_tf2Config.cmake
    turtle_tf2-config.cmake

  Add the installation prefix of "turtle_tf2" to CMAKE_PREFIX_PATH or set
  "turtle_tf2_DIR" to a directory containing one of the above files.  If
  "turtle_tf2" provides a separate development package or SDK, be sure it has
  been installed.


make: *** [Makefile:266: cmake_check_build_system] Error 1
