[ 14%] Built target fibonacci_action_server
[ 28%] Built target boi_so_client
[ 42%] Built target fibonacci_action_client
[ 57%] Built target boi_so_server
[ 92%] Built target action_client
[100%] Built target action_server
-- Install configuration: ""
-- Up-to-date: /home/nth/ros2_ws/install/action_cpp/lib/action_cpp/fibonacci_action_server
-- Up-to-date: /home/nth/ros2_ws/install/action_cpp/lib/libaction_server.so
-- Up-to-date: /home/nth/ros2_ws/install/action_cpp/lib/action_cpp/boi_so_server
-- Up-to-date: /home/nth/ros2_ws/install/action_cpp/lib/libaction_server.so
-- Up-to-date: /home/nth/ros2_ws/install/action_cpp/lib/action_cpp/fibonacci_action_client
-- Up-to-date: /home/nth/ros2_ws/install/action_cpp/lib/libaction_client.so
-- Up-to-date: /home/nth/ros2_ws/install/action_cpp/lib/action_cpp/boi_so_client
-- Up-to-date: /home/nth/ros2_ws/install/action_cpp/lib/libaction_client.so
-- Up-to-date: /home/nth/ros2_ws/install/action_cpp/share/ament_index/resource_index/package_run_dependencies/action_cpp
-- Up-to-date: /home/nth/ros2_ws/install/action_cpp/share/ament_index/resource_index/parent_prefix_path/action_cpp
-- Up-to-date: /home/nth/ros2_ws/install/action_cpp/share/action_cpp/environment/ament_prefix_path.sh
-- Up-to-date: /home/nth/ros2_ws/install/action_cpp/share/action_cpp/environment/ament_prefix_path.dsv
-- Up-to-date: /home/nth/ros2_ws/install/action_cpp/share/action_cpp/environment/path.sh
-- Up-to-date: /home/nth/ros2_ws/install/action_cpp/share/action_cpp/environment/path.dsv
-- Up-to-date: /home/nth/ros2_ws/install/action_cpp/share/action_cpp/local_setup.bash
-- Up-to-date: /home/nth/ros2_ws/install/action_cpp/share/action_cpp/local_setup.sh
-- Up-to-date: /home/nth/ros2_ws/install/action_cpp/share/action_cpp/local_setup.zsh
-- Up-to-date: /home/nth/ros2_ws/install/action_cpp/share/action_cpp/local_setup.dsv
-- Installing: /home/nth/ros2_ws/install/action_cpp/share/action_cpp/package.dsv
-- Up-to-date: /home/nth/ros2_ws/install/action_cpp/share/ament_index/resource_index/packages/action_cpp
-- Up-to-date: /home/nth/ros2_ws/install/action_cpp/share/ament_index/resource_index/rclcpp_components/action_cpp
-- Up-to-date: /home/nth/ros2_ws/install/action_cpp/share/action_cpp/cmake/action_cppConfig.cmake
-- Up-to-date: /home/nth/ros2_ws/install/action_cpp/share/action_cpp/cmake/action_cppConfig-version.cmake
-- Up-to-date: /home/nth/ros2_ws/install/action_cpp/share/action_cpp/package.xml
