[0.061s] Invoking command in '/home/nth/ros2_ws/build/nav2_recoveries': AMENT_PREFIX_PATH=/home/nth/ros2_ws/install/nav2_core:/home/nth/ros2_ws/install/nav2_costmap_2d:/home/nth/ros2_ws/install/nav2_behavior_tree:/home/nth/ros2_ws/install/nav2_util:/home/nth/ros2_ws/install/nav2_voxel_grid:/home/nth/ros2_ws/install/nav2_msgs:/home/nth/ros2_ws/install/nav2_common:${AMENT_PREFIX_PATH} CMAKE_PREFIX_PATH=/home/nth/ros2_ws/install/nav2_core:/home/nth/ros2_ws/install/nav2_costmap_2d:/home/nth/ros2_ws/install/nav2_behavior_tree:/home/nth/ros2_ws/install/nav2_util:/home/nth/ros2_ws/install/nav2_voxel_grid:/home/nth/ros2_ws/install/nav2_msgs:/home/nth/ros2_ws/install/nav2_common:/home/nth/rtc_ws/install/turtlebot3:/home/nth/rtc_ws/install/turtlebot3_bringup:/home/nth/rtc_ws/install/turtlebot3_node:/home/nth/rtc_ws/install/turtlebot3_navigation2:/home/nth/rtc_ws/install/turtlebot3_msgs:/home/nth/rtc_ws/install/turtlebot3_description:/home/nth/rtc_ws/install/turtlebot3_cartographer:/home/nth/rtc_ws/install/teb_msgs:/home/nth/rtc_ws/install/nav2_system_tests:/home/nth/rtc_ws/install/nav2_bringup:/home/nth/rtc_ws/install/navigation2:/home/nth/rtc_ws/install/smac_planner:/home/nth/rtc_ws/install/rplidar_ros2:/home/nth/rtc_ws/install/robot_localization:/home/nth/rtc_ws/install/nav2_dwb_controller:/home/nth/rtc_ws/install/nav2_controller:/home/nth/rtc_ws/install/dwb_plugins:/home/nth/rtc_ws/install/dwb_critics:/home/nth/rtc_ws/install/dwb_core:/home/nth/rtc_ws/install/nav_2d_utils:/home/nth/rtc_ws/install/dwb_msgs:/home/nth/rtc_ws/install/nav_2d_msgs:/home/nth/rtc_ws/install/nav2_waypoint_follower:/home/nth/rtc_ws/install/nav2_regulated_pure_pursuit_controller:/home/nth/rtc_ws/install/nav2_recoveries:/home/nth/rtc_ws/install/nav2_planner:/home/nth/rtc_ws/install/nav2_navfn_planner:/home/nth/rtc_ws/install/nav2_core:/home/nth/rtc_ws/install/costmap_queue:/home/nth/rtc_ws/install/costmap_converter:/home/nth/rtc_ws/install/nav2_costmap_2d:/home/nth/rtc_ws/install/nav2_voxel_grid:/home/nth/rtc_ws/install/nav2_rviz_plugins:/home/nth/rtc_ws/install/nav2_map_server:/home/nth/rtc_ws/install/nav2_lifecycle_manager:/home/nth/rtc_ws/install/nav2_bt_navigator:/home/nth/rtc_ws/install/nav2_behavior_tree:/home/nth/rtc_ws/install/nav2_amcl:/home/nth/rtc_ws/install/nav2_util:/home/nth/rtc_ws/install/nav2_msgs:/home/nth/rtc_ws/install/nav2_common:/home/nth/rtc_ws/install/ld08_driver:/home/nth/rtc_ws/install/g2o:/home/nth/rtc_ws/install/dynamixel_sdk_examples:/home/nth/rtc_ws/install/dynamixel_sdk_custom_interfaces:/home/nth/rtc_ws/install/dynamixel_sdk:/home/nth/rtc_ws/install/costmap_converter_msgs:/home/nth/rtc_ws/install/aws_robomaker_small_warehouse_world:/home/nth/rtcamr_ws/install/turtlebot3_msgs:/home/nth/rtcamr_ws/install/turtlebot3_gazebo:/home/nth/rtcamr_ws/install/turtlebot3_description:/home/nth/rtcamr_ws/install/turtlebot3_cartographer:/home/nth/rtcamr_ws/install/rplidar_ros2:/home/nth/rtcamr_ws/install/dwb_msgs:/home/nth/rtcamr_ws/install/nav_2d_msgs:/home/nth/rtcamr_ws/install/nav2_voxel_grid:/home/nth/rtcamr_ws/install/nav2_msgs:/home/nth/rtcamr_ws/install/nav2_common:/home/nth/rtcamr_ws/install/aws_robomaker_small_warehouse_world:/home/nth/rtc_ws/install/turtlebot3_teleop:/home/nth/rtc_ws/install/turtlebot3_example:/home/nth/rtc_ws/install/nav2_simple_commander:/home/nth/rtc_ws/install/nav2_gazebo_spawner:/home/nth/rtcamr_ws/install/turtlebot3_teleop:/home/nth/rtcamr_ws/install/turtlebot3_example:/home/nth/rtcamr_ws/install/nav2_simple_commander:/home/nth/rtcamr_ws/install/nav2_gazebo_spawner:/opt/ros/foxy LD_LIBRARY_PATH=/home/nth/ros2_ws/install/nav2_costmap_2d/lib:/home/nth/ros2_ws/install/nav2_behavior_tree/lib:/home/nth/ros2_ws/install/nav2_util/lib:/home/nth/ros2_ws/install/nav2_voxel_grid/lib:/home/nth/ros2_ws/install/nav2_msgs/lib:${LD_LIBRARY_PATH} PYTHONPATH=/home/nth/ros2_ws/install/nav2_msgs/lib/python3.8/site-packages:/home/nth/ros2_ws/install/nav2_common/lib/python3.8/site-packages:${PYTHONPATH} /usr/bin/cmake /home/nth/ros2_ws/src/navigation2/nav2_recoveries -DCMAKE_INSTALL_PREFIX=/home/nth/ros2_ws/install/nav2_recoveries
[0.130s] -- The C compiler identification is GNU 9.4.0
[0.194s] -- The CXX compiler identification is GNU 9.4.0
[0.201s] -- Check for working C compiler: /usr/bin/cc
[0.281s] -- Check for working C compiler: /usr/bin/cc -- works
[0.283s] -- Detecting C compiler ABI info
[0.362s] -- Detecting C compiler ABI info - done
[0.375s] -- Detecting C compile features
[0.376s] -- Detecting C compile features - done
[0.379s] -- Check for working CXX compiler: /usr/bin/c++
[0.468s] -- Check for working CXX compiler: /usr/bin/c++ -- works
[0.470s] -- Detecting CXX compiler ABI info
[0.568s] -- Detecting CXX compiler ABI info - done
[0.580s] -- Detecting CXX compile features
[0.580s] -- Detecting CXX compile features - done
[0.585s] -- Found ament_cmake: 0.9.9 (/opt/ros/foxy/share/ament_cmake/cmake)
[0.622s] -- Found PythonInterp: /usr/bin/python3 (found suitable version "3.8.10", minimum required is "3") 
[0.622s] -- Using PYTHON_EXECUTABLE: /usr/bin/python3
[0.859s] -- Found nav2_common: 0.4.7 (/home/nth/ros2_ws/install/nav2_common/share/nav2_common/cmake)
[0.864s] -- Found rclcpp: 2.4.1 (/opt/ros/foxy/share/rclcpp/cmake)
[0.948s] -- Using all available rosidl_typesupport_c: rosidl_typesupport_fastrtps_c;rosidl_typesupport_introspection_c
[0.965s] -- Found rosidl_adapter: 1.2.1 (/opt/ros/foxy/share/rosidl_adapter/cmake)
[1.093s] -- Found OpenSSL: /usr/lib/x86_64-linux-gnu/libcrypto.so (found version "1.1.1f")  
[1.144s] -- Found FastRTPS: /opt/ros/foxy/include  
[1.269s] -- Using all available rosidl_typesupport_cpp: rosidl_typesupport_fastrtps_cpp;rosidl_typesupport_introspection_cpp
[1.384s] -- Found rmw_implementation_cmake: 1.0.3 (/opt/ros/foxy/share/rmw_implementation_cmake/cmake)
[1.391s] -- Using RMW implementation 'rmw_fastrtps_cpp' as default
[1.393s] -- Looking for pthread.h
[1.471s] -- Looking for pthread.h - found
[1.472s] -- Performing Test CMAKE_HAVE_LIBC_PTHREAD
[1.556s] -- Performing Test CMAKE_HAVE_LIBC_PTHREAD - Failed
[1.557s] -- Looking for pthread_create in pthreads
[1.630s] -- Looking for pthread_create in pthreads - not found
[1.630s] -- Looking for pthread_create in pthread
[1.718s] -- Looking for pthread_create in pthread - found
[1.719s] -- Found Threads: TRUE  
[1.947s] -- Found rclcpp_action: 2.4.1 (/opt/ros/foxy/share/rclcpp_action/cmake)
[2.063s] -- Found rclcpp_lifecycle: 2.4.1 (/opt/ros/foxy/share/rclcpp_lifecycle/cmake)
[2.098s] -- Found nav2_behavior_tree: 0.4.7 (/home/nth/ros2_ws/install/nav2_behavior_tree/share/nav2_behavior_tree/cmake)
[2.891s] -- Found eigen3_cmake_module: 0.1.1 (/opt/ros/foxy/share/eigen3_cmake_module/cmake)
[2.897s] -- Found Eigen3: TRUE (found version "3.3.7") 
[3.216s] -- Found nav2_costmap_2d: 0.4.7 (/home/nth/ros2_ws/install/nav2_costmap_2d/share/nav2_costmap_2d/cmake)
[3.750s] -- Found nav2_core: 0.4.7 (/home/nth/ros2_ws/install/nav2_core/share/nav2_core/cmake)
[4.123s] -- Setting build type to Release as none was specified.
[19.503s] -- Found ament_lint_auto: 0.9.6 (/opt/ros/foxy/share/ament_lint_auto/cmake)
[19.628s] -- Found gtest sources under '/opt/ros/foxy/src/gtest_vendor': C++ tests using 'Google Test' will be built
[19.630s] -- Check if compiler accepts -pthread
[19.711s] -- Check if compiler accepts -pthread - yes
[22.234s] -- Added test 'copyright' to check source files copyright and LICENSE
[22.237s] -- Added test 'cppcheck' to perform static code analysis on C / C++ code
[22.238s] -- Configured cppcheck include dirs: /home/nth/ros2_ws/src/navigation2/nav2_recoveries/include
[22.238s] -- Configured cppcheck exclude dirs and/or files: 
[22.240s] -- Added test 'cpplint' to check C / C++ code against the Google style
[22.240s] -- Configured cpplint exclude dirs and/or files: 
[22.241s] -- Added test 'lint_cmake' to check CMake code style
[22.243s] -- Added test 'uncrustify' to check C / C++ code style
[22.243s] -- Configured uncrustify additional arguments: 
[22.245s] -- Added test 'xmllint' to check XML markup files
[22.251s] -- Configuring done
[22.428s] -- Generating done
[22.430s] -- Build files have been written to: /home/nth/ros2_ws/build/nav2_recoveries
[22.445s] Invoked command in '/home/nth/ros2_ws/build/nav2_recoveries' returned '0': AMENT_PREFIX_PATH=/home/nth/ros2_ws/install/nav2_core:/home/nth/ros2_ws/install/nav2_costmap_2d:/home/nth/ros2_ws/install/nav2_behavior_tree:/home/nth/ros2_ws/install/nav2_util:/home/nth/ros2_ws/install/nav2_voxel_grid:/home/nth/ros2_ws/install/nav2_msgs:/home/nth/ros2_ws/install/nav2_common:${AMENT_PREFIX_PATH} CMAKE_PREFIX_PATH=/home/nth/ros2_ws/install/nav2_core:/home/nth/ros2_ws/install/nav2_costmap_2d:/home/nth/ros2_ws/install/nav2_behavior_tree:/home/nth/ros2_ws/install/nav2_util:/home/nth/ros2_ws/install/nav2_voxel_grid:/home/nth/ros2_ws/install/nav2_msgs:/home/nth/ros2_ws/install/nav2_common:/home/nth/rtc_ws/install/turtlebot3:/home/nth/rtc_ws/install/turtlebot3_bringup:/home/nth/rtc_ws/install/turtlebot3_node:/home/nth/rtc_ws/install/turtlebot3_navigation2:/home/nth/rtc_ws/install/turtlebot3_msgs:/home/nth/rtc_ws/install/turtlebot3_description:/home/nth/rtc_ws/install/turtlebot3_cartographer:/home/nth/rtc_ws/install/teb_msgs:/home/nth/rtc_ws/install/nav2_system_tests:/home/nth/rtc_ws/install/nav2_bringup:/home/nth/rtc_ws/install/navigation2:/home/nth/rtc_ws/install/smac_planner:/home/nth/rtc_ws/install/rplidar_ros2:/home/nth/rtc_ws/install/robot_localization:/home/nth/rtc_ws/install/nav2_dwb_controller:/home/nth/rtc_ws/install/nav2_controller:/home/nth/rtc_ws/install/dwb_plugins:/home/nth/rtc_ws/install/dwb_critics:/home/nth/rtc_ws/install/dwb_core:/home/nth/rtc_ws/install/nav_2d_utils:/home/nth/rtc_ws/install/dwb_msgs:/home/nth/rtc_ws/install/nav_2d_msgs:/home/nth/rtc_ws/install/nav2_waypoint_follower:/home/nth/rtc_ws/install/nav2_regulated_pure_pursuit_controller:/home/nth/rtc_ws/install/nav2_recoveries:/home/nth/rtc_ws/install/nav2_planner:/home/nth/rtc_ws/install/nav2_navfn_planner:/home/nth/rtc_ws/install/nav2_core:/home/nth/rtc_ws/install/costmap_queue:/home/nth/rtc_ws/install/costmap_converter:/home/nth/rtc_ws/install/nav2_costmap_2d:/home/nth/rtc_ws/install/nav2_voxel_grid:/home/nth/rtc_ws/install/nav2_rviz_plugins:/home/nth/rtc_ws/install/nav2_map_server:/home/nth/rtc_ws/install/nav2_lifecycle_manager:/home/nth/rtc_ws/install/nav2_bt_navigator:/home/nth/rtc_ws/install/nav2_behavior_tree:/home/nth/rtc_ws/install/nav2_amcl:/home/nth/rtc_ws/install/nav2_util:/home/nth/rtc_ws/install/nav2_msgs:/home/nth/rtc_ws/install/nav2_common:/home/nth/rtc_ws/install/ld08_driver:/home/nth/rtc_ws/install/g2o:/home/nth/rtc_ws/install/dynamixel_sdk_examples:/home/nth/rtc_ws/install/dynamixel_sdk_custom_interfaces:/home/nth/rtc_ws/install/dynamixel_sdk:/home/nth/rtc_ws/install/costmap_converter_msgs:/home/nth/rtc_ws/install/aws_robomaker_small_warehouse_world:/home/nth/rtcamr_ws/install/turtlebot3_msgs:/home/nth/rtcamr_ws/install/turtlebot3_gazebo:/home/nth/rtcamr_ws/install/turtlebot3_description:/home/nth/rtcamr_ws/install/turtlebot3_cartographer:/home/nth/rtcamr_ws/install/rplidar_ros2:/home/nth/rtcamr_ws/install/dwb_msgs:/home/nth/rtcamr_ws/install/nav_2d_msgs:/home/nth/rtcamr_ws/install/nav2_voxel_grid:/home/nth/rtcamr_ws/install/nav2_msgs:/home/nth/rtcamr_ws/install/nav2_common:/home/nth/rtcamr_ws/install/aws_robomaker_small_warehouse_world:/home/nth/rtc_ws/install/turtlebot3_teleop:/home/nth/rtc_ws/install/turtlebot3_example:/home/nth/rtc_ws/install/nav2_simple_commander:/home/nth/rtc_ws/install/nav2_gazebo_spawner:/home/nth/rtcamr_ws/install/turtlebot3_teleop:/home/nth/rtcamr_ws/install/turtlebot3_example:/home/nth/rtcamr_ws/install/nav2_simple_commander:/home/nth/rtcamr_ws/install/nav2_gazebo_spawner:/opt/ros/foxy LD_LIBRARY_PATH=/home/nth/ros2_ws/install/nav2_costmap_2d/lib:/home/nth/ros2_ws/install/nav2_behavior_tree/lib:/home/nth/ros2_ws/install/nav2_util/lib:/home/nth/ros2_ws/install/nav2_voxel_grid/lib:/home/nth/ros2_ws/install/nav2_msgs/lib:${LD_LIBRARY_PATH} PYTHONPATH=/home/nth/ros2_ws/install/nav2_msgs/lib/python3.8/site-packages:/home/nth/ros2_ws/install/nav2_common/lib/python3.8/site-packages:${PYTHONPATH} /usr/bin/cmake /home/nth/ros2_ws/src/navigation2/nav2_recoveries -DCMAKE_INSTALL_PREFIX=/home/nth/ros2_ws/install/nav2_recoveries
[22.450s] Invoking command in '/home/nth/ros2_ws/build/nav2_recoveries': AMENT_PREFIX_PATH=/home/nth/ros2_ws/install/nav2_core:/home/nth/ros2_ws/install/nav2_costmap_2d:/home/nth/ros2_ws/install/nav2_behavior_tree:/home/nth/ros2_ws/install/nav2_util:/home/nth/ros2_ws/install/nav2_voxel_grid:/home/nth/ros2_ws/install/nav2_msgs:/home/nth/ros2_ws/install/nav2_common:${AMENT_PREFIX_PATH} CMAKE_PREFIX_PATH=/home/nth/ros2_ws/install/nav2_core:/home/nth/ros2_ws/install/nav2_costmap_2d:/home/nth/ros2_ws/install/nav2_behavior_tree:/home/nth/ros2_ws/install/nav2_util:/home/nth/ros2_ws/install/nav2_voxel_grid:/home/nth/ros2_ws/install/nav2_msgs:/home/nth/ros2_ws/install/nav2_common:/home/nth/rtc_ws/install/turtlebot3:/home/nth/rtc_ws/install/turtlebot3_bringup:/home/nth/rtc_ws/install/turtlebot3_node:/home/nth/rtc_ws/install/turtlebot3_navigation2:/home/nth/rtc_ws/install/turtlebot3_msgs:/home/nth/rtc_ws/install/turtlebot3_description:/home/nth/rtc_ws/install/turtlebot3_cartographer:/home/nth/rtc_ws/install/teb_msgs:/home/nth/rtc_ws/install/nav2_system_tests:/home/nth/rtc_ws/install/nav2_bringup:/home/nth/rtc_ws/install/navigation2:/home/nth/rtc_ws/install/smac_planner:/home/nth/rtc_ws/install/rplidar_ros2:/home/nth/rtc_ws/install/robot_localization:/home/nth/rtc_ws/install/nav2_dwb_controller:/home/nth/rtc_ws/install/nav2_controller:/home/nth/rtc_ws/install/dwb_plugins:/home/nth/rtc_ws/install/dwb_critics:/home/nth/rtc_ws/install/dwb_core:/home/nth/rtc_ws/install/nav_2d_utils:/home/nth/rtc_ws/install/dwb_msgs:/home/nth/rtc_ws/install/nav_2d_msgs:/home/nth/rtc_ws/install/nav2_waypoint_follower:/home/nth/rtc_ws/install/nav2_regulated_pure_pursuit_controller:/home/nth/rtc_ws/install/nav2_recoveries:/home/nth/rtc_ws/install/nav2_planner:/home/nth/rtc_ws/install/nav2_navfn_planner:/home/nth/rtc_ws/install/nav2_core:/home/nth/rtc_ws/install/costmap_queue:/home/nth/rtc_ws/install/costmap_converter:/home/nth/rtc_ws/install/nav2_costmap_2d:/home/nth/rtc_ws/install/nav2_voxel_grid:/home/nth/rtc_ws/install/nav2_rviz_plugins:/home/nth/rtc_ws/install/nav2_map_server:/home/nth/rtc_ws/install/nav2_lifecycle_manager:/home/nth/rtc_ws/install/nav2_bt_navigator:/home/nth/rtc_ws/install/nav2_behavior_tree:/home/nth/rtc_ws/install/nav2_amcl:/home/nth/rtc_ws/install/nav2_util:/home/nth/rtc_ws/install/nav2_msgs:/home/nth/rtc_ws/install/nav2_common:/home/nth/rtc_ws/install/ld08_driver:/home/nth/rtc_ws/install/g2o:/home/nth/rtc_ws/install/dynamixel_sdk_examples:/home/nth/rtc_ws/install/dynamixel_sdk_custom_interfaces:/home/nth/rtc_ws/install/dynamixel_sdk:/home/nth/rtc_ws/install/costmap_converter_msgs:/home/nth/rtc_ws/install/aws_robomaker_small_warehouse_world:/home/nth/rtcamr_ws/install/turtlebot3_msgs:/home/nth/rtcamr_ws/install/turtlebot3_gazebo:/home/nth/rtcamr_ws/install/turtlebot3_description:/home/nth/rtcamr_ws/install/turtlebot3_cartographer:/home/nth/rtcamr_ws/install/rplidar_ros2:/home/nth/rtcamr_ws/install/dwb_msgs:/home/nth/rtcamr_ws/install/nav_2d_msgs:/home/nth/rtcamr_ws/install/nav2_voxel_grid:/home/nth/rtcamr_ws/install/nav2_msgs:/home/nth/rtcamr_ws/install/nav2_common:/home/nth/rtcamr_ws/install/aws_robomaker_small_warehouse_world:/home/nth/rtc_ws/install/turtlebot3_teleop:/home/nth/rtc_ws/install/turtlebot3_example:/home/nth/rtc_ws/install/nav2_simple_commander:/home/nth/rtc_ws/install/nav2_gazebo_spawner:/home/nth/rtcamr_ws/install/turtlebot3_teleop:/home/nth/rtcamr_ws/install/turtlebot3_example:/home/nth/rtcamr_ws/install/nav2_simple_commander:/home/nth/rtcamr_ws/install/nav2_gazebo_spawner:/opt/ros/foxy LD_LIBRARY_PATH=/home/nth/ros2_ws/install/nav2_costmap_2d/lib:/home/nth/ros2_ws/install/nav2_behavior_tree/lib:/home/nth/ros2_ws/install/nav2_util/lib:/home/nth/ros2_ws/install/nav2_voxel_grid/lib:/home/nth/ros2_ws/install/nav2_msgs/lib:${LD_LIBRARY_PATH} PYTHONPATH=/home/nth/ros2_ws/install/nav2_msgs/lib/python3.8/site-packages:/home/nth/ros2_ws/install/nav2_common/lib/python3.8/site-packages:${PYTHONPATH} /usr/bin/cmake --build /home/nth/ros2_ws/build/nav2_recoveries -- -j16 -l16
[22.505s] [35m[1mScanning dependencies of target recoveries_server_core[0m
[22.508s] [35m[1mScanning dependencies of target gtest[0m
[22.508s] [35m[1mScanning dependencies of target nav2_wait_recovery[0m
[22.509s] [35m[1mScanning dependencies of target gtest_main[0m
[22.509s] [35m[1mScanning dependencies of target nav2_spin_recovery[0m
[22.509s] [35m[1mScanning dependencies of target nav2_backup_recovery[0m
[22.529s] [  6%] [32mBuilding CXX object gtest/CMakeFiles/gtest.dir/src/gtest-all.cc.o[0m
[22.536s] [ 12%] [32mBuilding CXX object gtest/CMakeFiles/gtest_main.dir/src/gtest_main.cc.o[0m
[22.572s] [ 18%] [32mBuilding CXX object CMakeFiles/recoveries_server_core.dir/src/recovery_server.cpp.o[0m
[22.593s] [ 25%] [32mBuilding CXX object CMakeFiles/nav2_spin_recovery.dir/plugins/spin.cpp.o[0m
[22.599s] [ 31%] [32mBuilding CXX object CMakeFiles/nav2_backup_recovery.dir/plugins/back_up.cpp.o[0m
[22.599s] [ 37%] [32mBuilding CXX object CMakeFiles/nav2_wait_recovery.dir/plugins/wait.cpp.o[0m
[23.521s] [ 43%] [32m[1mLinking CXX static library libgtest_main.a[0m
[23.568s] [ 43%] Built target gtest_main
[29.787s] [ 50%] [32m[1mLinking CXX static library libgtest.a[0m
[29.833s] [ 50%] Built target gtest
[29.847s] [35m[1mScanning dependencies of target test_recoveries[0m
[29.905s] [ 56%] [32mBuilding CXX object test/CMakeFiles/test_recoveries.dir/test_recoveries.cpp.o[0m
[30.026s] [ 62%] [32m[1mLinking CXX shared library libnav2_backup_recovery.so[0m
[30.260s] [ 62%] Built target nav2_backup_recovery
[31.045s] [ 68%] [32m[1mLinking CXX shared library libnav2_wait_recovery.so[0m
[31.544s] [ 68%] Built target nav2_wait_recovery
[31.918s] [ 75%] [32m[1mLinking CXX shared library libnav2_spin_recovery.so[0m
[32.397s] [ 75%] Built target nav2_spin_recovery
[33.561s] [ 81%] [32m[1mLinking CXX static library librecoveries_server_core.a[0m
[33.625s] [ 81%] Built target recoveries_server_core
[33.646s] [35m[1mScanning dependencies of target recoveries_server[0m
[33.726s] [ 87%] [32mBuilding CXX object CMakeFiles/recoveries_server.dir/src/main.cpp.o[0m
[39.179s] [ 93%] [32m[1mLinking CXX executable recoveries_server[0m
[39.818s] [ 93%] Built target recoveries_server
[43.314s] [100%] [32m[1mLinking CXX executable test_recoveries[0m
[43.625s] [100%] Built target test_recoveries
[43.641s] Invoked command in '/home/nth/ros2_ws/build/nav2_recoveries' returned '0': AMENT_PREFIX_PATH=/home/nth/ros2_ws/install/nav2_core:/home/nth/ros2_ws/install/nav2_costmap_2d:/home/nth/ros2_ws/install/nav2_behavior_tree:/home/nth/ros2_ws/install/nav2_util:/home/nth/ros2_ws/install/nav2_voxel_grid:/home/nth/ros2_ws/install/nav2_msgs:/home/nth/ros2_ws/install/nav2_common:${AMENT_PREFIX_PATH} CMAKE_PREFIX_PATH=/home/nth/ros2_ws/install/nav2_core:/home/nth/ros2_ws/install/nav2_costmap_2d:/home/nth/ros2_ws/install/nav2_behavior_tree:/home/nth/ros2_ws/install/nav2_util:/home/nth/ros2_ws/install/nav2_voxel_grid:/home/nth/ros2_ws/install/nav2_msgs:/home/nth/ros2_ws/install/nav2_common:/home/nth/rtc_ws/install/turtlebot3:/home/nth/rtc_ws/install/turtlebot3_bringup:/home/nth/rtc_ws/install/turtlebot3_node:/home/nth/rtc_ws/install/turtlebot3_navigation2:/home/nth/rtc_ws/install/turtlebot3_msgs:/home/nth/rtc_ws/install/turtlebot3_description:/home/nth/rtc_ws/install/turtlebot3_cartographer:/home/nth/rtc_ws/install/teb_msgs:/home/nth/rtc_ws/install/nav2_system_tests:/home/nth/rtc_ws/install/nav2_bringup:/home/nth/rtc_ws/install/navigation2:/home/nth/rtc_ws/install/smac_planner:/home/nth/rtc_ws/install/rplidar_ros2:/home/nth/rtc_ws/install/robot_localization:/home/nth/rtc_ws/install/nav2_dwb_controller:/home/nth/rtc_ws/install/nav2_controller:/home/nth/rtc_ws/install/dwb_plugins:/home/nth/rtc_ws/install/dwb_critics:/home/nth/rtc_ws/install/dwb_core:/home/nth/rtc_ws/install/nav_2d_utils:/home/nth/rtc_ws/install/dwb_msgs:/home/nth/rtc_ws/install/nav_2d_msgs:/home/nth/rtc_ws/install/nav2_waypoint_follower:/home/nth/rtc_ws/install/nav2_regulated_pure_pursuit_controller:/home/nth/rtc_ws/install/nav2_recoveries:/home/nth/rtc_ws/install/nav2_planner:/home/nth/rtc_ws/install/nav2_navfn_planner:/home/nth/rtc_ws/install/nav2_core:/home/nth/rtc_ws/install/costmap_queue:/home/nth/rtc_ws/install/costmap_converter:/home/nth/rtc_ws/install/nav2_costmap_2d:/home/nth/rtc_ws/install/nav2_voxel_grid:/home/nth/rtc_ws/install/nav2_rviz_plugins:/home/nth/rtc_ws/install/nav2_map_server:/home/nth/rtc_ws/install/nav2_lifecycle_manager:/home/nth/rtc_ws/install/nav2_bt_navigator:/home/nth/rtc_ws/install/nav2_behavior_tree:/home/nth/rtc_ws/install/nav2_amcl:/home/nth/rtc_ws/install/nav2_util:/home/nth/rtc_ws/install/nav2_msgs:/home/nth/rtc_ws/install/nav2_common:/home/nth/rtc_ws/install/ld08_driver:/home/nth/rtc_ws/install/g2o:/home/nth/rtc_ws/install/dynamixel_sdk_examples:/home/nth/rtc_ws/install/dynamixel_sdk_custom_interfaces:/home/nth/rtc_ws/install/dynamixel_sdk:/home/nth/rtc_ws/install/costmap_converter_msgs:/home/nth/rtc_ws/install/aws_robomaker_small_warehouse_world:/home/nth/rtcamr_ws/install/turtlebot3_msgs:/home/nth/rtcamr_ws/install/turtlebot3_gazebo:/home/nth/rtcamr_ws/install/turtlebot3_description:/home/nth/rtcamr_ws/install/turtlebot3_cartographer:/home/nth/rtcamr_ws/install/rplidar_ros2:/home/nth/rtcamr_ws/install/dwb_msgs:/home/nth/rtcamr_ws/install/nav_2d_msgs:/home/nth/rtcamr_ws/install/nav2_voxel_grid:/home/nth/rtcamr_ws/install/nav2_msgs:/home/nth/rtcamr_ws/install/nav2_common:/home/nth/rtcamr_ws/install/aws_robomaker_small_warehouse_world:/home/nth/rtc_ws/install/turtlebot3_teleop:/home/nth/rtc_ws/install/turtlebot3_example:/home/nth/rtc_ws/install/nav2_simple_commander:/home/nth/rtc_ws/install/nav2_gazebo_spawner:/home/nth/rtcamr_ws/install/turtlebot3_teleop:/home/nth/rtcamr_ws/install/turtlebot3_example:/home/nth/rtcamr_ws/install/nav2_simple_commander:/home/nth/rtcamr_ws/install/nav2_gazebo_spawner:/opt/ros/foxy LD_LIBRARY_PATH=/home/nth/ros2_ws/install/nav2_costmap_2d/lib:/home/nth/ros2_ws/install/nav2_behavior_tree/lib:/home/nth/ros2_ws/install/nav2_util/lib:/home/nth/ros2_ws/install/nav2_voxel_grid/lib:/home/nth/ros2_ws/install/nav2_msgs/lib:${LD_LIBRARY_PATH} PYTHONPATH=/home/nth/ros2_ws/install/nav2_msgs/lib/python3.8/site-packages:/home/nth/ros2_ws/install/nav2_common/lib/python3.8/site-packages:${PYTHONPATH} /usr/bin/cmake --build /home/nth/ros2_ws/build/nav2_recoveries -- -j16 -l16
[43.696s] Invoking command in '/home/nth/ros2_ws/build/nav2_recoveries': AMENT_PREFIX_PATH=/home/nth/ros2_ws/install/nav2_core:/home/nth/ros2_ws/install/nav2_costmap_2d:/home/nth/ros2_ws/install/nav2_behavior_tree:/home/nth/ros2_ws/install/nav2_util:/home/nth/ros2_ws/install/nav2_voxel_grid:/home/nth/ros2_ws/install/nav2_msgs:/home/nth/ros2_ws/install/nav2_common:${AMENT_PREFIX_PATH} CMAKE_PREFIX_PATH=/home/nth/ros2_ws/install/nav2_core:/home/nth/ros2_ws/install/nav2_costmap_2d:/home/nth/ros2_ws/install/nav2_behavior_tree:/home/nth/ros2_ws/install/nav2_util:/home/nth/ros2_ws/install/nav2_voxel_grid:/home/nth/ros2_ws/install/nav2_msgs:/home/nth/ros2_ws/install/nav2_common:/home/nth/rtc_ws/install/turtlebot3:/home/nth/rtc_ws/install/turtlebot3_bringup:/home/nth/rtc_ws/install/turtlebot3_node:/home/nth/rtc_ws/install/turtlebot3_navigation2:/home/nth/rtc_ws/install/turtlebot3_msgs:/home/nth/rtc_ws/install/turtlebot3_description:/home/nth/rtc_ws/install/turtlebot3_cartographer:/home/nth/rtc_ws/install/teb_msgs:/home/nth/rtc_ws/install/nav2_system_tests:/home/nth/rtc_ws/install/nav2_bringup:/home/nth/rtc_ws/install/navigation2:/home/nth/rtc_ws/install/smac_planner:/home/nth/rtc_ws/install/rplidar_ros2:/home/nth/rtc_ws/install/robot_localization:/home/nth/rtc_ws/install/nav2_dwb_controller:/home/nth/rtc_ws/install/nav2_controller:/home/nth/rtc_ws/install/dwb_plugins:/home/nth/rtc_ws/install/dwb_critics:/home/nth/rtc_ws/install/dwb_core:/home/nth/rtc_ws/install/nav_2d_utils:/home/nth/rtc_ws/install/dwb_msgs:/home/nth/rtc_ws/install/nav_2d_msgs:/home/nth/rtc_ws/install/nav2_waypoint_follower:/home/nth/rtc_ws/install/nav2_regulated_pure_pursuit_controller:/home/nth/rtc_ws/install/nav2_recoveries:/home/nth/rtc_ws/install/nav2_planner:/home/nth/rtc_ws/install/nav2_navfn_planner:/home/nth/rtc_ws/install/nav2_core:/home/nth/rtc_ws/install/costmap_queue:/home/nth/rtc_ws/install/costmap_converter:/home/nth/rtc_ws/install/nav2_costmap_2d:/home/nth/rtc_ws/install/nav2_voxel_grid:/home/nth/rtc_ws/install/nav2_rviz_plugins:/home/nth/rtc_ws/install/nav2_map_server:/home/nth/rtc_ws/install/nav2_lifecycle_manager:/home/nth/rtc_ws/install/nav2_bt_navigator:/home/nth/rtc_ws/install/nav2_behavior_tree:/home/nth/rtc_ws/install/nav2_amcl:/home/nth/rtc_ws/install/nav2_util:/home/nth/rtc_ws/install/nav2_msgs:/home/nth/rtc_ws/install/nav2_common:/home/nth/rtc_ws/install/ld08_driver:/home/nth/rtc_ws/install/g2o:/home/nth/rtc_ws/install/dynamixel_sdk_examples:/home/nth/rtc_ws/install/dynamixel_sdk_custom_interfaces:/home/nth/rtc_ws/install/dynamixel_sdk:/home/nth/rtc_ws/install/costmap_converter_msgs:/home/nth/rtc_ws/install/aws_robomaker_small_warehouse_world:/home/nth/rtcamr_ws/install/turtlebot3_msgs:/home/nth/rtcamr_ws/install/turtlebot3_gazebo:/home/nth/rtcamr_ws/install/turtlebot3_description:/home/nth/rtcamr_ws/install/turtlebot3_cartographer:/home/nth/rtcamr_ws/install/rplidar_ros2:/home/nth/rtcamr_ws/install/dwb_msgs:/home/nth/rtcamr_ws/install/nav_2d_msgs:/home/nth/rtcamr_ws/install/nav2_voxel_grid:/home/nth/rtcamr_ws/install/nav2_msgs:/home/nth/rtcamr_ws/install/nav2_common:/home/nth/rtcamr_ws/install/aws_robomaker_small_warehouse_world:/home/nth/rtc_ws/install/turtlebot3_teleop:/home/nth/rtc_ws/install/turtlebot3_example:/home/nth/rtc_ws/install/nav2_simple_commander:/home/nth/rtc_ws/install/nav2_gazebo_spawner:/home/nth/rtcamr_ws/install/turtlebot3_teleop:/home/nth/rtcamr_ws/install/turtlebot3_example:/home/nth/rtcamr_ws/install/nav2_simple_commander:/home/nth/rtcamr_ws/install/nav2_gazebo_spawner:/opt/ros/foxy LD_LIBRARY_PATH=/home/nth/ros2_ws/install/nav2_costmap_2d/lib:/home/nth/ros2_ws/install/nav2_behavior_tree/lib:/home/nth/ros2_ws/install/nav2_util/lib:/home/nth/ros2_ws/install/nav2_voxel_grid/lib:/home/nth/ros2_ws/install/nav2_msgs/lib:${LD_LIBRARY_PATH} PYTHONPATH=/home/nth/ros2_ws/install/nav2_msgs/lib/python3.8/site-packages:/home/nth/ros2_ws/install/nav2_common/lib/python3.8/site-packages:${PYTHONPATH} /usr/bin/cmake --install /home/nth/ros2_ws/build/nav2_recoveries
[43.711s] -- Install configuration: "Release"
[43.711s] -- Installing: /home/nth/ros2_ws/install/nav2_recoveries/share/nav2_recoveries/recovery_plugin.xml
[43.711s] -- Installing: /home/nth/ros2_ws/install/nav2_recoveries/lib/librecoveries_server_core.a
[43.712s] -- Installing: /home/nth/ros2_ws/install/nav2_recoveries/lib/libnav2_backup_recovery.so
[43.713s] -- Set runtime path of "/home/nth/ros2_ws/install/nav2_recoveries/lib/libnav2_backup_recovery.so" to ""
[43.713s] -- Installing: /home/nth/ros2_ws/install/nav2_recoveries/lib/libnav2_spin_recovery.so
[43.714s] -- Set runtime path of "/home/nth/ros2_ws/install/nav2_recoveries/lib/libnav2_spin_recovery.so" to ""
[43.714s] -- Installing: /home/nth/ros2_ws/install/nav2_recoveries/lib/libnav2_wait_recovery.so
[43.714s] -- Set runtime path of "/home/nth/ros2_ws/install/nav2_recoveries/lib/libnav2_wait_recovery.so" to ""
[43.715s] -- Installing: /home/nth/ros2_ws/install/nav2_recoveries/lib/nav2_recoveries/recoveries_server
[43.716s] -- Set runtime path of "/home/nth/ros2_ws/install/nav2_recoveries/lib/nav2_recoveries/recoveries_server" to ""
[43.716s] -- Installing: /home/nth/ros2_ws/install/nav2_recoveries/include/
[43.716s] -- Installing: /home/nth/ros2_ws/install/nav2_recoveries/include//nav2_recoveries
[43.716s] -- Installing: /home/nth/ros2_ws/install/nav2_recoveries/include//nav2_recoveries/recovery_server.hpp
[43.716s] -- Installing: /home/nth/ros2_ws/install/nav2_recoveries/include//nav2_recoveries/recovery.hpp
[43.716s] -- Up-to-date: /home/nth/ros2_ws/install/nav2_recoveries/share/nav2_recoveries/recovery_plugin.xml
[43.716s] -- Installing: /home/nth/ros2_ws/install/nav2_recoveries/share/nav2_recoveries/environment/library_path.sh
[43.717s] -- Installing: /home/nth/ros2_ws/install/nav2_recoveries/share/nav2_recoveries/environment/library_path.dsv
[43.717s] -- Installing: /home/nth/ros2_ws/install/nav2_recoveries/share/ament_index/resource_index/package_run_dependencies/nav2_recoveries
[43.717s] -- Installing: /home/nth/ros2_ws/install/nav2_recoveries/share/ament_index/resource_index/parent_prefix_path/nav2_recoveries
[43.717s] -- Installing: /home/nth/ros2_ws/install/nav2_recoveries/share/nav2_recoveries/environment/ament_prefix_path.sh
[43.717s] -- Installing: /home/nth/ros2_ws/install/nav2_recoveries/share/nav2_recoveries/environment/ament_prefix_path.dsv
[43.717s] -- Installing: /home/nth/ros2_ws/install/nav2_recoveries/share/nav2_recoveries/environment/path.sh
[43.717s] -- Installing: /home/nth/ros2_ws/install/nav2_recoveries/share/nav2_recoveries/environment/path.dsv
[43.717s] -- Installing: /home/nth/ros2_ws/install/nav2_recoveries/share/nav2_recoveries/local_setup.bash
[43.717s] -- Installing: /home/nth/ros2_ws/install/nav2_recoveries/share/nav2_recoveries/local_setup.sh
[43.717s] -- Installing: /home/nth/ros2_ws/install/nav2_recoveries/share/nav2_recoveries/local_setup.zsh
[43.717s] -- Installing: /home/nth/ros2_ws/install/nav2_recoveries/share/nav2_recoveries/local_setup.dsv
[43.718s] -- Installing: /home/nth/ros2_ws/install/nav2_recoveries/share/nav2_recoveries/package.dsv
[43.718s] -- Installing: /home/nth/ros2_ws/install/nav2_recoveries/share/ament_index/resource_index/packages/nav2_recoveries
[43.718s] -- Installing: /home/nth/ros2_ws/install/nav2_recoveries/share/ament_index/resource_index/nav2_core__pluginlib__plugin/nav2_recoveries
[43.718s] -- Installing: /home/nth/ros2_ws/install/nav2_recoveries/share/nav2_recoveries/cmake/ament_cmake_export_include_directories-extras.cmake
[43.718s] -- Installing: /home/nth/ros2_ws/install/nav2_recoveries/share/nav2_recoveries/cmake/ament_cmake_export_libraries-extras.cmake
[43.718s] -- Installing: /home/nth/ros2_ws/install/nav2_recoveries/share/nav2_recoveries/cmake/ament_cmake_export_definitions-extras.cmake
[43.718s] -- Installing: /home/nth/ros2_ws/install/nav2_recoveries/share/nav2_recoveries/cmake/nav2_recoveriesConfig.cmake
[43.718s] -- Installing: /home/nth/ros2_ws/install/nav2_recoveries/share/nav2_recoveries/cmake/nav2_recoveriesConfig-version.cmake
[43.719s] -- Installing: /home/nth/ros2_ws/install/nav2_recoveries/share/nav2_recoveries/package.xml
[43.726s] Invoked command in '/home/nth/ros2_ws/build/nav2_recoveries' returned '0': AMENT_PREFIX_PATH=/home/nth/ros2_ws/install/nav2_core:/home/nth/ros2_ws/install/nav2_costmap_2d:/home/nth/ros2_ws/install/nav2_behavior_tree:/home/nth/ros2_ws/install/nav2_util:/home/nth/ros2_ws/install/nav2_voxel_grid:/home/nth/ros2_ws/install/nav2_msgs:/home/nth/ros2_ws/install/nav2_common:${AMENT_PREFIX_PATH} CMAKE_PREFIX_PATH=/home/nth/ros2_ws/install/nav2_core:/home/nth/ros2_ws/install/nav2_costmap_2d:/home/nth/ros2_ws/install/nav2_behavior_tree:/home/nth/ros2_ws/install/nav2_util:/home/nth/ros2_ws/install/nav2_voxel_grid:/home/nth/ros2_ws/install/nav2_msgs:/home/nth/ros2_ws/install/nav2_common:/home/nth/rtc_ws/install/turtlebot3:/home/nth/rtc_ws/install/turtlebot3_bringup:/home/nth/rtc_ws/install/turtlebot3_node:/home/nth/rtc_ws/install/turtlebot3_navigation2:/home/nth/rtc_ws/install/turtlebot3_msgs:/home/nth/rtc_ws/install/turtlebot3_description:/home/nth/rtc_ws/install/turtlebot3_cartographer:/home/nth/rtc_ws/install/teb_msgs:/home/nth/rtc_ws/install/nav2_system_tests:/home/nth/rtc_ws/install/nav2_bringup:/home/nth/rtc_ws/install/navigation2:/home/nth/rtc_ws/install/smac_planner:/home/nth/rtc_ws/install/rplidar_ros2:/home/nth/rtc_ws/install/robot_localization:/home/nth/rtc_ws/install/nav2_dwb_controller:/home/nth/rtc_ws/install/nav2_controller:/home/nth/rtc_ws/install/dwb_plugins:/home/nth/rtc_ws/install/dwb_critics:/home/nth/rtc_ws/install/dwb_core:/home/nth/rtc_ws/install/nav_2d_utils:/home/nth/rtc_ws/install/dwb_msgs:/home/nth/rtc_ws/install/nav_2d_msgs:/home/nth/rtc_ws/install/nav2_waypoint_follower:/home/nth/rtc_ws/install/nav2_regulated_pure_pursuit_controller:/home/nth/rtc_ws/install/nav2_recoveries:/home/nth/rtc_ws/install/nav2_planner:/home/nth/rtc_ws/install/nav2_navfn_planner:/home/nth/rtc_ws/install/nav2_core:/home/nth/rtc_ws/install/costmap_queue:/home/nth/rtc_ws/install/costmap_converter:/home/nth/rtc_ws/install/nav2_costmap_2d:/home/nth/rtc_ws/install/nav2_voxel_grid:/home/nth/rtc_ws/install/nav2_rviz_plugins:/home/nth/rtc_ws/install/nav2_map_server:/home/nth/rtc_ws/install/nav2_lifecycle_manager:/home/nth/rtc_ws/install/nav2_bt_navigator:/home/nth/rtc_ws/install/nav2_behavior_tree:/home/nth/rtc_ws/install/nav2_amcl:/home/nth/rtc_ws/install/nav2_util:/home/nth/rtc_ws/install/nav2_msgs:/home/nth/rtc_ws/install/nav2_common:/home/nth/rtc_ws/install/ld08_driver:/home/nth/rtc_ws/install/g2o:/home/nth/rtc_ws/install/dynamixel_sdk_examples:/home/nth/rtc_ws/install/dynamixel_sdk_custom_interfaces:/home/nth/rtc_ws/install/dynamixel_sdk:/home/nth/rtc_ws/install/costmap_converter_msgs:/home/nth/rtc_ws/install/aws_robomaker_small_warehouse_world:/home/nth/rtcamr_ws/install/turtlebot3_msgs:/home/nth/rtcamr_ws/install/turtlebot3_gazebo:/home/nth/rtcamr_ws/install/turtlebot3_description:/home/nth/rtcamr_ws/install/turtlebot3_cartographer:/home/nth/rtcamr_ws/install/rplidar_ros2:/home/nth/rtcamr_ws/install/dwb_msgs:/home/nth/rtcamr_ws/install/nav_2d_msgs:/home/nth/rtcamr_ws/install/nav2_voxel_grid:/home/nth/rtcamr_ws/install/nav2_msgs:/home/nth/rtcamr_ws/install/nav2_common:/home/nth/rtcamr_ws/install/aws_robomaker_small_warehouse_world:/home/nth/rtc_ws/install/turtlebot3_teleop:/home/nth/rtc_ws/install/turtlebot3_example:/home/nth/rtc_ws/install/nav2_simple_commander:/home/nth/rtc_ws/install/nav2_gazebo_spawner:/home/nth/rtcamr_ws/install/turtlebot3_teleop:/home/nth/rtcamr_ws/install/turtlebot3_example:/home/nth/rtcamr_ws/install/nav2_simple_commander:/home/nth/rtcamr_ws/install/nav2_gazebo_spawner:/opt/ros/foxy LD_LIBRARY_PATH=/home/nth/ros2_ws/install/nav2_costmap_2d/lib:/home/nth/ros2_ws/install/nav2_behavior_tree/lib:/home/nth/ros2_ws/install/nav2_util/lib:/home/nth/ros2_ws/install/nav2_voxel_grid/lib:/home/nth/ros2_ws/install/nav2_msgs/lib:${LD_LIBRARY_PATH} PYTHONPATH=/home/nth/ros2_ws/install/nav2_msgs/lib/python3.8/site-packages:/home/nth/ros2_ws/install/nav2_common/lib/python3.8/site-packages:${PYTHONPATH} /usr/bin/cmake --install /home/nth/ros2_ws/build/nav2_recoveries
