[0.081s] Invoking command in '/home/nth/ros2_ws/build/nav2_msgs': CMAKE_PREFIX_PATH=/home/nth/ros2_ws/install/nav2_common:/home/nth/ros2_ws/install/tf2_cpp:/home/nth/ros2_ws/install/service_cpp:/home/nth/ros2_ws/install/test_interfaces:/home/nth/ros2_ws/install/nav2_system_tests:/home/nth/ros2_ws/install/nav2_bringup:/home/nth/ros2_ws/install/navigation2:/home/nth/ros2_ws/install/smac_planner:/home/nth/ros2_ws/install/ros2_tutorial:/home/nth/ros2_ws/install/nav2_dwb_controller:/home/nth/ros2_ws/install/nav2_controller:/home/nth/ros2_ws/install/dwb_plugins:/home/nth/ros2_ws/install/dwb_critics:/home/nth/ros2_ws/install/dwb_core:/home/nth/ros2_ws/install/nav_2d_utils:/home/nth/ros2_ws/install/dwb_msgs:/home/nth/ros2_ws/install/nav_2d_msgs:/home/nth/ros2_ws/install/nav2_waypoint_follower:/home/nth/ros2_ws/install/nav2_regulated_pure_pursuit_controller:/home/nth/ros2_ws/install/nav2_recoveries:/home/nth/ros2_ws/install/nav2_planner:/home/nth/ros2_ws/install/nav2_navfn_planner:/home/nth/ros2_ws/install/nav2_core:/home/nth/ros2_ws/install/costmap_queue:/home/nth/ros2_ws/install/nav2_costmap_2d:/home/nth/ros2_ws/install/nav2_voxel_grid:/home/nth/ros2_ws/install/nav2_rviz_plugins:/home/nth/ros2_ws/install/nav2_map_server:/home/nth/ros2_ws/install/nav2_lifecycle_manager:/home/nth/ros2_ws/install/nav2_bt_navigator:/home/nth/ros2_ws/install/nav2_behavior_tree:/home/nth/ros2_ws/install/nav2_amcl:/home/nth/ros2_ws/install/nav2_util:/home/nth/ros2_ws/install/nav2_msgs:/home/nth/ros2_ws/install/action_cpp:/home/nth/ros2_ws/install/action_tutorials_interfaces:/home/nth/rtc_ws/install/turtlebot3:/home/nth/rtc_ws/install/turtlebot3_bringup:/home/nth/rtc_ws/install/turtlebot3_node:/home/nth/rtc_ws/install/turtlebot3_navigation2:/home/nth/rtc_ws/install/turtlebot3_msgs:/home/nth/rtc_ws/install/turtlebot3_description:/home/nth/rtc_ws/install/turtlebot3_cartographer:/home/nth/rtc_ws/install/teb_msgs:/home/nth/rtc_ws/install/nav2_system_tests:/home/nth/rtc_ws/install/nav2_bringup:/home/nth/rtc_ws/install/navigation2:/home/nth/rtc_ws/install/smac_planner:/home/nth/rtc_ws/install/rplidar_ros2:/home/nth/rtc_ws/install/robot_localization:/home/nth/rtc_ws/install/nav2_dwb_controller:/home/nth/rtc_ws/install/nav2_controller:/home/nth/rtc_ws/install/dwb_plugins:/home/nth/rtc_ws/install/dwb_critics:/home/nth/rtc_ws/install/dwb_core:/home/nth/rtc_ws/install/nav_2d_utils:/home/nth/rtc_ws/install/dwb_msgs:/home/nth/rtc_ws/install/nav_2d_msgs:/home/nth/rtc_ws/install/nav2_waypoint_follower:/home/nth/rtc_ws/install/nav2_regulated_pure_pursuit_controller:/home/nth/rtc_ws/install/nav2_recoveries:/home/nth/rtc_ws/install/nav2_planner:/home/nth/rtc_ws/install/nav2_navfn_planner:/home/nth/rtc_ws/install/nav2_core:/home/nth/rtc_ws/install/costmap_queue:/home/nth/rtc_ws/install/costmap_converter:/home/nth/rtc_ws/install/nav2_costmap_2d:/home/nth/rtc_ws/install/nav2_voxel_grid:/home/nth/rtc_ws/install/nav2_rviz_plugins:/home/nth/rtc_ws/install/nav2_map_server:/home/nth/rtc_ws/install/nav2_lifecycle_manager:/home/nth/rtc_ws/install/nav2_bt_navigator:/home/nth/rtc_ws/install/nav2_behavior_tree:/home/nth/rtc_ws/install/nav2_amcl:/home/nth/rtc_ws/install/nav2_util:/home/nth/rtc_ws/install/nav2_msgs:/home/nth/rtc_ws/install/nav2_common:/home/nth/rtc_ws/install/ld08_driver:/home/nth/rtc_ws/install/g2o:/home/nth/rtc_ws/install/dynamixel_sdk_examples:/home/nth/rtc_ws/install/dynamixel_sdk_custom_interfaces:/home/nth/rtc_ws/install/dynamixel_sdk:/home/nth/rtc_ws/install/costmap_converter_msgs:/home/nth/rtc_ws/install/aws_robomaker_small_warehouse_world:/home/nth/rtcamr_ws/install/turtlebot3_msgs:/home/nth/rtcamr_ws/install/turtlebot3_gazebo:/home/nth/rtcamr_ws/install/turtlebot3_description:/home/nth/rtcamr_ws/install/turtlebot3_cartographer:/home/nth/rtcamr_ws/install/rplidar_ros2:/home/nth/rtcamr_ws/install/dwb_msgs:/home/nth/rtcamr_ws/install/nav_2d_msgs:/home/nth/rtcamr_ws/install/nav2_voxel_grid:/home/nth/rtcamr_ws/install/nav2_msgs:/home/nth/rtcamr_ws/install/nav2_common:/home/nth/rtcamr_ws/install/aws_robomaker_small_warehouse_world:/home/nth/ros2_ws/install/turtlesim_test:/home/nth/ros2_ws/install/service_test:/home/nth/ros2_ws/install/pub_initial_pose:/home/nth/ros2_ws/install/nav2_simple_commander:/home/nth/ros2_ws/install/nav2_gazebo_spawner:/home/nth/rtc_ws/install/turtlebot3_teleop:/home/nth/rtc_ws/install/turtlebot3_example:/home/nth/rtc_ws/install/nav2_simple_commander:/home/nth/rtc_ws/install/nav2_gazebo_spawner:/home/nth/rtcamr_ws/install/turtlebot3_teleop:/home/nth/rtcamr_ws/install/turtlebot3_example:/home/nth/rtcamr_ws/install/nav2_simple_commander:/home/nth/rtcamr_ws/install/nav2_gazebo_spawner:/opt/ros/foxy PYTHONPATH=/home/nth/ros2_ws/install/nav2_common/lib/python3.8/site-packages:/home/nth/ros2_ws/install/turtlesim_test/lib/python3.8/site-packages:/home/nth/ros2_ws/install/test_interfaces/lib/python3.8/site-packages:/home/nth/ros2_ws/install/service_test/lib/python3.8/site-packages:/home/nth/ros2_ws/install/rssi/lib/python3.8/site-packages:/home/nth/ros2_ws/install/pub_initial_pose/lib/python3.8/site-packages:/home/nth/ros2_ws/install/dwb_msgs/lib/python3.8/site-packages:/home/nth/ros2_ws/install/nav_2d_msgs/lib/python3.8/site-packages:/home/nth/ros2_ws/install/nav2_simple_commander/lib/python3.8/site-packages:/home/nth/ros2_ws/install/nav2_msgs/lib/python3.8/site-packages:/home/nth/ros2_ws/install/nav2_gazebo_spawner/lib/python3.8/site-packages:/home/nth/ros2_ws/install/action_tutorials_interfaces/lib/python3.8/site-packages:/home/nth/rtc_ws/install/turtlebot3_teleop/lib/python3.8/site-packages:/home/nth/rtc_ws/install/turtlebot3_example/lib/python3.8/site-packages:/home/nth/rtc_ws/install/turtlebot3_msgs/lib/python3.8/site-packages:/home/nth/rtc_ws/install/teb_msgs/lib/python3.8/site-packages:/home/nth/rtc_ws/install/robot_localization/lib/python3.8/site-packages:/home/nth/rtc_ws/install/dwb_msgs/lib/python3.8/site-packages:/home/nth/rtc_ws/install/nav_2d_msgs/lib/python3.8/site-packages:/home/nth/rtc_ws/install/nav2_simple_commander/lib/python3.8/site-packages:/home/nth/rtc_ws/install/nav2_msgs/lib/python3.8/site-packages:/home/nth/rtc_ws/install/nav2_gazebo_spawner/lib/python3.8/site-packages:/home/nth/rtc_ws/install/nav2_common/lib/python3.8/site-packages:/home/nth/rtc_ws/install/dynamixel_sdk_custom_interfaces/lib/python3.8/site-packages:/home/nth/rtc_ws/install/costmap_converter_msgs/lib/python3.8/site-packages:/home/nth/rtcamr_ws/install/turtlebot3_teleop/lib/python3.8/site-packages:/home/nth/rtcamr_ws/install/turtlebot3_example/lib/python3.8/site-packages:/home/nth/rtcamr_ws/install/turtlebot3_msgs/lib/python3.8/site-packages:/home/nth/rtcamr_ws/install/dwb_msgs/lib/python3.8/site-packages:/home/nth/rtcamr_ws/install/nav_2d_msgs/lib/python3.8/site-packages:/home/nth/rtcamr_ws/install/nav2_simple_commander/lib/python3.8/site-packages:/home/nth/rtcamr_ws/install/nav2_msgs/lib/python3.8/site-packages:/home/nth/rtcamr_ws/install/nav2_gazebo_spawner/lib/python3.8/site-packages:/home/nth/rtcamr_ws/install/nav2_common/lib/python3.8/site-packages:/opt/ros/foxy/lib/python3.8/site-packages /usr/bin/cmake --build /home/nth/ros2_ws/build/nav2_msgs -- -j16 -l16
[0.162s] [  0%] Built target nav2_msgs__cpp
[0.169s] [ 12%] Built target nav2_msgs__rosidl_generator_c
[0.206s] [ 24%] Built target nav2_msgs__rosidl_typesupport_cpp
[0.210s] [ 37%] Built target nav2_msgs__rosidl_typesupport_introspection_cpp
[0.212s] [ 49%] Built target nav2_msgs__rosidl_typesupport_c
[0.217s] [ 61%] Built target nav2_msgs__rosidl_typesupport_introspection_c
[0.225s] [ 73%] Built target nav2_msgs__rosidl_typesupport_fastrtps_cpp
[0.291s] [ 85%] Built target nav2_msgs__rosidl_typesupport_fastrtps_c
[0.330s] [ 85%] Built target nav2_msgs
[0.362s] [ 86%] Built target nav2_msgs__py
[0.409s] [ 97%] Built target nav2_msgs__python
[0.449s] [ 99%] Built target nav2_msgs__rosidl_typesupport_c__pyext
[0.450s] [ 99%] Built target nav2_msgs__rosidl_typesupport_fastrtps_c__pyext
[0.450s] [100%] Built target nav2_msgs__rosidl_typesupport_introspection_c__pyext
[0.464s] Invoked command in '/home/nth/ros2_ws/build/nav2_msgs' returned '0': CMAKE_PREFIX_PATH=/home/nth/ros2_ws/install/nav2_common:/home/nth/ros2_ws/install/tf2_cpp:/home/nth/ros2_ws/install/service_cpp:/home/nth/ros2_ws/install/test_interfaces:/home/nth/ros2_ws/install/nav2_system_tests:/home/nth/ros2_ws/install/nav2_bringup:/home/nth/ros2_ws/install/navigation2:/home/nth/ros2_ws/install/smac_planner:/home/nth/ros2_ws/install/ros2_tutorial:/home/nth/ros2_ws/install/nav2_dwb_controller:/home/nth/ros2_ws/install/nav2_controller:/home/nth/ros2_ws/install/dwb_plugins:/home/nth/ros2_ws/install/dwb_critics:/home/nth/ros2_ws/install/dwb_core:/home/nth/ros2_ws/install/nav_2d_utils:/home/nth/ros2_ws/install/dwb_msgs:/home/nth/ros2_ws/install/nav_2d_msgs:/home/nth/ros2_ws/install/nav2_waypoint_follower:/home/nth/ros2_ws/install/nav2_regulated_pure_pursuit_controller:/home/nth/ros2_ws/install/nav2_recoveries:/home/nth/ros2_ws/install/nav2_planner:/home/nth/ros2_ws/install/nav2_navfn_planner:/home/nth/ros2_ws/install/nav2_core:/home/nth/ros2_ws/install/costmap_queue:/home/nth/ros2_ws/install/nav2_costmap_2d:/home/nth/ros2_ws/install/nav2_voxel_grid:/home/nth/ros2_ws/install/nav2_rviz_plugins:/home/nth/ros2_ws/install/nav2_map_server:/home/nth/ros2_ws/install/nav2_lifecycle_manager:/home/nth/ros2_ws/install/nav2_bt_navigator:/home/nth/ros2_ws/install/nav2_behavior_tree:/home/nth/ros2_ws/install/nav2_amcl:/home/nth/ros2_ws/install/nav2_util:/home/nth/ros2_ws/install/nav2_msgs:/home/nth/ros2_ws/install/action_cpp:/home/nth/ros2_ws/install/action_tutorials_interfaces:/home/nth/rtc_ws/install/turtlebot3:/home/nth/rtc_ws/install/turtlebot3_bringup:/home/nth/rtc_ws/install/turtlebot3_node:/home/nth/rtc_ws/install/turtlebot3_navigation2:/home/nth/rtc_ws/install/turtlebot3_msgs:/home/nth/rtc_ws/install/turtlebot3_description:/home/nth/rtc_ws/install/turtlebot3_cartographer:/home/nth/rtc_ws/install/teb_msgs:/home/nth/rtc_ws/install/nav2_system_tests:/home/nth/rtc_ws/install/nav2_bringup:/home/nth/rtc_ws/install/navigation2:/home/nth/rtc_ws/install/smac_planner:/home/nth/rtc_ws/install/rplidar_ros2:/home/nth/rtc_ws/install/robot_localization:/home/nth/rtc_ws/install/nav2_dwb_controller:/home/nth/rtc_ws/install/nav2_controller:/home/nth/rtc_ws/install/dwb_plugins:/home/nth/rtc_ws/install/dwb_critics:/home/nth/rtc_ws/install/dwb_core:/home/nth/rtc_ws/install/nav_2d_utils:/home/nth/rtc_ws/install/dwb_msgs:/home/nth/rtc_ws/install/nav_2d_msgs:/home/nth/rtc_ws/install/nav2_waypoint_follower:/home/nth/rtc_ws/install/nav2_regulated_pure_pursuit_controller:/home/nth/rtc_ws/install/nav2_recoveries:/home/nth/rtc_ws/install/nav2_planner:/home/nth/rtc_ws/install/nav2_navfn_planner:/home/nth/rtc_ws/install/nav2_core:/home/nth/rtc_ws/install/costmap_queue:/home/nth/rtc_ws/install/costmap_converter:/home/nth/rtc_ws/install/nav2_costmap_2d:/home/nth/rtc_ws/install/nav2_voxel_grid:/home/nth/rtc_ws/install/nav2_rviz_plugins:/home/nth/rtc_ws/install/nav2_map_server:/home/nth/rtc_ws/install/nav2_lifecycle_manager:/home/nth/rtc_ws/install/nav2_bt_navigator:/home/nth/rtc_ws/install/nav2_behavior_tree:/home/nth/rtc_ws/install/nav2_amcl:/home/nth/rtc_ws/install/nav2_util:/home/nth/rtc_ws/install/nav2_msgs:/home/nth/rtc_ws/install/nav2_common:/home/nth/rtc_ws/install/ld08_driver:/home/nth/rtc_ws/install/g2o:/home/nth/rtc_ws/install/dynamixel_sdk_examples:/home/nth/rtc_ws/install/dynamixel_sdk_custom_interfaces:/home/nth/rtc_ws/install/dynamixel_sdk:/home/nth/rtc_ws/install/costmap_converter_msgs:/home/nth/rtc_ws/install/aws_robomaker_small_warehouse_world:/home/nth/rtcamr_ws/install/turtlebot3_msgs:/home/nth/rtcamr_ws/install/turtlebot3_gazebo:/home/nth/rtcamr_ws/install/turtlebot3_description:/home/nth/rtcamr_ws/install/turtlebot3_cartographer:/home/nth/rtcamr_ws/install/rplidar_ros2:/home/nth/rtcamr_ws/install/dwb_msgs:/home/nth/rtcamr_ws/install/nav_2d_msgs:/home/nth/rtcamr_ws/install/nav2_voxel_grid:/home/nth/rtcamr_ws/install/nav2_msgs:/home/nth/rtcamr_ws/install/nav2_common:/home/nth/rtcamr_ws/install/aws_robomaker_small_warehouse_world:/home/nth/ros2_ws/install/turtlesim_test:/home/nth/ros2_ws/install/service_test:/home/nth/ros2_ws/install/pub_initial_pose:/home/nth/ros2_ws/install/nav2_simple_commander:/home/nth/ros2_ws/install/nav2_gazebo_spawner:/home/nth/rtc_ws/install/turtlebot3_teleop:/home/nth/rtc_ws/install/turtlebot3_example:/home/nth/rtc_ws/install/nav2_simple_commander:/home/nth/rtc_ws/install/nav2_gazebo_spawner:/home/nth/rtcamr_ws/install/turtlebot3_teleop:/home/nth/rtcamr_ws/install/turtlebot3_example:/home/nth/rtcamr_ws/install/nav2_simple_commander:/home/nth/rtcamr_ws/install/nav2_gazebo_spawner:/opt/ros/foxy PYTHONPATH=/home/nth/ros2_ws/install/nav2_common/lib/python3.8/site-packages:/home/nth/ros2_ws/install/turtlesim_test/lib/python3.8/site-packages:/home/nth/ros2_ws/install/test_interfaces/lib/python3.8/site-packages:/home/nth/ros2_ws/install/service_test/lib/python3.8/site-packages:/home/nth/ros2_ws/install/rssi/lib/python3.8/site-packages:/home/nth/ros2_ws/install/pub_initial_pose/lib/python3.8/site-packages:/home/nth/ros2_ws/install/dwb_msgs/lib/python3.8/site-packages:/home/nth/ros2_ws/install/nav_2d_msgs/lib/python3.8/site-packages:/home/nth/ros2_ws/install/nav2_simple_commander/lib/python3.8/site-packages:/home/nth/ros2_ws/install/nav2_msgs/lib/python3.8/site-packages:/home/nth/ros2_ws/install/nav2_gazebo_spawner/lib/python3.8/site-packages:/home/nth/ros2_ws/install/action_tutorials_interfaces/lib/python3.8/site-packages:/home/nth/rtc_ws/install/turtlebot3_teleop/lib/python3.8/site-packages:/home/nth/rtc_ws/install/turtlebot3_example/lib/python3.8/site-packages:/home/nth/rtc_ws/install/turtlebot3_msgs/lib/python3.8/site-packages:/home/nth/rtc_ws/install/teb_msgs/lib/python3.8/site-packages:/home/nth/rtc_ws/install/robot_localization/lib/python3.8/site-packages:/home/nth/rtc_ws/install/dwb_msgs/lib/python3.8/site-packages:/home/nth/rtc_ws/install/nav_2d_msgs/lib/python3.8/site-packages:/home/nth/rtc_ws/install/nav2_simple_commander/lib/python3.8/site-packages:/home/nth/rtc_ws/install/nav2_msgs/lib/python3.8/site-packages:/home/nth/rtc_ws/install/nav2_gazebo_spawner/lib/python3.8/site-packages:/home/nth/rtc_ws/install/nav2_common/lib/python3.8/site-packages:/home/nth/rtc_ws/install/dynamixel_sdk_custom_interfaces/lib/python3.8/site-packages:/home/nth/rtc_ws/install/costmap_converter_msgs/lib/python3.8/site-packages:/home/nth/rtcamr_ws/install/turtlebot3_teleop/lib/python3.8/site-packages:/home/nth/rtcamr_ws/install/turtlebot3_example/lib/python3.8/site-packages:/home/nth/rtcamr_ws/install/turtlebot3_msgs/lib/python3.8/site-packages:/home/nth/rtcamr_ws/install/dwb_msgs/lib/python3.8/site-packages:/home/nth/rtcamr_ws/install/nav_2d_msgs/lib/python3.8/site-packages:/home/nth/rtcamr_ws/install/nav2_simple_commander/lib/python3.8/site-packages:/home/nth/rtcamr_ws/install/nav2_msgs/lib/python3.8/site-packages:/home/nth/rtcamr_ws/install/nav2_gazebo_spawner/lib/python3.8/site-packages:/home/nth/rtcamr_ws/install/nav2_common/lib/python3.8/site-packages:/opt/ros/foxy/lib/python3.8/site-packages /usr/bin/cmake --build /home/nth/ros2_ws/build/nav2_msgs -- -j16 -l16
[1.017s] Invoking command in '/home/nth/ros2_ws/build/nav2_msgs': CMAKE_PREFIX_PATH=/home/nth/ros2_ws/install/nav2_common:/home/nth/ros2_ws/install/tf2_cpp:/home/nth/ros2_ws/install/service_cpp:/home/nth/ros2_ws/install/test_interfaces:/home/nth/ros2_ws/install/nav2_system_tests:/home/nth/ros2_ws/install/nav2_bringup:/home/nth/ros2_ws/install/navigation2:/home/nth/ros2_ws/install/smac_planner:/home/nth/ros2_ws/install/ros2_tutorial:/home/nth/ros2_ws/install/nav2_dwb_controller:/home/nth/ros2_ws/install/nav2_controller:/home/nth/ros2_ws/install/dwb_plugins:/home/nth/ros2_ws/install/dwb_critics:/home/nth/ros2_ws/install/dwb_core:/home/nth/ros2_ws/install/nav_2d_utils:/home/nth/ros2_ws/install/dwb_msgs:/home/nth/ros2_ws/install/nav_2d_msgs:/home/nth/ros2_ws/install/nav2_waypoint_follower:/home/nth/ros2_ws/install/nav2_regulated_pure_pursuit_controller:/home/nth/ros2_ws/install/nav2_recoveries:/home/nth/ros2_ws/install/nav2_planner:/home/nth/ros2_ws/install/nav2_navfn_planner:/home/nth/ros2_ws/install/nav2_core:/home/nth/ros2_ws/install/costmap_queue:/home/nth/ros2_ws/install/nav2_costmap_2d:/home/nth/ros2_ws/install/nav2_voxel_grid:/home/nth/ros2_ws/install/nav2_rviz_plugins:/home/nth/ros2_ws/install/nav2_map_server:/home/nth/ros2_ws/install/nav2_lifecycle_manager:/home/nth/ros2_ws/install/nav2_bt_navigator:/home/nth/ros2_ws/install/nav2_behavior_tree:/home/nth/ros2_ws/install/nav2_amcl:/home/nth/ros2_ws/install/nav2_util:/home/nth/ros2_ws/install/nav2_msgs:/home/nth/ros2_ws/install/action_cpp:/home/nth/ros2_ws/install/action_tutorials_interfaces:/home/nth/rtc_ws/install/turtlebot3:/home/nth/rtc_ws/install/turtlebot3_bringup:/home/nth/rtc_ws/install/turtlebot3_node:/home/nth/rtc_ws/install/turtlebot3_navigation2:/home/nth/rtc_ws/install/turtlebot3_msgs:/home/nth/rtc_ws/install/turtlebot3_description:/home/nth/rtc_ws/install/turtlebot3_cartographer:/home/nth/rtc_ws/install/teb_msgs:/home/nth/rtc_ws/install/nav2_system_tests:/home/nth/rtc_ws/install/nav2_bringup:/home/nth/rtc_ws/install/navigation2:/home/nth/rtc_ws/install/smac_planner:/home/nth/rtc_ws/install/rplidar_ros2:/home/nth/rtc_ws/install/robot_localization:/home/nth/rtc_ws/install/nav2_dwb_controller:/home/nth/rtc_ws/install/nav2_controller:/home/nth/rtc_ws/install/dwb_plugins:/home/nth/rtc_ws/install/dwb_critics:/home/nth/rtc_ws/install/dwb_core:/home/nth/rtc_ws/install/nav_2d_utils:/home/nth/rtc_ws/install/dwb_msgs:/home/nth/rtc_ws/install/nav_2d_msgs:/home/nth/rtc_ws/install/nav2_waypoint_follower:/home/nth/rtc_ws/install/nav2_regulated_pure_pursuit_controller:/home/nth/rtc_ws/install/nav2_recoveries:/home/nth/rtc_ws/install/nav2_planner:/home/nth/rtc_ws/install/nav2_navfn_planner:/home/nth/rtc_ws/install/nav2_core:/home/nth/rtc_ws/install/costmap_queue:/home/nth/rtc_ws/install/costmap_converter:/home/nth/rtc_ws/install/nav2_costmap_2d:/home/nth/rtc_ws/install/nav2_voxel_grid:/home/nth/rtc_ws/install/nav2_rviz_plugins:/home/nth/rtc_ws/install/nav2_map_server:/home/nth/rtc_ws/install/nav2_lifecycle_manager:/home/nth/rtc_ws/install/nav2_bt_navigator:/home/nth/rtc_ws/install/nav2_behavior_tree:/home/nth/rtc_ws/install/nav2_amcl:/home/nth/rtc_ws/install/nav2_util:/home/nth/rtc_ws/install/nav2_msgs:/home/nth/rtc_ws/install/nav2_common:/home/nth/rtc_ws/install/ld08_driver:/home/nth/rtc_ws/install/g2o:/home/nth/rtc_ws/install/dynamixel_sdk_examples:/home/nth/rtc_ws/install/dynamixel_sdk_custom_interfaces:/home/nth/rtc_ws/install/dynamixel_sdk:/home/nth/rtc_ws/install/costmap_converter_msgs:/home/nth/rtc_ws/install/aws_robomaker_small_warehouse_world:/home/nth/rtcamr_ws/install/turtlebot3_msgs:/home/nth/rtcamr_ws/install/turtlebot3_gazebo:/home/nth/rtcamr_ws/install/turtlebot3_description:/home/nth/rtcamr_ws/install/turtlebot3_cartographer:/home/nth/rtcamr_ws/install/rplidar_ros2:/home/nth/rtcamr_ws/install/dwb_msgs:/home/nth/rtcamr_ws/install/nav_2d_msgs:/home/nth/rtcamr_ws/install/nav2_voxel_grid:/home/nth/rtcamr_ws/install/nav2_msgs:/home/nth/rtcamr_ws/install/nav2_common:/home/nth/rtcamr_ws/install/aws_robomaker_small_warehouse_world:/home/nth/ros2_ws/install/turtlesim_test:/home/nth/ros2_ws/install/service_test:/home/nth/ros2_ws/install/pub_initial_pose:/home/nth/ros2_ws/install/nav2_simple_commander:/home/nth/ros2_ws/install/nav2_gazebo_spawner:/home/nth/rtc_ws/install/turtlebot3_teleop:/home/nth/rtc_ws/install/turtlebot3_example:/home/nth/rtc_ws/install/nav2_simple_commander:/home/nth/rtc_ws/install/nav2_gazebo_spawner:/home/nth/rtcamr_ws/install/turtlebot3_teleop:/home/nth/rtcamr_ws/install/turtlebot3_example:/home/nth/rtcamr_ws/install/nav2_simple_commander:/home/nth/rtcamr_ws/install/nav2_gazebo_spawner:/opt/ros/foxy PYTHONPATH=/home/nth/ros2_ws/install/nav2_common/lib/python3.8/site-packages:/home/nth/ros2_ws/install/turtlesim_test/lib/python3.8/site-packages:/home/nth/ros2_ws/install/test_interfaces/lib/python3.8/site-packages:/home/nth/ros2_ws/install/service_test/lib/python3.8/site-packages:/home/nth/ros2_ws/install/rssi/lib/python3.8/site-packages:/home/nth/ros2_ws/install/pub_initial_pose/lib/python3.8/site-packages:/home/nth/ros2_ws/install/dwb_msgs/lib/python3.8/site-packages:/home/nth/ros2_ws/install/nav_2d_msgs/lib/python3.8/site-packages:/home/nth/ros2_ws/install/nav2_simple_commander/lib/python3.8/site-packages:/home/nth/ros2_ws/install/nav2_msgs/lib/python3.8/site-packages:/home/nth/ros2_ws/install/nav2_gazebo_spawner/lib/python3.8/site-packages:/home/nth/ros2_ws/install/action_tutorials_interfaces/lib/python3.8/site-packages:/home/nth/rtc_ws/install/turtlebot3_teleop/lib/python3.8/site-packages:/home/nth/rtc_ws/install/turtlebot3_example/lib/python3.8/site-packages:/home/nth/rtc_ws/install/turtlebot3_msgs/lib/python3.8/site-packages:/home/nth/rtc_ws/install/teb_msgs/lib/python3.8/site-packages:/home/nth/rtc_ws/install/robot_localization/lib/python3.8/site-packages:/home/nth/rtc_ws/install/dwb_msgs/lib/python3.8/site-packages:/home/nth/rtc_ws/install/nav_2d_msgs/lib/python3.8/site-packages:/home/nth/rtc_ws/install/nav2_simple_commander/lib/python3.8/site-packages:/home/nth/rtc_ws/install/nav2_msgs/lib/python3.8/site-packages:/home/nth/rtc_ws/install/nav2_gazebo_spawner/lib/python3.8/site-packages:/home/nth/rtc_ws/install/nav2_common/lib/python3.8/site-packages:/home/nth/rtc_ws/install/dynamixel_sdk_custom_interfaces/lib/python3.8/site-packages:/home/nth/rtc_ws/install/costmap_converter_msgs/lib/python3.8/site-packages:/home/nth/rtcamr_ws/install/turtlebot3_teleop/lib/python3.8/site-packages:/home/nth/rtcamr_ws/install/turtlebot3_example/lib/python3.8/site-packages:/home/nth/rtcamr_ws/install/turtlebot3_msgs/lib/python3.8/site-packages:/home/nth/rtcamr_ws/install/dwb_msgs/lib/python3.8/site-packages:/home/nth/rtcamr_ws/install/nav_2d_msgs/lib/python3.8/site-packages:/home/nth/rtcamr_ws/install/nav2_simple_commander/lib/python3.8/site-packages:/home/nth/rtcamr_ws/install/nav2_msgs/lib/python3.8/site-packages:/home/nth/rtcamr_ws/install/nav2_gazebo_spawner/lib/python3.8/site-packages:/home/nth/rtcamr_ws/install/nav2_common/lib/python3.8/site-packages:/opt/ros/foxy/lib/python3.8/site-packages /usr/bin/cmake --install /home/nth/ros2_ws/build/nav2_msgs
[1.028s] -- Install configuration: "Release"
[1.028s] -- Up-to-date: /home/nth/ros2_ws/install/nav2_msgs/share/ament_index/resource_index/rosidl_interfaces/nav2_msgs
[1.028s] -- Up-to-date: /home/nth/ros2_ws/install/nav2_msgs/include/nav2_msgs
[1.028s] -- Up-to-date: /home/nth/ros2_ws/install/nav2_msgs/include/nav2_msgs/srv
[1.028s] -- Up-to-date: /home/nth/ros2_ws/install/nav2_msgs/include/nav2_msgs/srv/detail
[1.029s] -- Up-to-date: /home/nth/ros2_ws/install/nav2_msgs/include/nav2_msgs/srv/detail/load_map__functions.h
[1.029s] -- Up-to-date: /home/nth/ros2_ws/install/nav2_msgs/include/nav2_msgs/srv/detail/load_map__type_support.h
[1.029s] -- Up-to-date: /home/nth/ros2_ws/install/nav2_msgs/include/nav2_msgs/srv/detail/manage_lifecycle_nodes__functions.c
[1.029s] -- Up-to-date: /home/nth/ros2_ws/install/nav2_msgs/include/nav2_msgs/srv/detail/manage_lifecycle_nodes__struct.h
[1.029s] -- Up-to-date: /home/nth/ros2_ws/install/nav2_msgs/include/nav2_msgs/srv/detail/load_map__struct.h
[1.029s] -- Up-to-date: /home/nth/ros2_ws/install/nav2_msgs/include/nav2_msgs/srv/detail/clear_costmap_except_region__struct.h
[1.029s] -- Up-to-date: /home/nth/ros2_ws/install/nav2_msgs/include/nav2_msgs/srv/detail/clear_costmap_around_robot__functions.c
[1.029s] -- Up-to-date: /home/nth/ros2_ws/install/nav2_msgs/include/nav2_msgs/srv/detail/get_costmap__type_support.h
[1.029s] -- Up-to-date: /home/nth/ros2_ws/install/nav2_msgs/include/nav2_msgs/srv/detail/save_map__functions.h
[1.029s] -- Up-to-date: /home/nth/ros2_ws/install/nav2_msgs/include/nav2_msgs/srv/detail/clear_entire_costmap__struct.h
[1.029s] -- Up-to-date: /home/nth/ros2_ws/install/nav2_msgs/include/nav2_msgs/srv/detail/get_costmap__struct.h
[1.030s] -- Up-to-date: /home/nth/ros2_ws/install/nav2_msgs/include/nav2_msgs/srv/detail/clear_costmap_except_region__functions.c
[1.030s] -- Up-to-date: /home/nth/ros2_ws/install/nav2_msgs/include/nav2_msgs/srv/detail/get_costmap__functions.h
[1.030s] -- Up-to-date: /home/nth/ros2_ws/install/nav2_msgs/include/nav2_msgs/srv/detail/save_map__struct.h
[1.030s] -- Up-to-date: /home/nth/ros2_ws/install/nav2_msgs/include/nav2_msgs/srv/detail/clear_costmap_around_robot__struct.h
[1.030s] -- Up-to-date: /home/nth/ros2_ws/install/nav2_msgs/include/nav2_msgs/srv/detail/clear_costmap_around_robot__type_support.h
[1.030s] -- Up-to-date: /home/nth/ros2_ws/install/nav2_msgs/include/nav2_msgs/srv/detail/clear_costmap_except_region__functions.h
[1.030s] -- Up-to-date: /home/nth/ros2_ws/install/nav2_msgs/include/nav2_msgs/srv/detail/save_map__functions.c
[1.030s] -- Up-to-date: /home/nth/ros2_ws/install/nav2_msgs/include/nav2_msgs/srv/detail/clear_costmap_around_robot__functions.h
[1.030s] -- Up-to-date: /home/nth/ros2_ws/install/nav2_msgs/include/nav2_msgs/srv/detail/save_map__type_support.h
[1.030s] -- Up-to-date: /home/nth/ros2_ws/install/nav2_msgs/include/nav2_msgs/srv/detail/manage_lifecycle_nodes__functions.h
[1.030s] -- Up-to-date: /home/nth/ros2_ws/install/nav2_msgs/include/nav2_msgs/srv/detail/get_costmap__functions.c
[1.030s] -- Up-to-date: /home/nth/ros2_ws/install/nav2_msgs/include/nav2_msgs/srv/detail/manage_lifecycle_nodes__type_support.h
[1.030s] -- Up-to-date: /home/nth/ros2_ws/install/nav2_msgs/include/nav2_msgs/srv/detail/clear_entire_costmap__functions.h
[1.031s] -- Up-to-date: /home/nth/ros2_ws/install/nav2_msgs/include/nav2_msgs/srv/detail/load_map__functions.c
[1.031s] -- Up-to-date: /home/nth/ros2_ws/install/nav2_msgs/include/nav2_msgs/srv/detail/clear_entire_costmap__functions.c
[1.031s] -- Up-to-date: /home/nth/ros2_ws/install/nav2_msgs/include/nav2_msgs/srv/detail/clear_entire_costmap__type_support.h
[1.031s] -- Up-to-date: /home/nth/ros2_ws/install/nav2_msgs/include/nav2_msgs/srv/detail/clear_costmap_except_region__type_support.h
[1.031s] -- Up-to-date: /home/nth/ros2_ws/install/nav2_msgs/include/nav2_msgs/srv/clear_entire_costmap.h
[1.031s] -- Up-to-date: /home/nth/ros2_ws/install/nav2_msgs/include/nav2_msgs/srv/load_map.h
[1.031s] -- Up-to-date: /home/nth/ros2_ws/install/nav2_msgs/include/nav2_msgs/srv/manage_lifecycle_nodes.h
[1.031s] -- Up-to-date: /home/nth/ros2_ws/install/nav2_msgs/include/nav2_msgs/srv/get_costmap.h
[1.031s] -- Up-to-date: /home/nth/ros2_ws/install/nav2_msgs/include/nav2_msgs/srv/save_map.h
[1.031s] -- Up-to-date: /home/nth/ros2_ws/install/nav2_msgs/include/nav2_msgs/srv/clear_costmap_except_region.h
[1.031s] -- Up-to-date: /home/nth/ros2_ws/install/nav2_msgs/include/nav2_msgs/srv/clear_costmap_around_robot.h
[1.031s] -- Up-to-date: /home/nth/ros2_ws/install/nav2_msgs/include/nav2_msgs/msg
[1.031s] -- Up-to-date: /home/nth/ros2_ws/install/nav2_msgs/include/nav2_msgs/msg/rosidl_generator_c__visibility_control.h
[1.031s] -- Up-to-date: /home/nth/ros2_ws/install/nav2_msgs/include/nav2_msgs/msg/detail
[1.032s] -- Up-to-date: /home/nth/ros2_ws/install/nav2_msgs/include/nav2_msgs/msg/detail/behavior_tree_log__functions.h
[1.032s] -- Up-to-date: /home/nth/ros2_ws/install/nav2_msgs/include/nav2_msgs/msg/detail/particle__struct.h
[1.032s] -- Up-to-date: /home/nth/ros2_ws/install/nav2_msgs/include/nav2_msgs/msg/detail/particle__type_support.h
[1.032s] -- Up-to-date: /home/nth/ros2_ws/install/nav2_msgs/include/nav2_msgs/msg/detail/costmap_meta_data__functions.h
[1.032s] -- Up-to-date: /home/nth/ros2_ws/install/nav2_msgs/include/nav2_msgs/msg/detail/particle__functions.c
[1.032s] -- Up-to-date: /home/nth/ros2_ws/install/nav2_msgs/include/nav2_msgs/msg/detail/costmap__functions.c
[1.032s] -- Up-to-date: /home/nth/ros2_ws/install/nav2_msgs/include/nav2_msgs/msg/detail/costmap__struct.h
[1.032s] -- Up-to-date: /home/nth/ros2_ws/install/nav2_msgs/include/nav2_msgs/msg/detail/behavior_tree_status_change__type_support.h
[1.032s] -- Up-to-date: /home/nth/ros2_ws/install/nav2_msgs/include/nav2_msgs/msg/detail/particle_cloud__type_support.h
[1.032s] -- Up-to-date: /home/nth/ros2_ws/install/nav2_msgs/include/nav2_msgs/msg/detail/costmap__functions.h
[1.032s] -- Up-to-date: /home/nth/ros2_ws/install/nav2_msgs/include/nav2_msgs/msg/detail/costmap_meta_data__functions.c
[1.032s] -- Up-to-date: /home/nth/ros2_ws/install/nav2_msgs/include/nav2_msgs/msg/detail/voxel_grid__type_support.h
[1.032s] -- Up-to-date: /home/nth/ros2_ws/install/nav2_msgs/include/nav2_msgs/msg/detail/costmap_meta_data__struct.h
[1.033s] -- Up-to-date: /home/nth/ros2_ws/install/nav2_msgs/include/nav2_msgs/msg/detail/voxel_grid__functions.h
[1.033s] -- Up-to-date: /home/nth/ros2_ws/install/nav2_msgs/include/nav2_msgs/msg/detail/behavior_tree_status_change__struct.h
[1.033s] -- Up-to-date: /home/nth/ros2_ws/install/nav2_msgs/include/nav2_msgs/msg/detail/voxel_grid__struct.h
[1.033s] -- Up-to-date: /home/nth/ros2_ws/install/nav2_msgs/include/nav2_msgs/msg/detail/behavior_tree_log__struct.h
[1.033s] -- Up-to-date: /home/nth/ros2_ws/install/nav2_msgs/include/nav2_msgs/msg/detail/particle__functions.h
[1.034s] -- Up-to-date: /home/nth/ros2_ws/install/nav2_msgs/include/nav2_msgs/msg/detail/behavior_tree_status_change__functions.c
[1.034s] -- Up-to-date: /home/nth/ros2_ws/install/nav2_msgs/include/nav2_msgs/msg/detail/particle_cloud__struct.h
[1.034s] -- Up-to-date: /home/nth/ros2_ws/install/nav2_msgs/include/nav2_msgs/msg/detail/behavior_tree_log__functions.c
[1.034s] -- Up-to-date: /home/nth/ros2_ws/install/nav2_msgs/include/nav2_msgs/msg/detail/voxel_grid__functions.c
[1.034s] -- Up-to-date: /home/nth/ros2_ws/install/nav2_msgs/include/nav2_msgs/msg/detail/costmap__type_support.h
[1.034s] -- Up-to-date: /home/nth/ros2_ws/install/nav2_msgs/include/nav2_msgs/msg/detail/particle_cloud__functions.c
[1.034s] -- Up-to-date: /home/nth/ros2_ws/install/nav2_msgs/include/nav2_msgs/msg/detail/behavior_tree_status_change__functions.h
[1.034s] -- Up-to-date: /home/nth/ros2_ws/install/nav2_msgs/include/nav2_msgs/msg/detail/particle_cloud__functions.h
[1.034s] -- Up-to-date: /home/nth/ros2_ws/install/nav2_msgs/include/nav2_msgs/msg/detail/costmap_meta_data__type_support.h
[1.034s] -- Up-to-date: /home/nth/ros2_ws/install/nav2_msgs/include/nav2_msgs/msg/detail/behavior_tree_log__type_support.h
[1.034s] -- Up-to-date: /home/nth/ros2_ws/install/nav2_msgs/include/nav2_msgs/msg/particle_cloud.h
[1.034s] -- Up-to-date: /home/nth/ros2_ws/install/nav2_msgs/include/nav2_msgs/msg/particle.h
[1.034s] -- Up-to-date: /home/nth/ros2_ws/install/nav2_msgs/include/nav2_msgs/msg/costmap.h
[1.034s] -- Up-to-date: /home/nth/ros2_ws/install/nav2_msgs/include/nav2_msgs/msg/costmap_meta_data.h
[1.035s] -- Up-to-date: /home/nth/ros2_ws/install/nav2_msgs/include/nav2_msgs/msg/behavior_tree_status_change.h
[1.035s] -- Up-to-date: /home/nth/ros2_ws/install/nav2_msgs/include/nav2_msgs/msg/behavior_tree_log.h
[1.035s] -- Up-to-date: /home/nth/ros2_ws/install/nav2_msgs/include/nav2_msgs/msg/voxel_grid.h
[1.035s] -- Up-to-date: /home/nth/ros2_ws/install/nav2_msgs/include/nav2_msgs/action
[1.035s] -- Up-to-date: /home/nth/ros2_ws/install/nav2_msgs/include/nav2_msgs/action/detail
[1.035s] -- Up-to-date: /home/nth/ros2_ws/install/nav2_msgs/include/nav2_msgs/action/detail/navigate_to_pose__struct.h
[1.035s] -- Up-to-date: /home/nth/ros2_ws/install/nav2_msgs/include/nav2_msgs/action/detail/navigate_to_pose__type_support.h
[1.035s] -- Up-to-date: /home/nth/ros2_ws/install/nav2_msgs/include/nav2_msgs/action/detail/follow_path__struct.h
[1.035s] -- Up-to-date: /home/nth/ros2_ws/install/nav2_msgs/include/nav2_msgs/action/detail/spin__functions.h
[1.035s] -- Up-to-date: /home/nth/ros2_ws/install/nav2_msgs/include/nav2_msgs/action/detail/follow_path__functions.h
[1.035s] -- Up-to-date: /home/nth/ros2_ws/install/nav2_msgs/include/nav2_msgs/action/detail/follow_path__functions.c
[1.035s] -- Up-to-date: /home/nth/ros2_ws/install/nav2_msgs/include/nav2_msgs/action/detail/follow_path__type_support.h
[1.035s] -- Up-to-date: /home/nth/ros2_ws/install/nav2_msgs/include/nav2_msgs/action/detail/wait__functions.h
[1.035s] -- Up-to-date: /home/nth/ros2_ws/install/nav2_msgs/include/nav2_msgs/action/detail/spin__struct.h
[1.035s] -- Up-to-date: /home/nth/ros2_ws/install/nav2_msgs/include/nav2_msgs/action/detail/wait__type_support.h
[1.035s] -- Up-to-date: /home/nth/ros2_ws/install/nav2_msgs/include/nav2_msgs/action/detail/navigate_to_pose__functions.c
[1.035s] -- Up-to-date: /home/nth/ros2_ws/install/nav2_msgs/include/nav2_msgs/action/detail/spin__functions.c
[1.036s] -- Up-to-date: /home/nth/ros2_ws/install/nav2_msgs/include/nav2_msgs/action/detail/back_up__functions.h
[1.036s] -- Up-to-date: /home/nth/ros2_ws/install/nav2_msgs/include/nav2_msgs/action/detail/spin__type_support.h
[1.036s] -- Up-to-date: /home/nth/ros2_ws/install/nav2_msgs/include/nav2_msgs/action/detail/follow_waypoints__type_support.h
[1.036s] -- Up-to-date: /home/nth/ros2_ws/install/nav2_msgs/include/nav2_msgs/action/detail/wait__struct.h
[1.036s] -- Up-to-date: /home/nth/ros2_ws/install/nav2_msgs/include/nav2_msgs/action/detail/compute_path_to_pose__functions.c
[1.036s] -- Up-to-date: /home/nth/ros2_ws/install/nav2_msgs/include/nav2_msgs/action/detail/navigate_to_pose__functions.h
[1.036s] -- Up-to-date: /home/nth/ros2_ws/install/nav2_msgs/include/nav2_msgs/action/detail/dummy_recovery__type_support.h
[1.036s] -- Up-to-date: /home/nth/ros2_ws/install/nav2_msgs/include/nav2_msgs/action/detail/follow_waypoints__functions.h
[1.036s] -- Up-to-date: /home/nth/ros2_ws/install/nav2_msgs/include/nav2_msgs/action/detail/compute_path_to_pose__struct.h
[1.036s] -- Up-to-date: /home/nth/ros2_ws/install/nav2_msgs/include/nav2_msgs/action/detail/wait__functions.c
[1.036s] -- Up-to-date: /home/nth/ros2_ws/install/nav2_msgs/include/nav2_msgs/action/detail/follow_waypoints__functions.c
[1.036s] -- Up-to-date: /home/nth/ros2_ws/install/nav2_msgs/include/nav2_msgs/action/detail/compute_path_to_pose__type_support.h
[1.036s] -- Up-to-date: /home/nth/ros2_ws/install/nav2_msgs/include/nav2_msgs/action/detail/follow_waypoints__struct.h
[1.036s] -- Up-to-date: /home/nth/ros2_ws/install/nav2_msgs/include/nav2_msgs/action/detail/dummy_recovery__functions.h
[1.036s] -- Up-to-date: /home/nth/ros2_ws/install/nav2_msgs/include/nav2_msgs/action/detail/dummy_recovery__functions.c
[1.036s] -- Up-to-date: /home/nth/ros2_ws/install/nav2_msgs/include/nav2_msgs/action/detail/dummy_recovery__struct.h
[1.036s] -- Up-to-date: /home/nth/ros2_ws/install/nav2_msgs/include/nav2_msgs/action/detail/back_up__type_support.h
[1.037s] -- Up-to-date: /home/nth/ros2_ws/install/nav2_msgs/include/nav2_msgs/action/detail/back_up__functions.c
[1.037s] -- Up-to-date: /home/nth/ros2_ws/install/nav2_msgs/include/nav2_msgs/action/detail/compute_path_to_pose__functions.h
[1.037s] -- Up-to-date: /home/nth/ros2_ws/install/nav2_msgs/include/nav2_msgs/action/detail/back_up__struct.h
[1.037s] -- Up-to-date: /home/nth/ros2_ws/install/nav2_msgs/include/nav2_msgs/action/back_up.h
[1.037s] -- Up-to-date: /home/nth/ros2_ws/install/nav2_msgs/include/nav2_msgs/action/wait.h
[1.037s] -- Up-to-date: /home/nth/ros2_ws/install/nav2_msgs/include/nav2_msgs/action/dummy_recovery.h
[1.037s] -- Up-to-date: /home/nth/ros2_ws/install/nav2_msgs/include/nav2_msgs/action/compute_path_to_pose.h
[1.037s] -- Up-to-date: /home/nth/ros2_ws/install/nav2_msgs/include/nav2_msgs/action/follow_waypoints.h
[1.037s] -- Up-to-date: /home/nth/ros2_ws/install/nav2_msgs/include/nav2_msgs/action/navigate_to_pose.h
[1.037s] -- Up-to-date: /home/nth/ros2_ws/install/nav2_msgs/include/nav2_msgs/action/spin.h
[1.037s] -- Up-to-date: /home/nth/ros2_ws/install/nav2_msgs/include/nav2_msgs/action/follow_path.h
[1.037s] -- Up-to-date: /home/nth/ros2_ws/install/nav2_msgs/share/nav2_msgs/environment/library_path.sh
[1.037s] -- Up-to-date: /home/nth/ros2_ws/install/nav2_msgs/share/nav2_msgs/environment/library_path.dsv
[1.037s] -- Up-to-date: /home/nth/ros2_ws/install/nav2_msgs/lib/libnav2_msgs__rosidl_generator_c.so
[1.037s] -- Up-to-date: /home/nth/ros2_ws/install/nav2_msgs/include/nav2_msgs
[1.037s] -- Up-to-date: /home/nth/ros2_ws/install/nav2_msgs/include/nav2_msgs/srv
[1.037s] -- Up-to-date: /home/nth/ros2_ws/install/nav2_msgs/include/nav2_msgs/srv/detail
[1.037s] -- Up-to-date: /home/nth/ros2_ws/install/nav2_msgs/include/nav2_msgs/srv/detail/save_map__rosidl_typesupport_fastrtps_c.h
[1.037s] -- Up-to-date: /home/nth/ros2_ws/install/nav2_msgs/include/nav2_msgs/srv/detail/clear_costmap_around_robot__rosidl_typesupport_fastrtps_c.h
[1.038s] -- Up-to-date: /home/nth/ros2_ws/install/nav2_msgs/include/nav2_msgs/srv/detail/load_map__rosidl_typesupport_fastrtps_c.h
[1.038s] -- Up-to-date: /home/nth/ros2_ws/install/nav2_msgs/include/nav2_msgs/srv/detail/manage_lifecycle_nodes__rosidl_typesupport_fastrtps_c.h
[1.038s] -- Up-to-date: /home/nth/ros2_ws/install/nav2_msgs/include/nav2_msgs/srv/detail/clear_costmap_except_region__rosidl_typesupport_fastrtps_c.h
[1.038s] -- Up-to-date: /home/nth/ros2_ws/install/nav2_msgs/include/nav2_msgs/srv/detail/get_costmap__rosidl_typesupport_fastrtps_c.h
[1.038s] -- Up-to-date: /home/nth/ros2_ws/install/nav2_msgs/include/nav2_msgs/srv/detail/clear_entire_costmap__rosidl_typesupport_fastrtps_c.h
[1.038s] -- Up-to-date: /home/nth/ros2_ws/install/nav2_msgs/include/nav2_msgs/msg
[1.038s] -- Up-to-date: /home/nth/ros2_ws/install/nav2_msgs/include/nav2_msgs/msg/detail
[1.038s] -- Up-to-date: /home/nth/ros2_ws/install/nav2_msgs/include/nav2_msgs/msg/detail/costmap_meta_data__rosidl_typesupport_fastrtps_c.h
[1.038s] -- Up-to-date: /home/nth/ros2_ws/install/nav2_msgs/include/nav2_msgs/msg/detail/costmap__rosidl_typesupport_fastrtps_c.h
[1.038s] -- Up-to-date: /home/nth/ros2_ws/install/nav2_msgs/include/nav2_msgs/msg/detail/voxel_grid__rosidl_typesupport_fastrtps_c.h
[1.038s] -- Up-to-date: /home/nth/ros2_ws/install/nav2_msgs/include/nav2_msgs/msg/detail/behavior_tree_status_change__rosidl_typesupport_fastrtps_c.h
[1.038s] -- Up-to-date: /home/nth/ros2_ws/install/nav2_msgs/include/nav2_msgs/msg/detail/particle__rosidl_typesupport_fastrtps_c.h
[1.038s] -- Up-to-date: /home/nth/ros2_ws/install/nav2_msgs/include/nav2_msgs/msg/detail/behavior_tree_log__rosidl_typesupport_fastrtps_c.h
[1.038s] -- Up-to-date: /home/nth/ros2_ws/install/nav2_msgs/include/nav2_msgs/msg/detail/particle_cloud__rosidl_typesupport_fastrtps_c.h
[1.038s] -- Up-to-date: /home/nth/ros2_ws/install/nav2_msgs/include/nav2_msgs/msg/rosidl_typesupport_fastrtps_c__visibility_control.h
[1.038s] -- Up-to-date: /home/nth/ros2_ws/install/nav2_msgs/include/nav2_msgs/action
[1.038s] -- Up-to-date: /home/nth/ros2_ws/install/nav2_msgs/include/nav2_msgs/action/detail
[1.038s] -- Up-to-date: /home/nth/ros2_ws/install/nav2_msgs/include/nav2_msgs/action/detail/wait__rosidl_typesupport_fastrtps_c.h
[1.038s] -- Up-to-date: /home/nth/ros2_ws/install/nav2_msgs/include/nav2_msgs/action/detail/follow_path__rosidl_typesupport_fastrtps_c.h
[1.039s] -- Up-to-date: /home/nth/ros2_ws/install/nav2_msgs/include/nav2_msgs/action/detail/dummy_recovery__rosidl_typesupport_fastrtps_c.h
[1.039s] -- Up-to-date: /home/nth/ros2_ws/install/nav2_msgs/include/nav2_msgs/action/detail/navigate_to_pose__rosidl_typesupport_fastrtps_c.h
[1.039s] -- Up-to-date: /home/nth/ros2_ws/install/nav2_msgs/include/nav2_msgs/action/detail/spin__rosidl_typesupport_fastrtps_c.h
[1.039s] -- Up-to-date: /home/nth/ros2_ws/install/nav2_msgs/include/nav2_msgs/action/detail/compute_path_to_pose__rosidl_typesupport_fastrtps_c.h
[1.039s] -- Up-to-date: /home/nth/ros2_ws/install/nav2_msgs/include/nav2_msgs/action/detail/back_up__rosidl_typesupport_fastrtps_c.h
[1.039s] -- Up-to-date: /home/nth/ros2_ws/install/nav2_msgs/include/nav2_msgs/action/detail/follow_waypoints__rosidl_typesupport_fastrtps_c.h
[1.039s] -- Up-to-date: /home/nth/ros2_ws/install/nav2_msgs/lib/libnav2_msgs__rosidl_typesupport_fastrtps_c.so
[1.039s] -- Up-to-date: /home/nth/ros2_ws/install/nav2_msgs/include/nav2_msgs
[1.039s] -- Up-to-date: /home/nth/ros2_ws/install/nav2_msgs/include/nav2_msgs/srv
[1.039s] -- Up-to-date: /home/nth/ros2_ws/install/nav2_msgs/include/nav2_msgs/srv/detail
[1.039s] -- Up-to-date: /home/nth/ros2_ws/install/nav2_msgs/include/nav2_msgs/srv/detail/load_map__rosidl_typesupport_fastrtps_cpp.hpp
[1.039s] -- Up-to-date: /home/nth/ros2_ws/install/nav2_msgs/include/nav2_msgs/srv/detail/clear_costmap_around_robot__rosidl_typesupport_fastrtps_cpp.hpp
[1.039s] -- Up-to-date: /home/nth/ros2_ws/install/nav2_msgs/include/nav2_msgs/srv/detail/clear_costmap_except_region__rosidl_typesupport_fastrtps_cpp.hpp
[1.039s] -- Up-to-date: /home/nth/ros2_ws/install/nav2_msgs/include/nav2_msgs/srv/detail/manage_lifecycle_nodes__rosidl_typesupport_fastrtps_cpp.hpp
[1.039s] -- Up-to-date: /home/nth/ros2_ws/install/nav2_msgs/include/nav2_msgs/srv/detail/save_map__rosidl_typesupport_fastrtps_cpp.hpp
[1.039s] -- Up-to-date: /home/nth/ros2_ws/install/nav2_msgs/include/nav2_msgs/srv/detail/get_costmap__rosidl_typesupport_fastrtps_cpp.hpp
[1.039s] -- Up-to-date: /home/nth/ros2_ws/install/nav2_msgs/include/nav2_msgs/srv/detail/dds_fastrtps
[1.039s] -- Up-to-date: /home/nth/ros2_ws/install/nav2_msgs/include/nav2_msgs/srv/detail/clear_entire_costmap__rosidl_typesupport_fastrtps_cpp.hpp
[1.040s] -- Up-to-date: /home/nth/ros2_ws/install/nav2_msgs/include/nav2_msgs/msg
[1.040s] -- Up-to-date: /home/nth/ros2_ws/install/nav2_msgs/include/nav2_msgs/msg/detail
[1.040s] -- Up-to-date: /home/nth/ros2_ws/install/nav2_msgs/include/nav2_msgs/msg/detail/costmap__rosidl_typesupport_fastrtps_cpp.hpp
[1.040s] -- Up-to-date: /home/nth/ros2_ws/install/nav2_msgs/include/nav2_msgs/msg/detail/costmap_meta_data__rosidl_typesupport_fastrtps_cpp.hpp
[1.040s] -- Up-to-date: /home/nth/ros2_ws/install/nav2_msgs/include/nav2_msgs/msg/detail/voxel_grid__rosidl_typesupport_fastrtps_cpp.hpp
[1.040s] -- Up-to-date: /home/nth/ros2_ws/install/nav2_msgs/include/nav2_msgs/msg/detail/particle_cloud__rosidl_typesupport_fastrtps_cpp.hpp
[1.040s] -- Up-to-date: /home/nth/ros2_ws/install/nav2_msgs/include/nav2_msgs/msg/detail/behavior_tree_log__rosidl_typesupport_fastrtps_cpp.hpp
[1.040s] -- Up-to-date: /home/nth/ros2_ws/install/nav2_msgs/include/nav2_msgs/msg/detail/particle__rosidl_typesupport_fastrtps_cpp.hpp
[1.040s] -- Up-to-date: /home/nth/ros2_ws/install/nav2_msgs/include/nav2_msgs/msg/detail/behavior_tree_status_change__rosidl_typesupport_fastrtps_cpp.hpp
[1.040s] -- Up-to-date: /home/nth/ros2_ws/install/nav2_msgs/include/nav2_msgs/msg/detail/dds_fastrtps
[1.040s] -- Up-to-date: /home/nth/ros2_ws/install/nav2_msgs/include/nav2_msgs/msg/rosidl_typesupport_fastrtps_cpp__visibility_control.h
[1.040s] -- Up-to-date: /home/nth/ros2_ws/install/nav2_msgs/include/nav2_msgs/action
[1.040s] -- Up-to-date: /home/nth/ros2_ws/install/nav2_msgs/include/nav2_msgs/action/detail
[1.040s] -- Up-to-date: /home/nth/ros2_ws/install/nav2_msgs/include/nav2_msgs/action/detail/compute_path_to_pose__rosidl_typesupport_fastrtps_cpp.hpp
[1.040s] -- Up-to-date: /home/nth/ros2_ws/install/nav2_msgs/include/nav2_msgs/action/detail/spin__rosidl_typesupport_fastrtps_cpp.hpp
[1.040s] -- Up-to-date: /home/nth/ros2_ws/install/nav2_msgs/include/nav2_msgs/action/detail/wait__rosidl_typesupport_fastrtps_cpp.hpp
[1.040s] -- Up-to-date: /home/nth/ros2_ws/install/nav2_msgs/include/nav2_msgs/action/detail/dummy_recovery__rosidl_typesupport_fastrtps_cpp.hpp
[1.040s] -- Up-to-date: /home/nth/ros2_ws/install/nav2_msgs/include/nav2_msgs/action/detail/follow_path__rosidl_typesupport_fastrtps_cpp.hpp
[1.040s] -- Up-to-date: /home/nth/ros2_ws/install/nav2_msgs/include/nav2_msgs/action/detail/follow_waypoints__rosidl_typesupport_fastrtps_cpp.hpp
[1.041s] -- Up-to-date: /home/nth/ros2_ws/install/nav2_msgs/include/nav2_msgs/action/detail/dds_fastrtps
[1.041s] -- Up-to-date: /home/nth/ros2_ws/install/nav2_msgs/include/nav2_msgs/action/detail/navigate_to_pose__rosidl_typesupport_fastrtps_cpp.hpp
[1.041s] -- Up-to-date: /home/nth/ros2_ws/install/nav2_msgs/include/nav2_msgs/action/detail/back_up__rosidl_typesupport_fastrtps_cpp.hpp
[1.041s] -- Up-to-date: /home/nth/ros2_ws/install/nav2_msgs/lib/libnav2_msgs__rosidl_typesupport_fastrtps_cpp.so
[1.041s] -- Up-to-date: /home/nth/ros2_ws/install/nav2_msgs/include/nav2_msgs
[1.041s] -- Up-to-date: /home/nth/ros2_ws/install/nav2_msgs/include/nav2_msgs/srv
[1.041s] -- Up-to-date: /home/nth/ros2_ws/install/nav2_msgs/include/nav2_msgs/srv/detail
[1.041s] -- Up-to-date: /home/nth/ros2_ws/install/nav2_msgs/include/nav2_msgs/srv/detail/manage_lifecycle_nodes__type_support.c
[1.041s] -- Up-to-date: /home/nth/ros2_ws/install/nav2_msgs/include/nav2_msgs/srv/detail/clear_costmap_except_region__rosidl_typesupport_introspection_c.h
[1.041s] -- Up-to-date: /home/nth/ros2_ws/install/nav2_msgs/include/nav2_msgs/srv/detail/clear_entire_costmap__type_support.c
[1.041s] -- Up-to-date: /home/nth/ros2_ws/install/nav2_msgs/include/nav2_msgs/srv/detail/get_costmap__rosidl_typesupport_introspection_c.h
[1.041s] -- Up-to-date: /home/nth/ros2_ws/install/nav2_msgs/include/nav2_msgs/srv/detail/load_map__rosidl_typesupport_introspection_c.h
[1.041s] -- Up-to-date: /home/nth/ros2_ws/install/nav2_msgs/include/nav2_msgs/srv/detail/clear_entire_costmap__rosidl_typesupport_introspection_c.h
[1.041s] -- Up-to-date: /home/nth/ros2_ws/install/nav2_msgs/include/nav2_msgs/srv/detail/save_map__rosidl_typesupport_introspection_c.h
[1.041s] -- Up-to-date: /home/nth/ros2_ws/install/nav2_msgs/include/nav2_msgs/srv/detail/manage_lifecycle_nodes__rosidl_typesupport_introspection_c.h
[1.041s] -- Up-to-date: /home/nth/ros2_ws/install/nav2_msgs/include/nav2_msgs/srv/detail/clear_costmap_around_robot__type_support.c
[1.041s] -- Up-to-date: /home/nth/ros2_ws/install/nav2_msgs/include/nav2_msgs/srv/detail/load_map__type_support.c
[1.041s] -- Up-to-date: /home/nth/ros2_ws/install/nav2_msgs/include/nav2_msgs/srv/detail/save_map__type_support.c
[1.041s] -- Up-to-date: /home/nth/ros2_ws/install/nav2_msgs/include/nav2_msgs/srv/detail/clear_costmap_around_robot__rosidl_typesupport_introspection_c.h
[1.041s] -- Up-to-date: /home/nth/ros2_ws/install/nav2_msgs/include/nav2_msgs/srv/detail/get_costmap__type_support.c
[1.042s] -- Up-to-date: /home/nth/ros2_ws/install/nav2_msgs/include/nav2_msgs/srv/detail/clear_costmap_except_region__type_support.c
[1.042s] -- Up-to-date: /home/nth/ros2_ws/install/nav2_msgs/include/nav2_msgs/msg
[1.042s] -- Up-to-date: /home/nth/ros2_ws/install/nav2_msgs/include/nav2_msgs/msg/detail
[1.042s] -- Up-to-date: /home/nth/ros2_ws/install/nav2_msgs/include/nav2_msgs/msg/detail/behavior_tree_log__type_support.c
[1.042s] -- Up-to-date: /home/nth/ros2_ws/install/nav2_msgs/include/nav2_msgs/msg/detail/particle__type_support.c
[1.042s] -- Up-to-date: /home/nth/ros2_ws/install/nav2_msgs/include/nav2_msgs/msg/detail/behavior_tree_log__rosidl_typesupport_introspection_c.h
[1.042s] -- Up-to-date: /home/nth/ros2_ws/install/nav2_msgs/include/nav2_msgs/msg/detail/voxel_grid__type_support.c
[1.042s] -- Up-to-date: /home/nth/ros2_ws/install/nav2_msgs/include/nav2_msgs/msg/detail/costmap_meta_data__rosidl_typesupport_introspection_c.h
[1.042s] -- Up-to-date: /home/nth/ros2_ws/install/nav2_msgs/include/nav2_msgs/msg/detail/costmap_meta_data__type_support.c
[1.042s] -- Up-to-date: /home/nth/ros2_ws/install/nav2_msgs/include/nav2_msgs/msg/detail/costmap__type_support.c
[1.042s] -- Up-to-date: /home/nth/ros2_ws/install/nav2_msgs/include/nav2_msgs/msg/detail/costmap__rosidl_typesupport_introspection_c.h
[1.042s] -- Up-to-date: /home/nth/ros2_ws/install/nav2_msgs/include/nav2_msgs/msg/detail/voxel_grid__rosidl_typesupport_introspection_c.h
[1.042s] -- Up-to-date: /home/nth/ros2_ws/install/nav2_msgs/include/nav2_msgs/msg/detail/behavior_tree_status_change__rosidl_typesupport_introspection_c.h
[1.042s] -- Up-to-date: /home/nth/ros2_ws/install/nav2_msgs/include/nav2_msgs/msg/detail/particle__rosidl_typesupport_introspection_c.h
[1.042s] -- Up-to-date: /home/nth/ros2_ws/install/nav2_msgs/include/nav2_msgs/msg/detail/behavior_tree_status_change__type_support.c
[1.042s] -- Up-to-date: /home/nth/ros2_ws/install/nav2_msgs/include/nav2_msgs/msg/detail/particle_cloud__type_support.c
[1.042s] -- Up-to-date: /home/nth/ros2_ws/install/nav2_msgs/include/nav2_msgs/msg/detail/particle_cloud__rosidl_typesupport_introspection_c.h
[1.042s] -- Up-to-date: /home/nth/ros2_ws/install/nav2_msgs/include/nav2_msgs/msg/rosidl_typesupport_introspection_c__visibility_control.h
[1.042s] -- Up-to-date: /home/nth/ros2_ws/install/nav2_msgs/include/nav2_msgs/action
[1.043s] -- Up-to-date: /home/nth/ros2_ws/install/nav2_msgs/include/nav2_msgs/action/detail
[1.043s] -- Up-to-date: /home/nth/ros2_ws/install/nav2_msgs/include/nav2_msgs/action/detail/compute_path_to_pose__rosidl_typesupport_introspection_c.h
[1.043s] -- Up-to-date: /home/nth/ros2_ws/install/nav2_msgs/include/nav2_msgs/action/detail/wait__type_support.c
[1.043s] -- Up-to-date: /home/nth/ros2_ws/install/nav2_msgs/include/nav2_msgs/action/detail/spin__type_support.c
[1.043s] -- Up-to-date: /home/nth/ros2_ws/install/nav2_msgs/include/nav2_msgs/action/detail/compute_path_to_pose__type_support.c
[1.043s] -- Up-to-date: /home/nth/ros2_ws/install/nav2_msgs/include/nav2_msgs/action/detail/dummy_recovery__rosidl_typesupport_introspection_c.h
[1.043s] -- Up-to-date: /home/nth/ros2_ws/install/nav2_msgs/include/nav2_msgs/action/detail/wait__rosidl_typesupport_introspection_c.h
[1.043s] -- Up-to-date: /home/nth/ros2_ws/install/nav2_msgs/include/nav2_msgs/action/detail/spin__rosidl_typesupport_introspection_c.h
[1.043s] -- Up-to-date: /home/nth/ros2_ws/install/nav2_msgs/include/nav2_msgs/action/detail/follow_waypoints__rosidl_typesupport_introspection_c.h
[1.043s] -- Up-to-date: /home/nth/ros2_ws/install/nav2_msgs/include/nav2_msgs/action/detail/dummy_recovery__type_support.c
[1.043s] -- Up-to-date: /home/nth/ros2_ws/install/nav2_msgs/include/nav2_msgs/action/detail/follow_path__type_support.c
[1.043s] -- Up-to-date: /home/nth/ros2_ws/install/nav2_msgs/include/nav2_msgs/action/detail/back_up__type_support.c
[1.043s] -- Up-to-date: /home/nth/ros2_ws/install/nav2_msgs/include/nav2_msgs/action/detail/follow_path__rosidl_typesupport_introspection_c.h
[1.043s] -- Up-to-date: /home/nth/ros2_ws/install/nav2_msgs/include/nav2_msgs/action/detail/navigate_to_pose__type_support.c
[1.043s] -- Up-to-date: /home/nth/ros2_ws/install/nav2_msgs/include/nav2_msgs/action/detail/follow_waypoints__type_support.c
[1.043s] -- Up-to-date: /home/nth/ros2_ws/install/nav2_msgs/include/nav2_msgs/action/detail/navigate_to_pose__rosidl_typesupport_introspection_c.h
[1.043s] -- Up-to-date: /home/nth/ros2_ws/install/nav2_msgs/include/nav2_msgs/action/detail/back_up__rosidl_typesupport_introspection_c.h
[1.043s] -- Up-to-date: /home/nth/ros2_ws/install/nav2_msgs/lib/libnav2_msgs__rosidl_typesupport_introspection_c.so
[1.044s] -- Up-to-date: /home/nth/ros2_ws/install/nav2_msgs/lib/libnav2_msgs__rosidl_typesupport_c.so
[1.044s] -- Up-to-date: /home/nth/ros2_ws/install/nav2_msgs/include/nav2_msgs
[1.044s] -- Up-to-date: /home/nth/ros2_ws/install/nav2_msgs/include/nav2_msgs/srv
[1.044s] -- Up-to-date: /home/nth/ros2_ws/install/nav2_msgs/include/nav2_msgs/srv/detail
[1.044s] -- Up-to-date: /home/nth/ros2_ws/install/nav2_msgs/include/nav2_msgs/srv/detail/load_map__traits.hpp
[1.044s] -- Up-to-date: /home/nth/ros2_ws/install/nav2_msgs/include/nav2_msgs/srv/detail/manage_lifecycle_nodes__traits.hpp
[1.044s] -- Up-to-date: /home/nth/ros2_ws/install/nav2_msgs/include/nav2_msgs/srv/detail/manage_lifecycle_nodes__struct.hpp
[1.044s] -- Up-to-date: /home/nth/ros2_ws/install/nav2_msgs/include/nav2_msgs/srv/detail/save_map__builder.hpp
[1.044s] -- Up-to-date: /home/nth/ros2_ws/install/nav2_msgs/include/nav2_msgs/srv/detail/get_costmap__struct.hpp
[1.044s] -- Up-to-date: /home/nth/ros2_ws/install/nav2_msgs/include/nav2_msgs/srv/detail/load_map__struct.hpp
[1.044s] -- Up-to-date: /home/nth/ros2_ws/install/nav2_msgs/include/nav2_msgs/srv/detail/clear_costmap_around_robot__struct.hpp
[1.044s] -- Up-to-date: /home/nth/ros2_ws/install/nav2_msgs/include/nav2_msgs/srv/detail/clear_costmap_except_region__builder.hpp
[1.044s] -- Up-to-date: /home/nth/ros2_ws/install/nav2_msgs/include/nav2_msgs/srv/detail/get_costmap__traits.hpp
[1.044s] -- Up-to-date: /home/nth/ros2_ws/install/nav2_msgs/include/nav2_msgs/srv/detail/save_map__traits.hpp
[1.044s] -- Up-to-date: /home/nth/ros2_ws/install/nav2_msgs/include/nav2_msgs/srv/detail/save_map__struct.hpp
[1.044s] -- Up-to-date: /home/nth/ros2_ws/install/nav2_msgs/include/nav2_msgs/srv/detail/clear_entire_costmap__traits.hpp
[1.044s] -- Up-to-date: /home/nth/ros2_ws/install/nav2_msgs/include/nav2_msgs/srv/detail/manage_lifecycle_nodes__builder.hpp
[1.045s] -- Up-to-date: /home/nth/ros2_ws/install/nav2_msgs/include/nav2_msgs/srv/detail/clear_costmap_around_robot__traits.hpp
[1.045s] -- Up-to-date: /home/nth/ros2_ws/install/nav2_msgs/include/nav2_msgs/srv/detail/clear_costmap_except_region__traits.hpp
[1.045s] -- Up-to-date: /home/nth/ros2_ws/install/nav2_msgs/include/nav2_msgs/srv/detail/clear_entire_costmap__builder.hpp
[1.045s] -- Up-to-date: /home/nth/ros2_ws/install/nav2_msgs/include/nav2_msgs/srv/detail/clear_costmap_except_region__struct.hpp
[1.045s] -- Up-to-date: /home/nth/ros2_ws/install/nav2_msgs/include/nav2_msgs/srv/detail/get_costmap__builder.hpp
[1.045s] -- Up-to-date: /home/nth/ros2_ws/install/nav2_msgs/include/nav2_msgs/srv/detail/clear_costmap_around_robot__builder.hpp
[1.045s] -- Up-to-date: /home/nth/ros2_ws/install/nav2_msgs/include/nav2_msgs/srv/detail/load_map__builder.hpp
[1.045s] -- Up-to-date: /home/nth/ros2_ws/install/nav2_msgs/include/nav2_msgs/srv/detail/clear_entire_costmap__struct.hpp
[1.045s] -- Up-to-date: /home/nth/ros2_ws/install/nav2_msgs/include/nav2_msgs/srv/clear_costmap_except_region.hpp
[1.045s] -- Up-to-date: /home/nth/ros2_ws/install/nav2_msgs/include/nav2_msgs/srv/save_map.hpp
[1.045s] -- Up-to-date: /home/nth/ros2_ws/install/nav2_msgs/include/nav2_msgs/srv/manage_lifecycle_nodes.hpp
[1.045s] -- Up-to-date: /home/nth/ros2_ws/install/nav2_msgs/include/nav2_msgs/srv/load_map.hpp
[1.045s] -- Up-to-date: /home/nth/ros2_ws/install/nav2_msgs/include/nav2_msgs/srv/clear_entire_costmap.hpp
[1.045s] -- Up-to-date: /home/nth/ros2_ws/install/nav2_msgs/include/nav2_msgs/srv/get_costmap.hpp
[1.045s] -- Up-to-date: /home/nth/ros2_ws/install/nav2_msgs/include/nav2_msgs/srv/clear_costmap_around_robot.hpp
[1.045s] -- Up-to-date: /home/nth/ros2_ws/install/nav2_msgs/include/nav2_msgs/msg
[1.045s] -- Up-to-date: /home/nth/ros2_ws/install/nav2_msgs/include/nav2_msgs/msg/detail
[1.045s] -- Up-to-date: /home/nth/ros2_ws/install/nav2_msgs/include/nav2_msgs/msg/detail/particle_cloud__builder.hpp
[1.045s] -- Up-to-date: /home/nth/ros2_ws/install/nav2_msgs/include/nav2_msgs/msg/detail/costmap_meta_data__traits.hpp
[1.046s] -- Up-to-date: /home/nth/ros2_ws/install/nav2_msgs/include/nav2_msgs/msg/detail/costmap__traits.hpp
[1.046s] -- Up-to-date: /home/nth/ros2_ws/install/nav2_msgs/include/nav2_msgs/msg/detail/behavior_tree_status_change__builder.hpp
[1.046s] -- Up-to-date: /home/nth/ros2_ws/install/nav2_msgs/include/nav2_msgs/msg/detail/particle__struct.hpp
[1.046s] -- Up-to-date: /home/nth/ros2_ws/install/nav2_msgs/include/nav2_msgs/msg/detail/particle_cloud__traits.hpp
[1.046s] -- Up-to-date: /home/nth/ros2_ws/install/nav2_msgs/include/nav2_msgs/msg/detail/behavior_tree_log__traits.hpp
[1.046s] -- Up-to-date: /home/nth/ros2_ws/install/nav2_msgs/include/nav2_msgs/msg/detail/particle__builder.hpp
[1.046s] -- Up-to-date: /home/nth/ros2_ws/install/nav2_msgs/include/nav2_msgs/msg/detail/behavior_tree_log__builder.hpp
[1.046s] -- Up-to-date: /home/nth/ros2_ws/install/nav2_msgs/include/nav2_msgs/msg/detail/particle__traits.hpp
[1.046s] -- Up-to-date: /home/nth/ros2_ws/install/nav2_msgs/include/nav2_msgs/msg/detail/costmap__builder.hpp
[1.046s] -- Up-to-date: /home/nth/ros2_ws/install/nav2_msgs/include/nav2_msgs/msg/detail/costmap__struct.hpp
[1.046s] -- Up-to-date: /home/nth/ros2_ws/install/nav2_msgs/include/nav2_msgs/msg/detail/behavior_tree_status_change__struct.hpp
[1.046s] -- Up-to-date: /home/nth/ros2_ws/install/nav2_msgs/include/nav2_msgs/msg/detail/costmap_meta_data__struct.hpp
[1.046s] -- Up-to-date: /home/nth/ros2_ws/install/nav2_msgs/include/nav2_msgs/msg/detail/voxel_grid__struct.hpp
[1.046s] -- Up-to-date: /home/nth/ros2_ws/install/nav2_msgs/include/nav2_msgs/msg/detail/behavior_tree_status_change__traits.hpp
[1.046s] -- Up-to-date: /home/nth/ros2_ws/install/nav2_msgs/include/nav2_msgs/msg/detail/voxel_grid__traits.hpp
[1.046s] -- Up-to-date: /home/nth/ros2_ws/install/nav2_msgs/include/nav2_msgs/msg/detail/particle_cloud__struct.hpp
[1.046s] -- Up-to-date: /home/nth/ros2_ws/install/nav2_msgs/include/nav2_msgs/msg/detail/behavior_tree_log__struct.hpp
[1.046s] -- Up-to-date: /home/nth/ros2_ws/install/nav2_msgs/include/nav2_msgs/msg/detail/costmap_meta_data__builder.hpp
[1.047s] -- Up-to-date: /home/nth/ros2_ws/install/nav2_msgs/include/nav2_msgs/msg/detail/voxel_grid__builder.hpp
[1.047s] -- Up-to-date: /home/nth/ros2_ws/install/nav2_msgs/include/nav2_msgs/msg/particle_cloud.hpp
[1.047s] -- Up-to-date: /home/nth/ros2_ws/install/nav2_msgs/include/nav2_msgs/msg/behavior_tree_log.hpp
[1.047s] -- Up-to-date: /home/nth/ros2_ws/install/nav2_msgs/include/nav2_msgs/msg/behavior_tree_status_change.hpp
[1.047s] -- Up-to-date: /home/nth/ros2_ws/install/nav2_msgs/include/nav2_msgs/msg/costmap.hpp
[1.047s] -- Up-to-date: /home/nth/ros2_ws/install/nav2_msgs/include/nav2_msgs/msg/particle.hpp
[1.047s] -- Up-to-date: /home/nth/ros2_ws/install/nav2_msgs/include/nav2_msgs/msg/voxel_grid.hpp
[1.047s] -- Up-to-date: /home/nth/ros2_ws/install/nav2_msgs/include/nav2_msgs/msg/costmap_meta_data.hpp
[1.047s] -- Up-to-date: /home/nth/ros2_ws/install/nav2_msgs/include/nav2_msgs/action
[1.047s] -- Up-to-date: /home/nth/ros2_ws/install/nav2_msgs/include/nav2_msgs/action/detail
[1.047s] -- Up-to-date: /home/nth/ros2_ws/install/nav2_msgs/include/nav2_msgs/action/detail/navigate_to_pose__builder.hpp
[1.047s] -- Up-to-date: /home/nth/ros2_ws/install/nav2_msgs/include/nav2_msgs/action/detail/dummy_recovery__traits.hpp
[1.047s] -- Up-to-date: /home/nth/ros2_ws/install/nav2_msgs/include/nav2_msgs/action/detail/spin__struct.hpp
[1.047s] -- Up-to-date: /home/nth/ros2_ws/install/nav2_msgs/include/nav2_msgs/action/detail/wait__traits.hpp
[1.047s] -- Up-to-date: /home/nth/ros2_ws/install/nav2_msgs/include/nav2_msgs/action/detail/dummy_recovery__struct.hpp
[1.047s] -- Up-to-date: /home/nth/ros2_ws/install/nav2_msgs/include/nav2_msgs/action/detail/back_up__traits.hpp
[1.047s] -- Up-to-date: /home/nth/ros2_ws/install/nav2_msgs/include/nav2_msgs/action/detail/follow_path__struct.hpp
[1.048s] -- Up-to-date: /home/nth/ros2_ws/install/nav2_msgs/include/nav2_msgs/action/detail/wait__builder.hpp
[1.048s] -- Up-to-date: /home/nth/ros2_ws/install/nav2_msgs/include/nav2_msgs/action/detail/follow_waypoints__traits.hpp
[1.048s] -- Up-to-date: /home/nth/ros2_ws/install/nav2_msgs/include/nav2_msgs/action/detail/compute_path_to_pose__struct.hpp
[1.048s] -- Up-to-date: /home/nth/ros2_ws/install/nav2_msgs/include/nav2_msgs/action/detail/dummy_recovery__builder.hpp
[1.048s] -- Up-to-date: /home/nth/ros2_ws/install/nav2_msgs/include/nav2_msgs/action/detail/follow_path__traits.hpp
[1.048s] -- Up-to-date: /home/nth/ros2_ws/install/nav2_msgs/include/nav2_msgs/action/detail/compute_path_to_pose__traits.hpp
[1.048s] -- Up-to-date: /home/nth/ros2_ws/install/nav2_msgs/include/nav2_msgs/action/detail/follow_waypoints__struct.hpp
[1.048s] -- Up-to-date: /home/nth/ros2_ws/install/nav2_msgs/include/nav2_msgs/action/detail/back_up__builder.hpp
[1.048s] -- Up-to-date: /home/nth/ros2_ws/install/nav2_msgs/include/nav2_msgs/action/detail/compute_path_to_pose__builder.hpp
[1.048s] -- Up-to-date: /home/nth/ros2_ws/install/nav2_msgs/include/nav2_msgs/action/detail/wait__struct.hpp
[1.048s] -- Up-to-date: /home/nth/ros2_ws/install/nav2_msgs/include/nav2_msgs/action/detail/follow_path__builder.hpp
[1.048s] -- Up-to-date: /home/nth/ros2_ws/install/nav2_msgs/include/nav2_msgs/action/detail/navigate_to_pose__struct.hpp
[1.048s] -- Up-to-date: /home/nth/ros2_ws/install/nav2_msgs/include/nav2_msgs/action/detail/follow_waypoints__builder.hpp
[1.048s] -- Up-to-date: /home/nth/ros2_ws/install/nav2_msgs/include/nav2_msgs/action/detail/spin__traits.hpp
[1.048s] -- Up-to-date: /home/nth/ros2_ws/install/nav2_msgs/include/nav2_msgs/action/detail/navigate_to_pose__traits.hpp
[1.048s] -- Up-to-date: /home/nth/ros2_ws/install/nav2_msgs/include/nav2_msgs/action/detail/back_up__struct.hpp
[1.048s] -- Up-to-date: /home/nth/ros2_ws/install/nav2_msgs/include/nav2_msgs/action/detail/spin__builder.hpp
[1.048s] -- Up-to-date: /home/nth/ros2_ws/install/nav2_msgs/include/nav2_msgs/action/spin.hpp
[1.049s] -- Up-to-date: /home/nth/ros2_ws/install/nav2_msgs/include/nav2_msgs/action/dummy_recovery.hpp
[1.049s] -- Up-to-date: /home/nth/ros2_ws/install/nav2_msgs/include/nav2_msgs/action/navigate_to_pose.hpp
[1.049s] -- Up-to-date: /home/nth/ros2_ws/install/nav2_msgs/include/nav2_msgs/action/back_up.hpp
[1.049s] -- Up-to-date: /home/nth/ros2_ws/install/nav2_msgs/include/nav2_msgs/action/wait.hpp
[1.049s] -- Up-to-date: /home/nth/ros2_ws/install/nav2_msgs/include/nav2_msgs/action/follow_path.hpp
[1.049s] -- Up-to-date: /home/nth/ros2_ws/install/nav2_msgs/include/nav2_msgs/action/follow_waypoints.hpp
[1.049s] -- Up-to-date: /home/nth/ros2_ws/install/nav2_msgs/include/nav2_msgs/action/compute_path_to_pose.hpp
[1.049s] -- Up-to-date: /home/nth/ros2_ws/install/nav2_msgs/include/nav2_msgs
[1.049s] -- Up-to-date: /home/nth/ros2_ws/install/nav2_msgs/include/nav2_msgs/srv
[1.049s] -- Up-to-date: /home/nth/ros2_ws/install/nav2_msgs/include/nav2_msgs/srv/detail
[1.049s] -- Up-to-date: /home/nth/ros2_ws/install/nav2_msgs/include/nav2_msgs/srv/detail/clear_costmap_around_robot__type_support.cpp
[1.049s] -- Up-to-date: /home/nth/ros2_ws/install/nav2_msgs/include/nav2_msgs/srv/detail/manage_lifecycle_nodes__rosidl_typesupport_introspection_cpp.hpp
[1.049s] -- Up-to-date: /home/nth/ros2_ws/install/nav2_msgs/include/nav2_msgs/srv/detail/clear_costmap_around_robot__rosidl_typesupport_introspection_cpp.hpp
[1.049s] -- Up-to-date: /home/nth/ros2_ws/install/nav2_msgs/include/nav2_msgs/srv/detail/manage_lifecycle_nodes__type_support.cpp
[1.049s] -- Up-to-date: /home/nth/ros2_ws/install/nav2_msgs/include/nav2_msgs/srv/detail/clear_costmap_except_region__rosidl_typesupport_introspection_cpp.hpp
[1.049s] -- Up-to-date: /home/nth/ros2_ws/install/nav2_msgs/include/nav2_msgs/srv/detail/save_map__type_support.cpp
[1.049s] -- Up-to-date: /home/nth/ros2_ws/install/nav2_msgs/include/nav2_msgs/srv/detail/clear_entire_costmap__rosidl_typesupport_introspection_cpp.hpp
[1.049s] -- Up-to-date: /home/nth/ros2_ws/install/nav2_msgs/include/nav2_msgs/srv/detail/get_costmap__type_support.cpp
[1.049s] -- Up-to-date: /home/nth/ros2_ws/install/nav2_msgs/include/nav2_msgs/srv/detail/clear_entire_costmap__type_support.cpp
[1.050s] -- Up-to-date: /home/nth/ros2_ws/install/nav2_msgs/include/nav2_msgs/srv/detail/load_map__type_support.cpp
[1.050s] -- Up-to-date: /home/nth/ros2_ws/install/nav2_msgs/include/nav2_msgs/srv/detail/clear_costmap_except_region__type_support.cpp
[1.050s] -- Up-to-date: /home/nth/ros2_ws/install/nav2_msgs/include/nav2_msgs/srv/detail/save_map__rosidl_typesupport_introspection_cpp.hpp
[1.050s] -- Up-to-date: /home/nth/ros2_ws/install/nav2_msgs/include/nav2_msgs/srv/detail/get_costmap__rosidl_typesupport_introspection_cpp.hpp
[1.050s] -- Up-to-date: /home/nth/ros2_ws/install/nav2_msgs/include/nav2_msgs/srv/detail/load_map__rosidl_typesupport_introspection_cpp.hpp
[1.050s] -- Up-to-date: /home/nth/ros2_ws/install/nav2_msgs/include/nav2_msgs/msg
[1.050s] -- Up-to-date: /home/nth/ros2_ws/install/nav2_msgs/include/nav2_msgs/msg/detail
[1.050s] -- Up-to-date: /home/nth/ros2_ws/install/nav2_msgs/include/nav2_msgs/msg/detail/particle__rosidl_typesupport_introspection_cpp.hpp
[1.050s] -- Up-to-date: /home/nth/ros2_ws/install/nav2_msgs/include/nav2_msgs/msg/detail/behavior_tree_log__rosidl_typesupport_introspection_cpp.hpp
[1.050s] -- Up-to-date: /home/nth/ros2_ws/install/nav2_msgs/include/nav2_msgs/msg/detail/costmap_meta_data__type_support.cpp
[1.050s] -- Up-to-date: /home/nth/ros2_ws/install/nav2_msgs/include/nav2_msgs/msg/detail/behavior_tree_status_change__type_support.cpp
[1.050s] -- Up-to-date: /home/nth/ros2_ws/install/nav2_msgs/include/nav2_msgs/msg/detail/behavior_tree_status_change__rosidl_typesupport_introspection_cpp.hpp
[1.050s] -- Up-to-date: /home/nth/ros2_ws/install/nav2_msgs/include/nav2_msgs/msg/detail/voxel_grid__type_support.cpp
[1.050s] -- Up-to-date: /home/nth/ros2_ws/install/nav2_msgs/include/nav2_msgs/msg/detail/voxel_grid__rosidl_typesupport_introspection_cpp.hpp
[1.050s] -- Up-to-date: /home/nth/ros2_ws/install/nav2_msgs/include/nav2_msgs/msg/detail/particle__type_support.cpp
[1.050s] -- Up-to-date: /home/nth/ros2_ws/install/nav2_msgs/include/nav2_msgs/msg/detail/costmap__rosidl_typesupport_introspection_cpp.hpp
[1.050s] -- Up-to-date: /home/nth/ros2_ws/install/nav2_msgs/include/nav2_msgs/msg/detail/behavior_tree_log__type_support.cpp
[1.050s] -- Up-to-date: /home/nth/ros2_ws/install/nav2_msgs/include/nav2_msgs/msg/detail/particle_cloud__rosidl_typesupport_introspection_cpp.hpp
[1.051s] -- Up-to-date: /home/nth/ros2_ws/install/nav2_msgs/include/nav2_msgs/msg/detail/particle_cloud__type_support.cpp
[1.051s] -- Up-to-date: /home/nth/ros2_ws/install/nav2_msgs/include/nav2_msgs/msg/detail/costmap__type_support.cpp
[1.051s] -- Up-to-date: /home/nth/ros2_ws/install/nav2_msgs/include/nav2_msgs/msg/detail/costmap_meta_data__rosidl_typesupport_introspection_cpp.hpp
[1.051s] -- Up-to-date: /home/nth/ros2_ws/install/nav2_msgs/include/nav2_msgs/action
[1.051s] -- Up-to-date: /home/nth/ros2_ws/install/nav2_msgs/include/nav2_msgs/action/detail
[1.051s] -- Up-to-date: /home/nth/ros2_ws/install/nav2_msgs/include/nav2_msgs/action/detail/follow_path__type_support.cpp
[1.051s] -- Up-to-date: /home/nth/ros2_ws/install/nav2_msgs/include/nav2_msgs/action/detail/wait__rosidl_typesupport_introspection_cpp.hpp
[1.051s] -- Up-to-date: /home/nth/ros2_ws/install/nav2_msgs/include/nav2_msgs/action/detail/back_up__rosidl_typesupport_introspection_cpp.hpp
[1.051s] -- Up-to-date: /home/nth/ros2_ws/install/nav2_msgs/include/nav2_msgs/action/detail/wait__type_support.cpp
[1.051s] -- Up-to-date: /home/nth/ros2_ws/install/nav2_msgs/include/nav2_msgs/action/detail/spin__rosidl_typesupport_introspection_cpp.hpp
[1.051s] -- Up-to-date: /home/nth/ros2_ws/install/nav2_msgs/include/nav2_msgs/action/detail/navigate_to_pose__type_support.cpp
[1.051s] -- Up-to-date: /home/nth/ros2_ws/install/nav2_msgs/include/nav2_msgs/action/detail/spin__type_support.cpp
[1.051s] -- Up-to-date: /home/nth/ros2_ws/install/nav2_msgs/include/nav2_msgs/action/detail/follow_path__rosidl_typesupport_introspection_cpp.hpp
[1.051s] -- Up-to-date: /home/nth/ros2_ws/install/nav2_msgs/include/nav2_msgs/action/detail/back_up__type_support.cpp
[1.051s] -- Up-to-date: /home/nth/ros2_ws/install/nav2_msgs/include/nav2_msgs/action/detail/dummy_recovery__rosidl_typesupport_introspection_cpp.hpp
[1.051s] -- Up-to-date: /home/nth/ros2_ws/install/nav2_msgs/include/nav2_msgs/action/detail/navigate_to_pose__rosidl_typesupport_introspection_cpp.hpp
[1.052s] -- Up-to-date: /home/nth/ros2_ws/install/nav2_msgs/include/nav2_msgs/action/detail/compute_path_to_pose__type_support.cpp
[1.052s] -- Up-to-date: /home/nth/ros2_ws/install/nav2_msgs/include/nav2_msgs/action/detail/follow_waypoints__rosidl_typesupport_introspection_cpp.hpp
[1.052s] -- Up-to-date: /home/nth/ros2_ws/install/nav2_msgs/include/nav2_msgs/action/detail/dummy_recovery__type_support.cpp
[1.052s] -- Up-to-date: /home/nth/ros2_ws/install/nav2_msgs/include/nav2_msgs/action/detail/compute_path_to_pose__rosidl_typesupport_introspection_cpp.hpp
[1.052s] -- Up-to-date: /home/nth/ros2_ws/install/nav2_msgs/include/nav2_msgs/action/detail/follow_waypoints__type_support.cpp
[1.052s] -- Up-to-date: /home/nth/ros2_ws/install/nav2_msgs/lib/libnav2_msgs__rosidl_typesupport_introspection_cpp.so
[1.052s] -- Up-to-date: /home/nth/ros2_ws/install/nav2_msgs/lib/libnav2_msgs__rosidl_typesupport_cpp.so
[1.052s] -- Up-to-date: /home/nth/ros2_ws/install/nav2_msgs/share/nav2_msgs/environment/pythonpath.sh
[1.052s] -- Up-to-date: /home/nth/ros2_ws/install/nav2_msgs/share/nav2_msgs/environment/pythonpath.dsv
[1.052s] -- Up-to-date: /home/nth/ros2_ws/install/nav2_msgs/lib/python3.8/site-packages/nav2_msgs/__init__.py
[1.071s] -- Up-to-date: /home/nth/ros2_ws/install/nav2_msgs/lib/python3.8/site-packages/nav2_msgs/msg
[1.071s] -- Up-to-date: /home/nth/ros2_ws/install/nav2_msgs/lib/python3.8/site-packages/nav2_msgs/msg/_behavior_tree_status_change_s.c
[1.071s] -- Up-to-date: /home/nth/ros2_ws/install/nav2_msgs/lib/python3.8/site-packages/nav2_msgs/msg/_behavior_tree_status_change.py
[1.072s] -- Up-to-date: /home/nth/ros2_ws/install/nav2_msgs/lib/python3.8/site-packages/nav2_msgs/msg/_particle_cloud.py
[1.072s] -- Up-to-date: /home/nth/ros2_ws/install/nav2_msgs/lib/python3.8/site-packages/nav2_msgs/msg/_particle_s.c
[1.072s] -- Up-to-date: /home/nth/ros2_ws/install/nav2_msgs/lib/python3.8/site-packages/nav2_msgs/msg/_costmap_meta_data.py
[1.072s] -- Up-to-date: /home/nth/ros2_ws/install/nav2_msgs/lib/python3.8/site-packages/nav2_msgs/msg/_costmap_s.c
[1.072s] -- Up-to-date: /home/nth/ros2_ws/install/nav2_msgs/lib/python3.8/site-packages/nav2_msgs/msg/__init__.py
[1.073s] -- Up-to-date: /home/nth/ros2_ws/install/nav2_msgs/lib/python3.8/site-packages/nav2_msgs/msg/_particle_cloud_s.c
[1.073s] -- Up-to-date: /home/nth/ros2_ws/install/nav2_msgs/lib/python3.8/site-packages/nav2_msgs/msg/_particle.py
[1.073s] -- Up-to-date: /home/nth/ros2_ws/install/nav2_msgs/lib/python3.8/site-packages/nav2_msgs/msg/_voxel_grid.py
[1.073s] -- Up-to-date: /home/nth/ros2_ws/install/nav2_msgs/lib/python3.8/site-packages/nav2_msgs/msg/_voxel_grid_s.c
[1.073s] -- Up-to-date: /home/nth/ros2_ws/install/nav2_msgs/lib/python3.8/site-packages/nav2_msgs/msg/_behavior_tree_log.py
[1.073s] -- Up-to-date: /home/nth/ros2_ws/install/nav2_msgs/lib/python3.8/site-packages/nav2_msgs/msg/_costmap.py
[1.073s] -- Up-to-date: /home/nth/ros2_ws/install/nav2_msgs/lib/python3.8/site-packages/nav2_msgs/msg/_costmap_meta_data_s.c
[1.073s] -- Up-to-date: /home/nth/ros2_ws/install/nav2_msgs/lib/python3.8/site-packages/nav2_msgs/msg/_behavior_tree_log_s.c
[1.073s] -- Up-to-date: /home/nth/ros2_ws/install/nav2_msgs/lib/python3.8/site-packages/nav2_msgs/srv
[1.074s] -- Up-to-date: /home/nth/ros2_ws/install/nav2_msgs/lib/python3.8/site-packages/nav2_msgs/srv/_get_costmap_s.c
[1.074s] -- Up-to-date: /home/nth/ros2_ws/install/nav2_msgs/lib/python3.8/site-packages/nav2_msgs/srv/_save_map_s.c
[1.074s] -- Up-to-date: /home/nth/ros2_ws/install/nav2_msgs/lib/python3.8/site-packages/nav2_msgs/srv/_clear_entire_costmap_s.c
[1.074s] -- Up-to-date: /home/nth/ros2_ws/install/nav2_msgs/lib/python3.8/site-packages/nav2_msgs/srv/_clear_costmap_except_region_s.c
[1.074s] -- Up-to-date: /home/nth/ros2_ws/install/nav2_msgs/lib/python3.8/site-packages/nav2_msgs/srv/_load_map_s.c
[1.074s] -- Up-to-date: /home/nth/ros2_ws/install/nav2_msgs/lib/python3.8/site-packages/nav2_msgs/srv/_manage_lifecycle_nodes_s.c
[1.074s] -- Up-to-date: /home/nth/ros2_ws/install/nav2_msgs/lib/python3.8/site-packages/nav2_msgs/srv/_clear_costmap_around_robot_s.c
[1.074s] -- Up-to-date: /home/nth/ros2_ws/install/nav2_msgs/lib/python3.8/site-packages/nav2_msgs/srv/_clear_entire_costmap.py
[1.074s] -- Up-to-date: /home/nth/ros2_ws/install/nav2_msgs/lib/python3.8/site-packages/nav2_msgs/srv/_clear_costmap_around_robot.py
[1.074s] -- Up-to-date: /home/nth/ros2_ws/install/nav2_msgs/lib/python3.8/site-packages/nav2_msgs/srv/__init__.py
[1.075s] -- Up-to-date: /home/nth/ros2_ws/install/nav2_msgs/lib/python3.8/site-packages/nav2_msgs/srv/_save_map.py
[1.075s] -- Up-to-date: /home/nth/ros2_ws/install/nav2_msgs/lib/python3.8/site-packages/nav2_msgs/srv/_manage_lifecycle_nodes.py
[1.075s] -- Up-to-date: /home/nth/ros2_ws/install/nav2_msgs/lib/python3.8/site-packages/nav2_msgs/srv/_get_costmap.py
[1.075s] -- Up-to-date: /home/nth/ros2_ws/install/nav2_msgs/lib/python3.8/site-packages/nav2_msgs/srv/_load_map.py
[1.075s] -- Up-to-date: /home/nth/ros2_ws/install/nav2_msgs/lib/python3.8/site-packages/nav2_msgs/srv/_clear_costmap_except_region.py
[1.075s] -- Up-to-date: /home/nth/ros2_ws/install/nav2_msgs/lib/python3.8/site-packages/nav2_msgs/action
[1.075s] -- Up-to-date: /home/nth/ros2_ws/install/nav2_msgs/lib/python3.8/site-packages/nav2_msgs/action/_follow_path.py
[1.075s] -- Up-to-date: /home/nth/ros2_ws/install/nav2_msgs/lib/python3.8/site-packages/nav2_msgs/action/_wait.py
[1.076s] -- Up-to-date: /home/nth/ros2_ws/install/nav2_msgs/lib/python3.8/site-packages/nav2_msgs/action/_compute_path_to_pose.py
[1.076s] -- Up-to-date: /home/nth/ros2_ws/install/nav2_msgs/lib/python3.8/site-packages/nav2_msgs/action/_spin_s.c
[1.076s] -- Up-to-date: /home/nth/ros2_ws/install/nav2_msgs/lib/python3.8/site-packages/nav2_msgs/action/_follow_path_s.c
[1.076s] -- Up-to-date: /home/nth/ros2_ws/install/nav2_msgs/lib/python3.8/site-packages/nav2_msgs/action/_navigate_to_pose.py
[1.076s] -- Up-to-date: /home/nth/ros2_ws/install/nav2_msgs/lib/python3.8/site-packages/nav2_msgs/action/_follow_waypoints.py
[1.076s] -- Up-to-date: /home/nth/ros2_ws/install/nav2_msgs/lib/python3.8/site-packages/nav2_msgs/action/_follow_waypoints_s.c
[1.076s] -- Up-to-date: /home/nth/ros2_ws/install/nav2_msgs/lib/python3.8/site-packages/nav2_msgs/action/_dummy_recovery.py
[1.077s] -- Up-to-date: /home/nth/ros2_ws/install/nav2_msgs/lib/python3.8/site-packages/nav2_msgs/action/_compute_path_to_pose_s.c
[1.077s] -- Up-to-date: /home/nth/ros2_ws/install/nav2_msgs/lib/python3.8/site-packages/nav2_msgs/action/_back_up.py
[1.077s] -- Up-to-date: /home/nth/ros2_ws/install/nav2_msgs/lib/python3.8/site-packages/nav2_msgs/action/_navigate_to_pose_s.c
[1.077s] -- Up-to-date: /home/nth/ros2_ws/install/nav2_msgs/lib/python3.8/site-packages/nav2_msgs/action/_wait_s.c
[1.077s] -- Up-to-date: /home/nth/ros2_ws/install/nav2_msgs/lib/python3.8/site-packages/nav2_msgs/action/_dummy_recovery_s.c
[1.077s] -- Up-to-date: /home/nth/ros2_ws/install/nav2_msgs/lib/python3.8/site-packages/nav2_msgs/action/__init__.py
[1.077s] -- Up-to-date: /home/nth/ros2_ws/install/nav2_msgs/lib/python3.8/site-packages/nav2_msgs/action/_back_up_s.c
[1.078s] -- Up-to-date: /home/nth/ros2_ws/install/nav2_msgs/lib/python3.8/site-packages/nav2_msgs/action/_spin.py
[1.078s] -- Up-to-date: /home/nth/ros2_ws/install/nav2_msgs/lib/python3.8/site-packages/nav2_msgs/nav2_msgs_s__rosidl_typesupport_fastrtps_c.cpython-38-x86_64-linux-gnu.so
[1.078s] -- Up-to-date: /home/nth/ros2_ws/install/nav2_msgs/lib/python3.8/site-packages/nav2_msgs/nav2_msgs_s__rosidl_typesupport_introspection_c.cpython-38-x86_64-linux-gnu.so
[1.078s] -- Up-to-date: /home/nth/ros2_ws/install/nav2_msgs/lib/python3.8/site-packages/nav2_msgs/nav2_msgs_s__rosidl_typesupport_c.cpython-38-x86_64-linux-gnu.so
[1.078s] -- Up-to-date: /home/nth/ros2_ws/install/nav2_msgs/lib/libnav2_msgs__python.so
[1.078s] -- Up-to-date: /home/nth/ros2_ws/install/nav2_msgs/share/nav2_msgs/msg/Costmap.idl
[1.078s] -- Up-to-date: /home/nth/ros2_ws/install/nav2_msgs/share/nav2_msgs/msg/CostmapMetaData.idl
[1.079s] -- Up-to-date: /home/nth/ros2_ws/install/nav2_msgs/share/nav2_msgs/msg/VoxelGrid.idl
[1.079s] -- Up-to-date: /home/nth/ros2_ws/install/nav2_msgs/share/nav2_msgs/msg/BehaviorTreeStatusChange.idl
[1.079s] -- Up-to-date: /home/nth/ros2_ws/install/nav2_msgs/share/nav2_msgs/msg/BehaviorTreeLog.idl
[1.079s] -- Up-to-date: /home/nth/ros2_ws/install/nav2_msgs/share/nav2_msgs/msg/Particle.idl
[1.079s] -- Up-to-date: /home/nth/ros2_ws/install/nav2_msgs/share/nav2_msgs/msg/ParticleCloud.idl
[1.079s] -- Up-to-date: /home/nth/ros2_ws/install/nav2_msgs/share/nav2_msgs/srv/GetCostmap.idl
[1.079s] -- Up-to-date: /home/nth/ros2_ws/install/nav2_msgs/share/nav2_msgs/srv/ClearCostmapExceptRegion.idl
[1.079s] -- Up-to-date: /home/nth/ros2_ws/install/nav2_msgs/share/nav2_msgs/srv/ClearCostmapAroundRobot.idl
[1.080s] -- Up-to-date: /home/nth/ros2_ws/install/nav2_msgs/share/nav2_msgs/srv/ClearEntireCostmap.idl
[1.080s] -- Up-to-date: /home/nth/ros2_ws/install/nav2_msgs/share/nav2_msgs/srv/ManageLifecycleNodes.idl
[1.080s] -- Up-to-date: /home/nth/ros2_ws/install/nav2_msgs/share/nav2_msgs/srv/LoadMap.idl
[1.080s] -- Up-to-date: /home/nth/ros2_ws/install/nav2_msgs/share/nav2_msgs/srv/SaveMap.idl
[1.080s] -- Up-to-date: /home/nth/ros2_ws/install/nav2_msgs/share/nav2_msgs/action/BackUp.idl
[1.080s] -- Up-to-date: /home/nth/ros2_ws/install/nav2_msgs/share/nav2_msgs/action/ComputePathToPose.idl
[1.080s] -- Up-to-date: /home/nth/ros2_ws/install/nav2_msgs/share/nav2_msgs/action/FollowPath.idl
[1.080s] -- Up-to-date: /home/nth/ros2_ws/install/nav2_msgs/share/nav2_msgs/action/NavigateToPose.idl
[1.081s] -- Up-to-date: /home/nth/ros2_ws/install/nav2_msgs/share/nav2_msgs/action/Wait.idl
[1.081s] -- Up-to-date: /home/nth/ros2_ws/install/nav2_msgs/share/nav2_msgs/action/Spin.idl
[1.081s] -- Up-to-date: /home/nth/ros2_ws/install/nav2_msgs/share/nav2_msgs/action/DummyRecovery.idl
[1.081s] -- Up-to-date: /home/nth/ros2_ws/install/nav2_msgs/share/nav2_msgs/action/FollowWaypoints.idl
[1.081s] -- Up-to-date: /home/nth/ros2_ws/install/nav2_msgs/share/nav2_msgs/msg/Costmap.msg
[1.081s] -- Up-to-date: /home/nth/ros2_ws/install/nav2_msgs/share/nav2_msgs/msg/CostmapMetaData.msg
[1.081s] -- Up-to-date: /home/nth/ros2_ws/install/nav2_msgs/share/nav2_msgs/msg/VoxelGrid.msg
[1.081s] -- Up-to-date: /home/nth/ros2_ws/install/nav2_msgs/share/nav2_msgs/msg/BehaviorTreeStatusChange.msg
[1.081s] -- Up-to-date: /home/nth/ros2_ws/install/nav2_msgs/share/nav2_msgs/msg/BehaviorTreeLog.msg
[1.082s] -- Up-to-date: /home/nth/ros2_ws/install/nav2_msgs/share/nav2_msgs/msg/Particle.msg
[1.082s] -- Up-to-date: /home/nth/ros2_ws/install/nav2_msgs/share/nav2_msgs/msg/ParticleCloud.msg
[1.082s] -- Up-to-date: /home/nth/ros2_ws/install/nav2_msgs/share/nav2_msgs/srv/GetCostmap.srv
[1.082s] -- Up-to-date: /home/nth/ros2_ws/install/nav2_msgs/share/nav2_msgs/srv/GetCostmap_Request.msg
[1.082s] -- Up-to-date: /home/nth/ros2_ws/install/nav2_msgs/share/nav2_msgs/srv/GetCostmap_Response.msg
[1.082s] -- Up-to-date: /home/nth/ros2_ws/install/nav2_msgs/share/nav2_msgs/srv/ClearCostmapExceptRegion.srv
[1.082s] -- Up-to-date: /home/nth/ros2_ws/install/nav2_msgs/share/nav2_msgs/srv/ClearCostmapExceptRegion_Request.msg
[1.082s] -- Up-to-date: /home/nth/ros2_ws/install/nav2_msgs/share/nav2_msgs/srv/ClearCostmapExceptRegion_Response.msg
[1.082s] -- Up-to-date: /home/nth/ros2_ws/install/nav2_msgs/share/nav2_msgs/srv/ClearCostmapAroundRobot.srv
[1.083s] -- Up-to-date: /home/nth/ros2_ws/install/nav2_msgs/share/nav2_msgs/srv/ClearCostmapAroundRobot_Request.msg
[1.083s] -- Up-to-date: /home/nth/ros2_ws/install/nav2_msgs/share/nav2_msgs/srv/ClearCostmapAroundRobot_Response.msg
[1.083s] -- Up-to-date: /home/nth/ros2_ws/install/nav2_msgs/share/nav2_msgs/srv/ClearEntireCostmap.srv
[1.083s] -- Up-to-date: /home/nth/ros2_ws/install/nav2_msgs/share/nav2_msgs/srv/ClearEntireCostmap_Request.msg
[1.083s] -- Up-to-date: /home/nth/ros2_ws/install/nav2_msgs/share/nav2_msgs/srv/ClearEntireCostmap_Response.msg
[1.083s] -- Up-to-date: /home/nth/ros2_ws/install/nav2_msgs/share/nav2_msgs/srv/ManageLifecycleNodes.srv
[1.083s] -- Up-to-date: /home/nth/ros2_ws/install/nav2_msgs/share/nav2_msgs/srv/ManageLifecycleNodes_Request.msg
[1.083s] -- Up-to-date: /home/nth/ros2_ws/install/nav2_msgs/share/nav2_msgs/srv/ManageLifecycleNodes_Response.msg
[1.084s] -- Up-to-date: /home/nth/ros2_ws/install/nav2_msgs/share/nav2_msgs/srv/LoadMap.srv
[1.084s] -- Up-to-date: /home/nth/ros2_ws/install/nav2_msgs/share/nav2_msgs/srv/LoadMap_Request.msg
[1.084s] -- Up-to-date: /home/nth/ros2_ws/install/nav2_msgs/share/nav2_msgs/srv/LoadMap_Response.msg
[1.084s] -- Up-to-date: /home/nth/ros2_ws/install/nav2_msgs/share/nav2_msgs/srv/SaveMap.srv
[1.084s] -- Up-to-date: /home/nth/ros2_ws/install/nav2_msgs/share/nav2_msgs/srv/SaveMap_Request.msg
[1.084s] -- Up-to-date: /home/nth/ros2_ws/install/nav2_msgs/share/nav2_msgs/srv/SaveMap_Response.msg
[1.084s] -- Up-to-date: /home/nth/ros2_ws/install/nav2_msgs/share/nav2_msgs/action/BackUp.action
[1.084s] -- Up-to-date: /home/nth/ros2_ws/install/nav2_msgs/share/nav2_msgs/action/ComputePathToPose.action
[1.085s] -- Up-to-date: /home/nth/ros2_ws/install/nav2_msgs/share/nav2_msgs/action/FollowPath.action
[1.085s] -- Up-to-date: /home/nth/ros2_ws/install/nav2_msgs/share/nav2_msgs/action/NavigateToPose.action
[1.085s] -- Up-to-date: /home/nth/ros2_ws/install/nav2_msgs/share/nav2_msgs/action/Wait.action
[1.085s] -- Up-to-date: /home/nth/ros2_ws/install/nav2_msgs/share/nav2_msgs/action/Spin.action
[1.085s] -- Up-to-date: /home/nth/ros2_ws/install/nav2_msgs/share/nav2_msgs/action/DummyRecovery.action
[1.085s] -- Up-to-date: /home/nth/ros2_ws/install/nav2_msgs/share/nav2_msgs/action/FollowWaypoints.action
[1.085s] -- Up-to-date: /home/nth/ros2_ws/install/nav2_msgs/share/ament_index/resource_index/package_run_dependencies/nav2_msgs
[1.085s] -- Up-to-date: /home/nth/ros2_ws/install/nav2_msgs/share/ament_index/resource_index/parent_prefix_path/nav2_msgs
[1.085s] -- Up-to-date: /home/nth/ros2_ws/install/nav2_msgs/share/nav2_msgs/environment/ament_prefix_path.sh
[1.085s] -- Up-to-date: /home/nth/ros2_ws/install/nav2_msgs/share/nav2_msgs/environment/ament_prefix_path.dsv
[1.085s] -- Up-to-date: /home/nth/ros2_ws/install/nav2_msgs/share/nav2_msgs/environment/path.sh
[1.085s] -- Up-to-date: /home/nth/ros2_ws/install/nav2_msgs/share/nav2_msgs/environment/path.dsv
[1.085s] -- Up-to-date: /home/nth/ros2_ws/install/nav2_msgs/share/nav2_msgs/local_setup.bash
[1.086s] -- Up-to-date: /home/nth/ros2_ws/install/nav2_msgs/share/nav2_msgs/local_setup.sh
[1.086s] -- Up-to-date: /home/nth/ros2_ws/install/nav2_msgs/share/nav2_msgs/local_setup.zsh
[1.086s] -- Up-to-date: /home/nth/ros2_ws/install/nav2_msgs/share/nav2_msgs/local_setup.dsv
[1.086s] -- Installing: /home/nth/ros2_ws/install/nav2_msgs/share/nav2_msgs/package.dsv
[1.086s] -- Up-to-date: /home/nth/ros2_ws/install/nav2_msgs/share/ament_index/resource_index/packages/nav2_msgs
[1.086s] -- Up-to-date: /home/nth/ros2_ws/install/nav2_msgs/share/nav2_msgs/cmake/nav2_msgs__rosidl_generator_cExport.cmake
[1.086s] -- Up-to-date: /home/nth/ros2_ws/install/nav2_msgs/share/nav2_msgs/cmake/nav2_msgs__rosidl_generator_cExport-release.cmake
[1.086s] -- Up-to-date: /home/nth/ros2_ws/install/nav2_msgs/share/nav2_msgs/cmake/nav2_msgs__rosidl_typesupport_introspection_cExport.cmake
[1.086s] -- Up-to-date: /home/nth/ros2_ws/install/nav2_msgs/share/nav2_msgs/cmake/nav2_msgs__rosidl_typesupport_introspection_cExport-release.cmake
[1.086s] -- Up-to-date: /home/nth/ros2_ws/install/nav2_msgs/share/nav2_msgs/cmake/nav2_msgs__rosidl_typesupport_cExport.cmake
[1.086s] -- Up-to-date: /home/nth/ros2_ws/install/nav2_msgs/share/nav2_msgs/cmake/nav2_msgs__rosidl_typesupport_cExport-release.cmake
[1.086s] -- Up-to-date: /home/nth/ros2_ws/install/nav2_msgs/share/nav2_msgs/cmake/nav2_msgs__rosidl_generator_cppExport.cmake
[1.086s] -- Up-to-date: /home/nth/ros2_ws/install/nav2_msgs/share/nav2_msgs/cmake/nav2_msgs__rosidl_typesupport_introspection_cppExport.cmake
[1.087s] -- Up-to-date: /home/nth/ros2_ws/install/nav2_msgs/share/nav2_msgs/cmake/nav2_msgs__rosidl_typesupport_introspection_cppExport-release.cmake
[1.087s] -- Up-to-date: /home/nth/ros2_ws/install/nav2_msgs/share/nav2_msgs/cmake/nav2_msgs__rosidl_typesupport_cppExport.cmake
[1.087s] -- Up-to-date: /home/nth/ros2_ws/install/nav2_msgs/share/nav2_msgs/cmake/nav2_msgs__rosidl_typesupport_cppExport-release.cmake
[1.087s] -- Up-to-date: /home/nth/ros2_ws/install/nav2_msgs/share/nav2_msgs/cmake/rosidl_cmake-extras.cmake
[1.087s] -- Up-to-date: /home/nth/ros2_ws/install/nav2_msgs/share/nav2_msgs/cmake/ament_cmake_export_dependencies-extras.cmake
[1.087s] -- Up-to-date: /home/nth/ros2_ws/install/nav2_msgs/share/nav2_msgs/cmake/ament_cmake_export_libraries-extras.cmake
[1.087s] -- Up-to-date: /home/nth/ros2_ws/install/nav2_msgs/share/nav2_msgs/cmake/ament_cmake_export_targets-extras.cmake
[1.087s] -- Up-to-date: /home/nth/ros2_ws/install/nav2_msgs/share/nav2_msgs/cmake/ament_cmake_export_include_directories-extras.cmake
[1.087s] -- Up-to-date: /home/nth/ros2_ws/install/nav2_msgs/share/nav2_msgs/cmake/rosidl_cmake_export_typesupport_libraries-extras.cmake
[1.087s] -- Up-to-date: /home/nth/ros2_ws/install/nav2_msgs/share/nav2_msgs/cmake/rosidl_cmake_export_typesupport_targets-extras.cmake
[1.087s] -- Up-to-date: /home/nth/ros2_ws/install/nav2_msgs/share/nav2_msgs/cmake/nav2_msgsConfig.cmake
[1.087s] -- Up-to-date: /home/nth/ros2_ws/install/nav2_msgs/share/nav2_msgs/cmake/nav2_msgsConfig-version.cmake
[1.090s] -- Up-to-date: /home/nth/ros2_ws/install/nav2_msgs/share/nav2_msgs/package.xml
[1.090s] Invoked command in '/home/nth/ros2_ws/build/nav2_msgs' returned '0': CMAKE_PREFIX_PATH=/home/nth/ros2_ws/install/nav2_common:/home/nth/ros2_ws/install/tf2_cpp:/home/nth/ros2_ws/install/service_cpp:/home/nth/ros2_ws/install/test_interfaces:/home/nth/ros2_ws/install/nav2_system_tests:/home/nth/ros2_ws/install/nav2_bringup:/home/nth/ros2_ws/install/navigation2:/home/nth/ros2_ws/install/smac_planner:/home/nth/ros2_ws/install/ros2_tutorial:/home/nth/ros2_ws/install/nav2_dwb_controller:/home/nth/ros2_ws/install/nav2_controller:/home/nth/ros2_ws/install/dwb_plugins:/home/nth/ros2_ws/install/dwb_critics:/home/nth/ros2_ws/install/dwb_core:/home/nth/ros2_ws/install/nav_2d_utils:/home/nth/ros2_ws/install/dwb_msgs:/home/nth/ros2_ws/install/nav_2d_msgs:/home/nth/ros2_ws/install/nav2_waypoint_follower:/home/nth/ros2_ws/install/nav2_regulated_pure_pursuit_controller:/home/nth/ros2_ws/install/nav2_recoveries:/home/nth/ros2_ws/install/nav2_planner:/home/nth/ros2_ws/install/nav2_navfn_planner:/home/nth/ros2_ws/install/nav2_core:/home/nth/ros2_ws/install/costmap_queue:/home/nth/ros2_ws/install/nav2_costmap_2d:/home/nth/ros2_ws/install/nav2_voxel_grid:/home/nth/ros2_ws/install/nav2_rviz_plugins:/home/nth/ros2_ws/install/nav2_map_server:/home/nth/ros2_ws/install/nav2_lifecycle_manager:/home/nth/ros2_ws/install/nav2_bt_navigator:/home/nth/ros2_ws/install/nav2_behavior_tree:/home/nth/ros2_ws/install/nav2_amcl:/home/nth/ros2_ws/install/nav2_util:/home/nth/ros2_ws/install/nav2_msgs:/home/nth/ros2_ws/install/action_cpp:/home/nth/ros2_ws/install/action_tutorials_interfaces:/home/nth/rtc_ws/install/turtlebot3:/home/nth/rtc_ws/install/turtlebot3_bringup:/home/nth/rtc_ws/install/turtlebot3_node:/home/nth/rtc_ws/install/turtlebot3_navigation2:/home/nth/rtc_ws/install/turtlebot3_msgs:/home/nth/rtc_ws/install/turtlebot3_description:/home/nth/rtc_ws/install/turtlebot3_cartographer:/home/nth/rtc_ws/install/teb_msgs:/home/nth/rtc_ws/install/nav2_system_tests:/home/nth/rtc_ws/install/nav2_bringup:/home/nth/rtc_ws/install/navigation2:/home/nth/rtc_ws/install/smac_planner:/home/nth/rtc_ws/install/rplidar_ros2:/home/nth/rtc_ws/install/robot_localization:/home/nth/rtc_ws/install/nav2_dwb_controller:/home/nth/rtc_ws/install/nav2_controller:/home/nth/rtc_ws/install/dwb_plugins:/home/nth/rtc_ws/install/dwb_critics:/home/nth/rtc_ws/install/dwb_core:/home/nth/rtc_ws/install/nav_2d_utils:/home/nth/rtc_ws/install/dwb_msgs:/home/nth/rtc_ws/install/nav_2d_msgs:/home/nth/rtc_ws/install/nav2_waypoint_follower:/home/nth/rtc_ws/install/nav2_regulated_pure_pursuit_controller:/home/nth/rtc_ws/install/nav2_recoveries:/home/nth/rtc_ws/install/nav2_planner:/home/nth/rtc_ws/install/nav2_navfn_planner:/home/nth/rtc_ws/install/nav2_core:/home/nth/rtc_ws/install/costmap_queue:/home/nth/rtc_ws/install/costmap_converter:/home/nth/rtc_ws/install/nav2_costmap_2d:/home/nth/rtc_ws/install/nav2_voxel_grid:/home/nth/rtc_ws/install/nav2_rviz_plugins:/home/nth/rtc_ws/install/nav2_map_server:/home/nth/rtc_ws/install/nav2_lifecycle_manager:/home/nth/rtc_ws/install/nav2_bt_navigator:/home/nth/rtc_ws/install/nav2_behavior_tree:/home/nth/rtc_ws/install/nav2_amcl:/home/nth/rtc_ws/install/nav2_util:/home/nth/rtc_ws/install/nav2_msgs:/home/nth/rtc_ws/install/nav2_common:/home/nth/rtc_ws/install/ld08_driver:/home/nth/rtc_ws/install/g2o:/home/nth/rtc_ws/install/dynamixel_sdk_examples:/home/nth/rtc_ws/install/dynamixel_sdk_custom_interfaces:/home/nth/rtc_ws/install/dynamixel_sdk:/home/nth/rtc_ws/install/costmap_converter_msgs:/home/nth/rtc_ws/install/aws_robomaker_small_warehouse_world:/home/nth/rtcamr_ws/install/turtlebot3_msgs:/home/nth/rtcamr_ws/install/turtlebot3_gazebo:/home/nth/rtcamr_ws/install/turtlebot3_description:/home/nth/rtcamr_ws/install/turtlebot3_cartographer:/home/nth/rtcamr_ws/install/rplidar_ros2:/home/nth/rtcamr_ws/install/dwb_msgs:/home/nth/rtcamr_ws/install/nav_2d_msgs:/home/nth/rtcamr_ws/install/nav2_voxel_grid:/home/nth/rtcamr_ws/install/nav2_msgs:/home/nth/rtcamr_ws/install/nav2_common:/home/nth/rtcamr_ws/install/aws_robomaker_small_warehouse_world:/home/nth/ros2_ws/install/turtlesim_test:/home/nth/ros2_ws/install/service_test:/home/nth/ros2_ws/install/pub_initial_pose:/home/nth/ros2_ws/install/nav2_simple_commander:/home/nth/ros2_ws/install/nav2_gazebo_spawner:/home/nth/rtc_ws/install/turtlebot3_teleop:/home/nth/rtc_ws/install/turtlebot3_example:/home/nth/rtc_ws/install/nav2_simple_commander:/home/nth/rtc_ws/install/nav2_gazebo_spawner:/home/nth/rtcamr_ws/install/turtlebot3_teleop:/home/nth/rtcamr_ws/install/turtlebot3_example:/home/nth/rtcamr_ws/install/nav2_simple_commander:/home/nth/rtcamr_ws/install/nav2_gazebo_spawner:/opt/ros/foxy PYTHONPATH=/home/nth/ros2_ws/install/nav2_common/lib/python3.8/site-packages:/home/nth/ros2_ws/install/turtlesim_test/lib/python3.8/site-packages:/home/nth/ros2_ws/install/test_interfaces/lib/python3.8/site-packages:/home/nth/ros2_ws/install/service_test/lib/python3.8/site-packages:/home/nth/ros2_ws/install/rssi/lib/python3.8/site-packages:/home/nth/ros2_ws/install/pub_initial_pose/lib/python3.8/site-packages:/home/nth/ros2_ws/install/dwb_msgs/lib/python3.8/site-packages:/home/nth/ros2_ws/install/nav_2d_msgs/lib/python3.8/site-packages:/home/nth/ros2_ws/install/nav2_simple_commander/lib/python3.8/site-packages:/home/nth/ros2_ws/install/nav2_msgs/lib/python3.8/site-packages:/home/nth/ros2_ws/install/nav2_gazebo_spawner/lib/python3.8/site-packages:/home/nth/ros2_ws/install/action_tutorials_interfaces/lib/python3.8/site-packages:/home/nth/rtc_ws/install/turtlebot3_teleop/lib/python3.8/site-packages:/home/nth/rtc_ws/install/turtlebot3_example/lib/python3.8/site-packages:/home/nth/rtc_ws/install/turtlebot3_msgs/lib/python3.8/site-packages:/home/nth/rtc_ws/install/teb_msgs/lib/python3.8/site-packages:/home/nth/rtc_ws/install/robot_localization/lib/python3.8/site-packages:/home/nth/rtc_ws/install/dwb_msgs/lib/python3.8/site-packages:/home/nth/rtc_ws/install/nav_2d_msgs/lib/python3.8/site-packages:/home/nth/rtc_ws/install/nav2_simple_commander/lib/python3.8/site-packages:/home/nth/rtc_ws/install/nav2_msgs/lib/python3.8/site-packages:/home/nth/rtc_ws/install/nav2_gazebo_spawner/lib/python3.8/site-packages:/home/nth/rtc_ws/install/nav2_common/lib/python3.8/site-packages:/home/nth/rtc_ws/install/dynamixel_sdk_custom_interfaces/lib/python3.8/site-packages:/home/nth/rtc_ws/install/costmap_converter_msgs/lib/python3.8/site-packages:/home/nth/rtcamr_ws/install/turtlebot3_teleop/lib/python3.8/site-packages:/home/nth/rtcamr_ws/install/turtlebot3_example/lib/python3.8/site-packages:/home/nth/rtcamr_ws/install/turtlebot3_msgs/lib/python3.8/site-packages:/home/nth/rtcamr_ws/install/dwb_msgs/lib/python3.8/site-packages:/home/nth/rtcamr_ws/install/nav_2d_msgs/lib/python3.8/site-packages:/home/nth/rtcamr_ws/install/nav2_simple_commander/lib/python3.8/site-packages:/home/nth/rtcamr_ws/install/nav2_msgs/lib/python3.8/site-packages:/home/nth/rtcamr_ws/install/nav2_gazebo_spawner/lib/python3.8/site-packages:/home/nth/rtcamr_ws/install/nav2_common/lib/python3.8/site-packages:/opt/ros/foxy/lib/python3.8/site-packages /usr/bin/cmake --install /home/nth/ros2_ws/build/nav2_msgs
