[0.275s] Invoking command in '/home/nth/ros2_ws/build/tf2_cpp': CMAKE_PREFIX_PATH=${CMAKE_PREFIX_PATH}:/home/nth/ros2_ws/install/turtlesim_test:/home/nth/ros2_ws/install/service_test:/home/nth/rtc_ws/install/turtlebot3_teleop:/home/nth/rtc_ws/install/turtlebot3_example:/home/nth/rtc_ws/install/nav2_gazebo_spawner:/opt/ros/foxy /usr/bin/cmake --build /home/nth/ros2_ws/build/tf2_cpp -- -j16 -l16
[0.340s] [ 50%] Built target tf2_broadcaster
[0.341s] [100%] Built target turtle_tf2
[0.495s] Invoked command in '/home/nth/ros2_ws/build/tf2_cpp' returned '0': CMAKE_PREFIX_PATH=${CMAKE_PREFIX_PATH}:/home/nth/ros2_ws/install/turtlesim_test:/home/nth/ros2_ws/install/service_test:/home/nth/rtc_ws/install/turtlebot3_teleop:/home/nth/rtc_ws/install/turtlebot3_example:/home/nth/rtc_ws/install/nav2_gazebo_spawner:/opt/ros/foxy /usr/bin/cmake --build /home/nth/ros2_ws/build/tf2_cpp -- -j16 -l16
[0.526s] Invoking command in '/home/nth/ros2_ws/build/tf2_cpp': CMAKE_PREFIX_PATH=${CMAKE_PREFIX_PATH}:/home/nth/ros2_ws/install/turtlesim_test:/home/nth/ros2_ws/install/service_test:/home/nth/rtc_ws/install/turtlebot3_teleop:/home/nth/rtc_ws/install/turtlebot3_example:/home/nth/rtc_ws/install/nav2_gazebo_spawner:/opt/ros/foxy /usr/bin/cmake --install /home/nth/ros2_ws/build/tf2_cpp
[0.535s] -- Install configuration: ""
[0.536s] -- Up-to-date: /home/nth/ros2_ws/install/tf2_cpp/lib/tf2_cpp/turtle_tf2
[0.536s] -- Up-to-date: /home/nth/ros2_ws/install/tf2_cpp/lib/tf2_cpp/tf2_broadcaster
[0.536s] -- Up-to-date: /home/nth/ros2_ws/install/tf2_cpp/share/tf2_cpp/launch
[0.536s] -- Installing: /home/nth/ros2_ws/install/tf2_cpp/share/tf2_cpp/launch/turtle_tf2_demo.launch.py
[0.536s] -- Up-to-date: /home/nth/ros2_ws/install/tf2_cpp/share/ament_index/resource_index/package_run_dependencies/tf2_cpp
[0.536s] -- Up-to-date: /home/nth/ros2_ws/install/tf2_cpp/share/ament_index/resource_index/parent_prefix_path/tf2_cpp
[0.536s] -- Up-to-date: /home/nth/ros2_ws/install/tf2_cpp/share/tf2_cpp/environment/ament_prefix_path.sh
[0.536s] -- Up-to-date: /home/nth/ros2_ws/install/tf2_cpp/share/tf2_cpp/environment/ament_prefix_path.dsv
[0.536s] -- Up-to-date: /home/nth/ros2_ws/install/tf2_cpp/share/tf2_cpp/environment/path.sh
[0.536s] -- Up-to-date: /home/nth/ros2_ws/install/tf2_cpp/share/tf2_cpp/environment/path.dsv
[0.537s] -- Up-to-date: /home/nth/ros2_ws/install/tf2_cpp/share/tf2_cpp/local_setup.bash
[0.537s] -- Up-to-date: /home/nth/ros2_ws/install/tf2_cpp/share/tf2_cpp/local_setup.sh
[0.537s] -- Up-to-date: /home/nth/ros2_ws/install/tf2_cpp/share/tf2_cpp/local_setup.zsh
[0.537s] -- Up-to-date: /home/nth/ros2_ws/install/tf2_cpp/share/tf2_cpp/local_setup.dsv
[0.537s] -- Up-to-date: /home/nth/ros2_ws/install/tf2_cpp/share/tf2_cpp/package.dsv
[0.537s] -- Up-to-date: /home/nth/ros2_ws/install/tf2_cpp/share/ament_index/resource_index/packages/tf2_cpp
[0.537s] -- Up-to-date: /home/nth/ros2_ws/install/tf2_cpp/share/tf2_cpp/cmake/tf2_cppConfig.cmake
[0.537s] -- Up-to-date: /home/nth/ros2_ws/install/tf2_cpp/share/tf2_cpp/cmake/tf2_cppConfig-version.cmake
[0.537s] -- Up-to-date: /home/nth/ros2_ws/install/tf2_cpp/share/tf2_cpp/package.xml
[0.555s] Invoked command in '/home/nth/ros2_ws/build/tf2_cpp' returned '0': CMAKE_PREFIX_PATH=${CMAKE_PREFIX_PATH}:/home/nth/ros2_ws/install/turtlesim_test:/home/nth/ros2_ws/install/service_test:/home/nth/rtc_ws/install/turtlebot3_teleop:/home/nth/rtc_ws/install/turtlebot3_example:/home/nth/rtc_ws/install/nav2_gazebo_spawner:/opt/ros/foxy /usr/bin/cmake --install /home/nth/ros2_ws/build/tf2_cpp
