[1.889s] Invoking command in '/home/nth/ros2_ws/src/navigation2/nav2_bringup/nav2_gazebo_spawner': PYTHONPATH=/home/nth/ros2_ws/install/nav2_gazebo_spawner/lib/python3.8/site-packages:${PYTHONPATH} /usr/bin/python3 setup.py egg_info --egg-base ../../../../build/nav2_gazebo_spawner build --build-base /home/nth/ros2_ws/build/nav2_gazebo_spawner/build install --prefix /home/nth/ros2_ws/install/nav2_gazebo_spawner --record /home/nth/ros2_ws/build/nav2_gazebo_spawner/install.log --single-version-externally-managed
[2.185s] running egg_info
[2.185s] writing ../../../../build/nav2_gazebo_spawner/nav2_gazebo_spawner.egg-info/PKG-INFO
[2.186s] writing dependency_links to ../../../../build/nav2_gazebo_spawner/nav2_gazebo_spawner.egg-info/dependency_links.txt
[2.186s] writing entry points to ../../../../build/nav2_gazebo_spawner/nav2_gazebo_spawner.egg-info/entry_points.txt
[2.186s] writing requirements to ../../../../build/nav2_gazebo_spawner/nav2_gazebo_spawner.egg-info/requires.txt
[2.186s] writing top-level names to ../../../../build/nav2_gazebo_spawner/nav2_gazebo_spawner.egg-info/top_level.txt
[2.235s] reading manifest file '../../../../build/nav2_gazebo_spawner/nav2_gazebo_spawner.egg-info/SOURCES.txt'
[2.235s] writing manifest file '../../../../build/nav2_gazebo_spawner/nav2_gazebo_spawner.egg-info/SOURCES.txt'
[2.235s] running build
[2.235s] running build_py
[2.236s] running install
[2.237s] running install_lib
[2.249s] running install_data
[2.249s] running install_egg_info
[2.249s] removing '/home/nth/ros2_ws/install/nav2_gazebo_spawner/lib/python3.8/site-packages/nav2_gazebo_spawner-0.3.0-py3.8.egg-info' (and everything under it)
[2.249s] Copying ../../../../build/nav2_gazebo_spawner/nav2_gazebo_spawner.egg-info to /home/nth/ros2_ws/install/nav2_gazebo_spawner/lib/python3.8/site-packages/nav2_gazebo_spawner-0.3.0-py3.8.egg-info
[2.250s] running install_scripts
[2.269s] Installing nav2_gazebo_spawner script to /home/nth/ros2_ws/install/nav2_gazebo_spawner/lib/nav2_gazebo_spawner
[2.270s] writing list of installed files to '/home/nth/ros2_ws/build/nav2_gazebo_spawner/install.log'
[2.298s] Invoked command in '/home/nth/ros2_ws/src/navigation2/nav2_bringup/nav2_gazebo_spawner' returned '0': PYTHONPATH=/home/nth/ros2_ws/install/nav2_gazebo_spawner/lib/python3.8/site-packages:${PYTHONPATH} /usr/bin/python3 setup.py egg_info --egg-base ../../../../build/nav2_gazebo_spawner build --build-base /home/nth/ros2_ws/build/nav2_gazebo_spawner/build install --prefix /home/nth/ros2_ws/install/nav2_gazebo_spawner --record /home/nth/ros2_ws/build/nav2_gazebo_spawner/install.log --single-version-externally-managed
