[0.262s] Invoking command in '/home/nth/ros2_ws/build/tf2_cpp': CMAKE_PREFIX_PATH=${CMAKE_PREFIX_PATH}:/home/nth/ros2_ws/install/turtlesim_test:/home/nth/ros2_ws/install/service_test:/home/nth/rtc_ws/install/turtlebot3_teleop:/home/nth/rtc_ws/install/turtlebot3_example:/home/nth/rtc_ws/install/nav2_gazebo_spawner:/opt/ros/foxy /usr/bin/cmake /home/nth/ros2_ws/src/tf2_cpp -DCMAKE_INSTALL_PREFIX=/home/nth/ros2_ws/install/tf2_cpp
[0.277s] -- Found geometry_msgs: 2.0.5 (/opt/ros/foxy/share/geometry_msgs/cmake)
[0.299s] -- Using PYTHON_EXECUTABLE: /usr/bin/python3
[0.470s] -- Using all available rosidl_typesupport_c: rosidl_typesupport_fastrtps_c;rosidl_typesupport_introspection_c
[0.472s] -- Found rosidl_adapter: 1.2.1 (/opt/ros/foxy/share/rosidl_adapter/cmake)
[0.591s] -- Using all available rosidl_typesupport_cpp: rosidl_typesupport_fastrtps_cpp;rosidl_typesupport_introspection_cpp
[0.656s] -- Found rclcpp: 2.4.1 (/opt/ros/foxy/share/rclcpp/cmake)
[0.691s] -- Found rmw_implementation_cmake: 1.0.3 (/opt/ros/foxy/share/rmw_implementation_cmake/cmake)
[0.694s] -- Using RMW implementation 'rmw_fastrtps_cpp' as default
[0.817s] -- Found tf2: 0.13.13 (/opt/ros/foxy/share/tf2/cmake)
[0.831s] -- Found tf2_ros: 0.13.13 (/opt/ros/foxy/share/tf2_ros/cmake)
[1.354s] -- Found turtlesim: 1.2.5 (/opt/ros/foxy/share/turtlesim/cmake)
[1.441s] -- Found ament_lint_auto: 0.9.6 (/opt/ros/foxy/share/ament_lint_auto/cmake)
[1.546s] CMake Error at /opt/ros/foxy/share/ament_cmake_target_dependencies/cmake/ament_target_dependencies.cmake:77 (message):
[1.546s]   ament_target_dependencies() the passed package name 'turtle_tf2' was not
[1.546s]   found before
[1.546s] Call Stack (most recent call first):
[1.546s]   CMakeLists.txt:43 (ament_target_dependencies)
[1.547s] 
[1.547s] 
[1.549s] -- Configuring incomplete, errors occurred!
[1.549s] See also "/home/nth/ros2_ws/build/tf2_cpp/CMakeFiles/CMakeOutput.log".
[1.549s] See also "/home/nth/ros2_ws/build/tf2_cpp/CMakeFiles/CMakeError.log".
[1.560s] Invoked command in '/home/nth/ros2_ws/build/tf2_cpp' returned '1': CMAKE_PREFIX_PATH=${CMAKE_PREFIX_PATH}:/home/nth/ros2_ws/install/turtlesim_test:/home/nth/ros2_ws/install/service_test:/home/nth/rtc_ws/install/turtlebot3_teleop:/home/nth/rtc_ws/install/turtlebot3_example:/home/nth/rtc_ws/install/nav2_gazebo_spawner:/opt/ros/foxy /usr/bin/cmake /home/nth/ros2_ws/src/tf2_cpp -DCMAKE_INSTALL_PREFIX=/home/nth/ros2_ws/install/tf2_cpp
