[0.139s] Invoking command in '/home/nth/ros2_ws/build/action_tutorials_interfaces': CMAKE_PREFIX_PATH=${CMAKE_PREFIX_PATH}:/home/nth/rtc_ws/install/turtlebot3_teleop:/home/nth/rtc_ws/install/turtlebot3_example:/home/nth/rtc_ws/install/nav2_simple_commander:/home/nth/rtc_ws/install/nav2_gazebo_spawner:/home/nth/rtcamr_ws/install/turtlebot3_teleop:/home/nth/rtcamr_ws/install/turtlebot3_example:/home/nth/rtcamr_ws/install/nav2_simple_commander:/home/nth/rtcamr_ws/install/nav2_gazebo_spawner:/opt/ros/foxy /usr/bin/cmake --build /home/nth/ros2_ws/build/action_tutorials_interfaces -- -j16 -l16
[1.036s] [  2%] Built target action_tutorials_interfaces__cpp
[1.036s] [ 12%] Built target action_tutorials_interfaces__rosidl_generator_c
[1.036s] [ 23%] Built target action_tutorials_interfaces__rosidl_typesupport_cpp
[1.036s] [ 33%] Built target action_tutorials_interfaces__rosidl_typesupport_introspection_cpp
[1.036s] [ 43%] Built target action_tutorials_interfaces__rosidl_typesupport_introspection_c
[1.036s] [ 53%] Built target action_tutorials_interfaces__rosidl_typesupport_c
[1.036s] [ 64%] Built target action_tutorials_interfaces__rosidl_typesupport_fastrtps_cpp
[1.036s] [ 74%] Built target action_tutorials_interfaces__rosidl_typesupport_fastrtps_c
[1.036s] [ 74%] Built target action_tutorials_interfaces
[1.037s] [ 76%] Built target action_tutorials_interfaces__py
[1.037s] [ 84%] Built target action_tutorials_interfaces__python
[1.037s] [ 89%] Built target action_tutorials_interfaces__rosidl_typesupport_introspection_c__pyext
[1.037s] [100%] Built target action_tutorials_interfaces__rosidl_typesupport_c__pyext
[1.037s] [100%] Built target action_tutorials_interfaces__rosidl_typesupport_fastrtps_c__pyext
[1.259s] Invoked command in '/home/nth/ros2_ws/build/action_tutorials_interfaces' returned '0': CMAKE_PREFIX_PATH=${CMAKE_PREFIX_PATH}:/home/nth/rtc_ws/install/turtlebot3_teleop:/home/nth/rtc_ws/install/turtlebot3_example:/home/nth/rtc_ws/install/nav2_simple_commander:/home/nth/rtc_ws/install/nav2_gazebo_spawner:/home/nth/rtcamr_ws/install/turtlebot3_teleop:/home/nth/rtcamr_ws/install/turtlebot3_example:/home/nth/rtcamr_ws/install/nav2_simple_commander:/home/nth/rtcamr_ws/install/nav2_gazebo_spawner:/opt/ros/foxy /usr/bin/cmake --build /home/nth/ros2_ws/build/action_tutorials_interfaces -- -j16 -l16
[1.380s] Invoking command in '/home/nth/ros2_ws/build/action_tutorials_interfaces': CMAKE_PREFIX_PATH=${CMAKE_PREFIX_PATH}:/home/nth/rtc_ws/install/turtlebot3_teleop:/home/nth/rtc_ws/install/turtlebot3_example:/home/nth/rtc_ws/install/nav2_simple_commander:/home/nth/rtc_ws/install/nav2_gazebo_spawner:/home/nth/rtcamr_ws/install/turtlebot3_teleop:/home/nth/rtcamr_ws/install/turtlebot3_example:/home/nth/rtcamr_ws/install/nav2_simple_commander:/home/nth/rtcamr_ws/install/nav2_gazebo_spawner:/opt/ros/foxy /usr/bin/cmake --install /home/nth/ros2_ws/build/action_tutorials_interfaces
[1.395s] -- Install configuration: ""
[1.395s] -- Up-to-date: /home/nth/ros2_ws/install/action_tutorials_interfaces/share/ament_index/resource_index/rosidl_interfaces/action_tutorials_interfaces
[1.396s] -- Up-to-date: /home/nth/ros2_ws/install/action_tutorials_interfaces/include/action_tutorials_interfaces
[1.396s] -- Up-to-date: /home/nth/ros2_ws/install/action_tutorials_interfaces/include/action_tutorials_interfaces/msg
[1.397s] -- Up-to-date: /home/nth/ros2_ws/install/action_tutorials_interfaces/include/action_tutorials_interfaces/msg/rosidl_generator_c__visibility_control.h
[1.398s] -- Up-to-date: /home/nth/ros2_ws/install/action_tutorials_interfaces/include/action_tutorials_interfaces/action
[1.398s] -- Up-to-date: /home/nth/ros2_ws/install/action_tutorials_interfaces/include/action_tutorials_interfaces/action/boiso.h
[1.398s] -- Up-to-date: /home/nth/ros2_ws/install/action_tutorials_interfaces/include/action_tutorials_interfaces/action/detail
[1.398s] -- Up-to-date: /home/nth/ros2_ws/install/action_tutorials_interfaces/include/action_tutorials_interfaces/action/detail/fibonacci__functions.h
[1.399s] -- Up-to-date: /home/nth/ros2_ws/install/action_tutorials_interfaces/include/action_tutorials_interfaces/action/detail/boiso__functions.h
[1.399s] -- Up-to-date: /home/nth/ros2_ws/install/action_tutorials_interfaces/include/action_tutorials_interfaces/action/detail/boiso__functions.c
[1.399s] -- Up-to-date: /home/nth/ros2_ws/install/action_tutorials_interfaces/include/action_tutorials_interfaces/action/detail/fibonacci__struct.h
[1.399s] -- Up-to-date: /home/nth/ros2_ws/install/action_tutorials_interfaces/include/action_tutorials_interfaces/action/detail/boiso__struct.h
[1.399s] -- Up-to-date: /home/nth/ros2_ws/install/action_tutorials_interfaces/include/action_tutorials_interfaces/action/detail/fibonacci__type_support.h
[1.399s] -- Up-to-date: /home/nth/ros2_ws/install/action_tutorials_interfaces/include/action_tutorials_interfaces/action/detail/fibonacci__functions.c
[1.399s] -- Up-to-date: /home/nth/ros2_ws/install/action_tutorials_interfaces/include/action_tutorials_interfaces/action/detail/boiso__type_support.h
[1.399s] -- Up-to-date: /home/nth/ros2_ws/install/action_tutorials_interfaces/include/action_tutorials_interfaces/action/fibonacci.h
[1.403s] -- Up-to-date: /home/nth/ros2_ws/install/action_tutorials_interfaces/share/action_tutorials_interfaces/environment/library_path.sh
[1.404s] -- Up-to-date: /home/nth/ros2_ws/install/action_tutorials_interfaces/share/action_tutorials_interfaces/environment/library_path.dsv
[1.404s] -- Up-to-date: /home/nth/ros2_ws/install/action_tutorials_interfaces/lib/libaction_tutorials_interfaces__rosidl_generator_c.so
[1.407s] -- Up-to-date: /home/nth/ros2_ws/install/action_tutorials_interfaces/include/action_tutorials_interfaces
[1.407s] -- Up-to-date: /home/nth/ros2_ws/install/action_tutorials_interfaces/include/action_tutorials_interfaces/msg
[1.407s] -- Up-to-date: /home/nth/ros2_ws/install/action_tutorials_interfaces/include/action_tutorials_interfaces/msg/rosidl_typesupport_fastrtps_c__visibility_control.h
[1.407s] -- Up-to-date: /home/nth/ros2_ws/install/action_tutorials_interfaces/include/action_tutorials_interfaces/action
[1.408s] -- Up-to-date: /home/nth/ros2_ws/install/action_tutorials_interfaces/include/action_tutorials_interfaces/action/detail
[1.408s] -- Up-to-date: /home/nth/ros2_ws/install/action_tutorials_interfaces/include/action_tutorials_interfaces/action/detail/fibonacci__rosidl_typesupport_fastrtps_c.h
[1.408s] -- Up-to-date: /home/nth/ros2_ws/install/action_tutorials_interfaces/include/action_tutorials_interfaces/action/detail/boiso__rosidl_typesupport_fastrtps_c.h
[1.408s] -- Up-to-date: /home/nth/ros2_ws/install/action_tutorials_interfaces/lib/libaction_tutorials_interfaces__rosidl_typesupport_fastrtps_c.so
[1.408s] -- Up-to-date: /home/nth/ros2_ws/install/action_tutorials_interfaces/include/action_tutorials_interfaces
[1.409s] -- Up-to-date: /home/nth/ros2_ws/install/action_tutorials_interfaces/include/action_tutorials_interfaces/msg
[1.409s] -- Up-to-date: /home/nth/ros2_ws/install/action_tutorials_interfaces/include/action_tutorials_interfaces/msg/rosidl_typesupport_fastrtps_cpp__visibility_control.h
[1.409s] -- Up-to-date: /home/nth/ros2_ws/install/action_tutorials_interfaces/include/action_tutorials_interfaces/action
[1.409s] -- Up-to-date: /home/nth/ros2_ws/install/action_tutorials_interfaces/include/action_tutorials_interfaces/action/detail
[1.409s] -- Up-to-date: /home/nth/ros2_ws/install/action_tutorials_interfaces/include/action_tutorials_interfaces/action/detail/fibonacci__rosidl_typesupport_fastrtps_cpp.hpp
[1.409s] -- Up-to-date: /home/nth/ros2_ws/install/action_tutorials_interfaces/include/action_tutorials_interfaces/action/detail/dds_fastrtps
[1.410s] -- Up-to-date: /home/nth/ros2_ws/install/action_tutorials_interfaces/include/action_tutorials_interfaces/action/detail/boiso__rosidl_typesupport_fastrtps_cpp.hpp
[1.410s] -- Up-to-date: /home/nth/ros2_ws/install/action_tutorials_interfaces/lib/libaction_tutorials_interfaces__rosidl_typesupport_fastrtps_cpp.so
[1.410s] -- Up-to-date: /home/nth/ros2_ws/install/action_tutorials_interfaces/include/action_tutorials_interfaces
[1.410s] -- Up-to-date: /home/nth/ros2_ws/install/action_tutorials_interfaces/include/action_tutorials_interfaces/msg
[1.410s] -- Up-to-date: /home/nth/ros2_ws/install/action_tutorials_interfaces/include/action_tutorials_interfaces/msg/rosidl_typesupport_introspection_c__visibility_control.h
[1.410s] -- Up-to-date: /home/nth/ros2_ws/install/action_tutorials_interfaces/include/action_tutorials_interfaces/action
[1.410s] -- Up-to-date: /home/nth/ros2_ws/install/action_tutorials_interfaces/include/action_tutorials_interfaces/action/detail
[1.410s] -- Up-to-date: /home/nth/ros2_ws/install/action_tutorials_interfaces/include/action_tutorials_interfaces/action/detail/boiso__rosidl_typesupport_introspection_c.h
[1.410s] -- Up-to-date: /home/nth/ros2_ws/install/action_tutorials_interfaces/include/action_tutorials_interfaces/action/detail/boiso__type_support.c
[1.411s] -- Up-to-date: /home/nth/ros2_ws/install/action_tutorials_interfaces/include/action_tutorials_interfaces/action/detail/fibonacci__type_support.c
[1.411s] -- Up-to-date: /home/nth/ros2_ws/install/action_tutorials_interfaces/include/action_tutorials_interfaces/action/detail/fibonacci__rosidl_typesupport_introspection_c.h
[1.411s] -- Up-to-date: /home/nth/ros2_ws/install/action_tutorials_interfaces/lib/libaction_tutorials_interfaces__rosidl_typesupport_introspection_c.so
[1.411s] -- Up-to-date: /home/nth/ros2_ws/install/action_tutorials_interfaces/lib/libaction_tutorials_interfaces__rosidl_typesupport_c.so
[1.411s] -- Up-to-date: /home/nth/ros2_ws/install/action_tutorials_interfaces/include/action_tutorials_interfaces
[1.411s] -- Up-to-date: /home/nth/ros2_ws/install/action_tutorials_interfaces/include/action_tutorials_interfaces/action
[1.411s] -- Up-to-date: /home/nth/ros2_ws/install/action_tutorials_interfaces/include/action_tutorials_interfaces/action/detail
[1.411s] -- Up-to-date: /home/nth/ros2_ws/install/action_tutorials_interfaces/include/action_tutorials_interfaces/action/detail/boiso__struct.hpp
[1.411s] -- Up-to-date: /home/nth/ros2_ws/install/action_tutorials_interfaces/include/action_tutorials_interfaces/action/detail/boiso__builder.hpp
[1.411s] -- Up-to-date: /home/nth/ros2_ws/install/action_tutorials_interfaces/include/action_tutorials_interfaces/action/detail/fibonacci__struct.hpp
[1.412s] -- Up-to-date: /home/nth/ros2_ws/install/action_tutorials_interfaces/include/action_tutorials_interfaces/action/detail/fibonacci__builder.hpp
[1.412s] -- Up-to-date: /home/nth/ros2_ws/install/action_tutorials_interfaces/include/action_tutorials_interfaces/action/detail/fibonacci__traits.hpp
[1.412s] -- Up-to-date: /home/nth/ros2_ws/install/action_tutorials_interfaces/include/action_tutorials_interfaces/action/detail/boiso__traits.hpp
[1.412s] -- Up-to-date: /home/nth/ros2_ws/install/action_tutorials_interfaces/include/action_tutorials_interfaces/action/boiso.hpp
[1.412s] -- Up-to-date: /home/nth/ros2_ws/install/action_tutorials_interfaces/include/action_tutorials_interfaces/action/fibonacci.hpp
[1.412s] -- Up-to-date: /home/nth/ros2_ws/install/action_tutorials_interfaces/include/action_tutorials_interfaces
[1.413s] -- Up-to-date: /home/nth/ros2_ws/install/action_tutorials_interfaces/include/action_tutorials_interfaces/action
[1.413s] -- Up-to-date: /home/nth/ros2_ws/install/action_tutorials_interfaces/include/action_tutorials_interfaces/action/detail
[1.413s] -- Up-to-date: /home/nth/ros2_ws/install/action_tutorials_interfaces/include/action_tutorials_interfaces/action/detail/boiso__rosidl_typesupport_introspection_cpp.hpp
[1.413s] -- Up-to-date: /home/nth/ros2_ws/install/action_tutorials_interfaces/include/action_tutorials_interfaces/action/detail/fibonacci__rosidl_typesupport_introspection_cpp.hpp
[1.413s] -- Up-to-date: /home/nth/ros2_ws/install/action_tutorials_interfaces/include/action_tutorials_interfaces/action/detail/fibonacci__type_support.cpp
[1.413s] -- Up-to-date: /home/nth/ros2_ws/install/action_tutorials_interfaces/include/action_tutorials_interfaces/action/detail/boiso__type_support.cpp
[1.419s] -- Up-to-date: /home/nth/ros2_ws/install/action_tutorials_interfaces/lib/libaction_tutorials_interfaces__rosidl_typesupport_introspection_cpp.so
[1.420s] -- Up-to-date: /home/nth/ros2_ws/install/action_tutorials_interfaces/lib/libaction_tutorials_interfaces__rosidl_typesupport_cpp.so
[1.420s] -- Up-to-date: /home/nth/ros2_ws/install/action_tutorials_interfaces/share/action_tutorials_interfaces/environment/pythonpath.sh
[1.420s] -- Up-to-date: /home/nth/ros2_ws/install/action_tutorials_interfaces/share/action_tutorials_interfaces/environment/pythonpath.dsv
[1.420s] -- Up-to-date: /home/nth/ros2_ws/install/action_tutorials_interfaces/lib/python3.8/site-packages/action_tutorials_interfaces/__init__.py
[1.443s] -- Up-to-date: /home/nth/ros2_ws/install/action_tutorials_interfaces/lib/python3.8/site-packages/action_tutorials_interfaces/action
[1.446s] -- Up-to-date: /home/nth/ros2_ws/install/action_tutorials_interfaces/lib/python3.8/site-packages/action_tutorials_interfaces/action/_boiso_s.c
[1.447s] -- Up-to-date: /home/nth/ros2_ws/install/action_tutorials_interfaces/lib/python3.8/site-packages/action_tutorials_interfaces/action/_boiso.py
[1.447s] -- Up-to-date: /home/nth/ros2_ws/install/action_tutorials_interfaces/lib/python3.8/site-packages/action_tutorials_interfaces/action/_fibonacci_s.c
[1.447s] -- Up-to-date: /home/nth/ros2_ws/install/action_tutorials_interfaces/lib/python3.8/site-packages/action_tutorials_interfaces/action/_fibonacci.py
[1.447s] -- Up-to-date: /home/nth/ros2_ws/install/action_tutorials_interfaces/lib/python3.8/site-packages/action_tutorials_interfaces/action/__init__.py
[1.447s] -- Up-to-date: /home/nth/ros2_ws/install/action_tutorials_interfaces/lib/python3.8/site-packages/action_tutorials_interfaces/action_tutorials_interfaces_s__rosidl_typesupport_fastrtps_c.cpython-38-x86_64-linux-gnu.so
[1.447s] -- Up-to-date: /home/nth/ros2_ws/install/action_tutorials_interfaces/lib/python3.8/site-packages/action_tutorials_interfaces/action_tutorials_interfaces_s__rosidl_typesupport_introspection_c.cpython-38-x86_64-linux-gnu.so
[1.447s] -- Up-to-date: /home/nth/ros2_ws/install/action_tutorials_interfaces/lib/python3.8/site-packages/action_tutorials_interfaces/action_tutorials_interfaces_s__rosidl_typesupport_c.cpython-38-x86_64-linux-gnu.so
[1.447s] -- Up-to-date: /home/nth/ros2_ws/install/action_tutorials_interfaces/lib/libaction_tutorials_interfaces__python.so
[1.447s] -- Up-to-date: /home/nth/ros2_ws/install/action_tutorials_interfaces/share/action_tutorials_interfaces/action/Fibonacci.idl
[1.448s] -- Up-to-date: /home/nth/ros2_ws/install/action_tutorials_interfaces/share/action_tutorials_interfaces/action/Boiso.idl
[1.448s] -- Up-to-date: /home/nth/ros2_ws/install/action_tutorials_interfaces/share/action_tutorials_interfaces/action/Fibonacci.action
[1.448s] -- Up-to-date: /home/nth/ros2_ws/install/action_tutorials_interfaces/share/action_tutorials_interfaces/action/Boiso.action
[1.448s] -- Up-to-date: /home/nth/ros2_ws/install/action_tutorials_interfaces/share/ament_index/resource_index/package_run_dependencies/action_tutorials_interfaces
[1.448s] -- Up-to-date: /home/nth/ros2_ws/install/action_tutorials_interfaces/share/ament_index/resource_index/parent_prefix_path/action_tutorials_interfaces
[1.448s] -- Up-to-date: /home/nth/ros2_ws/install/action_tutorials_interfaces/share/action_tutorials_interfaces/environment/ament_prefix_path.sh
[1.448s] -- Up-to-date: /home/nth/ros2_ws/install/action_tutorials_interfaces/share/action_tutorials_interfaces/environment/ament_prefix_path.dsv
[1.448s] -- Up-to-date: /home/nth/ros2_ws/install/action_tutorials_interfaces/share/action_tutorials_interfaces/environment/path.sh
[1.449s] -- Up-to-date: /home/nth/ros2_ws/install/action_tutorials_interfaces/share/action_tutorials_interfaces/environment/path.dsv
[1.449s] -- Up-to-date: /home/nth/ros2_ws/install/action_tutorials_interfaces/share/action_tutorials_interfaces/local_setup.bash
[1.449s] -- Up-to-date: /home/nth/ros2_ws/install/action_tutorials_interfaces/share/action_tutorials_interfaces/local_setup.sh
[1.449s] -- Up-to-date: /home/nth/ros2_ws/install/action_tutorials_interfaces/share/action_tutorials_interfaces/local_setup.zsh
[1.449s] -- Up-to-date: /home/nth/ros2_ws/install/action_tutorials_interfaces/share/action_tutorials_interfaces/local_setup.dsv
[1.449s] -- Installing: /home/nth/ros2_ws/install/action_tutorials_interfaces/share/action_tutorials_interfaces/package.dsv
[1.449s] -- Up-to-date: /home/nth/ros2_ws/install/action_tutorials_interfaces/share/ament_index/resource_index/packages/action_tutorials_interfaces
[1.451s] -- Up-to-date: /home/nth/ros2_ws/install/action_tutorials_interfaces/share/action_tutorials_interfaces/cmake/action_tutorials_interfaces__rosidl_generator_cExport.cmake
[1.451s] -- Up-to-date: /home/nth/ros2_ws/install/action_tutorials_interfaces/share/action_tutorials_interfaces/cmake/action_tutorials_interfaces__rosidl_generator_cExport-noconfig.cmake
[1.451s] -- Up-to-date: /home/nth/ros2_ws/install/action_tutorials_interfaces/share/action_tutorials_interfaces/cmake/action_tutorials_interfaces__rosidl_typesupport_introspection_cExport.cmake
[1.451s] -- Up-to-date: /home/nth/ros2_ws/install/action_tutorials_interfaces/share/action_tutorials_interfaces/cmake/action_tutorials_interfaces__rosidl_typesupport_introspection_cExport-noconfig.cmake
[1.451s] -- Up-to-date: /home/nth/ros2_ws/install/action_tutorials_interfaces/share/action_tutorials_interfaces/cmake/action_tutorials_interfaces__rosidl_typesupport_cExport.cmake
[1.451s] -- Up-to-date: /home/nth/ros2_ws/install/action_tutorials_interfaces/share/action_tutorials_interfaces/cmake/action_tutorials_interfaces__rosidl_typesupport_cExport-noconfig.cmake
[1.451s] -- Up-to-date: /home/nth/ros2_ws/install/action_tutorials_interfaces/share/action_tutorials_interfaces/cmake/action_tutorials_interfaces__rosidl_generator_cppExport.cmake
[1.452s] -- Up-to-date: /home/nth/ros2_ws/install/action_tutorials_interfaces/share/action_tutorials_interfaces/cmake/action_tutorials_interfaces__rosidl_typesupport_introspection_cppExport.cmake
[1.452s] -- Up-to-date: /home/nth/ros2_ws/install/action_tutorials_interfaces/share/action_tutorials_interfaces/cmake/action_tutorials_interfaces__rosidl_typesupport_introspection_cppExport-noconfig.cmake
[1.453s] -- Up-to-date: /home/nth/ros2_ws/install/action_tutorials_interfaces/share/action_tutorials_interfaces/cmake/action_tutorials_interfaces__rosidl_typesupport_cppExport.cmake
[1.453s] -- Up-to-date: /home/nth/ros2_ws/install/action_tutorials_interfaces/share/action_tutorials_interfaces/cmake/action_tutorials_interfaces__rosidl_typesupport_cppExport-noconfig.cmake
[1.453s] -- Up-to-date: /home/nth/ros2_ws/install/action_tutorials_interfaces/share/action_tutorials_interfaces/cmake/rosidl_cmake-extras.cmake
[1.453s] -- Up-to-date: /home/nth/ros2_ws/install/action_tutorials_interfaces/share/action_tutorials_interfaces/cmake/ament_cmake_export_dependencies-extras.cmake
[1.455s] -- Up-to-date: /home/nth/ros2_ws/install/action_tutorials_interfaces/share/action_tutorials_interfaces/cmake/ament_cmake_export_libraries-extras.cmake
[1.455s] -- Up-to-date: /home/nth/ros2_ws/install/action_tutorials_interfaces/share/action_tutorials_interfaces/cmake/ament_cmake_export_targets-extras.cmake
[1.455s] -- Up-to-date: /home/nth/ros2_ws/install/action_tutorials_interfaces/share/action_tutorials_interfaces/cmake/ament_cmake_export_include_directories-extras.cmake
[1.456s] -- Up-to-date: /home/nth/ros2_ws/install/action_tutorials_interfaces/share/action_tutorials_interfaces/cmake/rosidl_cmake_export_typesupport_libraries-extras.cmake
[1.456s] -- Up-to-date: /home/nth/ros2_ws/install/action_tutorials_interfaces/share/action_tutorials_interfaces/cmake/rosidl_cmake_export_typesupport_targets-extras.cmake
[1.456s] -- Up-to-date: /home/nth/ros2_ws/install/action_tutorials_interfaces/share/action_tutorials_interfaces/cmake/action_tutorials_interfacesConfig.cmake
[1.456s] -- Up-to-date: /home/nth/ros2_ws/install/action_tutorials_interfaces/share/action_tutorials_interfaces/cmake/action_tutorials_interfacesConfig-version.cmake
[1.456s] -- Up-to-date: /home/nth/ros2_ws/install/action_tutorials_interfaces/share/action_tutorials_interfaces/package.xml
[1.483s] Invoked command in '/home/nth/ros2_ws/build/action_tutorials_interfaces' returned '0': CMAKE_PREFIX_PATH=${CMAKE_PREFIX_PATH}:/home/nth/rtc_ws/install/turtlebot3_teleop:/home/nth/rtc_ws/install/turtlebot3_example:/home/nth/rtc_ws/install/nav2_simple_commander:/home/nth/rtc_ws/install/nav2_gazebo_spawner:/home/nth/rtcamr_ws/install/turtlebot3_teleop:/home/nth/rtcamr_ws/install/turtlebot3_example:/home/nth/rtcamr_ws/install/nav2_simple_commander:/home/nth/rtcamr_ws/install/nav2_gazebo_spawner:/opt/ros/foxy /usr/bin/cmake --install /home/nth/ros2_ws/build/action_tutorials_interfaces
