running egg_info
writing ../../build/pub_initial_pose/pub_initial_pose.egg-info/PKG-INFO
writing dependency_links to ../../build/pub_initial_pose/pub_initial_pose.egg-info/dependency_links.txt
writing entry points to ../../build/pub_initial_pose/pub_initial_pose.egg-info/entry_points.txt
writing requirements to ../../build/pub_initial_pose/pub_initial_pose.egg-info/requires.txt
writing top-level names to ../../build/pub_initial_pose/pub_initial_pose.egg-info/top_level.txt
reading manifest file '../../build/pub_initial_pose/pub_initial_pose.egg-info/SOURCES.txt'
writing manifest file '../../build/pub_initial_pose/pub_initial_pose.egg-info/SOURCES.txt'
running build
running build_py
copying pub_initial_pose/publisher.py -> /home/nth/ros2_ws/build/pub_initial_pose/build/lib/pub_initial_pose
running install
running install_lib
copying /home/nth/ros2_ws/build/pub_initial_pose/build/lib/pub_initial_pose/publisher.py -> /home/nth/ros2_ws/install/pub_initial_pose/lib/python3.8/site-packages/pub_initial_pose
byte-compiling /home/nth/ros2_ws/install/pub_initial_pose/lib/python3.8/site-packages/pub_initial_pose/publisher.py to publisher.cpython-38.pyc
running install_data
Sorry: IndentationError: expected an indented block (publisher.py, line 31)
running install_egg_info
removing '/home/nth/ros2_ws/install/pub_initial_pose/lib/python3.8/site-packages/pub_initial_pose-0.0.0-py3.8.egg-info' (and everything under it)
Copying ../../build/pub_initial_pose/pub_initial_pose.egg-info to /home/nth/ros2_ws/install/pub_initial_pose/lib/python3.8/site-packages/pub_initial_pose-0.0.0-py3.8.egg-info
running install_scripts
Installing pub_initial_pose script to /home/nth/ros2_ws/install/pub_initial_pose/lib/pub_initial_pose
writing list of installed files to '/home/nth/ros2_ws/build/pub_initial_pose/install.log'
