[0.019s] Invoking command in '/home/nth/ros2_ws/build/action_cpp': CMAKE_PREFIX_PATH=/home/nth/ros2_ws/install/action_tutorials_interfaces:/home/nth/ros2_ws/install/tf2_cpp:/home/nth/ros2_ws/install/service_cpp:/home/nth/ros2_ws/install/test_interfaces:/home/nth/ros2_ws/install/ros2_tutorial:/home/nth/ros2_ws/install/action_cpp:/home/nth/rtc_ws/install/turtlebot3:/home/nth/rtc_ws/install/turtlebot3_bringup:/home/nth/rtc_ws/install/turtlebot3_node:/home/nth/rtc_ws/install/turtlebot3_navigation2:/home/nth/rtc_ws/install/turtlebot3_msgs:/home/nth/rtc_ws/install/turtlebot3_description:/home/nth/rtc_ws/install/turtlebot3_cartographer:/home/nth/rtc_ws/install/nav2_system_tests:/home/nth/rtc_ws/install/nav2_bringup:/home/nth/rtc_ws/install/navigation2:/home/nth/rtc_ws/install/smac_planner:/home/nth/rtc_ws/install/rplidar_ros2:/home/nth/rtc_ws/install/robot_localization:/home/nth/rtc_ws/install/nav2_dwb_controller:/home/nth/rtc_ws/install/nav2_controller:/home/nth/rtc_ws/install/dwb_plugins:/home/nth/rtc_ws/install/dwb_critics:/home/nth/rtc_ws/install/dwb_core:/home/nth/rtc_ws/install/nav_2d_utils:/home/nth/rtc_ws/install/dwb_msgs:/home/nth/rtc_ws/install/nav_2d_msgs:/home/nth/rtc_ws/install/nav2_waypoint_follower:/home/nth/rtc_ws/install/nav2_regulated_pure_pursuit_controller:/home/nth/rtc_ws/install/nav2_recoveries:/home/nth/rtc_ws/install/nav2_planner:/home/nth/rtc_ws/install/nav2_navfn_planner:/home/nth/rtc_ws/install/nav2_core:/home/nth/rtc_ws/install/costmap_queue:/home/nth/rtc_ws/install/nav2_costmap_2d:/home/nth/rtc_ws/install/nav2_voxel_grid:/home/nth/rtc_ws/install/nav2_rviz_plugins:/home/nth/rtc_ws/install/nav2_map_server:/home/nth/rtc_ws/install/nav2_lifecycle_manager:/home/nth/rtc_ws/install/nav2_bt_navigator:/home/nth/rtc_ws/install/nav2_behavior_tree:/home/nth/rtc_ws/install/nav2_amcl:/home/nth/rtc_ws/install/nav2_util:/home/nth/rtc_ws/install/nav2_msgs:/home/nth/rtc_ws/install/nav2_common:/home/nth/rtc_ws/install/ld08_driver:/home/nth/rtc_ws/install/dynamixel_sdk_examples:/home/nth/rtc_ws/install/dynamixel_sdk_custom_interfaces:/home/nth/rtc_ws/install/dynamixel_sdk:/home/nth/ros2_ws/install/turtlesim_test:/home/nth/ros2_ws/install/service_test:/home/nth/rtc_ws/install/turtlebot3_teleop:/home/nth/rtc_ws/install/turtlebot3_example:/home/nth/rtc_ws/install/nav2_gazebo_spawner:/opt/ros/foxy LD_LIBRARY_PATH=/home/nth/ros2_ws/install/action_tutorials_interfaces/lib:/home/nth/ros2_ws/install/test_interfaces/lib:/home/nth/ros2_ws/install/action_cpp/lib:/home/nth/rtc_ws/install/turtlebot3_msgs/lib:/home/nth/rtc_ws/install/smac_planner/lib:/home/nth/rtc_ws/install/robot_localization/lib:/home/nth/rtc_ws/install/nav2_controller/lib:/home/nth/rtc_ws/install/dwb_plugins/lib:/home/nth/rtc_ws/install/dwb_critics/lib:/home/nth/rtc_ws/install/dwb_core/lib:/home/nth/rtc_ws/install/nav_2d_utils/lib:/home/nth/rtc_ws/install/dwb_msgs/lib:/home/nth/rtc_ws/install/nav_2d_msgs/lib:/home/nth/rtc_ws/install/nav2_waypoint_follower/lib:/home/nth/rtc_ws/install/nav2_regulated_pure_pursuit_controller/lib:/home/nth/rtc_ws/install/nav2_recoveries/lib:/home/nth/rtc_ws/install/nav2_planner/lib:/home/nth/rtc_ws/install/nav2_navfn_planner/lib:/home/nth/rtc_ws/install/costmap_queue/lib:/home/nth/rtc_ws/install/nav2_costmap_2d/lib:/home/nth/rtc_ws/install/nav2_voxel_grid/lib:/home/nth/rtc_ws/install/nav2_rviz_plugins/lib:/home/nth/rtc_ws/install/nav2_map_server/lib:/home/nth/rtc_ws/install/nav2_lifecycle_manager/lib:/home/nth/rtc_ws/install/nav2_bt_navigator/lib:/home/nth/rtc_ws/install/nav2_behavior_tree/lib:/home/nth/rtc_ws/install/nav2_amcl/lib:/home/nth/rtc_ws/install/nav2_util/lib:/home/nth/rtc_ws/install/nav2_msgs/lib:/home/nth/rtc_ws/install/dynamixel_sdk_custom_interfaces/lib:/home/nth/rtc_ws/install/dynamixel_sdk/lib:/usr/lib/x86_64-linux-gnu/gazebo-11/plugins:/opt/ros/foxy/opt/yaml_cpp_vendor/lib:/opt/ros/foxy/opt/rviz_ogre_vendor/lib:/opt/ros/foxy/lib/x86_64-linux-gnu:/opt/ros/foxy/lib PYTHONPATH=/home/nth/ros2_ws/install/action_tutorials_interfaces/lib/python3.8/site-packages:/home/nth/ros2_ws/install/turtlesim_test/lib/python3.8/site-packages:/home/nth/ros2_ws/install/test_interfaces/lib/python3.8/site-packages:/home/nth/ros2_ws/install/service_test/lib/python3.8/site-packages:/home/nth/rtc_ws/install/turtlebot3_teleop/lib/python3.8/site-packages:/home/nth/rtc_ws/install/turtlebot3_example/lib/python3.8/site-packages:/home/nth/rtc_ws/install/turtlebot3_msgs/lib/python3.8/site-packages:/home/nth/rtc_ws/install/robot_localization/lib/python3.8/site-packages:/home/nth/rtc_ws/install/dwb_msgs/lib/python3.8/site-packages:/home/nth/rtc_ws/install/nav_2d_msgs/lib/python3.8/site-packages:/home/nth/rtc_ws/install/nav2_msgs/lib/python3.8/site-packages:/home/nth/rtc_ws/install/nav2_gazebo_spawner/lib/python3.8/site-packages:/home/nth/rtc_ws/install/nav2_common/lib/python3.8/site-packages:/home/nth/rtc_ws/install/dynamixel_sdk_custom_interfaces/lib/python3.8/site-packages:/opt/ros/foxy/lib/python3.8/site-packages /usr/bin/cmake --build /home/nth/ros2_ws/build/action_cpp -- -j16 -l16
[0.069s] [35m[1mScanning dependencies of target action_client[0m
[0.069s] [35m[1mScanning dependencies of target boi_so_server[0m
[0.069s] [35m[1mScanning dependencies of target fibonacci_action_server[0m
[0.072s] [35m[1mScanning dependencies of target boi_so_client[0m
[0.072s] [35m[1mScanning dependencies of target action_server[0m
[0.073s] [35m[1mScanning dependencies of target fibonacci_action_client[0m
[0.104s] [ 14%] [32mBuilding CXX object CMakeFiles/boi_so_server.dir/rclcpp_components/node_main_boi_so_server.cpp.o[0m
[0.104s] [ 14%] [32mBuilding CXX object CMakeFiles/fibonacci_action_server.dir/rclcpp_components/node_main_fibonacci_action_server.cpp.o[0m
[0.113s] [ 21%] [32mBuilding CXX object CMakeFiles/fibonacci_action_client.dir/rclcpp_components/node_main_fibonacci_action_client.cpp.o[0m
[0.116s] [ 28%] [32mBuilding CXX object CMakeFiles/boi_so_client.dir/rclcpp_components/node_main_boi_so_client.cpp.o[0m
[0.118s] [ 35%] [32mBuilding CXX object CMakeFiles/action_client.dir/src/fibonacci_action_client.cpp.o[0m
[0.118s] [ 42%] [32mBuilding CXX object CMakeFiles/action_client.dir/src/boi_so_client.cpp.o[0m
[0.124s] [ 57%] [32mBuilding CXX object CMakeFiles/action_server.dir/src/fibonacci_action_server.cpp.o[0m
[0.124s] [ 57%] [32mBuilding CXX object CMakeFiles/action_server.dir/src/boi_so_server.cpp.o[0m
[1.986s] [ 64%] [32m[1mLinking CXX executable fibonacci_action_server[0m
[2.120s] [ 64%] Built target fibonacci_action_server
[2.656s] [ 71%] [32m[1mLinking CXX executable fibonacci_action_client[0m
[2.789s] [ 71%] Built target fibonacci_action_client
[2.799s] [ 78%] [32m[1mLinking CXX executable boi_so_client[0m
[2.806s] [ 85%] [32m[1mLinking CXX executable boi_so_server[0m
[2.929s] [ 85%] Built target boi_so_client
[2.934s] [ 85%] Built target boi_so_server
[3.487s] [ 92%] [32m[1mLinking CXX shared library libaction_client.so[0m
[3.649s] [ 92%] Built target action_client
[3.737s] [100%] [32m[1mLinking CXX shared library libaction_server.so[0m
[3.907s] [100%] Built target action_server
