[0.144s] Invoking command in '/home/nth/ros2_ws/build/nav2_common': CMAKE_PREFIX_PATH=${CMAKE_PREFIX_PATH}:/home/nth/ros2_ws/install/turtlesim_test:/home/nth/ros2_ws/install/service_test:/home/nth/ros2_ws/install/pub_initial_pose:/home/nth/ros2_ws/install/nav2_simple_commander:/home/nth/ros2_ws/install/nav2_gazebo_spawner:/home/nth/rtc_ws/install/turtlebot3_teleop:/home/nth/rtc_ws/install/turtlebot3_example:/home/nth/rtc_ws/install/nav2_simple_commander:/home/nth/rtc_ws/install/nav2_gazebo_spawner:/home/nth/rtcamr_ws/install/turtlebot3_teleop:/home/nth/rtcamr_ws/install/turtlebot3_example:/home/nth/rtcamr_ws/install/nav2_simple_commander:/home/nth/rtcamr_ws/install/nav2_gazebo_spawner:/opt/ros/foxy /usr/bin/cmake --build /home/nth/ros2_ws/build/nav2_common -- -j16 -l16
[1.186s] Invoked command in '/home/nth/ros2_ws/build/nav2_common' returned '0': CMAKE_PREFIX_PATH=${CMAKE_PREFIX_PATH}:/home/nth/ros2_ws/install/turtlesim_test:/home/nth/ros2_ws/install/service_test:/home/nth/ros2_ws/install/pub_initial_pose:/home/nth/ros2_ws/install/nav2_simple_commander:/home/nth/ros2_ws/install/nav2_gazebo_spawner:/home/nth/rtc_ws/install/turtlebot3_teleop:/home/nth/rtc_ws/install/turtlebot3_example:/home/nth/rtc_ws/install/nav2_simple_commander:/home/nth/rtc_ws/install/nav2_gazebo_spawner:/home/nth/rtcamr_ws/install/turtlebot3_teleop:/home/nth/rtcamr_ws/install/turtlebot3_example:/home/nth/rtcamr_ws/install/nav2_simple_commander:/home/nth/rtcamr_ws/install/nav2_gazebo_spawner:/opt/ros/foxy /usr/bin/cmake --build /home/nth/ros2_ws/build/nav2_common -- -j16 -l16
[1.236s] Invoking command in '/home/nth/ros2_ws/build/nav2_common': CMAKE_PREFIX_PATH=${CMAKE_PREFIX_PATH}:/home/nth/ros2_ws/install/turtlesim_test:/home/nth/ros2_ws/install/service_test:/home/nth/ros2_ws/install/pub_initial_pose:/home/nth/ros2_ws/install/nav2_simple_commander:/home/nth/ros2_ws/install/nav2_gazebo_spawner:/home/nth/rtc_ws/install/turtlebot3_teleop:/home/nth/rtc_ws/install/turtlebot3_example:/home/nth/rtc_ws/install/nav2_simple_commander:/home/nth/rtc_ws/install/nav2_gazebo_spawner:/home/nth/rtcamr_ws/install/turtlebot3_teleop:/home/nth/rtcamr_ws/install/turtlebot3_example:/home/nth/rtcamr_ws/install/nav2_simple_commander:/home/nth/rtcamr_ws/install/nav2_gazebo_spawner:/opt/ros/foxy /usr/bin/cmake --install /home/nth/ros2_ws/build/nav2_common
[1.253s] -- Install configuration: ""
[1.254s] -- Up-to-date: /home/nth/ros2_ws/install/nav2_common/share/nav2_common/environment/pythonpath.sh
[1.254s] -- Up-to-date: /home/nth/ros2_ws/install/nav2_common/share/nav2_common/environment/pythonpath.dsv
[1.254s] -- Up-to-date: /home/nth/ros2_ws/install/nav2_common/lib/python3.8/site-packages/nav2_common
[1.254s] -- Up-to-date: /home/nth/ros2_ws/install/nav2_common/lib/python3.8/site-packages/nav2_common/__init__.py
[1.254s] -- Up-to-date: /home/nth/ros2_ws/install/nav2_common/lib/python3.8/site-packages/nav2_common/launch
[1.254s] -- Up-to-date: /home/nth/ros2_ws/install/nav2_common/lib/python3.8/site-packages/nav2_common/launch/rewritten_yaml.py
[1.254s] -- Up-to-date: /home/nth/ros2_ws/install/nav2_common/lib/python3.8/site-packages/nav2_common/launch/__init__.py
[1.254s] -- Up-to-date: /home/nth/ros2_ws/install/nav2_common/lib/python3.8/site-packages/nav2_common/launch/has_node_params.py
[1.254s] -- Up-to-date: /home/nth/ros2_ws/install/nav2_common/lib/python3.8/site-packages/nav2_common/launch/replace_string.py
[1.307s] Listing '/home/nth/ros2_ws/install/nav2_common/lib/python3.8/site-packages/nav2_common'...
[1.308s] Listing '/home/nth/ros2_ws/install/nav2_common/lib/python3.8/site-packages/nav2_common/launch'...
[1.321s] -- Up-to-date: /home/nth/ros2_ws/install/nav2_common/share/ament_index/resource_index/package_run_dependencies/nav2_common
[1.321s] -- Up-to-date: /home/nth/ros2_ws/install/nav2_common/share/ament_index/resource_index/parent_prefix_path/nav2_common
[1.321s] -- Up-to-date: /home/nth/ros2_ws/install/nav2_common/share/nav2_common/environment/ament_prefix_path.sh
[1.321s] -- Up-to-date: /home/nth/ros2_ws/install/nav2_common/share/nav2_common/environment/ament_prefix_path.dsv
[1.321s] -- Up-to-date: /home/nth/ros2_ws/install/nav2_common/share/nav2_common/environment/path.sh
[1.321s] -- Up-to-date: /home/nth/ros2_ws/install/nav2_common/share/nav2_common/environment/path.dsv
[1.322s] -- Up-to-date: /home/nth/ros2_ws/install/nav2_common/share/nav2_common/local_setup.bash
[1.322s] -- Up-to-date: /home/nth/ros2_ws/install/nav2_common/share/nav2_common/local_setup.sh
[1.322s] -- Up-to-date: /home/nth/ros2_ws/install/nav2_common/share/nav2_common/local_setup.zsh
[1.322s] -- Up-to-date: /home/nth/ros2_ws/install/nav2_common/share/nav2_common/local_setup.dsv
[1.322s] -- Installing: /home/nth/ros2_ws/install/nav2_common/share/nav2_common/package.dsv
[1.322s] -- Up-to-date: /home/nth/ros2_ws/install/nav2_common/share/ament_index/resource_index/packages/nav2_common
[1.322s] -- Up-to-date: /home/nth/ros2_ws/install/nav2_common/share/nav2_common/cmake/nav2_common-extras.cmake
[1.322s] -- Up-to-date: /home/nth/ros2_ws/install/nav2_common/share/nav2_common/cmake/nav2_commonConfig.cmake
[1.322s] -- Up-to-date: /home/nth/ros2_ws/install/nav2_common/share/nav2_common/cmake/nav2_commonConfig-version.cmake
[1.323s] -- Up-to-date: /home/nth/ros2_ws/install/nav2_common/share/nav2_common/package.xml
[1.323s] -- Up-to-date: /home/nth/ros2_ws/install/nav2_common/share/nav2_common/cmake
[1.323s] -- Up-to-date: /home/nth/ros2_ws/install/nav2_common/share/nav2_common/cmake/nav2_package.cmake
[1.324s] Invoked command in '/home/nth/ros2_ws/build/nav2_common' returned '0': CMAKE_PREFIX_PATH=${CMAKE_PREFIX_PATH}:/home/nth/ros2_ws/install/turtlesim_test:/home/nth/ros2_ws/install/service_test:/home/nth/ros2_ws/install/pub_initial_pose:/home/nth/ros2_ws/install/nav2_simple_commander:/home/nth/ros2_ws/install/nav2_gazebo_spawner:/home/nth/rtc_ws/install/turtlebot3_teleop:/home/nth/rtc_ws/install/turtlebot3_example:/home/nth/rtc_ws/install/nav2_simple_commander:/home/nth/rtc_ws/install/nav2_gazebo_spawner:/home/nth/rtcamr_ws/install/turtlebot3_teleop:/home/nth/rtcamr_ws/install/turtlebot3_example:/home/nth/rtcamr_ws/install/nav2_simple_commander:/home/nth/rtcamr_ws/install/nav2_gazebo_spawner:/opt/ros/foxy /usr/bin/cmake --install /home/nth/ros2_ws/build/nav2_common
