[0.047s] Invoking command in '/home/nth/ros2_ws/build/smac_planner': AMENT_PREFIX_PATH=/home/nth/ros2_ws/install/nav2_core:/home/nth/ros2_ws/install/nav2_costmap_2d:/home/nth/ros2_ws/install/nav2_util:/home/nth/ros2_ws/install/nav2_voxel_grid:/home/nth/ros2_ws/install/nav2_msgs:/home/nth/ros2_ws/install/nav2_common:${AMENT_PREFIX_PATH} CMAKE_PREFIX_PATH=/home/nth/ros2_ws/install/nav2_core:/home/nth/ros2_ws/install/nav2_costmap_2d:/home/nth/ros2_ws/install/nav2_util:/home/nth/ros2_ws/install/nav2_voxel_grid:/home/nth/ros2_ws/install/nav2_msgs:/home/nth/ros2_ws/install/nav2_common:/home/nth/rtc_ws/install/turtlebot3:/home/nth/rtc_ws/install/turtlebot3_bringup:/home/nth/rtc_ws/install/turtlebot3_node:/home/nth/rtc_ws/install/turtlebot3_navigation2:/home/nth/rtc_ws/install/turtlebot3_msgs:/home/nth/rtc_ws/install/turtlebot3_description:/home/nth/rtc_ws/install/turtlebot3_cartographer:/home/nth/rtc_ws/install/teb_msgs:/home/nth/rtc_ws/install/nav2_system_tests:/home/nth/rtc_ws/install/nav2_bringup:/home/nth/rtc_ws/install/navigation2:/home/nth/rtc_ws/install/smac_planner:/home/nth/rtc_ws/install/rplidar_ros2:/home/nth/rtc_ws/install/robot_localization:/home/nth/rtc_ws/install/nav2_dwb_controller:/home/nth/rtc_ws/install/nav2_controller:/home/nth/rtc_ws/install/dwb_plugins:/home/nth/rtc_ws/install/dwb_critics:/home/nth/rtc_ws/install/dwb_core:/home/nth/rtc_ws/install/nav_2d_utils:/home/nth/rtc_ws/install/dwb_msgs:/home/nth/rtc_ws/install/nav_2d_msgs:/home/nth/rtc_ws/install/nav2_waypoint_follower:/home/nth/rtc_ws/install/nav2_regulated_pure_pursuit_controller:/home/nth/rtc_ws/install/nav2_recoveries:/home/nth/rtc_ws/install/nav2_planner:/home/nth/rtc_ws/install/nav2_navfn_planner:/home/nth/rtc_ws/install/nav2_core:/home/nth/rtc_ws/install/costmap_queue:/home/nth/rtc_ws/install/costmap_converter:/home/nth/rtc_ws/install/nav2_costmap_2d:/home/nth/rtc_ws/install/nav2_voxel_grid:/home/nth/rtc_ws/install/nav2_rviz_plugins:/home/nth/rtc_ws/install/nav2_map_server:/home/nth/rtc_ws/install/nav2_lifecycle_manager:/home/nth/rtc_ws/install/nav2_bt_navigator:/home/nth/rtc_ws/install/nav2_behavior_tree:/home/nth/rtc_ws/install/nav2_amcl:/home/nth/rtc_ws/install/nav2_util:/home/nth/rtc_ws/install/nav2_msgs:/home/nth/rtc_ws/install/nav2_common:/home/nth/rtc_ws/install/ld08_driver:/home/nth/rtc_ws/install/g2o:/home/nth/rtc_ws/install/dynamixel_sdk_examples:/home/nth/rtc_ws/install/dynamixel_sdk_custom_interfaces:/home/nth/rtc_ws/install/dynamixel_sdk:/home/nth/rtc_ws/install/costmap_converter_msgs:/home/nth/rtc_ws/install/aws_robomaker_small_warehouse_world:/home/nth/rtcamr_ws/install/turtlebot3_msgs:/home/nth/rtcamr_ws/install/turtlebot3_gazebo:/home/nth/rtcamr_ws/install/turtlebot3_description:/home/nth/rtcamr_ws/install/turtlebot3_cartographer:/home/nth/rtcamr_ws/install/rplidar_ros2:/home/nth/rtcamr_ws/install/dwb_msgs:/home/nth/rtcamr_ws/install/nav_2d_msgs:/home/nth/rtcamr_ws/install/nav2_voxel_grid:/home/nth/rtcamr_ws/install/nav2_msgs:/home/nth/rtcamr_ws/install/nav2_common:/home/nth/rtcamr_ws/install/aws_robomaker_small_warehouse_world:/home/nth/rtc_ws/install/turtlebot3_teleop:/home/nth/rtc_ws/install/turtlebot3_example:/home/nth/rtc_ws/install/nav2_simple_commander:/home/nth/rtc_ws/install/nav2_gazebo_spawner:/home/nth/rtcamr_ws/install/turtlebot3_teleop:/home/nth/rtcamr_ws/install/turtlebot3_example:/home/nth/rtcamr_ws/install/nav2_simple_commander:/home/nth/rtcamr_ws/install/nav2_gazebo_spawner:/opt/ros/foxy LD_LIBRARY_PATH=/home/nth/ros2_ws/install/nav2_costmap_2d/lib:/home/nth/ros2_ws/install/nav2_util/lib:/home/nth/ros2_ws/install/nav2_voxel_grid/lib:/home/nth/ros2_ws/install/nav2_msgs/lib:${LD_LIBRARY_PATH} PYTHONPATH=/home/nth/ros2_ws/install/nav2_msgs/lib/python3.8/site-packages:/home/nth/ros2_ws/install/nav2_common/lib/python3.8/site-packages:${PYTHONPATH} /usr/bin/cmake /home/nth/ros2_ws/src/navigation2/smac_planner -DCMAKE_INSTALL_PREFIX=/home/nth/ros2_ws/install/smac_planner
[0.111s] -- The C compiler identification is GNU 9.4.0
[0.182s] -- The CXX compiler identification is GNU 9.4.0
[0.192s] -- Check for working C compiler: /usr/bin/cc
[0.275s] -- Check for working C compiler: /usr/bin/cc -- works
[0.275s] -- Detecting C compiler ABI info
[0.352s] -- Detecting C compiler ABI info - done
[0.364s] -- Detecting C compile features
[0.364s] -- Detecting C compile features - done
[0.367s] -- Check for working CXX compiler: /usr/bin/c++
[0.459s] -- Check for working CXX compiler: /usr/bin/c++ -- works
[0.460s] -- Detecting CXX compiler ABI info
[0.555s] -- Detecting CXX compiler ABI info - done
[0.567s] -- Detecting CXX compile features
[0.567s] -- Detecting CXX compile features - done
[0.572s] -- Found ament_cmake: 0.9.9 (/opt/ros/foxy/share/ament_cmake/cmake)
[0.610s] -- Found PythonInterp: /usr/bin/python3 (found suitable version "3.8.10", minimum required is "3") 
[0.610s] -- Using PYTHON_EXECUTABLE: /usr/bin/python3
[0.875s] -- Found nav2_common: 0.4.7 (/home/nth/ros2_ws/install/nav2_common/share/nav2_common/cmake)
[0.882s] -- Found rclcpp: 2.4.1 (/opt/ros/foxy/share/rclcpp/cmake)
[1.008s] -- Using all available rosidl_typesupport_c: rosidl_typesupport_fastrtps_c;rosidl_typesupport_introspection_c
[1.032s] -- Found rosidl_adapter: 1.2.1 (/opt/ros/foxy/share/rosidl_adapter/cmake)
[1.179s] -- Found OpenSSL: /usr/lib/x86_64-linux-gnu/libcrypto.so (found version "1.1.1f")  
[1.227s] -- Found FastRTPS: /opt/ros/foxy/include  
[1.372s] -- Using all available rosidl_typesupport_cpp: rosidl_typesupport_fastrtps_cpp;rosidl_typesupport_introspection_cpp
[1.494s] -- Found rmw_implementation_cmake: 1.0.3 (/opt/ros/foxy/share/rmw_implementation_cmake/cmake)
[1.500s] -- Using RMW implementation 'rmw_fastrtps_cpp' as default
[1.500s] -- Looking for pthread.h
[1.589s] -- Looking for pthread.h - found
[1.589s] -- Performing Test CMAKE_HAVE_LIBC_PTHREAD
[1.678s] -- Performing Test CMAKE_HAVE_LIBC_PTHREAD - Failed
[1.678s] -- Looking for pthread_create in pthreads
[1.762s] -- Looking for pthread_create in pthreads - not found
[1.762s] -- Looking for pthread_create in pthread
[1.839s] -- Looking for pthread_create in pthread - found
[1.840s] -- Found Threads: TRUE  
[2.023s] -- Found rclcpp_action: 2.4.1 (/opt/ros/foxy/share/rclcpp_action/cmake)
[2.106s] -- Found rclcpp_lifecycle: 2.4.1 (/opt/ros/foxy/share/rclcpp_lifecycle/cmake)
[2.141s] -- Found visualization_msgs: 2.0.5 (/opt/ros/foxy/share/visualization_msgs/cmake)
[2.239s] -- Found nav2_util: 0.4.7 (/home/nth/ros2_ws/install/nav2_util/share/nav2_util/cmake)
[2.769s] -- Found eigen3_cmake_module: 0.1.1 (/opt/ros/foxy/share/eigen3_cmake_module/cmake)
[2.774s] -- Found Eigen3: TRUE (found version "3.3.7") 
[2.893s] -- Found nav2_core: 0.4.7 (/home/nth/ros2_ws/install/nav2_core/share/nav2_core/cmake)
[3.836s] -- Found installed version of Eigen: /usr/lib/cmake/eigen3
[3.837s] -- Found required Ceres dependency: Eigen version 3.3.7 in /usr/include/eigen3
[3.845s] -- Found required Ceres dependency: glog
[3.849s] -- Found installed version of gflags: /usr/lib/x86_64-linux-gnu/cmake/gflags
[3.849s] -- Detected gflags version: 2.2.2
[3.850s] -- Found required Ceres dependency: gflags
[3.851s] -- Found Ceres version: 1.14.0 installed in: /usr with components: [EigenSparse, SparseLinearAlgebraLibrary, LAPACK, SuiteSparse, CXSparse, SchurSpecializations, OpenMP, Multithreading]
[3.859s] -- Found ompl: /opt/ros/foxy/include/ompl-1.5;/usr/include/eigen3  
[4.130s] -- Found OpenMP_C: -fopenmp (found version "4.5") 
[4.227s] -- Found OpenMP_CXX: -fopenmp (found version "4.5") 
[4.228s] -- Found OpenMP: TRUE (found version "4.5")  
[8.907s] -- Found ament_lint_auto: 0.9.6 (/opt/ros/foxy/share/ament_lint_auto/cmake)
[9.099s] -- Found ament_cmake_gtest: 0.9.9 (/opt/ros/foxy/share/ament_cmake_gtest/cmake)
[9.113s] -- Found gtest sources under '/opt/ros/foxy/src/gtest_vendor': C++ tests using 'Google Test' will be built
[9.117s] -- Check if compiler accepts -pthread
[9.240s] -- Check if compiler accepts -pthread - yes
[29.752s] -- Added test 'copyright' to check source files copyright and LICENSE
[29.757s] -- Added test 'cppcheck' to perform static code analysis on C / C++ code
[29.758s] -- Configured cppcheck include dirs: /home/nth/ros2_ws/src/navigation2/smac_planner/include
[29.758s] -- Configured cppcheck exclude dirs and/or files: 
[29.761s] -- Added test 'cpplint' to check C / C++ code against the Google style
[29.762s] -- Configured cpplint exclude dirs and/or files: 
[29.764s] -- Added test 'lint_cmake' to check CMake code style
[29.768s] -- Added test 'uncrustify' to check C / C++ code style
[29.768s] -- Configured uncrustify additional arguments: 
[29.770s] -- Added test 'xmllint' to check XML markup files
[29.782s] -- Configuring done
[30.411s] -- Generating done
[30.414s] -- Build files have been written to: /home/nth/ros2_ws/build/smac_planner
[30.432s] Invoked command in '/home/nth/ros2_ws/build/smac_planner' returned '0': AMENT_PREFIX_PATH=/home/nth/ros2_ws/install/nav2_core:/home/nth/ros2_ws/install/nav2_costmap_2d:/home/nth/ros2_ws/install/nav2_util:/home/nth/ros2_ws/install/nav2_voxel_grid:/home/nth/ros2_ws/install/nav2_msgs:/home/nth/ros2_ws/install/nav2_common:${AMENT_PREFIX_PATH} CMAKE_PREFIX_PATH=/home/nth/ros2_ws/install/nav2_core:/home/nth/ros2_ws/install/nav2_costmap_2d:/home/nth/ros2_ws/install/nav2_util:/home/nth/ros2_ws/install/nav2_voxel_grid:/home/nth/ros2_ws/install/nav2_msgs:/home/nth/ros2_ws/install/nav2_common:/home/nth/rtc_ws/install/turtlebot3:/home/nth/rtc_ws/install/turtlebot3_bringup:/home/nth/rtc_ws/install/turtlebot3_node:/home/nth/rtc_ws/install/turtlebot3_navigation2:/home/nth/rtc_ws/install/turtlebot3_msgs:/home/nth/rtc_ws/install/turtlebot3_description:/home/nth/rtc_ws/install/turtlebot3_cartographer:/home/nth/rtc_ws/install/teb_msgs:/home/nth/rtc_ws/install/nav2_system_tests:/home/nth/rtc_ws/install/nav2_bringup:/home/nth/rtc_ws/install/navigation2:/home/nth/rtc_ws/install/smac_planner:/home/nth/rtc_ws/install/rplidar_ros2:/home/nth/rtc_ws/install/robot_localization:/home/nth/rtc_ws/install/nav2_dwb_controller:/home/nth/rtc_ws/install/nav2_controller:/home/nth/rtc_ws/install/dwb_plugins:/home/nth/rtc_ws/install/dwb_critics:/home/nth/rtc_ws/install/dwb_core:/home/nth/rtc_ws/install/nav_2d_utils:/home/nth/rtc_ws/install/dwb_msgs:/home/nth/rtc_ws/install/nav_2d_msgs:/home/nth/rtc_ws/install/nav2_waypoint_follower:/home/nth/rtc_ws/install/nav2_regulated_pure_pursuit_controller:/home/nth/rtc_ws/install/nav2_recoveries:/home/nth/rtc_ws/install/nav2_planner:/home/nth/rtc_ws/install/nav2_navfn_planner:/home/nth/rtc_ws/install/nav2_core:/home/nth/rtc_ws/install/costmap_queue:/home/nth/rtc_ws/install/costmap_converter:/home/nth/rtc_ws/install/nav2_costmap_2d:/home/nth/rtc_ws/install/nav2_voxel_grid:/home/nth/rtc_ws/install/nav2_rviz_plugins:/home/nth/rtc_ws/install/nav2_map_server:/home/nth/rtc_ws/install/nav2_lifecycle_manager:/home/nth/rtc_ws/install/nav2_bt_navigator:/home/nth/rtc_ws/install/nav2_behavior_tree:/home/nth/rtc_ws/install/nav2_amcl:/home/nth/rtc_ws/install/nav2_util:/home/nth/rtc_ws/install/nav2_msgs:/home/nth/rtc_ws/install/nav2_common:/home/nth/rtc_ws/install/ld08_driver:/home/nth/rtc_ws/install/g2o:/home/nth/rtc_ws/install/dynamixel_sdk_examples:/home/nth/rtc_ws/install/dynamixel_sdk_custom_interfaces:/home/nth/rtc_ws/install/dynamixel_sdk:/home/nth/rtc_ws/install/costmap_converter_msgs:/home/nth/rtc_ws/install/aws_robomaker_small_warehouse_world:/home/nth/rtcamr_ws/install/turtlebot3_msgs:/home/nth/rtcamr_ws/install/turtlebot3_gazebo:/home/nth/rtcamr_ws/install/turtlebot3_description:/home/nth/rtcamr_ws/install/turtlebot3_cartographer:/home/nth/rtcamr_ws/install/rplidar_ros2:/home/nth/rtcamr_ws/install/dwb_msgs:/home/nth/rtcamr_ws/install/nav_2d_msgs:/home/nth/rtcamr_ws/install/nav2_voxel_grid:/home/nth/rtcamr_ws/install/nav2_msgs:/home/nth/rtcamr_ws/install/nav2_common:/home/nth/rtcamr_ws/install/aws_robomaker_small_warehouse_world:/home/nth/rtc_ws/install/turtlebot3_teleop:/home/nth/rtc_ws/install/turtlebot3_example:/home/nth/rtc_ws/install/nav2_simple_commander:/home/nth/rtc_ws/install/nav2_gazebo_spawner:/home/nth/rtcamr_ws/install/turtlebot3_teleop:/home/nth/rtcamr_ws/install/turtlebot3_example:/home/nth/rtcamr_ws/install/nav2_simple_commander:/home/nth/rtcamr_ws/install/nav2_gazebo_spawner:/opt/ros/foxy LD_LIBRARY_PATH=/home/nth/ros2_ws/install/nav2_costmap_2d/lib:/home/nth/ros2_ws/install/nav2_util/lib:/home/nth/ros2_ws/install/nav2_voxel_grid/lib:/home/nth/ros2_ws/install/nav2_msgs/lib:${LD_LIBRARY_PATH} PYTHONPATH=/home/nth/ros2_ws/install/nav2_msgs/lib/python3.8/site-packages:/home/nth/ros2_ws/install/nav2_common/lib/python3.8/site-packages:${PYTHONPATH} /usr/bin/cmake /home/nth/ros2_ws/src/navigation2/smac_planner -DCMAKE_INSTALL_PREFIX=/home/nth/ros2_ws/install/smac_planner
[30.435s] Invoking command in '/home/nth/ros2_ws/build/smac_planner': AMENT_PREFIX_PATH=/home/nth/ros2_ws/install/nav2_core:/home/nth/ros2_ws/install/nav2_costmap_2d:/home/nth/ros2_ws/install/nav2_util:/home/nth/ros2_ws/install/nav2_voxel_grid:/home/nth/ros2_ws/install/nav2_msgs:/home/nth/ros2_ws/install/nav2_common:${AMENT_PREFIX_PATH} CMAKE_PREFIX_PATH=/home/nth/ros2_ws/install/nav2_core:/home/nth/ros2_ws/install/nav2_costmap_2d:/home/nth/ros2_ws/install/nav2_util:/home/nth/ros2_ws/install/nav2_voxel_grid:/home/nth/ros2_ws/install/nav2_msgs:/home/nth/ros2_ws/install/nav2_common:/home/nth/rtc_ws/install/turtlebot3:/home/nth/rtc_ws/install/turtlebot3_bringup:/home/nth/rtc_ws/install/turtlebot3_node:/home/nth/rtc_ws/install/turtlebot3_navigation2:/home/nth/rtc_ws/install/turtlebot3_msgs:/home/nth/rtc_ws/install/turtlebot3_description:/home/nth/rtc_ws/install/turtlebot3_cartographer:/home/nth/rtc_ws/install/teb_msgs:/home/nth/rtc_ws/install/nav2_system_tests:/home/nth/rtc_ws/install/nav2_bringup:/home/nth/rtc_ws/install/navigation2:/home/nth/rtc_ws/install/smac_planner:/home/nth/rtc_ws/install/rplidar_ros2:/home/nth/rtc_ws/install/robot_localization:/home/nth/rtc_ws/install/nav2_dwb_controller:/home/nth/rtc_ws/install/nav2_controller:/home/nth/rtc_ws/install/dwb_plugins:/home/nth/rtc_ws/install/dwb_critics:/home/nth/rtc_ws/install/dwb_core:/home/nth/rtc_ws/install/nav_2d_utils:/home/nth/rtc_ws/install/dwb_msgs:/home/nth/rtc_ws/install/nav_2d_msgs:/home/nth/rtc_ws/install/nav2_waypoint_follower:/home/nth/rtc_ws/install/nav2_regulated_pure_pursuit_controller:/home/nth/rtc_ws/install/nav2_recoveries:/home/nth/rtc_ws/install/nav2_planner:/home/nth/rtc_ws/install/nav2_navfn_planner:/home/nth/rtc_ws/install/nav2_core:/home/nth/rtc_ws/install/costmap_queue:/home/nth/rtc_ws/install/costmap_converter:/home/nth/rtc_ws/install/nav2_costmap_2d:/home/nth/rtc_ws/install/nav2_voxel_grid:/home/nth/rtc_ws/install/nav2_rviz_plugins:/home/nth/rtc_ws/install/nav2_map_server:/home/nth/rtc_ws/install/nav2_lifecycle_manager:/home/nth/rtc_ws/install/nav2_bt_navigator:/home/nth/rtc_ws/install/nav2_behavior_tree:/home/nth/rtc_ws/install/nav2_amcl:/home/nth/rtc_ws/install/nav2_util:/home/nth/rtc_ws/install/nav2_msgs:/home/nth/rtc_ws/install/nav2_common:/home/nth/rtc_ws/install/ld08_driver:/home/nth/rtc_ws/install/g2o:/home/nth/rtc_ws/install/dynamixel_sdk_examples:/home/nth/rtc_ws/install/dynamixel_sdk_custom_interfaces:/home/nth/rtc_ws/install/dynamixel_sdk:/home/nth/rtc_ws/install/costmap_converter_msgs:/home/nth/rtc_ws/install/aws_robomaker_small_warehouse_world:/home/nth/rtcamr_ws/install/turtlebot3_msgs:/home/nth/rtcamr_ws/install/turtlebot3_gazebo:/home/nth/rtcamr_ws/install/turtlebot3_description:/home/nth/rtcamr_ws/install/turtlebot3_cartographer:/home/nth/rtcamr_ws/install/rplidar_ros2:/home/nth/rtcamr_ws/install/dwb_msgs:/home/nth/rtcamr_ws/install/nav_2d_msgs:/home/nth/rtcamr_ws/install/nav2_voxel_grid:/home/nth/rtcamr_ws/install/nav2_msgs:/home/nth/rtcamr_ws/install/nav2_common:/home/nth/rtcamr_ws/install/aws_robomaker_small_warehouse_world:/home/nth/rtc_ws/install/turtlebot3_teleop:/home/nth/rtc_ws/install/turtlebot3_example:/home/nth/rtc_ws/install/nav2_simple_commander:/home/nth/rtc_ws/install/nav2_gazebo_spawner:/home/nth/rtcamr_ws/install/turtlebot3_teleop:/home/nth/rtcamr_ws/install/turtlebot3_example:/home/nth/rtcamr_ws/install/nav2_simple_commander:/home/nth/rtcamr_ws/install/nav2_gazebo_spawner:/opt/ros/foxy LD_LIBRARY_PATH=/home/nth/ros2_ws/install/nav2_costmap_2d/lib:/home/nth/ros2_ws/install/nav2_util/lib:/home/nth/ros2_ws/install/nav2_voxel_grid/lib:/home/nth/ros2_ws/install/nav2_msgs/lib:${LD_LIBRARY_PATH} PYTHONPATH=/home/nth/ros2_ws/install/nav2_msgs/lib/python3.8/site-packages:/home/nth/ros2_ws/install/nav2_common/lib/python3.8/site-packages:${PYTHONPATH} /usr/bin/cmake --build /home/nth/ros2_ws/build/smac_planner -- -j16 -l16
[30.503s] [35m[1mScanning dependencies of target smac_planner_2d[0m
[30.508s] [35m[1mScanning dependencies of target gtest[0m
[30.508s] [35m[1mScanning dependencies of target gtest_main[0m
[30.508s] [35m[1mScanning dependencies of target smac_planner[0m
[30.532s] [  2%] [32mBuilding CXX object gtest/CMakeFiles/gtest_main.dir/src/gtest_main.cc.o[0m
[30.534s] [  5%] [32mBuilding CXX object gtest/CMakeFiles/gtest.dir/src/gtest-all.cc.o[0m
[30.631s] [  8%] [32mBuilding CXX object CMakeFiles/smac_planner_2d.dir/src/smac_planner_2d.cpp.o[0m
[30.631s] [ 14%] [32mBuilding CXX object CMakeFiles/smac_planner_2d.dir/src/a_star.cpp.o[0m
[30.631s] [ 17%] [32mBuilding CXX object CMakeFiles/smac_planner_2d.dir/src/costmap_downsampler.cpp.o[0m
[30.631s] [ 20%] [32mBuilding CXX object CMakeFiles/smac_planner_2d.dir/src/node_se2.cpp.o[0m
[30.632s] [ 20%] [32mBuilding CXX object CMakeFiles/smac_planner_2d.dir/src/node_2d.cpp.o[0m
[30.649s] [ 26%] [32mBuilding CXX object CMakeFiles/smac_planner.dir/src/smac_planner.cpp.o[0m
[30.649s] [ 26%] [32mBuilding CXX object CMakeFiles/smac_planner.dir/src/a_star.cpp.o[0m
[30.665s] [ 29%] [32mBuilding CXX object CMakeFiles/smac_planner.dir/src/node_se2.cpp.o[0m
[30.668s] [ 32%] [32mBuilding CXX object CMakeFiles/smac_planner.dir/src/costmap_downsampler.cpp.o[0m
[30.746s] [ 35%] [32mBuilding CXX object CMakeFiles/smac_planner.dir/src/node_2d.cpp.o[0m
[31.575s] [ 38%] [32m[1mLinking CXX static library libgtest_main.a[0m
[31.777s] [ 38%] Built target gtest_main
[41.412s] [ 41%] [32m[1mLinking CXX static library libgtest.a[0m
[41.636s] [ 41%] Built target gtest
[43.622s] [ 44%] [32m[1mLinking CXX shared library libsmac_planner.so[0m
[43.626s] [ 47%] [32m[1mLinking CXX shared library libsmac_planner_2d.so[0m
[44.409s] [ 47%] Built target smac_planner_2d
[44.421s] [35m[1mScanning dependencies of target test_smac_2d[0m
[44.421s] [35m[1mScanning dependencies of target test_smoother[0m
[44.436s] [ 47%] Built target smac_planner
[44.451s] [35m[1mScanning dependencies of target test_node2d[0m
[44.452s] [35m[1mScanning dependencies of target test_costmap_downsampler[0m
[44.452s] [35m[1mScanning dependencies of target test_nodebasic[0m
[44.455s] [35m[1mScanning dependencies of target test_a_star[0m
[44.455s] [35m[1mScanning dependencies of target test_smac_se2[0m
[44.455s] [35m[1mScanning dependencies of target test_collision_checker[0m
[44.455s] [35m[1mScanning dependencies of target test_nodese2[0m
[44.493s] [ 50%] [32mBuilding CXX object test/CMakeFiles/test_smac_2d.dir/test_smac_2d.cpp.o[0m
[44.498s] [ 52%] [32mBuilding CXX object test/CMakeFiles/test_smoother.dir/test_smoother.cpp.o[0m
[44.506s] [ 55%] [32mBuilding CXX object test/CMakeFiles/test_node2d.dir/test_node2d.cpp.o[0m
[44.512s] [ 58%] [32mBuilding CXX object test/CMakeFiles/test_costmap_downsampler.dir/test_costmap_downsampler.cpp.o[0m
[44.522s] [ 61%] [32mBuilding CXX object test/CMakeFiles/test_nodebasic.dir/test_nodebasic.cpp.o[0m
[44.527s] [ 64%] [32mBuilding CXX object test/CMakeFiles/test_collision_checker.dir/test_collision_checker.cpp.o[0m
[44.539s] [ 67%] [32mBuilding CXX object test/CMakeFiles/test_a_star.dir/test_a_star.cpp.o[0m
[44.544s] [ 70%] [32mBuilding CXX object test/CMakeFiles/test_smac_se2.dir/test_smac_se2.cpp.o[0m
[44.544s] [ 73%] [32mBuilding CXX object test/CMakeFiles/test_nodese2.dir/test_nodese2.cpp.o[0m
[48.132s] [ 76%] [32m[1mLinking CXX executable test_costmap_downsampler[0m
[48.158s] [ 79%] [32m[1mLinking CXX executable test_nodebasic[0m
[48.450s] [ 82%] [32m[1mLinking CXX executable test_collision_checker[0m
[48.503s] [ 85%] [32m[1mLinking CXX executable test_node2d[0m
[48.621s] [ 85%] Built target test_nodebasic
[48.671s] [ 85%] Built target test_costmap_downsampler
[48.751s] [ 85%] Built target test_collision_checker
[48.900s] [ 85%] Built target test_node2d
[49.456s] [ 88%] [32m[1mLinking CXX executable test_nodese2[0m
[49.640s] [ 91%] [32m[1mLinking CXX executable test_a_star[0m
[49.875s] [ 91%] Built target test_nodese2
[50.009s] [ 91%] Built target test_a_star
[50.755s] [ 94%] [32m[1mLinking CXX executable test_smoother[0m
[50.882s] [ 97%] [32m[1mLinking CXX executable test_smac_2d[0m
[51.214s] [ 97%] Built target test_smoother
[51.299s] [ 97%] Built target test_smac_2d
[51.378s] [100%] [32m[1mLinking CXX executable test_smac_se2[0m
[51.734s] [100%] Built target test_smac_se2
[51.758s] Invoked command in '/home/nth/ros2_ws/build/smac_planner' returned '0': AMENT_PREFIX_PATH=/home/nth/ros2_ws/install/nav2_core:/home/nth/ros2_ws/install/nav2_costmap_2d:/home/nth/ros2_ws/install/nav2_util:/home/nth/ros2_ws/install/nav2_voxel_grid:/home/nth/ros2_ws/install/nav2_msgs:/home/nth/ros2_ws/install/nav2_common:${AMENT_PREFIX_PATH} CMAKE_PREFIX_PATH=/home/nth/ros2_ws/install/nav2_core:/home/nth/ros2_ws/install/nav2_costmap_2d:/home/nth/ros2_ws/install/nav2_util:/home/nth/ros2_ws/install/nav2_voxel_grid:/home/nth/ros2_ws/install/nav2_msgs:/home/nth/ros2_ws/install/nav2_common:/home/nth/rtc_ws/install/turtlebot3:/home/nth/rtc_ws/install/turtlebot3_bringup:/home/nth/rtc_ws/install/turtlebot3_node:/home/nth/rtc_ws/install/turtlebot3_navigation2:/home/nth/rtc_ws/install/turtlebot3_msgs:/home/nth/rtc_ws/install/turtlebot3_description:/home/nth/rtc_ws/install/turtlebot3_cartographer:/home/nth/rtc_ws/install/teb_msgs:/home/nth/rtc_ws/install/nav2_system_tests:/home/nth/rtc_ws/install/nav2_bringup:/home/nth/rtc_ws/install/navigation2:/home/nth/rtc_ws/install/smac_planner:/home/nth/rtc_ws/install/rplidar_ros2:/home/nth/rtc_ws/install/robot_localization:/home/nth/rtc_ws/install/nav2_dwb_controller:/home/nth/rtc_ws/install/nav2_controller:/home/nth/rtc_ws/install/dwb_plugins:/home/nth/rtc_ws/install/dwb_critics:/home/nth/rtc_ws/install/dwb_core:/home/nth/rtc_ws/install/nav_2d_utils:/home/nth/rtc_ws/install/dwb_msgs:/home/nth/rtc_ws/install/nav_2d_msgs:/home/nth/rtc_ws/install/nav2_waypoint_follower:/home/nth/rtc_ws/install/nav2_regulated_pure_pursuit_controller:/home/nth/rtc_ws/install/nav2_recoveries:/home/nth/rtc_ws/install/nav2_planner:/home/nth/rtc_ws/install/nav2_navfn_planner:/home/nth/rtc_ws/install/nav2_core:/home/nth/rtc_ws/install/costmap_queue:/home/nth/rtc_ws/install/costmap_converter:/home/nth/rtc_ws/install/nav2_costmap_2d:/home/nth/rtc_ws/install/nav2_voxel_grid:/home/nth/rtc_ws/install/nav2_rviz_plugins:/home/nth/rtc_ws/install/nav2_map_server:/home/nth/rtc_ws/install/nav2_lifecycle_manager:/home/nth/rtc_ws/install/nav2_bt_navigator:/home/nth/rtc_ws/install/nav2_behavior_tree:/home/nth/rtc_ws/install/nav2_amcl:/home/nth/rtc_ws/install/nav2_util:/home/nth/rtc_ws/install/nav2_msgs:/home/nth/rtc_ws/install/nav2_common:/home/nth/rtc_ws/install/ld08_driver:/home/nth/rtc_ws/install/g2o:/home/nth/rtc_ws/install/dynamixel_sdk_examples:/home/nth/rtc_ws/install/dynamixel_sdk_custom_interfaces:/home/nth/rtc_ws/install/dynamixel_sdk:/home/nth/rtc_ws/install/costmap_converter_msgs:/home/nth/rtc_ws/install/aws_robomaker_small_warehouse_world:/home/nth/rtcamr_ws/install/turtlebot3_msgs:/home/nth/rtcamr_ws/install/turtlebot3_gazebo:/home/nth/rtcamr_ws/install/turtlebot3_description:/home/nth/rtcamr_ws/install/turtlebot3_cartographer:/home/nth/rtcamr_ws/install/rplidar_ros2:/home/nth/rtcamr_ws/install/dwb_msgs:/home/nth/rtcamr_ws/install/nav_2d_msgs:/home/nth/rtcamr_ws/install/nav2_voxel_grid:/home/nth/rtcamr_ws/install/nav2_msgs:/home/nth/rtcamr_ws/install/nav2_common:/home/nth/rtcamr_ws/install/aws_robomaker_small_warehouse_world:/home/nth/rtc_ws/install/turtlebot3_teleop:/home/nth/rtc_ws/install/turtlebot3_example:/home/nth/rtc_ws/install/nav2_simple_commander:/home/nth/rtc_ws/install/nav2_gazebo_spawner:/home/nth/rtcamr_ws/install/turtlebot3_teleop:/home/nth/rtcamr_ws/install/turtlebot3_example:/home/nth/rtcamr_ws/install/nav2_simple_commander:/home/nth/rtcamr_ws/install/nav2_gazebo_spawner:/opt/ros/foxy LD_LIBRARY_PATH=/home/nth/ros2_ws/install/nav2_costmap_2d/lib:/home/nth/ros2_ws/install/nav2_util/lib:/home/nth/ros2_ws/install/nav2_voxel_grid/lib:/home/nth/ros2_ws/install/nav2_msgs/lib:${LD_LIBRARY_PATH} PYTHONPATH=/home/nth/ros2_ws/install/nav2_msgs/lib/python3.8/site-packages:/home/nth/ros2_ws/install/nav2_common/lib/python3.8/site-packages:${PYTHONPATH} /usr/bin/cmake --build /home/nth/ros2_ws/build/smac_planner -- -j16 -l16
[51.832s] Invoking command in '/home/nth/ros2_ws/build/smac_planner': AMENT_PREFIX_PATH=/home/nth/ros2_ws/install/nav2_core:/home/nth/ros2_ws/install/nav2_costmap_2d:/home/nth/ros2_ws/install/nav2_util:/home/nth/ros2_ws/install/nav2_voxel_grid:/home/nth/ros2_ws/install/nav2_msgs:/home/nth/ros2_ws/install/nav2_common:${AMENT_PREFIX_PATH} CMAKE_PREFIX_PATH=/home/nth/ros2_ws/install/nav2_core:/home/nth/ros2_ws/install/nav2_costmap_2d:/home/nth/ros2_ws/install/nav2_util:/home/nth/ros2_ws/install/nav2_voxel_grid:/home/nth/ros2_ws/install/nav2_msgs:/home/nth/ros2_ws/install/nav2_common:/home/nth/rtc_ws/install/turtlebot3:/home/nth/rtc_ws/install/turtlebot3_bringup:/home/nth/rtc_ws/install/turtlebot3_node:/home/nth/rtc_ws/install/turtlebot3_navigation2:/home/nth/rtc_ws/install/turtlebot3_msgs:/home/nth/rtc_ws/install/turtlebot3_description:/home/nth/rtc_ws/install/turtlebot3_cartographer:/home/nth/rtc_ws/install/teb_msgs:/home/nth/rtc_ws/install/nav2_system_tests:/home/nth/rtc_ws/install/nav2_bringup:/home/nth/rtc_ws/install/navigation2:/home/nth/rtc_ws/install/smac_planner:/home/nth/rtc_ws/install/rplidar_ros2:/home/nth/rtc_ws/install/robot_localization:/home/nth/rtc_ws/install/nav2_dwb_controller:/home/nth/rtc_ws/install/nav2_controller:/home/nth/rtc_ws/install/dwb_plugins:/home/nth/rtc_ws/install/dwb_critics:/home/nth/rtc_ws/install/dwb_core:/home/nth/rtc_ws/install/nav_2d_utils:/home/nth/rtc_ws/install/dwb_msgs:/home/nth/rtc_ws/install/nav_2d_msgs:/home/nth/rtc_ws/install/nav2_waypoint_follower:/home/nth/rtc_ws/install/nav2_regulated_pure_pursuit_controller:/home/nth/rtc_ws/install/nav2_recoveries:/home/nth/rtc_ws/install/nav2_planner:/home/nth/rtc_ws/install/nav2_navfn_planner:/home/nth/rtc_ws/install/nav2_core:/home/nth/rtc_ws/install/costmap_queue:/home/nth/rtc_ws/install/costmap_converter:/home/nth/rtc_ws/install/nav2_costmap_2d:/home/nth/rtc_ws/install/nav2_voxel_grid:/home/nth/rtc_ws/install/nav2_rviz_plugins:/home/nth/rtc_ws/install/nav2_map_server:/home/nth/rtc_ws/install/nav2_lifecycle_manager:/home/nth/rtc_ws/install/nav2_bt_navigator:/home/nth/rtc_ws/install/nav2_behavior_tree:/home/nth/rtc_ws/install/nav2_amcl:/home/nth/rtc_ws/install/nav2_util:/home/nth/rtc_ws/install/nav2_msgs:/home/nth/rtc_ws/install/nav2_common:/home/nth/rtc_ws/install/ld08_driver:/home/nth/rtc_ws/install/g2o:/home/nth/rtc_ws/install/dynamixel_sdk_examples:/home/nth/rtc_ws/install/dynamixel_sdk_custom_interfaces:/home/nth/rtc_ws/install/dynamixel_sdk:/home/nth/rtc_ws/install/costmap_converter_msgs:/home/nth/rtc_ws/install/aws_robomaker_small_warehouse_world:/home/nth/rtcamr_ws/install/turtlebot3_msgs:/home/nth/rtcamr_ws/install/turtlebot3_gazebo:/home/nth/rtcamr_ws/install/turtlebot3_description:/home/nth/rtcamr_ws/install/turtlebot3_cartographer:/home/nth/rtcamr_ws/install/rplidar_ros2:/home/nth/rtcamr_ws/install/dwb_msgs:/home/nth/rtcamr_ws/install/nav_2d_msgs:/home/nth/rtcamr_ws/install/nav2_voxel_grid:/home/nth/rtcamr_ws/install/nav2_msgs:/home/nth/rtcamr_ws/install/nav2_common:/home/nth/rtcamr_ws/install/aws_robomaker_small_warehouse_world:/home/nth/rtc_ws/install/turtlebot3_teleop:/home/nth/rtc_ws/install/turtlebot3_example:/home/nth/rtc_ws/install/nav2_simple_commander:/home/nth/rtc_ws/install/nav2_gazebo_spawner:/home/nth/rtcamr_ws/install/turtlebot3_teleop:/home/nth/rtcamr_ws/install/turtlebot3_example:/home/nth/rtcamr_ws/install/nav2_simple_commander:/home/nth/rtcamr_ws/install/nav2_gazebo_spawner:/opt/ros/foxy LD_LIBRARY_PATH=/home/nth/ros2_ws/install/nav2_costmap_2d/lib:/home/nth/ros2_ws/install/nav2_util/lib:/home/nth/ros2_ws/install/nav2_voxel_grid/lib:/home/nth/ros2_ws/install/nav2_msgs/lib:${LD_LIBRARY_PATH} PYTHONPATH=/home/nth/ros2_ws/install/nav2_msgs/lib/python3.8/site-packages:/home/nth/ros2_ws/install/nav2_common/lib/python3.8/site-packages:${PYTHONPATH} /usr/bin/cmake --install /home/nth/ros2_ws/build/smac_planner
[51.843s] -- Install configuration: "Release"
[51.844s] -- Installing: /home/nth/ros2_ws/install/smac_planner/share/smac_planner/smac_plugin.xml
[51.844s] -- Installing: /home/nth/ros2_ws/install/smac_planner/share/smac_planner/smac_plugin_2d.xml
[51.845s] -- Installing: /home/nth/ros2_ws/install/smac_planner/lib/libsmac_planner.so
[51.845s] -- Set runtime path of "/home/nth/ros2_ws/install/smac_planner/lib/libsmac_planner.so" to ""
[51.845s] -- Installing: /home/nth/ros2_ws/install/smac_planner/lib/libsmac_planner_2d.so
[51.846s] -- Set runtime path of "/home/nth/ros2_ws/install/smac_planner/lib/libsmac_planner_2d.so" to ""
[51.846s] -- Installing: /home/nth/ros2_ws/install/smac_planner/include/
[51.846s] -- Installing: /home/nth/ros2_ws/install/smac_planner/include//smac_planner
[51.846s] -- Installing: /home/nth/ros2_ws/install/smac_planner/include//smac_planner/collision_checker.hpp
[51.846s] -- Installing: /home/nth/ros2_ws/install/smac_planner/include//smac_planner/costmap_downsampler.hpp
[51.846s] -- Installing: /home/nth/ros2_ws/install/smac_planner/include//smac_planner/smoother_cost_function.hpp
[51.846s] -- Installing: /home/nth/ros2_ws/install/smac_planner/include//smac_planner/a_star.hpp
[51.846s] -- Installing: /home/nth/ros2_ws/install/smac_planner/include//smac_planner/constants.hpp
[51.846s] -- Installing: /home/nth/ros2_ws/install/smac_planner/include//smac_planner/types.hpp
[51.846s] -- Installing: /home/nth/ros2_ws/install/smac_planner/include//smac_planner/node_se2.hpp
[51.847s] -- Installing: /home/nth/ros2_ws/install/smac_planner/include//smac_planner/smac_planner_2d.hpp
[51.847s] -- Installing: /home/nth/ros2_ws/install/smac_planner/include//smac_planner/smoother.hpp
[51.847s] -- Installing: /home/nth/ros2_ws/install/smac_planner/include//smac_planner/smac_planner.hpp
[51.847s] -- Installing: /home/nth/ros2_ws/install/smac_planner/include//smac_planner/node_2d.hpp
[51.847s] -- Installing: /home/nth/ros2_ws/install/smac_planner/include//smac_planner/options.hpp
[51.847s] -- Installing: /home/nth/ros2_ws/install/smac_planner/include//smac_planner/node_basic.hpp
[51.847s] -- Installing: /home/nth/ros2_ws/install/smac_planner/share/smac_planner/environment/library_path.sh
[51.847s] -- Installing: /home/nth/ros2_ws/install/smac_planner/share/smac_planner/environment/library_path.dsv
[51.847s] -- Installing: /home/nth/ros2_ws/install/smac_planner/share/ament_index/resource_index/package_run_dependencies/smac_planner
[51.847s] -- Installing: /home/nth/ros2_ws/install/smac_planner/share/ament_index/resource_index/parent_prefix_path/smac_planner
[51.847s] -- Installing: /home/nth/ros2_ws/install/smac_planner/share/smac_planner/environment/ament_prefix_path.sh
[51.847s] -- Installing: /home/nth/ros2_ws/install/smac_planner/share/smac_planner/environment/ament_prefix_path.dsv
[51.847s] -- Installing: /home/nth/ros2_ws/install/smac_planner/share/smac_planner/environment/path.sh
[51.847s] -- Installing: /home/nth/ros2_ws/install/smac_planner/share/smac_planner/environment/path.dsv
[51.847s] -- Installing: /home/nth/ros2_ws/install/smac_planner/share/smac_planner/local_setup.bash
[51.848s] -- Installing: /home/nth/ros2_ws/install/smac_planner/share/smac_planner/local_setup.sh
[51.848s] -- Installing: /home/nth/ros2_ws/install/smac_planner/share/smac_planner/local_setup.zsh
[51.848s] -- Installing: /home/nth/ros2_ws/install/smac_planner/share/smac_planner/local_setup.dsv
[51.848s] -- Installing: /home/nth/ros2_ws/install/smac_planner/share/smac_planner/package.dsv
[51.848s] -- Installing: /home/nth/ros2_ws/install/smac_planner/share/ament_index/resource_index/packages/smac_planner
[51.848s] -- Installing: /home/nth/ros2_ws/install/smac_planner/share/ament_index/resource_index/nav2_core__pluginlib__plugin/smac_planner
[51.848s] -- Installing: /home/nth/ros2_ws/install/smac_planner/share/smac_planner/cmake/ament_cmake_export_include_directories-extras.cmake
[51.848s] -- Installing: /home/nth/ros2_ws/install/smac_planner/share/smac_planner/cmake/ament_cmake_export_libraries-extras.cmake
[51.848s] -- Installing: /home/nth/ros2_ws/install/smac_planner/share/smac_planner/cmake/ament_cmake_export_dependencies-extras.cmake
[51.848s] -- Installing: /home/nth/ros2_ws/install/smac_planner/share/smac_planner/cmake/ament_cmake_export_definitions-extras.cmake
[51.849s] -- Installing: /home/nth/ros2_ws/install/smac_planner/share/smac_planner/cmake/smac_plannerConfig.cmake
[51.849s] -- Installing: /home/nth/ros2_ws/install/smac_planner/share/smac_planner/cmake/smac_plannerConfig-version.cmake
[51.849s] -- Installing: /home/nth/ros2_ws/install/smac_planner/share/smac_planner/package.xml
[51.855s] Invoked command in '/home/nth/ros2_ws/build/smac_planner' returned '0': AMENT_PREFIX_PATH=/home/nth/ros2_ws/install/nav2_core:/home/nth/ros2_ws/install/nav2_costmap_2d:/home/nth/ros2_ws/install/nav2_util:/home/nth/ros2_ws/install/nav2_voxel_grid:/home/nth/ros2_ws/install/nav2_msgs:/home/nth/ros2_ws/install/nav2_common:${AMENT_PREFIX_PATH} CMAKE_PREFIX_PATH=/home/nth/ros2_ws/install/nav2_core:/home/nth/ros2_ws/install/nav2_costmap_2d:/home/nth/ros2_ws/install/nav2_util:/home/nth/ros2_ws/install/nav2_voxel_grid:/home/nth/ros2_ws/install/nav2_msgs:/home/nth/ros2_ws/install/nav2_common:/home/nth/rtc_ws/install/turtlebot3:/home/nth/rtc_ws/install/turtlebot3_bringup:/home/nth/rtc_ws/install/turtlebot3_node:/home/nth/rtc_ws/install/turtlebot3_navigation2:/home/nth/rtc_ws/install/turtlebot3_msgs:/home/nth/rtc_ws/install/turtlebot3_description:/home/nth/rtc_ws/install/turtlebot3_cartographer:/home/nth/rtc_ws/install/teb_msgs:/home/nth/rtc_ws/install/nav2_system_tests:/home/nth/rtc_ws/install/nav2_bringup:/home/nth/rtc_ws/install/navigation2:/home/nth/rtc_ws/install/smac_planner:/home/nth/rtc_ws/install/rplidar_ros2:/home/nth/rtc_ws/install/robot_localization:/home/nth/rtc_ws/install/nav2_dwb_controller:/home/nth/rtc_ws/install/nav2_controller:/home/nth/rtc_ws/install/dwb_plugins:/home/nth/rtc_ws/install/dwb_critics:/home/nth/rtc_ws/install/dwb_core:/home/nth/rtc_ws/install/nav_2d_utils:/home/nth/rtc_ws/install/dwb_msgs:/home/nth/rtc_ws/install/nav_2d_msgs:/home/nth/rtc_ws/install/nav2_waypoint_follower:/home/nth/rtc_ws/install/nav2_regulated_pure_pursuit_controller:/home/nth/rtc_ws/install/nav2_recoveries:/home/nth/rtc_ws/install/nav2_planner:/home/nth/rtc_ws/install/nav2_navfn_planner:/home/nth/rtc_ws/install/nav2_core:/home/nth/rtc_ws/install/costmap_queue:/home/nth/rtc_ws/install/costmap_converter:/home/nth/rtc_ws/install/nav2_costmap_2d:/home/nth/rtc_ws/install/nav2_voxel_grid:/home/nth/rtc_ws/install/nav2_rviz_plugins:/home/nth/rtc_ws/install/nav2_map_server:/home/nth/rtc_ws/install/nav2_lifecycle_manager:/home/nth/rtc_ws/install/nav2_bt_navigator:/home/nth/rtc_ws/install/nav2_behavior_tree:/home/nth/rtc_ws/install/nav2_amcl:/home/nth/rtc_ws/install/nav2_util:/home/nth/rtc_ws/install/nav2_msgs:/home/nth/rtc_ws/install/nav2_common:/home/nth/rtc_ws/install/ld08_driver:/home/nth/rtc_ws/install/g2o:/home/nth/rtc_ws/install/dynamixel_sdk_examples:/home/nth/rtc_ws/install/dynamixel_sdk_custom_interfaces:/home/nth/rtc_ws/install/dynamixel_sdk:/home/nth/rtc_ws/install/costmap_converter_msgs:/home/nth/rtc_ws/install/aws_robomaker_small_warehouse_world:/home/nth/rtcamr_ws/install/turtlebot3_msgs:/home/nth/rtcamr_ws/install/turtlebot3_gazebo:/home/nth/rtcamr_ws/install/turtlebot3_description:/home/nth/rtcamr_ws/install/turtlebot3_cartographer:/home/nth/rtcamr_ws/install/rplidar_ros2:/home/nth/rtcamr_ws/install/dwb_msgs:/home/nth/rtcamr_ws/install/nav_2d_msgs:/home/nth/rtcamr_ws/install/nav2_voxel_grid:/home/nth/rtcamr_ws/install/nav2_msgs:/home/nth/rtcamr_ws/install/nav2_common:/home/nth/rtcamr_ws/install/aws_robomaker_small_warehouse_world:/home/nth/rtc_ws/install/turtlebot3_teleop:/home/nth/rtc_ws/install/turtlebot3_example:/home/nth/rtc_ws/install/nav2_simple_commander:/home/nth/rtc_ws/install/nav2_gazebo_spawner:/home/nth/rtcamr_ws/install/turtlebot3_teleop:/home/nth/rtcamr_ws/install/turtlebot3_example:/home/nth/rtcamr_ws/install/nav2_simple_commander:/home/nth/rtcamr_ws/install/nav2_gazebo_spawner:/opt/ros/foxy LD_LIBRARY_PATH=/home/nth/ros2_ws/install/nav2_costmap_2d/lib:/home/nth/ros2_ws/install/nav2_util/lib:/home/nth/ros2_ws/install/nav2_voxel_grid/lib:/home/nth/ros2_ws/install/nav2_msgs/lib:${LD_LIBRARY_PATH} PYTHONPATH=/home/nth/ros2_ws/install/nav2_msgs/lib/python3.8/site-packages:/home/nth/ros2_ws/install/nav2_common/lib/python3.8/site-packages:${PYTHONPATH} /usr/bin/cmake --install /home/nth/ros2_ws/build/smac_planner
