[0.046s] Invoking command in '/home/nth/ros2_ws/build/service_cpp': CMAKE_PREFIX_PATH=/home/nth/ros2_ws/install/test_interfaces:/home/nth/ros2_ws/install/tf2_cpp:/home/nth/ros2_ws/install/service_cpp:/home/nth/ros2_ws/install/ros2_tutorial:/home/nth/ros2_ws/install/action_cpp:/home/nth/ros2_ws/install/action_tutorials_interfaces:/home/nth/rtc_ws/install/turtlebot3:/home/nth/rtc_ws/install/turtlebot3_bringup:/home/nth/rtc_ws/install/turtlebot3_node:/home/nth/rtc_ws/install/turtlebot3_navigation2:/home/nth/rtc_ws/install/turtlebot3_msgs:/home/nth/rtc_ws/install/turtlebot3_description:/home/nth/rtc_ws/install/turtlebot3_cartographer:/home/nth/rtc_ws/install/nav2_system_tests:/home/nth/rtc_ws/install/nav2_bringup:/home/nth/rtc_ws/install/navigation2:/home/nth/rtc_ws/install/smac_planner:/home/nth/rtc_ws/install/rplidar_ros2:/home/nth/rtc_ws/install/robot_localization:/home/nth/rtc_ws/install/nav2_dwb_controller:/home/nth/rtc_ws/install/nav2_controller:/home/nth/rtc_ws/install/dwb_plugins:/home/nth/rtc_ws/install/dwb_critics:/home/nth/rtc_ws/install/dwb_core:/home/nth/rtc_ws/install/nav_2d_utils:/home/nth/rtc_ws/install/dwb_msgs:/home/nth/rtc_ws/install/nav_2d_msgs:/home/nth/rtc_ws/install/nav2_waypoint_follower:/home/nth/rtc_ws/install/nav2_regulated_pure_pursuit_controller:/home/nth/rtc_ws/install/nav2_recoveries:/home/nth/rtc_ws/install/nav2_planner:/home/nth/rtc_ws/install/nav2_navfn_planner:/home/nth/rtc_ws/install/nav2_core:/home/nth/rtc_ws/install/costmap_queue:/home/nth/rtc_ws/install/nav2_costmap_2d:/home/nth/rtc_ws/install/nav2_voxel_grid:/home/nth/rtc_ws/install/nav2_rviz_plugins:/home/nth/rtc_ws/install/nav2_map_server:/home/nth/rtc_ws/install/nav2_lifecycle_manager:/home/nth/rtc_ws/install/nav2_bt_navigator:/home/nth/rtc_ws/install/nav2_behavior_tree:/home/nth/rtc_ws/install/nav2_amcl:/home/nth/rtc_ws/install/nav2_util:/home/nth/rtc_ws/install/nav2_msgs:/home/nth/rtc_ws/install/nav2_common:/home/nth/rtc_ws/install/ld08_driver:/home/nth/rtc_ws/install/dynamixel_sdk_examples:/home/nth/rtc_ws/install/dynamixel_sdk_custom_interfaces:/home/nth/rtc_ws/install/dynamixel_sdk:/home/nth/ros2_ws/install/turtlesim_test:/home/nth/ros2_ws/install/service_test:/home/nth/rtc_ws/install/turtlebot3_teleop:/home/nth/rtc_ws/install/turtlebot3_example:/home/nth/rtc_ws/install/nav2_gazebo_spawner:/opt/ros/foxy PYTHONPATH=/home/nth/ros2_ws/install/test_interfaces/lib/python3.8/site-packages:/home/nth/ros2_ws/install/turtlesim_test/lib/python3.8/site-packages:/home/nth/ros2_ws/install/service_test/lib/python3.8/site-packages:/home/nth/ros2_ws/install/action_tutorials_interfaces/lib/python3.8/site-packages:/home/nth/rtc_ws/install/turtlebot3_teleop/lib/python3.8/site-packages:/home/nth/rtc_ws/install/turtlebot3_example/lib/python3.8/site-packages:/home/nth/rtc_ws/install/turtlebot3_msgs/lib/python3.8/site-packages:/home/nth/rtc_ws/install/robot_localization/lib/python3.8/site-packages:/home/nth/rtc_ws/install/dwb_msgs/lib/python3.8/site-packages:/home/nth/rtc_ws/install/nav_2d_msgs/lib/python3.8/site-packages:/home/nth/rtc_ws/install/nav2_msgs/lib/python3.8/site-packages:/home/nth/rtc_ws/install/nav2_gazebo_spawner/lib/python3.8/site-packages:/home/nth/rtc_ws/install/nav2_common/lib/python3.8/site-packages:/home/nth/rtc_ws/install/dynamixel_sdk_custom_interfaces/lib/python3.8/site-packages:/opt/ros/foxy/lib/python3.8/site-packages /usr/bin/cmake /home/nth/ros2_ws/src/service_cpp -DCMAKE_INSTALL_PREFIX=/home/nth/ros2_ws/install/service_cpp
[0.101s] -- The C compiler identification is GNU 9.4.0
[0.154s] -- The CXX compiler identification is GNU 9.4.0
[0.160s] -- Check for working C compiler: /usr/bin/cc
[0.229s] -- Check for working C compiler: /usr/bin/cc -- works
[0.230s] -- Detecting C compiler ABI info
[0.299s] -- Detecting C compiler ABI info - done
[0.309s] -- Detecting C compile features
[0.309s] -- Detecting C compile features - done
[0.311s] -- Check for working CXX compiler: /usr/bin/c++
[0.386s] -- Check for working CXX compiler: /usr/bin/c++ -- works
[0.387s] -- Detecting CXX compiler ABI info
[0.464s] -- Detecting CXX compiler ABI info - done
[0.474s] -- Detecting CXX compile features
[0.475s] -- Detecting CXX compile features - done
[0.479s] -- Found ament_cmake: 0.9.9 (/opt/ros/foxy/share/ament_cmake/cmake)
[0.508s] -- Found PythonInterp: /usr/bin/python3 (found suitable version "3.8.10", minimum required is "3") 
[0.509s] -- Using PYTHON_EXECUTABLE: /usr/bin/python3
[0.708s] -- Found rclcpp: 2.4.1 (/opt/ros/foxy/share/rclcpp/cmake)
[0.767s] -- Using all available rosidl_typesupport_c: rosidl_typesupport_fastrtps_c;rosidl_typesupport_introspection_c
[0.779s] -- Found rosidl_adapter: 1.2.1 (/opt/ros/foxy/share/rosidl_adapter/cmake)
[0.893s] -- Found OpenSSL: /usr/lib/x86_64-linux-gnu/libcrypto.so (found version "1.1.1f")  
[0.921s] -- Found FastRTPS: /opt/ros/foxy/include  
[0.999s] -- Using all available rosidl_typesupport_cpp: rosidl_typesupport_fastrtps_cpp;rosidl_typesupport_introspection_cpp
[1.056s] -- Found rmw_implementation_cmake: 1.0.3 (/opt/ros/foxy/share/rmw_implementation_cmake/cmake)
[1.059s] -- Using RMW implementation 'rmw_fastrtps_cpp' as default
[1.060s] -- Looking for pthread.h
[1.132s] -- Looking for pthread.h - found
[1.132s] -- Performing Test CMAKE_HAVE_LIBC_PTHREAD
[1.211s] -- Performing Test CMAKE_HAVE_LIBC_PTHREAD - Failed
[1.212s] -- Looking for pthread_create in pthreads
[1.285s] -- Looking for pthread_create in pthreads - not found
[1.285s] -- Looking for pthread_create in pthread
[1.381s] -- Looking for pthread_create in pthread - found
[1.382s] -- Found Threads: TRUE  
[1.515s] -- Found test_interfaces: 0.0.0 (/home/nth/ros2_ws/install/test_interfaces/share/test_interfaces/cmake)
[1.527s] -- Found ament_lint_auto: 0.9.6 (/opt/ros/foxy/share/ament_lint_auto/cmake)
[1.610s] -- Added test 'copyright' to check source files copyright and LICENSE
[1.612s] -- Added test 'cppcheck' to perform static code analysis on C / C++ code
[1.612s] -- Configured cppcheck include dirs: 
[1.612s] -- Configured cppcheck exclude dirs and/or files: 
[1.613s] -- Added test 'cpplint' to check C / C++ code against the Google style
[1.613s] -- Configured cpplint exclude dirs and/or files: 
[1.614s] -- Added test 'lint_cmake' to check CMake code style
[1.615s] -- Added test 'uncrustify' to check C / C++ code style
[1.615s] -- Configured uncrustify additional arguments: 
[1.616s] -- Added test 'xmllint' to check XML markup files
[1.619s] -- Configuring done
[1.627s] -- Generating done
[1.627s] -- Build files have been written to: /home/nth/ros2_ws/build/service_cpp
