[0.264s] Invoking command in '/home/nth/ros2_ws/build/tf2_cpp': CMAKE_PREFIX_PATH=${CMAKE_PREFIX_PATH}:/home/nth/ros2_ws/install/turtlesim_test:/home/nth/ros2_ws/install/service_test:/home/nth/rtc_ws/install/turtlebot3_teleop:/home/nth/rtc_ws/install/turtlebot3_example:/home/nth/rtc_ws/install/nav2_gazebo_spawner:/opt/ros/foxy /usr/bin/cmake /home/nth/ros2_ws/src/tf2_cpp -DCMAKE_INSTALL_PREFIX=/home/nth/ros2_ws/install/tf2_cpp
[0.277s] -- Found geometry_msgs: 2.0.5 (/opt/ros/foxy/share/geometry_msgs/cmake)
[0.296s] -- Using PYTHON_EXECUTABLE: /usr/bin/python3
[0.464s] -- Using all available rosidl_typesupport_c: rosidl_typesupport_fastrtps_c;rosidl_typesupport_introspection_c
[0.466s] -- Found rosidl_adapter: 1.2.1 (/opt/ros/foxy/share/rosidl_adapter/cmake)
[0.584s] -- Using all available rosidl_typesupport_cpp: rosidl_typesupport_fastrtps_cpp;rosidl_typesupport_introspection_cpp
[0.649s] -- Found rclcpp: 2.4.1 (/opt/ros/foxy/share/rclcpp/cmake)
[0.690s] -- Found rmw_implementation_cmake: 1.0.3 (/opt/ros/foxy/share/rmw_implementation_cmake/cmake)
[0.695s] -- Using RMW implementation 'rmw_fastrtps_cpp' as default
[0.821s] -- Found tf2: 0.13.13 (/opt/ros/foxy/share/tf2/cmake)
[0.832s] -- Found tf2_ros: 0.13.13 (/opt/ros/foxy/share/tf2_ros/cmake)
[1.168s] -- Found turtlesim: 1.2.5 (/opt/ros/foxy/share/turtlesim/cmake)
[1.206s] -- Found ament_lint_auto: 0.9.6 (/opt/ros/foxy/share/ament_lint_auto/cmake)
[1.284s] -- Added test 'copyright' to check source files copyright and LICENSE
[1.285s] -- Added test 'cppcheck' to perform static code analysis on C / C++ code
[1.285s] -- Configured cppcheck include dirs: 
[1.285s] -- Configured cppcheck exclude dirs and/or files: 
[1.286s] -- Added test 'cpplint' to check C / C++ code against the Google style
[1.286s] -- Configured cpplint exclude dirs and/or files: 
[1.287s] -- Added test 'flake8' to check Python code syntax and style conventions
[1.288s] -- Added test 'lint_cmake' to check CMake code style
[1.289s] -- Added test 'pep257' to check Python code against some of the style conventions in PEP 257
[1.290s] -- Added test 'uncrustify' to check C / C++ code style
[1.290s] -- Configured uncrustify additional arguments: 
[1.290s] -- Added test 'xmllint' to check XML markup files
[1.294s] -- Configuring done
[1.301s] -- Generating done
[1.302s] -- Build files have been written to: /home/nth/ros2_ws/build/tf2_cpp
[1.310s] Invoked command in '/home/nth/ros2_ws/build/tf2_cpp' returned '0': CMAKE_PREFIX_PATH=${CMAKE_PREFIX_PATH}:/home/nth/ros2_ws/install/turtlesim_test:/home/nth/ros2_ws/install/service_test:/home/nth/rtc_ws/install/turtlebot3_teleop:/home/nth/rtc_ws/install/turtlebot3_example:/home/nth/rtc_ws/install/nav2_gazebo_spawner:/opt/ros/foxy /usr/bin/cmake /home/nth/ros2_ws/src/tf2_cpp -DCMAKE_INSTALL_PREFIX=/home/nth/ros2_ws/install/tf2_cpp
[1.315s] Invoking command in '/home/nth/ros2_ws/build/tf2_cpp': CMAKE_PREFIX_PATH=${CMAKE_PREFIX_PATH}:/home/nth/ros2_ws/install/turtlesim_test:/home/nth/ros2_ws/install/service_test:/home/nth/rtc_ws/install/turtlebot3_teleop:/home/nth/rtc_ws/install/turtlebot3_example:/home/nth/rtc_ws/install/nav2_gazebo_spawner:/opt/ros/foxy /usr/bin/cmake --build /home/nth/ros2_ws/build/tf2_cpp -- -j16 -l16
[1.367s] [35m[1mScanning dependencies of target tf2_broadcaster[0m
[1.399s] [ 50%] [32mBuilding CXX object CMakeFiles/tf2_broadcaster.dir/src/tf2_broadcaster.cpp.o[0m
[3.661s] [100%] [32m[1mLinking CXX executable tf2_broadcaster[0m
[3.819s] [100%] Built target tf2_broadcaster
[3.832s] Invoked command in '/home/nth/ros2_ws/build/tf2_cpp' returned '0': CMAKE_PREFIX_PATH=${CMAKE_PREFIX_PATH}:/home/nth/ros2_ws/install/turtlesim_test:/home/nth/ros2_ws/install/service_test:/home/nth/rtc_ws/install/turtlebot3_teleop:/home/nth/rtc_ws/install/turtlebot3_example:/home/nth/rtc_ws/install/nav2_gazebo_spawner:/opt/ros/foxy /usr/bin/cmake --build /home/nth/ros2_ws/build/tf2_cpp -- -j16 -l16
[3.873s] Invoking command in '/home/nth/ros2_ws/build/tf2_cpp': CMAKE_PREFIX_PATH=${CMAKE_PREFIX_PATH}:/home/nth/ros2_ws/install/turtlesim_test:/home/nth/ros2_ws/install/service_test:/home/nth/rtc_ws/install/turtlebot3_teleop:/home/nth/rtc_ws/install/turtlebot3_example:/home/nth/rtc_ws/install/nav2_gazebo_spawner:/opt/ros/foxy /usr/bin/cmake --install /home/nth/ros2_ws/build/tf2_cpp
[3.885s] -- Install configuration: ""
[3.886s] -- Installing: /home/nth/ros2_ws/install/tf2_cpp/lib/tf2_cpp/tf2_broadcaster
[3.886s] -- Set runtime path of "/home/nth/ros2_ws/install/tf2_cpp/lib/tf2_cpp/tf2_broadcaster" to ""
[3.886s] -- Installing: /home/nth/ros2_ws/install/tf2_cpp/share/tf2_cpp/launch
[3.886s] -- Installing: /home/nth/ros2_ws/install/tf2_cpp/share/tf2_cpp/launch/turtle_tf2_demo.launch.py
[3.887s] -- Installing: /home/nth/ros2_ws/install/tf2_cpp/share/ament_index/resource_index/package_run_dependencies/tf2_cpp
[3.887s] -- Installing: /home/nth/ros2_ws/install/tf2_cpp/share/ament_index/resource_index/parent_prefix_path/tf2_cpp
[3.887s] -- Installing: /home/nth/ros2_ws/install/tf2_cpp/share/tf2_cpp/environment/ament_prefix_path.sh
[3.887s] -- Installing: /home/nth/ros2_ws/install/tf2_cpp/share/tf2_cpp/environment/ament_prefix_path.dsv
[3.887s] -- Installing: /home/nth/ros2_ws/install/tf2_cpp/share/tf2_cpp/environment/path.sh
[3.887s] -- Installing: /home/nth/ros2_ws/install/tf2_cpp/share/tf2_cpp/environment/path.dsv
[3.887s] -- Installing: /home/nth/ros2_ws/install/tf2_cpp/share/tf2_cpp/local_setup.bash
[3.888s] -- Installing: /home/nth/ros2_ws/install/tf2_cpp/share/tf2_cpp/local_setup.sh
[3.888s] -- Installing: /home/nth/ros2_ws/install/tf2_cpp/share/tf2_cpp/local_setup.zsh
[3.888s] -- Installing: /home/nth/ros2_ws/install/tf2_cpp/share/tf2_cpp/local_setup.dsv
[3.888s] -- Installing: /home/nth/ros2_ws/install/tf2_cpp/share/tf2_cpp/package.dsv
[3.888s] -- Installing: /home/nth/ros2_ws/install/tf2_cpp/share/ament_index/resource_index/packages/tf2_cpp
[3.888s] -- Installing: /home/nth/ros2_ws/install/tf2_cpp/share/tf2_cpp/cmake/tf2_cppConfig.cmake
[3.888s] -- Installing: /home/nth/ros2_ws/install/tf2_cpp/share/tf2_cpp/cmake/tf2_cppConfig-version.cmake
[3.888s] -- Installing: /home/nth/ros2_ws/install/tf2_cpp/share/tf2_cpp/package.xml
[3.889s] Invoked command in '/home/nth/ros2_ws/build/tf2_cpp' returned '0': CMAKE_PREFIX_PATH=${CMAKE_PREFIX_PATH}:/home/nth/ros2_ws/install/turtlesim_test:/home/nth/ros2_ws/install/service_test:/home/nth/rtc_ws/install/turtlebot3_teleop:/home/nth/rtc_ws/install/turtlebot3_example:/home/nth/rtc_ws/install/nav2_gazebo_spawner:/opt/ros/foxy /usr/bin/cmake --install /home/nth/ros2_ws/build/tf2_cpp
