[0.119s] Invoking command in '/home/nth/ros2_ws/build/nav_2d_msgs': CMAKE_PREFIX_PATH=${CMAKE_PREFIX_PATH}:/home/nth/rtc_ws/install/turtlebot3_teleop:/home/nth/rtc_ws/install/turtlebot3_example:/home/nth/rtc_ws/install/nav2_simple_commander:/home/nth/rtc_ws/install/nav2_gazebo_spawner:/home/nth/rtcamr_ws/install/turtlebot3_teleop:/home/nth/rtcamr_ws/install/turtlebot3_example:/home/nth/rtcamr_ws/install/nav2_simple_commander:/home/nth/rtcamr_ws/install/nav2_gazebo_spawner:/opt/ros/foxy /usr/bin/cmake /home/nth/ros2_ws/src/navigation2/nav2_dwb_controller/nav_2d_msgs -DCMAKE_INSTALL_PREFIX=/home/nth/ros2_ws/install/nav_2d_msgs
[0.795s] -- The C compiler identification is GNU 9.4.0
[0.795s] -- The CXX compiler identification is GNU 9.4.0
[0.795s] -- Check for working C compiler: /usr/bin/cc
[0.795s] -- Check for working C compiler: /usr/bin/cc -- works
[0.795s] -- Detecting C compiler ABI info
[0.795s] -- Detecting C compiler ABI info - done
[0.795s] -- Detecting C compile features
[0.795s] -- Detecting C compile features - done
[0.796s] -- Check for working CXX compiler: /usr/bin/c++
[0.796s] -- Check for working CXX compiler: /usr/bin/c++ -- works
[0.796s] -- Detecting CXX compiler ABI info
[0.796s] -- Detecting CXX compiler ABI info - done
[0.796s] -- Detecting CXX compile features
[0.796s] -- Detecting CXX compile features - done
[0.796s] -- Found geometry_msgs: 2.0.5 (/opt/ros/foxy/share/geometry_msgs/cmake)
[0.796s] -- Found PythonInterp: /usr/bin/python3 (found suitable version "3.8.10", minimum required is "3") 
[0.796s] -- Using PYTHON_EXECUTABLE: /usr/bin/python3
[1.039s] -- Using all available rosidl_typesupport_c: rosidl_typesupport_fastrtps_c;rosidl_typesupport_introspection_c
[1.058s] -- Found rosidl_adapter: 1.2.1 (/opt/ros/foxy/share/rosidl_adapter/cmake)
[1.227s] -- Found OpenSSL: /usr/lib/x86_64-linux-gnu/libcrypto.so (found version "1.1.1f")  
[1.265s] -- Found FastRTPS: /opt/ros/foxy/include  
[1.374s] -- Using all available rosidl_typesupport_cpp: rosidl_typesupport_fastrtps_cpp;rosidl_typesupport_introspection_cpp
[1.478s] -- Found rosidl_default_generators: 1.0.1 (/opt/ros/foxy/share/rosidl_default_generators/cmake)
[1.538s] -- Found PythonInterp: /usr/bin/python3 (found version "3.8.10") 
[1.837s] -- Found ament_cmake_ros: 0.9.2 (/opt/ros/foxy/share/ament_cmake_ros/cmake)
[2.097s] -- Using all available rosidl_typesupport_c: rosidl_typesupport_fastrtps_c;rosidl_typesupport_introspection_c
[2.192s] -- Using all available rosidl_typesupport_cpp: rosidl_typesupport_fastrtps_cpp;rosidl_typesupport_introspection_cpp
[2.227s] -- Found PythonInterp: /usr/bin/python3 (found suitable version "3.8.10", minimum required is "3.5") 
[2.232s] -- Found python_cmake_module: 0.8.1 (/opt/ros/foxy/share/python_cmake_module/cmake)
[2.273s] -- Found PythonLibs: /usr/lib/x86_64-linux-gnu/libpython3.8.so (found suitable version "3.8.10", minimum required is "3.5") 
[2.273s] -- Using PYTHON_EXECUTABLE: /usr/bin/python3
[2.273s] -- Using PYTHON_INCLUDE_DIRS: /usr/include/python3.8
[2.273s] -- Using PYTHON_LIBRARIES: /usr/lib/x86_64-linux-gnu/libpython3.8.so
[2.297s] -- Found PythonExtra: .so  
[2.409s] -- Configuring done
[2.458s] -- Generating done
[2.460s] -- Build files have been written to: /home/nth/ros2_ws/build/nav_2d_msgs
[2.466s] Invoked command in '/home/nth/ros2_ws/build/nav_2d_msgs' returned '0': CMAKE_PREFIX_PATH=${CMAKE_PREFIX_PATH}:/home/nth/rtc_ws/install/turtlebot3_teleop:/home/nth/rtc_ws/install/turtlebot3_example:/home/nth/rtc_ws/install/nav2_simple_commander:/home/nth/rtc_ws/install/nav2_gazebo_spawner:/home/nth/rtcamr_ws/install/turtlebot3_teleop:/home/nth/rtcamr_ws/install/turtlebot3_example:/home/nth/rtcamr_ws/install/nav2_simple_commander:/home/nth/rtcamr_ws/install/nav2_gazebo_spawner:/opt/ros/foxy /usr/bin/cmake /home/nth/ros2_ws/src/navigation2/nav2_dwb_controller/nav_2d_msgs -DCMAKE_INSTALL_PREFIX=/home/nth/ros2_ws/install/nav_2d_msgs
[2.469s] Invoking command in '/home/nth/ros2_ws/build/nav_2d_msgs': CMAKE_PREFIX_PATH=${CMAKE_PREFIX_PATH}:/home/nth/rtc_ws/install/turtlebot3_teleop:/home/nth/rtc_ws/install/turtlebot3_example:/home/nth/rtc_ws/install/nav2_simple_commander:/home/nth/rtc_ws/install/nav2_gazebo_spawner:/home/nth/rtcamr_ws/install/turtlebot3_teleop:/home/nth/rtcamr_ws/install/turtlebot3_example:/home/nth/rtcamr_ws/install/nav2_simple_commander:/home/nth/rtcamr_ws/install/nav2_gazebo_spawner:/opt/ros/foxy /usr/bin/cmake --build /home/nth/ros2_ws/build/nav_2d_msgs -- -j16 -l16
[2.518s] [  1%] [34m[1mGenerating C code for ROS interfaces[0m
[2.518s] [35m[1mScanning dependencies of target nav_2d_msgs__cpp[0m
[2.530s] [  2%] [34m[1mGenerating C++ code for ROS interfaces[0m
[2.885s] [  2%] Built target nav_2d_msgs__cpp
[2.900s] [  4%] [34m[1mGenerating C++ introspection for ROS interfaces[0m
[2.901s] [  5%] [34m[1mGenerating C++ type support dispatch for ROS interfaces[0m
[2.901s] [  7%] [34m[1mGenerating C++ type support for eProsima Fast-RTPS[0m
[2.911s] [35m[1mScanning dependencies of target nav_2d_msgs__rosidl_generator_c[0m
[2.930s] [ 11%] [32mBuilding C object CMakeFiles/nav_2d_msgs__rosidl_generator_c.dir/rosidl_generator_c/nav_2d_msgs/msg/detail/path2_d__functions.c.o[0m
[2.930s] [ 11%] [32mBuilding C object CMakeFiles/nav_2d_msgs__rosidl_generator_c.dir/rosidl_generator_c/nav_2d_msgs/msg/detail/twist2_d_stamped__functions.c.o[0m
[2.930s] [ 11%] [32mBuilding C object CMakeFiles/nav_2d_msgs__rosidl_generator_c.dir/rosidl_generator_c/nav_2d_msgs/msg/detail/pose2_d_stamped__functions.c.o[0m
[2.931s] [ 12%] [32mBuilding C object CMakeFiles/nav_2d_msgs__rosidl_generator_c.dir/rosidl_generator_c/nav_2d_msgs/msg/detail/twist2_d32__functions.c.o[0m
[2.933s] [ 14%] [32mBuilding C object CMakeFiles/nav_2d_msgs__rosidl_generator_c.dir/rosidl_generator_c/nav_2d_msgs/msg/detail/pose2_d32__functions.c.o[0m
[2.934s] [ 15%] [32mBuilding C object CMakeFiles/nav_2d_msgs__rosidl_generator_c.dir/rosidl_generator_c/nav_2d_msgs/msg/detail/twist2_d__functions.c.o[0m
[2.981s] [ 16%] [32m[1mLinking C shared library libnav_2d_msgs__rosidl_generator_c.so[0m
[3.028s] [ 16%] Built target nav_2d_msgs__rosidl_generator_c
[3.042s] [ 18%] [34m[1mGenerating C type support dispatch for ROS interfaces[0m
[3.042s] [ 19%] [34m[1mGenerating C introspection for ROS interfaces[0m
[3.167s] [35m[1mScanning dependencies of target nav_2d_msgs__rosidl_typesupport_cpp[0m
[3.185s] [ 23%] [32mBuilding CXX object CMakeFiles/nav_2d_msgs__rosidl_typesupport_cpp.dir/rosidl_typesupport_cpp/nav_2d_msgs/msg/twist2_d__type_support.cpp.o[0m
[3.186s] [ 23%] [32mBuilding CXX object CMakeFiles/nav_2d_msgs__rosidl_typesupport_cpp.dir/rosidl_typesupport_cpp/nav_2d_msgs/msg/pose2_d_stamped__type_support.cpp.o[0m
[3.186s] [ 23%] [32mBuilding CXX object CMakeFiles/nav_2d_msgs__rosidl_typesupport_cpp.dir/rosidl_typesupport_cpp/nav_2d_msgs/msg/path2_d__type_support.cpp.o[0m
[3.187s] [ 28%] [32mBuilding CXX object CMakeFiles/nav_2d_msgs__rosidl_typesupport_cpp.dir/rosidl_typesupport_cpp/nav_2d_msgs/msg/twist2_d32__type_support.cpp.o[0m
[3.187s] [ 28%] [32mBuilding CXX object CMakeFiles/nav_2d_msgs__rosidl_typesupport_cpp.dir/rosidl_typesupport_cpp/nav_2d_msgs/msg/twist2_d_stamped__type_support.cpp.o[0m
[3.187s] [ 28%] [32mBuilding CXX object CMakeFiles/nav_2d_msgs__rosidl_typesupport_cpp.dir/rosidl_typesupport_cpp/nav_2d_msgs/msg/pose2_d32__type_support.cpp.o[0m
[3.241s] [35m[1mScanning dependencies of target nav_2d_msgs__rosidl_typesupport_introspection_cpp[0m
[3.263s] [ 29%] [32mBuilding CXX object CMakeFiles/nav_2d_msgs__rosidl_typesupport_introspection_cpp.dir/rosidl_typesupport_introspection_cpp/nav_2d_msgs/msg/detail/path2_d__type_support.cpp.o[0m
[3.276s] [ 30%] [32mBuilding CXX object CMakeFiles/nav_2d_msgs__rosidl_typesupport_introspection_cpp.dir/rosidl_typesupport_introspection_cpp/nav_2d_msgs/msg/detail/pose2_d32__type_support.cpp.o[0m
[3.277s] [ 32%] [32mBuilding CXX object CMakeFiles/nav_2d_msgs__rosidl_typesupport_introspection_cpp.dir/rosidl_typesupport_introspection_cpp/nav_2d_msgs/msg/detail/pose2_d_stamped__type_support.cpp.o[0m
[3.286s] [ 33%] [32mBuilding CXX object CMakeFiles/nav_2d_msgs__rosidl_typesupport_introspection_cpp.dir/rosidl_typesupport_introspection_cpp/nav_2d_msgs/msg/detail/twist2_d__type_support.cpp.o[0m
[3.300s] [ 35%] [32mBuilding CXX object CMakeFiles/nav_2d_msgs__rosidl_typesupport_introspection_cpp.dir/rosidl_typesupport_introspection_cpp/nav_2d_msgs/msg/detail/twist2_d32__type_support.cpp.o[0m
[3.306s] [ 36%] [32mBuilding CXX object CMakeFiles/nav_2d_msgs__rosidl_typesupport_introspection_cpp.dir/rosidl_typesupport_introspection_cpp/nav_2d_msgs/msg/detail/twist2_d_stamped__type_support.cpp.o[0m
[3.316s] [35m[1mScanning dependencies of target nav_2d_msgs__rosidl_typesupport_fastrtps_cpp[0m
[3.373s] [ 38%] [32mBuilding CXX object CMakeFiles/nav_2d_msgs__rosidl_typesupport_fastrtps_cpp.dir/rosidl_typesupport_fastrtps_cpp/nav_2d_msgs/msg/detail/dds_fastrtps/path2_d__type_support.cpp.o[0m
[3.389s] [ 39%] [32mBuilding CXX object CMakeFiles/nav_2d_msgs__rosidl_typesupport_fastrtps_cpp.dir/rosidl_typesupport_fastrtps_cpp/nav_2d_msgs/msg/detail/dds_fastrtps/pose2_d32__type_support.cpp.o[0m
[3.506s] [35m[1mScanning dependencies of target nav_2d_msgs__rosidl_typesupport_c[0m
[3.558s] [ 40%] [32mBuilding CXX object CMakeFiles/nav_2d_msgs__rosidl_typesupport_c.dir/rosidl_typesupport_c/nav_2d_msgs/msg/path2_d__type_support.cpp.o[0m
[3.561s] [ 42%] [32mBuilding CXX object CMakeFiles/nav_2d_msgs__rosidl_typesupport_c.dir/rosidl_typesupport_c/nav_2d_msgs/msg/pose2_d32__type_support.cpp.o[0m
[3.574s] [ 43%] [32mBuilding CXX object CMakeFiles/nav_2d_msgs__rosidl_typesupport_c.dir/rosidl_typesupport_c/nav_2d_msgs/msg/pose2_d_stamped__type_support.cpp.o[0m
[3.575s] [ 45%] [32mBuilding CXX object CMakeFiles/nav_2d_msgs__rosidl_typesupport_fastrtps_cpp.dir/rosidl_typesupport_fastrtps_cpp/nav_2d_msgs/msg/detail/dds_fastrtps/pose2_d_stamped__type_support.cpp.o[0m
[3.584s] [ 46%] [32m[1mLinking CXX shared library libnav_2d_msgs__rosidl_typesupport_cpp.so[0m
[3.593s] [ 47%] [32mBuilding CXX object CMakeFiles/nav_2d_msgs__rosidl_typesupport_c.dir/rosidl_typesupport_c/nav_2d_msgs/msg/twist2_d__type_support.cpp.o[0m
[3.613s] [ 49%] [32mBuilding CXX object CMakeFiles/nav_2d_msgs__rosidl_typesupport_fastrtps_cpp.dir/rosidl_typesupport_fastrtps_cpp/nav_2d_msgs/msg/detail/dds_fastrtps/twist2_d__type_support.cpp.o[0m
[3.622s] [ 50%] [32mBuilding CXX object CMakeFiles/nav_2d_msgs__rosidl_typesupport_c.dir/rosidl_typesupport_c/nav_2d_msgs/msg/twist2_d32__type_support.cpp.o[0m
[3.635s] [ 52%] [32mBuilding CXX object CMakeFiles/nav_2d_msgs__rosidl_typesupport_fastrtps_cpp.dir/rosidl_typesupport_fastrtps_cpp/nav_2d_msgs/msg/detail/dds_fastrtps/twist2_d32__type_support.cpp.o[0m
[3.651s] [ 53%] [32mBuilding CXX object CMakeFiles/nav_2d_msgs__rosidl_typesupport_c.dir/rosidl_typesupport_c/nav_2d_msgs/msg/twist2_d_stamped__type_support.cpp.o[0m
[3.665s] [ 54%] [32mBuilding CXX object CMakeFiles/nav_2d_msgs__rosidl_typesupport_fastrtps_cpp.dir/rosidl_typesupport_fastrtps_cpp/nav_2d_msgs/msg/detail/dds_fastrtps/twist2_d_stamped__type_support.cpp.o[0m
[3.669s] [35m[1mScanning dependencies of target nav_2d_msgs__rosidl_typesupport_introspection_c[0m
[3.688s] [ 54%] Built target nav_2d_msgs__rosidl_typesupport_cpp
[3.689s] [ 56%] [32m[1mLinking CXX shared library libnav_2d_msgs__rosidl_typesupport_c.so[0m
[3.693s] [ 57%] [32mBuilding C object CMakeFiles/nav_2d_msgs__rosidl_typesupport_introspection_c.dir/rosidl_typesupport_introspection_c/nav_2d_msgs/msg/detail/path2_d__type_support.c.o[0m
[3.696s] [ 59%] [32mBuilding C object CMakeFiles/nav_2d_msgs__rosidl_typesupport_introspection_c.dir/rosidl_typesupport_introspection_c/nav_2d_msgs/msg/detail/pose2_d32__type_support.c.o[0m
[3.701s] [ 60%] [32mBuilding C object CMakeFiles/nav_2d_msgs__rosidl_typesupport_introspection_c.dir/rosidl_typesupport_introspection_c/nav_2d_msgs/msg/detail/pose2_d_stamped__type_support.c.o[0m
[3.707s] [ 61%] [32mBuilding C object CMakeFiles/nav_2d_msgs__rosidl_typesupport_introspection_c.dir/rosidl_typesupport_introspection_c/nav_2d_msgs/msg/detail/twist2_d32__type_support.c.o[0m
[3.708s] [ 63%] [32mBuilding C object CMakeFiles/nav_2d_msgs__rosidl_typesupport_introspection_c.dir/rosidl_typesupport_introspection_c/nav_2d_msgs/msg/detail/twist2_d_stamped__type_support.c.o[0m
[3.711s] [ 64%] [32mBuilding C object CMakeFiles/nav_2d_msgs__rosidl_typesupport_introspection_c.dir/rosidl_typesupport_introspection_c/nav_2d_msgs/msg/detail/twist2_d__type_support.c.o[0m
[3.712s] [ 66%] [32m[1mLinking CXX shared library libnav_2d_msgs__rosidl_typesupport_introspection_cpp.so[0m
[3.757s] [ 66%] Built target nav_2d_msgs__rosidl_typesupport_c
[3.767s] [ 67%] [32m[1mLinking C shared library libnav_2d_msgs__rosidl_typesupport_introspection_c.so[0m
[3.806s] [ 67%] Built target nav_2d_msgs__rosidl_typesupport_introspection_c
[3.818s] [ 67%] Built target nav_2d_msgs__rosidl_typesupport_introspection_cpp
[4.199s] [ 69%] [32m[1mLinking CXX shared library libnav_2d_msgs__rosidl_typesupport_fastrtps_cpp.so[0m
[4.295s] [ 69%] Built target nav_2d_msgs__rosidl_typesupport_fastrtps_cpp
[4.309s] [ 70%] [34m[1mGenerating C type support for eProsima Fast-RTPS[0m
[4.619s] [35m[1mScanning dependencies of target nav_2d_msgs__rosidl_typesupport_fastrtps_c[0m
[4.641s] [ 74%] [32mBuilding CXX object CMakeFiles/nav_2d_msgs__rosidl_typesupport_fastrtps_c.dir/rosidl_typesupport_fastrtps_c/nav_2d_msgs/msg/detail/path2_d__type_support_c.cpp.o[0m
[4.641s] [ 74%] [32mBuilding CXX object CMakeFiles/nav_2d_msgs__rosidl_typesupport_fastrtps_c.dir/rosidl_typesupport_fastrtps_c/nav_2d_msgs/msg/detail/twist2_d32__type_support_c.cpp.o[0m
[4.641s] [ 74%] [32mBuilding CXX object CMakeFiles/nav_2d_msgs__rosidl_typesupport_fastrtps_c.dir/rosidl_typesupport_fastrtps_c/nav_2d_msgs/msg/detail/twist2_d_stamped__type_support_c.cpp.o[0m
[4.642s] [ 76%] [32mBuilding CXX object CMakeFiles/nav_2d_msgs__rosidl_typesupport_fastrtps_c.dir/rosidl_typesupport_fastrtps_c/nav_2d_msgs/msg/detail/twist2_d__type_support_c.cpp.o[0m
[4.642s] [ 77%] [32mBuilding CXX object CMakeFiles/nav_2d_msgs__rosidl_typesupport_fastrtps_c.dir/rosidl_typesupport_fastrtps_c/nav_2d_msgs/msg/detail/pose2_d32__type_support_c.cpp.o[0m
[4.647s] [ 78%] [32mBuilding CXX object CMakeFiles/nav_2d_msgs__rosidl_typesupport_fastrtps_c.dir/rosidl_typesupport_fastrtps_c/nav_2d_msgs/msg/detail/pose2_d_stamped__type_support_c.cpp.o[0m
[5.082s] [ 80%] [32m[1mLinking CXX shared library libnav_2d_msgs__rosidl_typesupport_fastrtps_c.so[0m
[5.166s] [ 80%] Built target nav_2d_msgs__rosidl_typesupport_fastrtps_c
[5.179s] [35m[1mScanning dependencies of target nav_2d_msgs[0m
[5.193s] [ 80%] Built target nav_2d_msgs
[5.207s] [35m[1mScanning dependencies of target nav_2d_msgs__py[0m
[5.221s] [ 81%] [34m[1mGenerating Python code for ROS interfaces[0m
[5.871s] [ 81%] Built target nav_2d_msgs__py
[5.885s] [35m[1mScanning dependencies of target nav_2d_msgs__python[0m
[5.925s] [ 84%] [32mBuilding C object CMakeFiles/nav_2d_msgs__python.dir/rosidl_generator_py/nav_2d_msgs/msg/_twist2_d_stamped_s.c.o[0m
[5.926s] [ 84%] [32mBuilding C object CMakeFiles/nav_2d_msgs__python.dir/rosidl_generator_py/nav_2d_msgs/msg/_pose2_d32_s.c.o[0m
[5.926s] [ 85%] [32mBuilding C object CMakeFiles/nav_2d_msgs__python.dir/rosidl_generator_py/nav_2d_msgs/msg/_pose2_d_stamped_s.c.o[0m
[5.927s] [ 87%] [32mBuilding C object CMakeFiles/nav_2d_msgs__python.dir/rosidl_generator_py/nav_2d_msgs/msg/_path2_d_s.c.o[0m
[5.928s] [ 90%] [32mBuilding C object CMakeFiles/nav_2d_msgs__python.dir/rosidl_generator_py/nav_2d_msgs/msg/_twist2_d32_s.c.o[0m
[5.928s] [ 90%] [32mBuilding C object CMakeFiles/nav_2d_msgs__python.dir/rosidl_generator_py/nav_2d_msgs/msg/_twist2_d_s.c.o[0m
[6.047s] [ 91%] [32m[1mLinking C shared library rosidl_generator_py/nav_2d_msgs/libnav_2d_msgs__python.so[0m
[6.095s] [ 91%] Built target nav_2d_msgs__python
[6.108s] [35m[1mScanning dependencies of target nav_2d_msgs__rosidl_typesupport_c__pyext[0m
[6.108s] [35m[1mScanning dependencies of target nav_2d_msgs__rosidl_typesupport_introspection_c__pyext[0m
[6.108s] [35m[1mScanning dependencies of target nav_2d_msgs__rosidl_typesupport_fastrtps_c__pyext[0m
[6.128s] [ 94%] [32mBuilding C object CMakeFiles/nav_2d_msgs__rosidl_typesupport_c__pyext.dir/rosidl_generator_py/nav_2d_msgs/_nav_2d_msgs_s.ep.rosidl_typesupport_c.c.o[0m
[6.128s] [ 94%] [32mBuilding C object CMakeFiles/nav_2d_msgs__rosidl_typesupport_introspection_c__pyext.dir/rosidl_generator_py/nav_2d_msgs/_nav_2d_msgs_s.ep.rosidl_typesupport_introspection_c.c.o[0m
[6.130s] [ 95%] [32mBuilding C object CMakeFiles/nav_2d_msgs__rosidl_typesupport_fastrtps_c__pyext.dir/rosidl_generator_py/nav_2d_msgs/_nav_2d_msgs_s.ep.rosidl_typesupport_fastrtps_c.c.o[0m
[6.209s] [ 98%] [32m[1mLinking C shared library rosidl_generator_py/nav_2d_msgs/nav_2d_msgs_s__rosidl_typesupport_introspection_c.cpython-38-x86_64-linux-gnu.so[0m
[6.209s] [ 98%] [32m[1mLinking CXX shared library rosidl_generator_py/nav_2d_msgs/nav_2d_msgs_s__rosidl_typesupport_fastrtps_c.cpython-38-x86_64-linux-gnu.so[0m
[6.210s] [100%] [32m[1mLinking C shared library rosidl_generator_py/nav_2d_msgs/nav_2d_msgs_s__rosidl_typesupport_c.cpython-38-x86_64-linux-gnu.so[0m
[6.250s] [100%] Built target nav_2d_msgs__rosidl_typesupport_c__pyext
[6.250s] [100%] Built target nav_2d_msgs__rosidl_typesupport_introspection_c__pyext
[6.275s] [100%] Built target nav_2d_msgs__rosidl_typesupport_fastrtps_c__pyext
[6.290s] Invoked command in '/home/nth/ros2_ws/build/nav_2d_msgs' returned '0': CMAKE_PREFIX_PATH=${CMAKE_PREFIX_PATH}:/home/nth/rtc_ws/install/turtlebot3_teleop:/home/nth/rtc_ws/install/turtlebot3_example:/home/nth/rtc_ws/install/nav2_simple_commander:/home/nth/rtc_ws/install/nav2_gazebo_spawner:/home/nth/rtcamr_ws/install/turtlebot3_teleop:/home/nth/rtcamr_ws/install/turtlebot3_example:/home/nth/rtcamr_ws/install/nav2_simple_commander:/home/nth/rtcamr_ws/install/nav2_gazebo_spawner:/opt/ros/foxy /usr/bin/cmake --build /home/nth/ros2_ws/build/nav_2d_msgs -- -j16 -l16
[6.455s] Invoking command in '/home/nth/ros2_ws/build/nav_2d_msgs': CMAKE_PREFIX_PATH=${CMAKE_PREFIX_PATH}:/home/nth/rtc_ws/install/turtlebot3_teleop:/home/nth/rtc_ws/install/turtlebot3_example:/home/nth/rtc_ws/install/nav2_simple_commander:/home/nth/rtc_ws/install/nav2_gazebo_spawner:/home/nth/rtcamr_ws/install/turtlebot3_teleop:/home/nth/rtcamr_ws/install/turtlebot3_example:/home/nth/rtcamr_ws/install/nav2_simple_commander:/home/nth/rtcamr_ws/install/nav2_gazebo_spawner:/opt/ros/foxy /usr/bin/cmake --install /home/nth/ros2_ws/build/nav_2d_msgs
[6.465s] -- Install configuration: ""
[6.465s] -- Installing: /home/nth/ros2_ws/install/nav_2d_msgs/share/ament_index/resource_index/rosidl_interfaces/nav_2d_msgs
[6.466s] -- Installing: /home/nth/ros2_ws/install/nav_2d_msgs/include/nav_2d_msgs
[6.466s] -- Installing: /home/nth/ros2_ws/install/nav_2d_msgs/include/nav_2d_msgs/msg
[6.466s] -- Installing: /home/nth/ros2_ws/install/nav_2d_msgs/include/nav_2d_msgs/msg/twist2_d32.h
[6.466s] -- Installing: /home/nth/ros2_ws/install/nav_2d_msgs/include/nav_2d_msgs/msg/rosidl_generator_c__visibility_control.h
[6.466s] -- Installing: /home/nth/ros2_ws/install/nav_2d_msgs/include/nav_2d_msgs/msg/twist2_d.h
[6.466s] -- Installing: /home/nth/ros2_ws/install/nav_2d_msgs/include/nav_2d_msgs/msg/detail
[6.467s] -- Installing: /home/nth/ros2_ws/install/nav_2d_msgs/include/nav_2d_msgs/msg/detail/twist2_d32__struct.h
[6.467s] -- Installing: /home/nth/ros2_ws/install/nav_2d_msgs/include/nav_2d_msgs/msg/detail/twist2_d__struct.h
[6.467s] -- Installing: /home/nth/ros2_ws/install/nav_2d_msgs/include/nav_2d_msgs/msg/detail/path2_d__struct.h
[6.467s] -- Installing: /home/nth/ros2_ws/install/nav_2d_msgs/include/nav_2d_msgs/msg/detail/twist2_d__type_support.h
[6.467s] -- Installing: /home/nth/ros2_ws/install/nav_2d_msgs/include/nav_2d_msgs/msg/detail/pose2_d32__type_support.h
[6.467s] -- Installing: /home/nth/ros2_ws/install/nav_2d_msgs/include/nav_2d_msgs/msg/detail/pose2_d_stamped__struct.h
[6.467s] -- Installing: /home/nth/ros2_ws/install/nav_2d_msgs/include/nav_2d_msgs/msg/detail/path2_d__type_support.h
[6.467s] -- Installing: /home/nth/ros2_ws/install/nav_2d_msgs/include/nav_2d_msgs/msg/detail/twist2_d_stamped__functions.c
[6.467s] -- Installing: /home/nth/ros2_ws/install/nav_2d_msgs/include/nav_2d_msgs/msg/detail/pose2_d32__struct.h
[6.467s] -- Installing: /home/nth/ros2_ws/install/nav_2d_msgs/include/nav_2d_msgs/msg/detail/path2_d__functions.h
[6.468s] -- Installing: /home/nth/ros2_ws/install/nav_2d_msgs/include/nav_2d_msgs/msg/detail/pose2_d_stamped__functions.c
[6.468s] -- Installing: /home/nth/ros2_ws/install/nav_2d_msgs/include/nav_2d_msgs/msg/detail/twist2_d32__functions.h
[6.468s] -- Installing: /home/nth/ros2_ws/install/nav_2d_msgs/include/nav_2d_msgs/msg/detail/pose2_d32__functions.c
[6.468s] -- Installing: /home/nth/ros2_ws/install/nav_2d_msgs/include/nav_2d_msgs/msg/detail/twist2_d__functions.c
[6.468s] -- Installing: /home/nth/ros2_ws/install/nav_2d_msgs/include/nav_2d_msgs/msg/detail/twist2_d32__type_support.h
[6.468s] -- Installing: /home/nth/ros2_ws/install/nav_2d_msgs/include/nav_2d_msgs/msg/detail/twist2_d_stamped__type_support.h
[6.468s] -- Installing: /home/nth/ros2_ws/install/nav_2d_msgs/include/nav_2d_msgs/msg/detail/pose2_d_stamped__type_support.h
[6.468s] -- Installing: /home/nth/ros2_ws/install/nav_2d_msgs/include/nav_2d_msgs/msg/detail/pose2_d_stamped__functions.h
[6.468s] -- Installing: /home/nth/ros2_ws/install/nav_2d_msgs/include/nav_2d_msgs/msg/detail/twist2_d_stamped__functions.h
[6.468s] -- Installing: /home/nth/ros2_ws/install/nav_2d_msgs/include/nav_2d_msgs/msg/detail/twist2_d_stamped__struct.h
[6.468s] -- Installing: /home/nth/ros2_ws/install/nav_2d_msgs/include/nav_2d_msgs/msg/detail/pose2_d32__functions.h
[6.468s] -- Installing: /home/nth/ros2_ws/install/nav_2d_msgs/include/nav_2d_msgs/msg/detail/path2_d__functions.c
[6.468s] -- Installing: /home/nth/ros2_ws/install/nav_2d_msgs/include/nav_2d_msgs/msg/detail/twist2_d32__functions.c
[6.468s] -- Installing: /home/nth/ros2_ws/install/nav_2d_msgs/include/nav_2d_msgs/msg/detail/twist2_d__functions.h
[6.469s] -- Installing: /home/nth/ros2_ws/install/nav_2d_msgs/include/nav_2d_msgs/msg/pose2_d32.h
[6.469s] -- Installing: /home/nth/ros2_ws/install/nav_2d_msgs/include/nav_2d_msgs/msg/path2_d.h
[6.469s] -- Installing: /home/nth/ros2_ws/install/nav_2d_msgs/include/nav_2d_msgs/msg/pose2_d_stamped.h
[6.469s] -- Installing: /home/nth/ros2_ws/install/nav_2d_msgs/include/nav_2d_msgs/msg/twist2_d_stamped.h
[6.469s] -- Installing: /home/nth/ros2_ws/install/nav_2d_msgs/share/nav_2d_msgs/environment/library_path.sh
[6.469s] -- Installing: /home/nth/ros2_ws/install/nav_2d_msgs/share/nav_2d_msgs/environment/library_path.dsv
[6.469s] -- Installing: /home/nth/ros2_ws/install/nav_2d_msgs/lib/libnav_2d_msgs__rosidl_generator_c.so
[6.469s] -- Set runtime path of "/home/nth/ros2_ws/install/nav_2d_msgs/lib/libnav_2d_msgs__rosidl_generator_c.so" to ""
[6.469s] -- Up-to-date: /home/nth/ros2_ws/install/nav_2d_msgs/include/nav_2d_msgs
[6.470s] -- Up-to-date: /home/nth/ros2_ws/install/nav_2d_msgs/include/nav_2d_msgs/msg
[6.470s] -- Up-to-date: /home/nth/ros2_ws/install/nav_2d_msgs/include/nav_2d_msgs/msg/detail
[6.470s] -- Installing: /home/nth/ros2_ws/install/nav_2d_msgs/include/nav_2d_msgs/msg/detail/pose2_d32__rosidl_typesupport_fastrtps_c.h
[6.470s] -- Installing: /home/nth/ros2_ws/install/nav_2d_msgs/include/nav_2d_msgs/msg/detail/path2_d__rosidl_typesupport_fastrtps_c.h
[6.470s] -- Installing: /home/nth/ros2_ws/install/nav_2d_msgs/include/nav_2d_msgs/msg/detail/twist2_d__rosidl_typesupport_fastrtps_c.h
[6.470s] -- Installing: /home/nth/ros2_ws/install/nav_2d_msgs/include/nav_2d_msgs/msg/detail/pose2_d_stamped__rosidl_typesupport_fastrtps_c.h
[6.470s] -- Installing: /home/nth/ros2_ws/install/nav_2d_msgs/include/nav_2d_msgs/msg/detail/twist2_d_stamped__rosidl_typesupport_fastrtps_c.h
[6.470s] -- Installing: /home/nth/ros2_ws/install/nav_2d_msgs/include/nav_2d_msgs/msg/detail/twist2_d32__rosidl_typesupport_fastrtps_c.h
[6.470s] -- Installing: /home/nth/ros2_ws/install/nav_2d_msgs/include/nav_2d_msgs/msg/rosidl_typesupport_fastrtps_c__visibility_control.h
[6.470s] -- Installing: /home/nth/ros2_ws/install/nav_2d_msgs/lib/libnav_2d_msgs__rosidl_typesupport_fastrtps_c.so
[6.470s] -- Set runtime path of "/home/nth/ros2_ws/install/nav_2d_msgs/lib/libnav_2d_msgs__rosidl_typesupport_fastrtps_c.so" to ""
[6.470s] -- Up-to-date: /home/nth/ros2_ws/install/nav_2d_msgs/include/nav_2d_msgs
[6.470s] -- Up-to-date: /home/nth/ros2_ws/install/nav_2d_msgs/include/nav_2d_msgs/msg
[6.470s] -- Up-to-date: /home/nth/ros2_ws/install/nav_2d_msgs/include/nav_2d_msgs/msg/detail
[6.471s] -- Installing: /home/nth/ros2_ws/install/nav_2d_msgs/include/nav_2d_msgs/msg/detail/pose2_d32__rosidl_typesupport_fastrtps_cpp.hpp
[6.471s] -- Installing: /home/nth/ros2_ws/install/nav_2d_msgs/include/nav_2d_msgs/msg/detail/twist2_d__rosidl_typesupport_fastrtps_cpp.hpp
[6.471s] -- Installing: /home/nth/ros2_ws/install/nav_2d_msgs/include/nav_2d_msgs/msg/detail/path2_d__rosidl_typesupport_fastrtps_cpp.hpp
[6.471s] -- Installing: /home/nth/ros2_ws/install/nav_2d_msgs/include/nav_2d_msgs/msg/detail/twist2_d32__rosidl_typesupport_fastrtps_cpp.hpp
[6.471s] -- Installing: /home/nth/ros2_ws/install/nav_2d_msgs/include/nav_2d_msgs/msg/detail/twist2_d_stamped__rosidl_typesupport_fastrtps_cpp.hpp
[6.471s] -- Installing: /home/nth/ros2_ws/install/nav_2d_msgs/include/nav_2d_msgs/msg/detail/dds_fastrtps
[6.471s] -- Installing: /home/nth/ros2_ws/install/nav_2d_msgs/include/nav_2d_msgs/msg/detail/pose2_d_stamped__rosidl_typesupport_fastrtps_cpp.hpp
[6.471s] -- Installing: /home/nth/ros2_ws/install/nav_2d_msgs/include/nav_2d_msgs/msg/rosidl_typesupport_fastrtps_cpp__visibility_control.h
[6.471s] -- Installing: /home/nth/ros2_ws/install/nav_2d_msgs/lib/libnav_2d_msgs__rosidl_typesupport_fastrtps_cpp.so
[6.471s] -- Set runtime path of "/home/nth/ros2_ws/install/nav_2d_msgs/lib/libnav_2d_msgs__rosidl_typesupport_fastrtps_cpp.so" to ""
[6.472s] -- Up-to-date: /home/nth/ros2_ws/install/nav_2d_msgs/include/nav_2d_msgs
[6.472s] -- Up-to-date: /home/nth/ros2_ws/install/nav_2d_msgs/include/nav_2d_msgs/msg
[6.472s] -- Up-to-date: /home/nth/ros2_ws/install/nav_2d_msgs/include/nav_2d_msgs/msg/detail
[6.472s] -- Installing: /home/nth/ros2_ws/install/nav_2d_msgs/include/nav_2d_msgs/msg/detail/twist2_d_stamped__rosidl_typesupport_introspection_c.h
[6.472s] -- Installing: /home/nth/ros2_ws/install/nav_2d_msgs/include/nav_2d_msgs/msg/detail/pose2_d32__rosidl_typesupport_introspection_c.h
[6.472s] -- Installing: /home/nth/ros2_ws/install/nav_2d_msgs/include/nav_2d_msgs/msg/detail/path2_d__rosidl_typesupport_introspection_c.h
[6.472s] -- Installing: /home/nth/ros2_ws/install/nav_2d_msgs/include/nav_2d_msgs/msg/detail/twist2_d__type_support.c
[6.472s] -- Installing: /home/nth/ros2_ws/install/nav_2d_msgs/include/nav_2d_msgs/msg/detail/twist2_d__rosidl_typesupport_introspection_c.h
[6.472s] -- Installing: /home/nth/ros2_ws/install/nav_2d_msgs/include/nav_2d_msgs/msg/detail/pose2_d32__type_support.c
[6.472s] -- Installing: /home/nth/ros2_ws/install/nav_2d_msgs/include/nav_2d_msgs/msg/detail/twist2_d32__rosidl_typesupport_introspection_c.h
[6.472s] -- Installing: /home/nth/ros2_ws/install/nav_2d_msgs/include/nav_2d_msgs/msg/detail/twist2_d_stamped__type_support.c
[6.472s] -- Installing: /home/nth/ros2_ws/install/nav_2d_msgs/include/nav_2d_msgs/msg/detail/pose2_d_stamped__rosidl_typesupport_introspection_c.h
[6.472s] -- Installing: /home/nth/ros2_ws/install/nav_2d_msgs/include/nav_2d_msgs/msg/detail/path2_d__type_support.c
[6.472s] -- Installing: /home/nth/ros2_ws/install/nav_2d_msgs/include/nav_2d_msgs/msg/detail/pose2_d_stamped__type_support.c
[6.473s] -- Installing: /home/nth/ros2_ws/install/nav_2d_msgs/include/nav_2d_msgs/msg/detail/twist2_d32__type_support.c
[6.473s] -- Installing: /home/nth/ros2_ws/install/nav_2d_msgs/include/nav_2d_msgs/msg/rosidl_typesupport_introspection_c__visibility_control.h
[6.473s] -- Installing: /home/nth/ros2_ws/install/nav_2d_msgs/lib/libnav_2d_msgs__rosidl_typesupport_introspection_c.so
[6.473s] -- Set runtime path of "/home/nth/ros2_ws/install/nav_2d_msgs/lib/libnav_2d_msgs__rosidl_typesupport_introspection_c.so" to ""
[6.473s] -- Installing: /home/nth/ros2_ws/install/nav_2d_msgs/lib/libnav_2d_msgs__rosidl_typesupport_c.so
[6.473s] -- Set runtime path of "/home/nth/ros2_ws/install/nav_2d_msgs/lib/libnav_2d_msgs__rosidl_typesupport_c.so" to ""
[6.473s] -- Up-to-date: /home/nth/ros2_ws/install/nav_2d_msgs/include/nav_2d_msgs
[6.473s] -- Up-to-date: /home/nth/ros2_ws/install/nav_2d_msgs/include/nav_2d_msgs/msg
[6.473s] -- Up-to-date: /home/nth/ros2_ws/install/nav_2d_msgs/include/nav_2d_msgs/msg/detail
[6.473s] -- Installing: /home/nth/ros2_ws/install/nav_2d_msgs/include/nav_2d_msgs/msg/detail/path2_d__builder.hpp
[6.473s] -- Installing: /home/nth/ros2_ws/install/nav_2d_msgs/include/nav_2d_msgs/msg/detail/path2_d__struct.hpp
[6.473s] -- Installing: /home/nth/ros2_ws/install/nav_2d_msgs/include/nav_2d_msgs/msg/detail/twist2_d__struct.hpp
[6.473s] -- Installing: /home/nth/ros2_ws/install/nav_2d_msgs/include/nav_2d_msgs/msg/detail/twist2_d__builder.hpp
[6.473s] -- Installing: /home/nth/ros2_ws/install/nav_2d_msgs/include/nav_2d_msgs/msg/detail/twist2_d_stamped__builder.hpp
[6.474s] -- Installing: /home/nth/ros2_ws/install/nav_2d_msgs/include/nav_2d_msgs/msg/detail/twist2_d__traits.hpp
[6.474s] -- Installing: /home/nth/ros2_ws/install/nav_2d_msgs/include/nav_2d_msgs/msg/detail/pose2_d32__builder.hpp
[6.474s] -- Installing: /home/nth/ros2_ws/install/nav_2d_msgs/include/nav_2d_msgs/msg/detail/pose2_d32__traits.hpp
[6.474s] -- Installing: /home/nth/ros2_ws/install/nav_2d_msgs/include/nav_2d_msgs/msg/detail/pose2_d32__struct.hpp
[6.474s] -- Installing: /home/nth/ros2_ws/install/nav_2d_msgs/include/nav_2d_msgs/msg/detail/pose2_d_stamped__traits.hpp
[6.474s] -- Installing: /home/nth/ros2_ws/install/nav_2d_msgs/include/nav_2d_msgs/msg/detail/twist2_d32__builder.hpp
[6.474s] -- Installing: /home/nth/ros2_ws/install/nav_2d_msgs/include/nav_2d_msgs/msg/detail/twist2_d32__struct.hpp
[6.474s] -- Installing: /home/nth/ros2_ws/install/nav_2d_msgs/include/nav_2d_msgs/msg/detail/pose2_d_stamped__struct.hpp
[6.474s] -- Installing: /home/nth/ros2_ws/install/nav_2d_msgs/include/nav_2d_msgs/msg/detail/twist2_d32__traits.hpp
[6.474s] -- Installing: /home/nth/ros2_ws/install/nav_2d_msgs/include/nav_2d_msgs/msg/detail/path2_d__traits.hpp
[6.474s] -- Installing: /home/nth/ros2_ws/install/nav_2d_msgs/include/nav_2d_msgs/msg/detail/pose2_d_stamped__builder.hpp
[6.474s] -- Installing: /home/nth/ros2_ws/install/nav_2d_msgs/include/nav_2d_msgs/msg/detail/twist2_d_stamped__struct.hpp
[6.474s] -- Installing: /home/nth/ros2_ws/install/nav_2d_msgs/include/nav_2d_msgs/msg/detail/twist2_d_stamped__traits.hpp
[6.474s] -- Installing: /home/nth/ros2_ws/install/nav_2d_msgs/include/nav_2d_msgs/msg/pose2_d32.hpp
[6.474s] -- Installing: /home/nth/ros2_ws/install/nav_2d_msgs/include/nav_2d_msgs/msg/twist2_d32.hpp
[6.474s] -- Installing: /home/nth/ros2_ws/install/nav_2d_msgs/include/nav_2d_msgs/msg/path2_d.hpp
[6.475s] -- Installing: /home/nth/ros2_ws/install/nav_2d_msgs/include/nav_2d_msgs/msg/pose2_d_stamped.hpp
[6.475s] -- Installing: /home/nth/ros2_ws/install/nav_2d_msgs/include/nav_2d_msgs/msg/twist2_d_stamped.hpp
[6.475s] -- Installing: /home/nth/ros2_ws/install/nav_2d_msgs/include/nav_2d_msgs/msg/twist2_d.hpp
[6.475s] -- Up-to-date: /home/nth/ros2_ws/install/nav_2d_msgs/include/nav_2d_msgs
[6.475s] -- Up-to-date: /home/nth/ros2_ws/install/nav_2d_msgs/include/nav_2d_msgs/msg
[6.475s] -- Up-to-date: /home/nth/ros2_ws/install/nav_2d_msgs/include/nav_2d_msgs/msg/detail
[6.475s] -- Installing: /home/nth/ros2_ws/install/nav_2d_msgs/include/nav_2d_msgs/msg/detail/pose2_d_stamped__rosidl_typesupport_introspection_cpp.hpp
[6.475s] -- Installing: /home/nth/ros2_ws/install/nav_2d_msgs/include/nav_2d_msgs/msg/detail/twist2_d_stamped__type_support.cpp
[6.476s] -- Installing: /home/nth/ros2_ws/install/nav_2d_msgs/include/nav_2d_msgs/msg/detail/pose2_d32__type_support.cpp
[6.476s] -- Installing: /home/nth/ros2_ws/install/nav_2d_msgs/include/nav_2d_msgs/msg/detail/twist2_d__rosidl_typesupport_introspection_cpp.hpp
[6.476s] -- Installing: /home/nth/ros2_ws/install/nav_2d_msgs/include/nav_2d_msgs/msg/detail/path2_d__rosidl_typesupport_introspection_cpp.hpp
[6.476s] -- Installing: /home/nth/ros2_ws/install/nav_2d_msgs/include/nav_2d_msgs/msg/detail/twist2_d32__type_support.cpp
[6.476s] -- Installing: /home/nth/ros2_ws/install/nav_2d_msgs/include/nav_2d_msgs/msg/detail/pose2_d_stamped__type_support.cpp
[6.476s] -- Installing: /home/nth/ros2_ws/install/nav_2d_msgs/include/nav_2d_msgs/msg/detail/pose2_d32__rosidl_typesupport_introspection_cpp.hpp
[6.476s] -- Installing: /home/nth/ros2_ws/install/nav_2d_msgs/include/nav_2d_msgs/msg/detail/twist2_d__type_support.cpp
[6.476s] -- Installing: /home/nth/ros2_ws/install/nav_2d_msgs/include/nav_2d_msgs/msg/detail/twist2_d32__rosidl_typesupport_introspection_cpp.hpp
[6.476s] -- Installing: /home/nth/ros2_ws/install/nav_2d_msgs/include/nav_2d_msgs/msg/detail/twist2_d_stamped__rosidl_typesupport_introspection_cpp.hpp
[6.476s] -- Installing: /home/nth/ros2_ws/install/nav_2d_msgs/include/nav_2d_msgs/msg/detail/path2_d__type_support.cpp
[6.476s] -- Installing: /home/nth/ros2_ws/install/nav_2d_msgs/lib/libnav_2d_msgs__rosidl_typesupport_introspection_cpp.so
[6.476s] -- Set runtime path of "/home/nth/ros2_ws/install/nav_2d_msgs/lib/libnav_2d_msgs__rosidl_typesupport_introspection_cpp.so" to ""
[6.476s] -- Installing: /home/nth/ros2_ws/install/nav_2d_msgs/lib/libnav_2d_msgs__rosidl_typesupport_cpp.so
[6.476s] -- Set runtime path of "/home/nth/ros2_ws/install/nav_2d_msgs/lib/libnav_2d_msgs__rosidl_typesupport_cpp.so" to ""
[6.477s] -- Installing: /home/nth/ros2_ws/install/nav_2d_msgs/share/nav_2d_msgs/environment/pythonpath.sh
[6.477s] -- Installing: /home/nth/ros2_ws/install/nav_2d_msgs/share/nav_2d_msgs/environment/pythonpath.dsv
[6.477s] -- Installing: /home/nth/ros2_ws/install/nav_2d_msgs/lib/python3.8/site-packages/nav_2d_msgs/__init__.py
[6.529s] Compiling '/home/nth/ros2_ws/install/nav_2d_msgs/lib/python3.8/site-packages/nav_2d_msgs/__init__.py'...
[6.537s] -- Installing: /home/nth/ros2_ws/install/nav_2d_msgs/lib/python3.8/site-packages/nav_2d_msgs/msg
[6.537s] -- Installing: /home/nth/ros2_ws/install/nav_2d_msgs/lib/python3.8/site-packages/nav_2d_msgs/msg/_twist2_d_stamped.py
[6.537s] -- Installing: /home/nth/ros2_ws/install/nav_2d_msgs/lib/python3.8/site-packages/nav_2d_msgs/msg/_pose2_d_stamped.py
[6.537s] -- Installing: /home/nth/ros2_ws/install/nav_2d_msgs/lib/python3.8/site-packages/nav_2d_msgs/msg/_twist2_d32.py
[6.538s] -- Installing: /home/nth/ros2_ws/install/nav_2d_msgs/lib/python3.8/site-packages/nav_2d_msgs/msg/_twist2_d_s.c
[6.538s] -- Installing: /home/nth/ros2_ws/install/nav_2d_msgs/lib/python3.8/site-packages/nav_2d_msgs/msg/_twist2_d.py
[6.538s] -- Installing: /home/nth/ros2_ws/install/nav_2d_msgs/lib/python3.8/site-packages/nav_2d_msgs/msg/_pose2_d32.py
[6.539s] -- Installing: /home/nth/ros2_ws/install/nav_2d_msgs/lib/python3.8/site-packages/nav_2d_msgs/msg/_twist2_d_stamped_s.c
[6.539s] -- Installing: /home/nth/ros2_ws/install/nav_2d_msgs/lib/python3.8/site-packages/nav_2d_msgs/msg/_pose2_d_stamped_s.c
[6.539s] -- Installing: /home/nth/ros2_ws/install/nav_2d_msgs/lib/python3.8/site-packages/nav_2d_msgs/msg/__init__.py
[6.539s] -- Installing: /home/nth/ros2_ws/install/nav_2d_msgs/lib/python3.8/site-packages/nav_2d_msgs/msg/_path2_d_s.c
[6.540s] -- Installing: /home/nth/ros2_ws/install/nav_2d_msgs/lib/python3.8/site-packages/nav_2d_msgs/msg/_pose2_d32_s.c
[6.540s] -- Installing: /home/nth/ros2_ws/install/nav_2d_msgs/lib/python3.8/site-packages/nav_2d_msgs/msg/_path2_d.py
[6.540s] -- Installing: /home/nth/ros2_ws/install/nav_2d_msgs/lib/python3.8/site-packages/nav_2d_msgs/msg/_twist2_d32_s.c
[6.541s] -- Installing: /home/nth/ros2_ws/install/nav_2d_msgs/lib/python3.8/site-packages/nav_2d_msgs/nav_2d_msgs_s__rosidl_typesupport_fastrtps_c.cpython-38-x86_64-linux-gnu.so
[6.542s] -- Set runtime path of "/home/nth/ros2_ws/install/nav_2d_msgs/lib/python3.8/site-packages/nav_2d_msgs/nav_2d_msgs_s__rosidl_typesupport_fastrtps_c.cpython-38-x86_64-linux-gnu.so" to ""
[6.542s] -- Installing: /home/nth/ros2_ws/install/nav_2d_msgs/lib/python3.8/site-packages/nav_2d_msgs/nav_2d_msgs_s__rosidl_typesupport_introspection_c.cpython-38-x86_64-linux-gnu.so
[6.542s] -- Set runtime path of "/home/nth/ros2_ws/install/nav_2d_msgs/lib/python3.8/site-packages/nav_2d_msgs/nav_2d_msgs_s__rosidl_typesupport_introspection_c.cpython-38-x86_64-linux-gnu.so" to ""
[6.543s] -- Installing: /home/nth/ros2_ws/install/nav_2d_msgs/lib/python3.8/site-packages/nav_2d_msgs/nav_2d_msgs_s__rosidl_typesupport_c.cpython-38-x86_64-linux-gnu.so
[6.544s] -- Set runtime path of "/home/nth/ros2_ws/install/nav_2d_msgs/lib/python3.8/site-packages/nav_2d_msgs/nav_2d_msgs_s__rosidl_typesupport_c.cpython-38-x86_64-linux-gnu.so" to ""
[6.544s] -- Installing: /home/nth/ros2_ws/install/nav_2d_msgs/lib/libnav_2d_msgs__python.so
[6.544s] -- Set runtime path of "/home/nth/ros2_ws/install/nav_2d_msgs/lib/libnav_2d_msgs__python.so" to ""
[6.544s] -- Installing: /home/nth/ros2_ws/install/nav_2d_msgs/share/nav_2d_msgs/msg/Path2D.idl
[6.545s] -- Installing: /home/nth/ros2_ws/install/nav_2d_msgs/share/nav_2d_msgs/msg/Pose2D32.idl
[6.545s] -- Installing: /home/nth/ros2_ws/install/nav_2d_msgs/share/nav_2d_msgs/msg/Pose2DStamped.idl
[6.545s] -- Installing: /home/nth/ros2_ws/install/nav_2d_msgs/share/nav_2d_msgs/msg/Twist2D.idl
[6.545s] -- Installing: /home/nth/ros2_ws/install/nav_2d_msgs/share/nav_2d_msgs/msg/Twist2D32.idl
[6.546s] -- Installing: /home/nth/ros2_ws/install/nav_2d_msgs/share/nav_2d_msgs/msg/Twist2DStamped.idl
[6.546s] -- Installing: /home/nth/ros2_ws/install/nav_2d_msgs/share/nav_2d_msgs/msg/Path2D.msg
[6.546s] -- Installing: /home/nth/ros2_ws/install/nav_2d_msgs/share/nav_2d_msgs/msg/Pose2D32.msg
[6.547s] -- Installing: /home/nth/ros2_ws/install/nav_2d_msgs/share/nav_2d_msgs/msg/Pose2DStamped.msg
[6.547s] -- Installing: /home/nth/ros2_ws/install/nav_2d_msgs/share/nav_2d_msgs/msg/Twist2D.msg
[6.547s] -- Installing: /home/nth/ros2_ws/install/nav_2d_msgs/share/nav_2d_msgs/msg/Twist2D32.msg
[6.548s] -- Installing: /home/nth/ros2_ws/install/nav_2d_msgs/share/nav_2d_msgs/msg/Twist2DStamped.msg
[6.548s] -- Installing: /home/nth/ros2_ws/install/nav_2d_msgs/share/ament_index/resource_index/package_run_dependencies/nav_2d_msgs
[6.548s] -- Installing: /home/nth/ros2_ws/install/nav_2d_msgs/share/ament_index/resource_index/parent_prefix_path/nav_2d_msgs
[6.548s] -- Installing: /home/nth/ros2_ws/install/nav_2d_msgs/share/nav_2d_msgs/environment/ament_prefix_path.sh
[6.549s] -- Installing: /home/nth/ros2_ws/install/nav_2d_msgs/share/nav_2d_msgs/environment/ament_prefix_path.dsv
[6.549s] -- Installing: /home/nth/ros2_ws/install/nav_2d_msgs/share/nav_2d_msgs/environment/path.sh
[6.549s] -- Installing: /home/nth/ros2_ws/install/nav_2d_msgs/share/nav_2d_msgs/environment/path.dsv
[6.549s] -- Installing: /home/nth/ros2_ws/install/nav_2d_msgs/share/nav_2d_msgs/local_setup.bash
[6.549s] -- Installing: /home/nth/ros2_ws/install/nav_2d_msgs/share/nav_2d_msgs/local_setup.sh
[6.549s] -- Installing: /home/nth/ros2_ws/install/nav_2d_msgs/share/nav_2d_msgs/local_setup.zsh
[6.549s] -- Installing: /home/nth/ros2_ws/install/nav_2d_msgs/share/nav_2d_msgs/local_setup.dsv
[6.550s] -- Installing: /home/nth/ros2_ws/install/nav_2d_msgs/share/nav_2d_msgs/package.dsv
[6.550s] -- Installing: /home/nth/ros2_ws/install/nav_2d_msgs/share/ament_index/resource_index/packages/nav_2d_msgs
[6.550s] -- Installing: /home/nth/ros2_ws/install/nav_2d_msgs/share/nav_2d_msgs/cmake/nav_2d_msgs__rosidl_generator_cExport.cmake
[6.550s] -- Installing: /home/nth/ros2_ws/install/nav_2d_msgs/share/nav_2d_msgs/cmake/nav_2d_msgs__rosidl_generator_cExport-noconfig.cmake
[6.550s] -- Installing: /home/nth/ros2_ws/install/nav_2d_msgs/share/nav_2d_msgs/cmake/nav_2d_msgs__rosidl_typesupport_introspection_cExport.cmake
[6.550s] -- Installing: /home/nth/ros2_ws/install/nav_2d_msgs/share/nav_2d_msgs/cmake/nav_2d_msgs__rosidl_typesupport_introspection_cExport-noconfig.cmake
[6.551s] -- Installing: /home/nth/ros2_ws/install/nav_2d_msgs/share/nav_2d_msgs/cmake/nav_2d_msgs__rosidl_typesupport_cExport.cmake
[6.552s] -- Installing: /home/nth/ros2_ws/install/nav_2d_msgs/share/nav_2d_msgs/cmake/nav_2d_msgs__rosidl_typesupport_cExport-noconfig.cmake
[6.552s] -- Installing: /home/nth/ros2_ws/install/nav_2d_msgs/share/nav_2d_msgs/cmake/nav_2d_msgs__rosidl_generator_cppExport.cmake
[6.553s] -- Installing: /home/nth/ros2_ws/install/nav_2d_msgs/share/nav_2d_msgs/cmake/nav_2d_msgs__rosidl_typesupport_introspection_cppExport.cmake
[6.553s] -- Installing: /home/nth/ros2_ws/install/nav_2d_msgs/share/nav_2d_msgs/cmake/nav_2d_msgs__rosidl_typesupport_introspection_cppExport-noconfig.cmake
[6.553s] -- Installing: /home/nth/ros2_ws/install/nav_2d_msgs/share/nav_2d_msgs/cmake/nav_2d_msgs__rosidl_typesupport_cppExport.cmake
[6.553s] -- Installing: /home/nth/ros2_ws/install/nav_2d_msgs/share/nav_2d_msgs/cmake/nav_2d_msgs__rosidl_typesupport_cppExport-noconfig.cmake
[6.553s] -- Installing: /home/nth/ros2_ws/install/nav_2d_msgs/share/nav_2d_msgs/cmake/rosidl_cmake-extras.cmake
[6.553s] -- Installing: /home/nth/ros2_ws/install/nav_2d_msgs/share/nav_2d_msgs/cmake/ament_cmake_export_dependencies-extras.cmake
[6.554s] -- Installing: /home/nth/ros2_ws/install/nav_2d_msgs/share/nav_2d_msgs/cmake/ament_cmake_export_libraries-extras.cmake
[6.554s] -- Installing: /home/nth/ros2_ws/install/nav_2d_msgs/share/nav_2d_msgs/cmake/ament_cmake_export_targets-extras.cmake
[6.554s] -- Installing: /home/nth/ros2_ws/install/nav_2d_msgs/share/nav_2d_msgs/cmake/ament_cmake_export_include_directories-extras.cmake
[6.555s] -- Installing: /home/nth/ros2_ws/install/nav_2d_msgs/share/nav_2d_msgs/cmake/rosidl_cmake_export_typesupport_libraries-extras.cmake
[6.555s] -- Installing: /home/nth/ros2_ws/install/nav_2d_msgs/share/nav_2d_msgs/cmake/rosidl_cmake_export_typesupport_targets-extras.cmake
[6.555s] -- Installing: /home/nth/ros2_ws/install/nav_2d_msgs/share/nav_2d_msgs/cmake/nav_2d_msgsConfig.cmake
[6.555s] -- Installing: /home/nth/ros2_ws/install/nav_2d_msgs/share/nav_2d_msgs/cmake/nav_2d_msgsConfig-version.cmake
[6.555s] -- Installing: /home/nth/ros2_ws/install/nav_2d_msgs/share/nav_2d_msgs/package.xml
[6.558s] Invoked command in '/home/nth/ros2_ws/build/nav_2d_msgs' returned '0': CMAKE_PREFIX_PATH=${CMAKE_PREFIX_PATH}:/home/nth/rtc_ws/install/turtlebot3_teleop:/home/nth/rtc_ws/install/turtlebot3_example:/home/nth/rtc_ws/install/nav2_simple_commander:/home/nth/rtc_ws/install/nav2_gazebo_spawner:/home/nth/rtcamr_ws/install/turtlebot3_teleop:/home/nth/rtcamr_ws/install/turtlebot3_example:/home/nth/rtcamr_ws/install/nav2_simple_commander:/home/nth/rtcamr_ws/install/nav2_gazebo_spawner:/opt/ros/foxy /usr/bin/cmake --install /home/nth/ros2_ws/build/nav_2d_msgs
