[35m[1mScanning dependencies of target turtle_tf2[0m
[ 50%] [32mBuilding CXX object CMakeFiles/turtle_tf2.dir/src/turtle_tf2.cpp.o[0m
[100%] [32m[1mLinking CXX executable turtle_tf2[0m
[100%] Built target turtle_tf2
-- Install configuration: ""
-- Installing: /home/nth/ros2_ws/install/tf2_cpp/lib/tf2_cpp/turtle_tf2
-- Set runtime path of "/home/nth/ros2_ws/install/tf2_cpp/lib/tf2_cpp/turtle_tf2" to ""
-- Up-to-date: /home/nth/ros2_ws/install/tf2_cpp/share/tf2_cpp/launch
-- Up-to-date: /home/nth/ros2_ws/install/tf2_cpp/share/tf2_cpp/launch/turtle_tf2_demo.launch.py
-- Up-to-date: /home/nth/ros2_ws/install/tf2_cpp/share/ament_index/resource_index/package_run_dependencies/tf2_cpp
-- Up-to-date: /home/nth/ros2_ws/install/tf2_cpp/share/ament_index/resource_index/parent_prefix_path/tf2_cpp
-- Up-to-date: /home/nth/ros2_ws/install/tf2_cpp/share/tf2_cpp/environment/ament_prefix_path.sh
-- Installing: /home/nth/ros2_ws/install/tf2_cpp/share/tf2_cpp/environment/ament_prefix_path.dsv
-- Up-to-date: /home/nth/ros2_ws/install/tf2_cpp/share/tf2_cpp/environment/path.sh
-- Installing: /home/nth/ros2_ws/install/tf2_cpp/share/tf2_cpp/environment/path.dsv
-- Up-to-date: /home/nth/ros2_ws/install/tf2_cpp/share/tf2_cpp/local_setup.bash
-- Up-to-date: /home/nth/ros2_ws/install/tf2_cpp/share/tf2_cpp/local_setup.sh
-- Up-to-date: /home/nth/ros2_ws/install/tf2_cpp/share/tf2_cpp/local_setup.zsh
-- Installing: /home/nth/ros2_ws/install/tf2_cpp/share/tf2_cpp/local_setup.dsv
-- Installing: /home/nth/ros2_ws/install/tf2_cpp/share/tf2_cpp/package.dsv
-- Up-to-date: /home/nth/ros2_ws/install/tf2_cpp/share/ament_index/resource_index/packages/tf2_cpp
-- Up-to-date: /home/nth/ros2_ws/install/tf2_cpp/share/tf2_cpp/cmake/tf2_cppConfig.cmake
-- Up-to-date: /home/nth/ros2_ws/install/tf2_cpp/share/tf2_cpp/cmake/tf2_cppConfig-version.cmake
-- Up-to-date: /home/nth/ros2_ws/install/tf2_cpp/share/tf2_cpp/package.xml
