[ 14%] Built target fibonacci_action_server
[ 35%] Built target action_client
[ 50%] Built target boi_so_client
[ 64%] Built target fibonacci_action_client
[ 78%] Built target boi_so_server
[100%] Built target action_server
-- Install configuration: ""
-- Installing: /home/nth/ros2_ws/install/action_cpp/lib/action_cpp/fibonacci_action_server
-- Set runtime path of "/home/nth/ros2_ws/install/action_cpp/lib/action_cpp/fibonacci_action_server" to ""
-- Installing: /home/nth/ros2_ws/install/action_cpp/lib/libaction_server.so
-- Set runtime path of "/home/nth/ros2_ws/install/action_cpp/lib/libaction_server.so" to ""
-- Installing: /home/nth/ros2_ws/install/action_cpp/lib/action_cpp/boi_so_server
-- Set runtime path of "/home/nth/ros2_ws/install/action_cpp/lib/action_cpp/boi_so_server" to ""
-- Up-to-date: /home/nth/ros2_ws/install/action_cpp/lib/libaction_server.so
-- Installing: /home/nth/ros2_ws/install/action_cpp/lib/action_cpp/fibonacci_action_client
-- Set runtime path of "/home/nth/ros2_ws/install/action_cpp/lib/action_cpp/fibonacci_action_client" to ""
-- Installing: /home/nth/ros2_ws/install/action_cpp/lib/libaction_client.so
-- Set runtime path of "/home/nth/ros2_ws/install/action_cpp/lib/libaction_client.so" to ""
-- Installing: /home/nth/ros2_ws/install/action_cpp/lib/action_cpp/boi_so_client
-- Set runtime path of "/home/nth/ros2_ws/install/action_cpp/lib/action_cpp/boi_so_client" to ""
-- Up-to-date: /home/nth/ros2_ws/install/action_cpp/lib/libaction_client.so
-- Installing: /home/nth/ros2_ws/install/action_cpp/share/ament_index/resource_index/package_run_dependencies/action_cpp
-- Installing: /home/nth/ros2_ws/install/action_cpp/share/ament_index/resource_index/parent_prefix_path/action_cpp
-- Installing: /home/nth/ros2_ws/install/action_cpp/share/action_cpp/environment/ament_prefix_path.sh
-- Installing: /home/nth/ros2_ws/install/action_cpp/share/action_cpp/environment/ament_prefix_path.dsv
-- Installing: /home/nth/ros2_ws/install/action_cpp/share/action_cpp/environment/path.sh
-- Installing: /home/nth/ros2_ws/install/action_cpp/share/action_cpp/environment/path.dsv
-- Installing: /home/nth/ros2_ws/install/action_cpp/share/action_cpp/local_setup.bash
-- Installing: /home/nth/ros2_ws/install/action_cpp/share/action_cpp/local_setup.sh
-- Installing: /home/nth/ros2_ws/install/action_cpp/share/action_cpp/local_setup.zsh
-- Installing: /home/nth/ros2_ws/install/action_cpp/share/action_cpp/local_setup.dsv
-- Installing: /home/nth/ros2_ws/install/action_cpp/share/action_cpp/package.dsv
-- Installing: /home/nth/ros2_ws/install/action_cpp/share/ament_index/resource_index/packages/action_cpp
-- Installing: /home/nth/ros2_ws/install/action_cpp/share/ament_index/resource_index/rclcpp_components/action_cpp
-- Installing: /home/nth/ros2_ws/install/action_cpp/share/action_cpp/cmake/action_cppConfig.cmake
-- Installing: /home/nth/ros2_ws/install/action_cpp/share/action_cpp/cmake/action_cppConfig-version.cmake
-- Installing: /home/nth/ros2_ws/install/action_cpp/share/action_cpp/package.xml
