[0.065s] Invoking command in '/home/nth/ros2_ws/build/ros2_tutorial': CMAKE_PREFIX_PATH=${CMAKE_PREFIX_PATH}:/home/nth/ros2_ws/install/turtlesim_test:/home/nth/ros2_ws/install/service_test:/home/nth/rtc_ws/install/turtlebot3_teleop:/home/nth/rtc_ws/install/turtlebot3_example:/home/nth/rtc_ws/install/nav2_gazebo_spawner:/opt/ros/foxy /usr/bin/cmake /home/nth/ros2_ws/src/ros2_tutorial -DCMAKE_INSTALL_PREFIX=/home/nth/ros2_ws/install/ros2_tutorial
[0.287s] -- The C compiler identification is GNU 9.4.0
[0.288s] -- The CXX compiler identification is GNU 9.4.0
[0.288s] -- Check for working C compiler: /usr/bin/cc
[0.288s] -- Check for working C compiler: /usr/bin/cc -- works
[0.288s] -- Detecting C compiler ABI info
[0.308s] -- Detecting C compiler ABI info - done
[0.319s] -- Detecting C compile features
[0.319s] -- Detecting C compile features - done
[0.321s] -- Check for working CXX compiler: /usr/bin/c++
[0.393s] -- Check for working CXX compiler: /usr/bin/c++ -- works
[0.394s] -- Detecting CXX compiler ABI info
[0.473s] -- Detecting CXX compiler ABI info - done
[0.484s] -- Detecting CXX compile features
[0.484s] -- Detecting CXX compile features - done
[0.488s] -- Found ament_cmake: 0.9.9 (/opt/ros/foxy/share/ament_cmake/cmake)
[0.519s] -- Found PythonInterp: /usr/bin/python3 (found suitable version "3.8.10", minimum required is "3") 
[0.519s] -- Using PYTHON_EXECUTABLE: /usr/bin/python3
[0.725s] -- Found ament_lint_auto: 0.9.6 (/opt/ros/foxy/share/ament_lint_auto/cmake)
[0.817s] -- Added test 'copyright' to check source files copyright and LICENSE
[0.819s] -- Added test 'lint_cmake' to check CMake code style
[0.821s] -- Added test 'xmllint' to check XML markup files
[0.823s] -- Configuring done
[0.825s] -- Generating done
[0.826s] -- Build files have been written to: /home/nth/ros2_ws/build/ros2_tutorial
[0.830s] Invoked command in '/home/nth/ros2_ws/build/ros2_tutorial' returned '0': CMAKE_PREFIX_PATH=${CMAKE_PREFIX_PATH}:/home/nth/ros2_ws/install/turtlesim_test:/home/nth/ros2_ws/install/service_test:/home/nth/rtc_ws/install/turtlebot3_teleop:/home/nth/rtc_ws/install/turtlebot3_example:/home/nth/rtc_ws/install/nav2_gazebo_spawner:/opt/ros/foxy /usr/bin/cmake /home/nth/ros2_ws/src/ros2_tutorial -DCMAKE_INSTALL_PREFIX=/home/nth/ros2_ws/install/ros2_tutorial
[0.833s] Invoking command in '/home/nth/ros2_ws/build/ros2_tutorial': CMAKE_PREFIX_PATH=${CMAKE_PREFIX_PATH}:/home/nth/ros2_ws/install/turtlesim_test:/home/nth/ros2_ws/install/service_test:/home/nth/rtc_ws/install/turtlebot3_teleop:/home/nth/rtc_ws/install/turtlebot3_example:/home/nth/rtc_ws/install/nav2_gazebo_spawner:/opt/ros/foxy /usr/bin/cmake --build /home/nth/ros2_ws/build/ros2_tutorial -- -j16 -l16
[0.877s] Invoked command in '/home/nth/ros2_ws/build/ros2_tutorial' returned '0': CMAKE_PREFIX_PATH=${CMAKE_PREFIX_PATH}:/home/nth/ros2_ws/install/turtlesim_test:/home/nth/ros2_ws/install/service_test:/home/nth/rtc_ws/install/turtlebot3_teleop:/home/nth/rtc_ws/install/turtlebot3_example:/home/nth/rtc_ws/install/nav2_gazebo_spawner:/opt/ros/foxy /usr/bin/cmake --build /home/nth/ros2_ws/build/ros2_tutorial -- -j16 -l16
[0.917s] Invoking command in '/home/nth/ros2_ws/build/ros2_tutorial': CMAKE_PREFIX_PATH=${CMAKE_PREFIX_PATH}:/home/nth/ros2_ws/install/turtlesim_test:/home/nth/ros2_ws/install/service_test:/home/nth/rtc_ws/install/turtlebot3_teleop:/home/nth/rtc_ws/install/turtlebot3_example:/home/nth/rtc_ws/install/nav2_gazebo_spawner:/opt/ros/foxy /usr/bin/cmake --install /home/nth/ros2_ws/build/ros2_tutorial
[0.926s] -- Install configuration: ""
[0.926s] -- Installing: /home/nth/ros2_ws/install/ros2_tutorial/share/ament_index/resource_index/package_run_dependencies/ros2_tutorial
[0.926s] -- Installing: /home/nth/ros2_ws/install/ros2_tutorial/share/ament_index/resource_index/parent_prefix_path/ros2_tutorial
[0.926s] -- Installing: /home/nth/ros2_ws/install/ros2_tutorial/share/ros2_tutorial/environment/ament_prefix_path.sh
[0.928s] -- Installing: /home/nth/ros2_ws/install/ros2_tutorial/share/ros2_tutorial/environment/ament_prefix_path.dsv
[0.928s] -- Installing: /home/nth/ros2_ws/install/ros2_tutorial/share/ros2_tutorial/environment/path.sh
[0.928s] -- Installing: /home/nth/ros2_ws/install/ros2_tutorial/share/ros2_tutorial/environment/path.dsv
[0.928s] -- Installing: /home/nth/ros2_ws/install/ros2_tutorial/share/ros2_tutorial/local_setup.bash
[0.929s] -- Installing: /home/nth/ros2_ws/install/ros2_tutorial/share/ros2_tutorial/local_setup.sh
[0.929s] -- Installing: /home/nth/ros2_ws/install/ros2_tutorial/share/ros2_tutorial/local_setup.zsh
[0.929s] -- Installing: /home/nth/ros2_ws/install/ros2_tutorial/share/ros2_tutorial/local_setup.dsv
[0.929s] -- Installing: /home/nth/ros2_ws/install/ros2_tutorial/share/ros2_tutorial/package.dsv
[0.929s] -- Installing: /home/nth/ros2_ws/install/ros2_tutorial/share/ament_index/resource_index/packages/ros2_tutorial
[0.929s] -- Installing: /home/nth/ros2_ws/install/ros2_tutorial/share/ros2_tutorial/cmake/ros2_tutorialConfig.cmake
[0.929s] -- Installing: /home/nth/ros2_ws/install/ros2_tutorial/share/ros2_tutorial/cmake/ros2_tutorialConfig-version.cmake
[0.929s] -- Installing: /home/nth/ros2_ws/install/ros2_tutorial/share/ros2_tutorial/package.xml
[0.931s] Invoked command in '/home/nth/ros2_ws/build/ros2_tutorial' returned '0': CMAKE_PREFIX_PATH=${CMAKE_PREFIX_PATH}:/home/nth/ros2_ws/install/turtlesim_test:/home/nth/ros2_ws/install/service_test:/home/nth/rtc_ws/install/turtlebot3_teleop:/home/nth/rtc_ws/install/turtlebot3_example:/home/nth/rtc_ws/install/nav2_gazebo_spawner:/opt/ros/foxy /usr/bin/cmake --install /home/nth/ros2_ws/build/ros2_tutorial
