[0.087s] Invoking command in '/home/nth/ros2_ws/build/action_tutorials_interfaces': CMAKE_PREFIX_PATH=${CMAKE_PREFIX_PATH}:/home/nth/ros2_ws/install/turtlesim_test:/home/nth/ros2_ws/install/service_test:/home/nth/rtc_ws/install/turtlebot3_teleop:/home/nth/rtc_ws/install/turtlebot3_example:/home/nth/rtc_ws/install/nav2_gazebo_spawner:/opt/ros/foxy /usr/bin/cmake --build /home/nth/ros2_ws/build/action_tutorials_interfaces -- -j16 -l16
[0.321s] [ 10%] Built target action_tutorials_interfaces__rosidl_generator_c
[0.321s] [ 12%] Built target action_tutorials_interfaces__cpp
[0.321s] [ 23%] Built target action_tutorials_interfaces__rosidl_typesupport_introspection_c
[0.321s] [ 33%] Built target action_tutorials_interfaces__rosidl_typesupport_c
[0.321s] [ 53%] Built target action_tutorials_interfaces__rosidl_typesupport_introspection_cpp
[0.321s] [ 53%] Built target action_tutorials_interfaces__rosidl_typesupport_cpp
[0.321s] [ 64%] Built target action_tutorials_interfaces__rosidl_typesupport_fastrtps_cpp
[0.321s] [ 74%] Built target action_tutorials_interfaces__rosidl_typesupport_fastrtps_c
[0.321s] [ 74%] Built target action_tutorials_interfaces
[0.321s] [ 76%] Built target action_tutorials_interfaces__py
[0.322s] [ 84%] Built target action_tutorials_interfaces__python
[0.335s] [ 94%] Built target action_tutorials_interfaces__rosidl_typesupport_c__pyext
[0.335s] [ 94%] Built target action_tutorials_interfaces__rosidl_typesupport_fastrtps_c__pyext
[0.336s] [100%] Built target action_tutorials_interfaces__rosidl_typesupport_introspection_c__pyext
[0.527s] Invoked command in '/home/nth/ros2_ws/build/action_tutorials_interfaces' returned '0': CMAKE_PREFIX_PATH=${CMAKE_PREFIX_PATH}:/home/nth/ros2_ws/install/turtlesim_test:/home/nth/ros2_ws/install/service_test:/home/nth/rtc_ws/install/turtlebot3_teleop:/home/nth/rtc_ws/install/turtlebot3_example:/home/nth/rtc_ws/install/nav2_gazebo_spawner:/opt/ros/foxy /usr/bin/cmake --build /home/nth/ros2_ws/build/action_tutorials_interfaces -- -j16 -l16
[0.604s] Invoking command in '/home/nth/ros2_ws/build/action_tutorials_interfaces': CMAKE_PREFIX_PATH=${CMAKE_PREFIX_PATH}:/home/nth/ros2_ws/install/turtlesim_test:/home/nth/ros2_ws/install/service_test:/home/nth/rtc_ws/install/turtlebot3_teleop:/home/nth/rtc_ws/install/turtlebot3_example:/home/nth/rtc_ws/install/nav2_gazebo_spawner:/opt/ros/foxy /usr/bin/cmake --install /home/nth/ros2_ws/build/action_tutorials_interfaces
[0.616s] -- Install configuration: ""
[0.616s] -- Up-to-date: /home/nth/ros2_ws/install/action_tutorials_interfaces/share/ament_index/resource_index/rosidl_interfaces/action_tutorials_interfaces
[0.616s] -- Up-to-date: /home/nth/ros2_ws/install/action_tutorials_interfaces/include/action_tutorials_interfaces
[0.616s] -- Up-to-date: /home/nth/ros2_ws/install/action_tutorials_interfaces/include/action_tutorials_interfaces/msg
[0.616s] -- Up-to-date: /home/nth/ros2_ws/install/action_tutorials_interfaces/include/action_tutorials_interfaces/msg/rosidl_generator_c__visibility_control.h
[0.617s] -- Up-to-date: /home/nth/ros2_ws/install/action_tutorials_interfaces/include/action_tutorials_interfaces/action
[0.617s] -- Up-to-date: /home/nth/ros2_ws/install/action_tutorials_interfaces/include/action_tutorials_interfaces/action/boiso.h
[0.617s] -- Up-to-date: /home/nth/ros2_ws/install/action_tutorials_interfaces/include/action_tutorials_interfaces/action/detail
[0.617s] -- Up-to-date: /home/nth/ros2_ws/install/action_tutorials_interfaces/include/action_tutorials_interfaces/action/detail/fibonacci__functions.h
[0.617s] -- Up-to-date: /home/nth/ros2_ws/install/action_tutorials_interfaces/include/action_tutorials_interfaces/action/detail/boiso__functions.h
[0.617s] -- Up-to-date: /home/nth/ros2_ws/install/action_tutorials_interfaces/include/action_tutorials_interfaces/action/detail/boiso__functions.c
[0.617s] -- Up-to-date: /home/nth/ros2_ws/install/action_tutorials_interfaces/include/action_tutorials_interfaces/action/detail/fibonacci__struct.h
[0.617s] -- Up-to-date: /home/nth/ros2_ws/install/action_tutorials_interfaces/include/action_tutorials_interfaces/action/detail/boiso__struct.h
[0.617s] -- Up-to-date: /home/nth/ros2_ws/install/action_tutorials_interfaces/include/action_tutorials_interfaces/action/detail/fibonacci__type_support.h
[0.617s] -- Up-to-date: /home/nth/ros2_ws/install/action_tutorials_interfaces/include/action_tutorials_interfaces/action/detail/fibonacci__functions.c
[0.617s] -- Up-to-date: /home/nth/ros2_ws/install/action_tutorials_interfaces/include/action_tutorials_interfaces/action/detail/boiso__type_support.h
[0.617s] -- Up-to-date: /home/nth/ros2_ws/install/action_tutorials_interfaces/include/action_tutorials_interfaces/action/fibonacci.h
[0.617s] -- Up-to-date: /home/nth/ros2_ws/install/action_tutorials_interfaces/share/action_tutorials_interfaces/environment/library_path.sh
[0.618s] -- Up-to-date: /home/nth/ros2_ws/install/action_tutorials_interfaces/share/action_tutorials_interfaces/environment/library_path.dsv
[0.618s] -- Up-to-date: /home/nth/ros2_ws/install/action_tutorials_interfaces/lib/libaction_tutorials_interfaces__rosidl_generator_c.so
[0.618s] -- Up-to-date: /home/nth/ros2_ws/install/action_tutorials_interfaces/include/action_tutorials_interfaces
[0.618s] -- Up-to-date: /home/nth/ros2_ws/install/action_tutorials_interfaces/include/action_tutorials_interfaces/msg
[0.618s] -- Up-to-date: /home/nth/ros2_ws/install/action_tutorials_interfaces/include/action_tutorials_interfaces/msg/rosidl_typesupport_fastrtps_c__visibility_control.h
[0.619s] -- Up-to-date: /home/nth/ros2_ws/install/action_tutorials_interfaces/include/action_tutorials_interfaces/action
[0.619s] -- Up-to-date: /home/nth/ros2_ws/install/action_tutorials_interfaces/include/action_tutorials_interfaces/action/detail
[0.619s] -- Up-to-date: /home/nth/ros2_ws/install/action_tutorials_interfaces/include/action_tutorials_interfaces/action/detail/fibonacci__rosidl_typesupport_fastrtps_c.h
[0.619s] -- Up-to-date: /home/nth/ros2_ws/install/action_tutorials_interfaces/include/action_tutorials_interfaces/action/detail/boiso__rosidl_typesupport_fastrtps_c.h
[0.619s] -- Up-to-date: /home/nth/ros2_ws/install/action_tutorials_interfaces/lib/libaction_tutorials_interfaces__rosidl_typesupport_fastrtps_c.so
[0.619s] -- Up-to-date: /home/nth/ros2_ws/install/action_tutorials_interfaces/include/action_tutorials_interfaces
[0.620s] -- Up-to-date: /home/nth/ros2_ws/install/action_tutorials_interfaces/include/action_tutorials_interfaces/msg
[0.620s] -- Up-to-date: /home/nth/ros2_ws/install/action_tutorials_interfaces/include/action_tutorials_interfaces/msg/rosidl_typesupport_fastrtps_cpp__visibility_control.h
[0.620s] -- Up-to-date: /home/nth/ros2_ws/install/action_tutorials_interfaces/include/action_tutorials_interfaces/action
[0.620s] -- Up-to-date: /home/nth/ros2_ws/install/action_tutorials_interfaces/include/action_tutorials_interfaces/action/detail
[0.620s] -- Up-to-date: /home/nth/ros2_ws/install/action_tutorials_interfaces/include/action_tutorials_interfaces/action/detail/fibonacci__rosidl_typesupport_fastrtps_cpp.hpp
[0.620s] -- Up-to-date: /home/nth/ros2_ws/install/action_tutorials_interfaces/include/action_tutorials_interfaces/action/detail/dds_fastrtps
[0.620s] -- Up-to-date: /home/nth/ros2_ws/install/action_tutorials_interfaces/include/action_tutorials_interfaces/action/detail/boiso__rosidl_typesupport_fastrtps_cpp.hpp
[0.620s] -- Up-to-date: /home/nth/ros2_ws/install/action_tutorials_interfaces/lib/libaction_tutorials_interfaces__rosidl_typesupport_fastrtps_cpp.so
[0.620s] -- Up-to-date: /home/nth/ros2_ws/install/action_tutorials_interfaces/include/action_tutorials_interfaces
[0.620s] -- Up-to-date: /home/nth/ros2_ws/install/action_tutorials_interfaces/include/action_tutorials_interfaces/msg
[0.620s] -- Up-to-date: /home/nth/ros2_ws/install/action_tutorials_interfaces/include/action_tutorials_interfaces/msg/rosidl_typesupport_introspection_c__visibility_control.h
[0.621s] -- Up-to-date: /home/nth/ros2_ws/install/action_tutorials_interfaces/include/action_tutorials_interfaces/action
[0.621s] -- Up-to-date: /home/nth/ros2_ws/install/action_tutorials_interfaces/include/action_tutorials_interfaces/action/detail
[0.621s] -- Up-to-date: /home/nth/ros2_ws/install/action_tutorials_interfaces/include/action_tutorials_interfaces/action/detail/boiso__rosidl_typesupport_introspection_c.h
[0.621s] -- Up-to-date: /home/nth/ros2_ws/install/action_tutorials_interfaces/include/action_tutorials_interfaces/action/detail/boiso__type_support.c
[0.621s] -- Up-to-date: /home/nth/ros2_ws/install/action_tutorials_interfaces/include/action_tutorials_interfaces/action/detail/fibonacci__type_support.c
[0.621s] -- Up-to-date: /home/nth/ros2_ws/install/action_tutorials_interfaces/include/action_tutorials_interfaces/action/detail/fibonacci__rosidl_typesupport_introspection_c.h
[0.621s] -- Up-to-date: /home/nth/ros2_ws/install/action_tutorials_interfaces/lib/libaction_tutorials_interfaces__rosidl_typesupport_introspection_c.so
[0.621s] -- Up-to-date: /home/nth/ros2_ws/install/action_tutorials_interfaces/lib/libaction_tutorials_interfaces__rosidl_typesupport_c.so
[0.621s] -- Up-to-date: /home/nth/ros2_ws/install/action_tutorials_interfaces/include/action_tutorials_interfaces
[0.621s] -- Up-to-date: /home/nth/ros2_ws/install/action_tutorials_interfaces/include/action_tutorials_interfaces/action
[0.621s] -- Up-to-date: /home/nth/ros2_ws/install/action_tutorials_interfaces/include/action_tutorials_interfaces/action/detail
[0.621s] -- Up-to-date: /home/nth/ros2_ws/install/action_tutorials_interfaces/include/action_tutorials_interfaces/action/detail/boiso__struct.hpp
[0.622s] -- Up-to-date: /home/nth/ros2_ws/install/action_tutorials_interfaces/include/action_tutorials_interfaces/action/detail/boiso__builder.hpp
[0.622s] -- Up-to-date: /home/nth/ros2_ws/install/action_tutorials_interfaces/include/action_tutorials_interfaces/action/detail/fibonacci__struct.hpp
[0.622s] -- Up-to-date: /home/nth/ros2_ws/install/action_tutorials_interfaces/include/action_tutorials_interfaces/action/detail/fibonacci__builder.hpp
[0.623s] -- Up-to-date: /home/nth/ros2_ws/install/action_tutorials_interfaces/include/action_tutorials_interfaces/action/detail/fibonacci__traits.hpp
[0.623s] -- Up-to-date: /home/nth/ros2_ws/install/action_tutorials_interfaces/include/action_tutorials_interfaces/action/detail/boiso__traits.hpp
[0.623s] -- Up-to-date: /home/nth/ros2_ws/install/action_tutorials_interfaces/include/action_tutorials_interfaces/action/boiso.hpp
[0.623s] -- Up-to-date: /home/nth/ros2_ws/install/action_tutorials_interfaces/include/action_tutorials_interfaces/action/fibonacci.hpp
[0.623s] -- Up-to-date: /home/nth/ros2_ws/install/action_tutorials_interfaces/include/action_tutorials_interfaces
[0.624s] -- Up-to-date: /home/nth/ros2_ws/install/action_tutorials_interfaces/include/action_tutorials_interfaces/action
[0.624s] -- Up-to-date: /home/nth/ros2_ws/install/action_tutorials_interfaces/include/action_tutorials_interfaces/action/detail
[0.624s] -- Up-to-date: /home/nth/ros2_ws/install/action_tutorials_interfaces/include/action_tutorials_interfaces/action/detail/boiso__rosidl_typesupport_introspection_cpp.hpp
[0.624s] -- Up-to-date: /home/nth/ros2_ws/install/action_tutorials_interfaces/include/action_tutorials_interfaces/action/detail/fibonacci__rosidl_typesupport_introspection_cpp.hpp
[0.624s] -- Up-to-date: /home/nth/ros2_ws/install/action_tutorials_interfaces/include/action_tutorials_interfaces/action/detail/fibonacci__type_support.cpp
[0.624s] -- Up-to-date: /home/nth/ros2_ws/install/action_tutorials_interfaces/include/action_tutorials_interfaces/action/detail/boiso__type_support.cpp
[0.624s] -- Up-to-date: /home/nth/ros2_ws/install/action_tutorials_interfaces/lib/libaction_tutorials_interfaces__rosidl_typesupport_introspection_cpp.so
[0.624s] -- Up-to-date: /home/nth/ros2_ws/install/action_tutorials_interfaces/lib/libaction_tutorials_interfaces__rosidl_typesupport_cpp.so
[0.624s] -- Up-to-date: /home/nth/ros2_ws/install/action_tutorials_interfaces/share/action_tutorials_interfaces/environment/pythonpath.sh
[0.624s] -- Up-to-date: /home/nth/ros2_ws/install/action_tutorials_interfaces/share/action_tutorials_interfaces/environment/pythonpath.dsv
[0.624s] -- Up-to-date: /home/nth/ros2_ws/install/action_tutorials_interfaces/lib/python3.8/site-packages/action_tutorials_interfaces/__init__.py
[0.654s] -- Up-to-date: /home/nth/ros2_ws/install/action_tutorials_interfaces/lib/python3.8/site-packages/action_tutorials_interfaces/action
[0.654s] -- Up-to-date: /home/nth/ros2_ws/install/action_tutorials_interfaces/lib/python3.8/site-packages/action_tutorials_interfaces/action/_boiso_s.c
[0.655s] -- Up-to-date: /home/nth/ros2_ws/install/action_tutorials_interfaces/lib/python3.8/site-packages/action_tutorials_interfaces/action/_boiso.py
[0.655s] -- Up-to-date: /home/nth/ros2_ws/install/action_tutorials_interfaces/lib/python3.8/site-packages/action_tutorials_interfaces/action/_fibonacci_s.c
[0.655s] -- Up-to-date: /home/nth/ros2_ws/install/action_tutorials_interfaces/lib/python3.8/site-packages/action_tutorials_interfaces/action/_fibonacci.py
[0.655s] -- Up-to-date: /home/nth/ros2_ws/install/action_tutorials_interfaces/lib/python3.8/site-packages/action_tutorials_interfaces/action/__init__.py
[0.655s] -- Up-to-date: /home/nth/ros2_ws/install/action_tutorials_interfaces/lib/python3.8/site-packages/action_tutorials_interfaces/action_tutorials_interfaces_s__rosidl_typesupport_fastrtps_c.cpython-38-x86_64-linux-gnu.so
[0.656s] -- Up-to-date: /home/nth/ros2_ws/install/action_tutorials_interfaces/lib/python3.8/site-packages/action_tutorials_interfaces/action_tutorials_interfaces_s__rosidl_typesupport_introspection_c.cpython-38-x86_64-linux-gnu.so
[0.656s] -- Up-to-date: /home/nth/ros2_ws/install/action_tutorials_interfaces/lib/python3.8/site-packages/action_tutorials_interfaces/action_tutorials_interfaces_s__rosidl_typesupport_c.cpython-38-x86_64-linux-gnu.so
[0.656s] -- Up-to-date: /home/nth/ros2_ws/install/action_tutorials_interfaces/lib/libaction_tutorials_interfaces__python.so
[0.656s] -- Up-to-date: /home/nth/ros2_ws/install/action_tutorials_interfaces/share/action_tutorials_interfaces/action/Fibonacci.idl
[0.656s] -- Up-to-date: /home/nth/ros2_ws/install/action_tutorials_interfaces/share/action_tutorials_interfaces/action/Boiso.idl
[0.656s] -- Up-to-date: /home/nth/ros2_ws/install/action_tutorials_interfaces/share/action_tutorials_interfaces/action/Fibonacci.action
[0.656s] -- Up-to-date: /home/nth/ros2_ws/install/action_tutorials_interfaces/share/action_tutorials_interfaces/action/Boiso.action
[0.656s] -- Up-to-date: /home/nth/ros2_ws/install/action_tutorials_interfaces/share/ament_index/resource_index/package_run_dependencies/action_tutorials_interfaces
[0.656s] -- Up-to-date: /home/nth/ros2_ws/install/action_tutorials_interfaces/share/ament_index/resource_index/parent_prefix_path/action_tutorials_interfaces
[0.656s] -- Up-to-date: /home/nth/ros2_ws/install/action_tutorials_interfaces/share/action_tutorials_interfaces/environment/ament_prefix_path.sh
[0.657s] -- Up-to-date: /home/nth/ros2_ws/install/action_tutorials_interfaces/share/action_tutorials_interfaces/environment/ament_prefix_path.dsv
[0.657s] -- Up-to-date: /home/nth/ros2_ws/install/action_tutorials_interfaces/share/action_tutorials_interfaces/environment/path.sh
[0.657s] -- Up-to-date: /home/nth/ros2_ws/install/action_tutorials_interfaces/share/action_tutorials_interfaces/environment/path.dsv
[0.657s] -- Up-to-date: /home/nth/ros2_ws/install/action_tutorials_interfaces/share/action_tutorials_interfaces/local_setup.bash
[0.657s] -- Up-to-date: /home/nth/ros2_ws/install/action_tutorials_interfaces/share/action_tutorials_interfaces/local_setup.sh
[0.657s] -- Up-to-date: /home/nth/ros2_ws/install/action_tutorials_interfaces/share/action_tutorials_interfaces/local_setup.zsh
[0.657s] -- Up-to-date: /home/nth/ros2_ws/install/action_tutorials_interfaces/share/action_tutorials_interfaces/local_setup.dsv
[0.657s] -- Installing: /home/nth/ros2_ws/install/action_tutorials_interfaces/share/action_tutorials_interfaces/package.dsv
[0.657s] -- Up-to-date: /home/nth/ros2_ws/install/action_tutorials_interfaces/share/ament_index/resource_index/packages/action_tutorials_interfaces
[0.657s] -- Up-to-date: /home/nth/ros2_ws/install/action_tutorials_interfaces/share/action_tutorials_interfaces/cmake/action_tutorials_interfaces__rosidl_generator_cExport.cmake
[0.657s] -- Up-to-date: /home/nth/ros2_ws/install/action_tutorials_interfaces/share/action_tutorials_interfaces/cmake/action_tutorials_interfaces__rosidl_generator_cExport-noconfig.cmake
[0.657s] -- Up-to-date: /home/nth/ros2_ws/install/action_tutorials_interfaces/share/action_tutorials_interfaces/cmake/action_tutorials_interfaces__rosidl_typesupport_introspection_cExport.cmake
[0.657s] -- Up-to-date: /home/nth/ros2_ws/install/action_tutorials_interfaces/share/action_tutorials_interfaces/cmake/action_tutorials_interfaces__rosidl_typesupport_introspection_cExport-noconfig.cmake
[0.657s] -- Up-to-date: /home/nth/ros2_ws/install/action_tutorials_interfaces/share/action_tutorials_interfaces/cmake/action_tutorials_interfaces__rosidl_typesupport_cExport.cmake
[0.657s] -- Up-to-date: /home/nth/ros2_ws/install/action_tutorials_interfaces/share/action_tutorials_interfaces/cmake/action_tutorials_interfaces__rosidl_typesupport_cExport-noconfig.cmake
[0.658s] -- Up-to-date: /home/nth/ros2_ws/install/action_tutorials_interfaces/share/action_tutorials_interfaces/cmake/action_tutorials_interfaces__rosidl_generator_cppExport.cmake
[0.658s] -- Up-to-date: /home/nth/ros2_ws/install/action_tutorials_interfaces/share/action_tutorials_interfaces/cmake/action_tutorials_interfaces__rosidl_typesupport_introspection_cppExport.cmake
[0.658s] -- Up-to-date: /home/nth/ros2_ws/install/action_tutorials_interfaces/share/action_tutorials_interfaces/cmake/action_tutorials_interfaces__rosidl_typesupport_introspection_cppExport-noconfig.cmake
[0.658s] -- Up-to-date: /home/nth/ros2_ws/install/action_tutorials_interfaces/share/action_tutorials_interfaces/cmake/action_tutorials_interfaces__rosidl_typesupport_cppExport.cmake
[0.658s] -- Up-to-date: /home/nth/ros2_ws/install/action_tutorials_interfaces/share/action_tutorials_interfaces/cmake/action_tutorials_interfaces__rosidl_typesupport_cppExport-noconfig.cmake
[0.659s] -- Up-to-date: /home/nth/ros2_ws/install/action_tutorials_interfaces/share/action_tutorials_interfaces/cmake/rosidl_cmake-extras.cmake
[0.659s] -- Up-to-date: /home/nth/ros2_ws/install/action_tutorials_interfaces/share/action_tutorials_interfaces/cmake/ament_cmake_export_dependencies-extras.cmake
[0.659s] -- Up-to-date: /home/nth/ros2_ws/install/action_tutorials_interfaces/share/action_tutorials_interfaces/cmake/ament_cmake_export_libraries-extras.cmake
[0.659s] -- Up-to-date: /home/nth/ros2_ws/install/action_tutorials_interfaces/share/action_tutorials_interfaces/cmake/ament_cmake_export_targets-extras.cmake
[0.659s] -- Up-to-date: /home/nth/ros2_ws/install/action_tutorials_interfaces/share/action_tutorials_interfaces/cmake/ament_cmake_export_include_directories-extras.cmake
[0.659s] -- Up-to-date: /home/nth/ros2_ws/install/action_tutorials_interfaces/share/action_tutorials_interfaces/cmake/rosidl_cmake_export_typesupport_libraries-extras.cmake
[0.659s] -- Up-to-date: /home/nth/ros2_ws/install/action_tutorials_interfaces/share/action_tutorials_interfaces/cmake/rosidl_cmake_export_typesupport_targets-extras.cmake
[0.659s] -- Up-to-date: /home/nth/ros2_ws/install/action_tutorials_interfaces/share/action_tutorials_interfaces/cmake/action_tutorials_interfacesConfig.cmake
[0.659s] -- Up-to-date: /home/nth/ros2_ws/install/action_tutorials_interfaces/share/action_tutorials_interfaces/cmake/action_tutorials_interfacesConfig-version.cmake
[0.659s] -- Up-to-date: /home/nth/ros2_ws/install/action_tutorials_interfaces/share/action_tutorials_interfaces/package.xml
[0.663s] Invoked command in '/home/nth/ros2_ws/build/action_tutorials_interfaces' returned '0': CMAKE_PREFIX_PATH=${CMAKE_PREFIX_PATH}:/home/nth/ros2_ws/install/turtlesim_test:/home/nth/ros2_ws/install/service_test:/home/nth/rtc_ws/install/turtlebot3_teleop:/home/nth/rtc_ws/install/turtlebot3_example:/home/nth/rtc_ws/install/nav2_gazebo_spawner:/opt/ros/foxy /usr/bin/cmake --install /home/nth/ros2_ws/build/action_tutorials_interfaces
