[0.125s] Invoking command in '/home/nth/ros2_ws/build/action_tutorials_interfaces': CMAKE_PREFIX_PATH=${CMAKE_PREFIX_PATH}:/home/nth/ros2_ws/install/turtlesim_test:/home/nth/ros2_ws/install/service_test:/home/nth/ros2_ws/install/pub_initial_pose:/home/nth/ros2_ws/install/nav2_simple_commander:/home/nth/ros2_ws/install/nav2_gazebo_spawner:/home/nth/rtc_ws/install/turtlebot3_teleop:/home/nth/rtc_ws/install/turtlebot3_example:/home/nth/rtc_ws/install/nav2_simple_commander:/home/nth/rtc_ws/install/nav2_gazebo_spawner:/home/nth/rtcamr_ws/install/turtlebot3_teleop:/home/nth/rtcamr_ws/install/turtlebot3_example:/home/nth/rtcamr_ws/install/nav2_simple_commander:/home/nth/rtcamr_ws/install/nav2_gazebo_spawner:/opt/ros/foxy /usr/bin/cmake --build /home/nth/ros2_ws/build/action_tutorials_interfaces -- -j16 -l16
[0.958s] [ 12%] Built target action_tutorials_interfaces__rosidl_generator_c
[0.958s] [ 12%] Built target action_tutorials_interfaces__cpp
[0.958s] [ 23%] Built target action_tutorials_interfaces__rosidl_typesupport_c
[0.958s] [ 33%] Built target action_tutorials_interfaces__rosidl_typesupport_cpp
[0.958s] [ 43%] Built target action_tutorials_interfaces__rosidl_typesupport_introspection_cpp
[0.959s] [ 53%] Built target action_tutorials_interfaces__rosidl_typesupport_fastrtps_cpp
[0.959s] [ 64%] Built target action_tutorials_interfaces__rosidl_typesupport_introspection_c
[0.959s] [ 74%] Built target action_tutorials_interfaces__rosidl_typesupport_fastrtps_c
[0.959s] [ 74%] Built target action_tutorials_interfaces
[0.959s] [ 76%] Built target action_tutorials_interfaces__py
[0.959s] [ 84%] Built target action_tutorials_interfaces__python
[0.959s] [ 89%] Built target action_tutorials_interfaces__rosidl_typesupport_c__pyext
[0.959s] [ 94%] Built target action_tutorials_interfaces__rosidl_typesupport_introspection_c__pyext
[0.959s] [100%] Built target action_tutorials_interfaces__rosidl_typesupport_fastrtps_c__pyext
[0.966s] Invoked command in '/home/nth/ros2_ws/build/action_tutorials_interfaces' returned '0': CMAKE_PREFIX_PATH=${CMAKE_PREFIX_PATH}:/home/nth/ros2_ws/install/turtlesim_test:/home/nth/ros2_ws/install/service_test:/home/nth/ros2_ws/install/pub_initial_pose:/home/nth/ros2_ws/install/nav2_simple_commander:/home/nth/ros2_ws/install/nav2_gazebo_spawner:/home/nth/rtc_ws/install/turtlebot3_teleop:/home/nth/rtc_ws/install/turtlebot3_example:/home/nth/rtc_ws/install/nav2_simple_commander:/home/nth/rtc_ws/install/nav2_gazebo_spawner:/home/nth/rtcamr_ws/install/turtlebot3_teleop:/home/nth/rtcamr_ws/install/turtlebot3_example:/home/nth/rtcamr_ws/install/nav2_simple_commander:/home/nth/rtcamr_ws/install/nav2_gazebo_spawner:/opt/ros/foxy /usr/bin/cmake --build /home/nth/ros2_ws/build/action_tutorials_interfaces -- -j16 -l16
[1.208s] Invoking command in '/home/nth/ros2_ws/build/action_tutorials_interfaces': CMAKE_PREFIX_PATH=${CMAKE_PREFIX_PATH}:/home/nth/ros2_ws/install/turtlesim_test:/home/nth/ros2_ws/install/service_test:/home/nth/ros2_ws/install/pub_initial_pose:/home/nth/ros2_ws/install/nav2_simple_commander:/home/nth/ros2_ws/install/nav2_gazebo_spawner:/home/nth/rtc_ws/install/turtlebot3_teleop:/home/nth/rtc_ws/install/turtlebot3_example:/home/nth/rtc_ws/install/nav2_simple_commander:/home/nth/rtc_ws/install/nav2_gazebo_spawner:/home/nth/rtcamr_ws/install/turtlebot3_teleop:/home/nth/rtcamr_ws/install/turtlebot3_example:/home/nth/rtcamr_ws/install/nav2_simple_commander:/home/nth/rtcamr_ws/install/nav2_gazebo_spawner:/opt/ros/foxy /usr/bin/cmake --install /home/nth/ros2_ws/build/action_tutorials_interfaces
[1.224s] -- Install configuration: ""
[1.224s] -- Up-to-date: /home/nth/ros2_ws/install/action_tutorials_interfaces/share/ament_index/resource_index/rosidl_interfaces/action_tutorials_interfaces
[1.224s] -- Up-to-date: /home/nth/ros2_ws/install/action_tutorials_interfaces/include/action_tutorials_interfaces
[1.224s] -- Up-to-date: /home/nth/ros2_ws/install/action_tutorials_interfaces/include/action_tutorials_interfaces/msg
[1.224s] -- Up-to-date: /home/nth/ros2_ws/install/action_tutorials_interfaces/include/action_tutorials_interfaces/msg/rosidl_generator_c__visibility_control.h
[1.224s] -- Up-to-date: /home/nth/ros2_ws/install/action_tutorials_interfaces/include/action_tutorials_interfaces/action
[1.224s] -- Up-to-date: /home/nth/ros2_ws/install/action_tutorials_interfaces/include/action_tutorials_interfaces/action/boiso.h
[1.225s] -- Up-to-date: /home/nth/ros2_ws/install/action_tutorials_interfaces/include/action_tutorials_interfaces/action/detail
[1.225s] -- Up-to-date: /home/nth/ros2_ws/install/action_tutorials_interfaces/include/action_tutorials_interfaces/action/detail/fibonacci__functions.h
[1.225s] -- Up-to-date: /home/nth/ros2_ws/install/action_tutorials_interfaces/include/action_tutorials_interfaces/action/detail/boiso__functions.h
[1.225s] -- Up-to-date: /home/nth/ros2_ws/install/action_tutorials_interfaces/include/action_tutorials_interfaces/action/detail/boiso__functions.c
[1.225s] -- Up-to-date: /home/nth/ros2_ws/install/action_tutorials_interfaces/include/action_tutorials_interfaces/action/detail/fibonacci__struct.h
[1.225s] -- Up-to-date: /home/nth/ros2_ws/install/action_tutorials_interfaces/include/action_tutorials_interfaces/action/detail/boiso__struct.h
[1.225s] -- Up-to-date: /home/nth/ros2_ws/install/action_tutorials_interfaces/include/action_tutorials_interfaces/action/detail/fibonacci__type_support.h
[1.225s] -- Up-to-date: /home/nth/ros2_ws/install/action_tutorials_interfaces/include/action_tutorials_interfaces/action/detail/fibonacci__functions.c
[1.226s] -- Up-to-date: /home/nth/ros2_ws/install/action_tutorials_interfaces/include/action_tutorials_interfaces/action/detail/boiso__type_support.h
[1.226s] -- Up-to-date: /home/nth/ros2_ws/install/action_tutorials_interfaces/include/action_tutorials_interfaces/action/fibonacci.h
[1.226s] -- Up-to-date: /home/nth/ros2_ws/install/action_tutorials_interfaces/share/action_tutorials_interfaces/environment/library_path.sh
[1.226s] -- Up-to-date: /home/nth/ros2_ws/install/action_tutorials_interfaces/share/action_tutorials_interfaces/environment/library_path.dsv
[1.226s] -- Up-to-date: /home/nth/ros2_ws/install/action_tutorials_interfaces/lib/libaction_tutorials_interfaces__rosidl_generator_c.so
[1.227s] -- Up-to-date: /home/nth/ros2_ws/install/action_tutorials_interfaces/include/action_tutorials_interfaces
[1.227s] -- Up-to-date: /home/nth/ros2_ws/install/action_tutorials_interfaces/include/action_tutorials_interfaces/msg
[1.228s] -- Up-to-date: /home/nth/ros2_ws/install/action_tutorials_interfaces/include/action_tutorials_interfaces/msg/rosidl_typesupport_fastrtps_c__visibility_control.h
[1.228s] -- Up-to-date: /home/nth/ros2_ws/install/action_tutorials_interfaces/include/action_tutorials_interfaces/action
[1.228s] -- Up-to-date: /home/nth/ros2_ws/install/action_tutorials_interfaces/include/action_tutorials_interfaces/action/detail
[1.228s] -- Up-to-date: /home/nth/ros2_ws/install/action_tutorials_interfaces/include/action_tutorials_interfaces/action/detail/fibonacci__rosidl_typesupport_fastrtps_c.h
[1.229s] -- Up-to-date: /home/nth/ros2_ws/install/action_tutorials_interfaces/include/action_tutorials_interfaces/action/detail/boiso__rosidl_typesupport_fastrtps_c.h
[1.229s] -- Up-to-date: /home/nth/ros2_ws/install/action_tutorials_interfaces/lib/libaction_tutorials_interfaces__rosidl_typesupport_fastrtps_c.so
[1.229s] -- Up-to-date: /home/nth/ros2_ws/install/action_tutorials_interfaces/include/action_tutorials_interfaces
[1.229s] -- Up-to-date: /home/nth/ros2_ws/install/action_tutorials_interfaces/include/action_tutorials_interfaces/msg
[1.229s] -- Up-to-date: /home/nth/ros2_ws/install/action_tutorials_interfaces/include/action_tutorials_interfaces/msg/rosidl_typesupport_fastrtps_cpp__visibility_control.h
[1.229s] -- Up-to-date: /home/nth/ros2_ws/install/action_tutorials_interfaces/include/action_tutorials_interfaces/action
[1.229s] -- Up-to-date: /home/nth/ros2_ws/install/action_tutorials_interfaces/include/action_tutorials_interfaces/action/detail
[1.229s] -- Up-to-date: /home/nth/ros2_ws/install/action_tutorials_interfaces/include/action_tutorials_interfaces/action/detail/fibonacci__rosidl_typesupport_fastrtps_cpp.hpp
[1.229s] -- Up-to-date: /home/nth/ros2_ws/install/action_tutorials_interfaces/include/action_tutorials_interfaces/action/detail/dds_fastrtps
[1.229s] -- Up-to-date: /home/nth/ros2_ws/install/action_tutorials_interfaces/include/action_tutorials_interfaces/action/detail/boiso__rosidl_typesupport_fastrtps_cpp.hpp
[1.230s] -- Up-to-date: /home/nth/ros2_ws/install/action_tutorials_interfaces/lib/libaction_tutorials_interfaces__rosidl_typesupport_fastrtps_cpp.so
[1.230s] -- Up-to-date: /home/nth/ros2_ws/install/action_tutorials_interfaces/include/action_tutorials_interfaces
[1.230s] -- Up-to-date: /home/nth/ros2_ws/install/action_tutorials_interfaces/include/action_tutorials_interfaces/msg
[1.230s] -- Up-to-date: /home/nth/ros2_ws/install/action_tutorials_interfaces/include/action_tutorials_interfaces/msg/rosidl_typesupport_introspection_c__visibility_control.h
[1.230s] -- Up-to-date: /home/nth/ros2_ws/install/action_tutorials_interfaces/include/action_tutorials_interfaces/action
[1.230s] -- Up-to-date: /home/nth/ros2_ws/install/action_tutorials_interfaces/include/action_tutorials_interfaces/action/detail
[1.230s] -- Up-to-date: /home/nth/ros2_ws/install/action_tutorials_interfaces/include/action_tutorials_interfaces/action/detail/boiso__rosidl_typesupport_introspection_c.h
[1.230s] -- Up-to-date: /home/nth/ros2_ws/install/action_tutorials_interfaces/include/action_tutorials_interfaces/action/detail/boiso__type_support.c
[1.230s] -- Up-to-date: /home/nth/ros2_ws/install/action_tutorials_interfaces/include/action_tutorials_interfaces/action/detail/fibonacci__type_support.c
[1.230s] -- Up-to-date: /home/nth/ros2_ws/install/action_tutorials_interfaces/include/action_tutorials_interfaces/action/detail/fibonacci__rosidl_typesupport_introspection_c.h
[1.230s] -- Up-to-date: /home/nth/ros2_ws/install/action_tutorials_interfaces/lib/libaction_tutorials_interfaces__rosidl_typesupport_introspection_c.so
[1.231s] -- Up-to-date: /home/nth/ros2_ws/install/action_tutorials_interfaces/lib/libaction_tutorials_interfaces__rosidl_typesupport_c.so
[1.231s] -- Up-to-date: /home/nth/ros2_ws/install/action_tutorials_interfaces/include/action_tutorials_interfaces
[1.231s] -- Up-to-date: /home/nth/ros2_ws/install/action_tutorials_interfaces/include/action_tutorials_interfaces/action
[1.231s] -- Up-to-date: /home/nth/ros2_ws/install/action_tutorials_interfaces/include/action_tutorials_interfaces/action/detail
[1.231s] -- Up-to-date: /home/nth/ros2_ws/install/action_tutorials_interfaces/include/action_tutorials_interfaces/action/detail/boiso__struct.hpp
[1.231s] -- Up-to-date: /home/nth/ros2_ws/install/action_tutorials_interfaces/include/action_tutorials_interfaces/action/detail/boiso__builder.hpp
[1.231s] -- Up-to-date: /home/nth/ros2_ws/install/action_tutorials_interfaces/include/action_tutorials_interfaces/action/detail/fibonacci__struct.hpp
[1.232s] -- Up-to-date: /home/nth/ros2_ws/install/action_tutorials_interfaces/include/action_tutorials_interfaces/action/detail/fibonacci__builder.hpp
[1.232s] -- Up-to-date: /home/nth/ros2_ws/install/action_tutorials_interfaces/include/action_tutorials_interfaces/action/detail/fibonacci__traits.hpp
[1.232s] -- Up-to-date: /home/nth/ros2_ws/install/action_tutorials_interfaces/include/action_tutorials_interfaces/action/detail/boiso__traits.hpp
[1.232s] -- Up-to-date: /home/nth/ros2_ws/install/action_tutorials_interfaces/include/action_tutorials_interfaces/action/boiso.hpp
[1.232s] -- Up-to-date: /home/nth/ros2_ws/install/action_tutorials_interfaces/include/action_tutorials_interfaces/action/fibonacci.hpp
[1.232s] -- Up-to-date: /home/nth/ros2_ws/install/action_tutorials_interfaces/include/action_tutorials_interfaces
[1.232s] -- Up-to-date: /home/nth/ros2_ws/install/action_tutorials_interfaces/include/action_tutorials_interfaces/action
[1.233s] -- Up-to-date: /home/nth/ros2_ws/install/action_tutorials_interfaces/include/action_tutorials_interfaces/action/detail
[1.233s] -- Up-to-date: /home/nth/ros2_ws/install/action_tutorials_interfaces/include/action_tutorials_interfaces/action/detail/boiso__rosidl_typesupport_introspection_cpp.hpp
[1.233s] -- Up-to-date: /home/nth/ros2_ws/install/action_tutorials_interfaces/include/action_tutorials_interfaces/action/detail/fibonacci__rosidl_typesupport_introspection_cpp.hpp
[1.233s] -- Up-to-date: /home/nth/ros2_ws/install/action_tutorials_interfaces/include/action_tutorials_interfaces/action/detail/fibonacci__type_support.cpp
[1.233s] -- Up-to-date: /home/nth/ros2_ws/install/action_tutorials_interfaces/include/action_tutorials_interfaces/action/detail/boiso__type_support.cpp
[1.233s] -- Up-to-date: /home/nth/ros2_ws/install/action_tutorials_interfaces/lib/libaction_tutorials_interfaces__rosidl_typesupport_introspection_cpp.so
[1.233s] -- Up-to-date: /home/nth/ros2_ws/install/action_tutorials_interfaces/lib/libaction_tutorials_interfaces__rosidl_typesupport_cpp.so
[1.233s] -- Up-to-date: /home/nth/ros2_ws/install/action_tutorials_interfaces/share/action_tutorials_interfaces/environment/pythonpath.sh
[1.233s] -- Up-to-date: /home/nth/ros2_ws/install/action_tutorials_interfaces/share/action_tutorials_interfaces/environment/pythonpath.dsv
[1.233s] -- Up-to-date: /home/nth/ros2_ws/install/action_tutorials_interfaces/lib/python3.8/site-packages/action_tutorials_interfaces/__init__.py
[1.282s] -- Up-to-date: /home/nth/ros2_ws/install/action_tutorials_interfaces/lib/python3.8/site-packages/action_tutorials_interfaces/action
[1.282s] -- Up-to-date: /home/nth/ros2_ws/install/action_tutorials_interfaces/lib/python3.8/site-packages/action_tutorials_interfaces/action/_boiso_s.c
[1.282s] -- Up-to-date: /home/nth/ros2_ws/install/action_tutorials_interfaces/lib/python3.8/site-packages/action_tutorials_interfaces/action/_boiso.py
[1.282s] -- Up-to-date: /home/nth/ros2_ws/install/action_tutorials_interfaces/lib/python3.8/site-packages/action_tutorials_interfaces/action/_fibonacci_s.c
[1.282s] -- Up-to-date: /home/nth/ros2_ws/install/action_tutorials_interfaces/lib/python3.8/site-packages/action_tutorials_interfaces/action/_fibonacci.py
[1.282s] -- Up-to-date: /home/nth/ros2_ws/install/action_tutorials_interfaces/lib/python3.8/site-packages/action_tutorials_interfaces/action/__init__.py
[1.282s] -- Up-to-date: /home/nth/ros2_ws/install/action_tutorials_interfaces/lib/python3.8/site-packages/action_tutorials_interfaces/action_tutorials_interfaces_s__rosidl_typesupport_fastrtps_c.cpython-38-x86_64-linux-gnu.so
[1.289s] -- Up-to-date: /home/nth/ros2_ws/install/action_tutorials_interfaces/lib/python3.8/site-packages/action_tutorials_interfaces/action_tutorials_interfaces_s__rosidl_typesupport_introspection_c.cpython-38-x86_64-linux-gnu.so
[1.289s] -- Up-to-date: /home/nth/ros2_ws/install/action_tutorials_interfaces/lib/python3.8/site-packages/action_tutorials_interfaces/action_tutorials_interfaces_s__rosidl_typesupport_c.cpython-38-x86_64-linux-gnu.so
[1.289s] -- Up-to-date: /home/nth/ros2_ws/install/action_tutorials_interfaces/lib/libaction_tutorials_interfaces__python.so
[1.289s] -- Up-to-date: /home/nth/ros2_ws/install/action_tutorials_interfaces/share/action_tutorials_interfaces/action/Fibonacci.idl
[1.289s] -- Up-to-date: /home/nth/ros2_ws/install/action_tutorials_interfaces/share/action_tutorials_interfaces/action/Boiso.idl
[1.290s] -- Up-to-date: /home/nth/ros2_ws/install/action_tutorials_interfaces/share/action_tutorials_interfaces/action/Fibonacci.action
[1.290s] -- Up-to-date: /home/nth/ros2_ws/install/action_tutorials_interfaces/share/action_tutorials_interfaces/action/Boiso.action
[1.290s] -- Up-to-date: /home/nth/ros2_ws/install/action_tutorials_interfaces/share/ament_index/resource_index/package_run_dependencies/action_tutorials_interfaces
[1.290s] -- Up-to-date: /home/nth/ros2_ws/install/action_tutorials_interfaces/share/ament_index/resource_index/parent_prefix_path/action_tutorials_interfaces
[1.290s] -- Up-to-date: /home/nth/ros2_ws/install/action_tutorials_interfaces/share/action_tutorials_interfaces/environment/ament_prefix_path.sh
[1.290s] -- Up-to-date: /home/nth/ros2_ws/install/action_tutorials_interfaces/share/action_tutorials_interfaces/environment/ament_prefix_path.dsv
[1.290s] -- Up-to-date: /home/nth/ros2_ws/install/action_tutorials_interfaces/share/action_tutorials_interfaces/environment/path.sh
[1.290s] -- Up-to-date: /home/nth/ros2_ws/install/action_tutorials_interfaces/share/action_tutorials_interfaces/environment/path.dsv
[1.291s] -- Up-to-date: /home/nth/ros2_ws/install/action_tutorials_interfaces/share/action_tutorials_interfaces/local_setup.bash
[1.291s] -- Up-to-date: /home/nth/ros2_ws/install/action_tutorials_interfaces/share/action_tutorials_interfaces/local_setup.sh
[1.291s] -- Up-to-date: /home/nth/ros2_ws/install/action_tutorials_interfaces/share/action_tutorials_interfaces/local_setup.zsh
[1.291s] -- Up-to-date: /home/nth/ros2_ws/install/action_tutorials_interfaces/share/action_tutorials_interfaces/local_setup.dsv
[1.291s] -- Installing: /home/nth/ros2_ws/install/action_tutorials_interfaces/share/action_tutorials_interfaces/package.dsv
[1.291s] -- Up-to-date: /home/nth/ros2_ws/install/action_tutorials_interfaces/share/ament_index/resource_index/packages/action_tutorials_interfaces
[1.291s] -- Up-to-date: /home/nth/ros2_ws/install/action_tutorials_interfaces/share/action_tutorials_interfaces/cmake/action_tutorials_interfaces__rosidl_generator_cExport.cmake
[1.292s] -- Up-to-date: /home/nth/ros2_ws/install/action_tutorials_interfaces/share/action_tutorials_interfaces/cmake/action_tutorials_interfaces__rosidl_generator_cExport-noconfig.cmake
[1.292s] -- Up-to-date: /home/nth/ros2_ws/install/action_tutorials_interfaces/share/action_tutorials_interfaces/cmake/action_tutorials_interfaces__rosidl_typesupport_introspection_cExport.cmake
[1.292s] -- Up-to-date: /home/nth/ros2_ws/install/action_tutorials_interfaces/share/action_tutorials_interfaces/cmake/action_tutorials_interfaces__rosidl_typesupport_introspection_cExport-noconfig.cmake
[1.292s] -- Up-to-date: /home/nth/ros2_ws/install/action_tutorials_interfaces/share/action_tutorials_interfaces/cmake/action_tutorials_interfaces__rosidl_typesupport_cExport.cmake
[1.292s] -- Up-to-date: /home/nth/ros2_ws/install/action_tutorials_interfaces/share/action_tutorials_interfaces/cmake/action_tutorials_interfaces__rosidl_typesupport_cExport-noconfig.cmake
[1.292s] -- Up-to-date: /home/nth/ros2_ws/install/action_tutorials_interfaces/share/action_tutorials_interfaces/cmake/action_tutorials_interfaces__rosidl_generator_cppExport.cmake
[1.292s] -- Up-to-date: /home/nth/ros2_ws/install/action_tutorials_interfaces/share/action_tutorials_interfaces/cmake/action_tutorials_interfaces__rosidl_typesupport_introspection_cppExport.cmake
[1.292s] -- Up-to-date: /home/nth/ros2_ws/install/action_tutorials_interfaces/share/action_tutorials_interfaces/cmake/action_tutorials_interfaces__rosidl_typesupport_introspection_cppExport-noconfig.cmake
[1.292s] -- Up-to-date: /home/nth/ros2_ws/install/action_tutorials_interfaces/share/action_tutorials_interfaces/cmake/action_tutorials_interfaces__rosidl_typesupport_cppExport.cmake
[1.292s] -- Up-to-date: /home/nth/ros2_ws/install/action_tutorials_interfaces/share/action_tutorials_interfaces/cmake/action_tutorials_interfaces__rosidl_typesupport_cppExport-noconfig.cmake
[1.299s] -- Up-to-date: /home/nth/ros2_ws/install/action_tutorials_interfaces/share/action_tutorials_interfaces/cmake/rosidl_cmake-extras.cmake
[1.299s] -- Up-to-date: /home/nth/ros2_ws/install/action_tutorials_interfaces/share/action_tutorials_interfaces/cmake/ament_cmake_export_dependencies-extras.cmake
[1.299s] -- Up-to-date: /home/nth/ros2_ws/install/action_tutorials_interfaces/share/action_tutorials_interfaces/cmake/ament_cmake_export_libraries-extras.cmake
[1.299s] -- Up-to-date: /home/nth/ros2_ws/install/action_tutorials_interfaces/share/action_tutorials_interfaces/cmake/ament_cmake_export_targets-extras.cmake
[1.299s] -- Up-to-date: /home/nth/ros2_ws/install/action_tutorials_interfaces/share/action_tutorials_interfaces/cmake/ament_cmake_export_include_directories-extras.cmake
[1.299s] -- Up-to-date: /home/nth/ros2_ws/install/action_tutorials_interfaces/share/action_tutorials_interfaces/cmake/rosidl_cmake_export_typesupport_libraries-extras.cmake
[1.299s] -- Up-to-date: /home/nth/ros2_ws/install/action_tutorials_interfaces/share/action_tutorials_interfaces/cmake/rosidl_cmake_export_typesupport_targets-extras.cmake
[1.300s] -- Up-to-date: /home/nth/ros2_ws/install/action_tutorials_interfaces/share/action_tutorials_interfaces/cmake/action_tutorials_interfacesConfig.cmake
[1.300s] -- Up-to-date: /home/nth/ros2_ws/install/action_tutorials_interfaces/share/action_tutorials_interfaces/cmake/action_tutorials_interfacesConfig-version.cmake
[1.300s] -- Up-to-date: /home/nth/ros2_ws/install/action_tutorials_interfaces/share/action_tutorials_interfaces/package.xml
[1.373s] Invoked command in '/home/nth/ros2_ws/build/action_tutorials_interfaces' returned '0': CMAKE_PREFIX_PATH=${CMAKE_PREFIX_PATH}:/home/nth/ros2_ws/install/turtlesim_test:/home/nth/ros2_ws/install/service_test:/home/nth/ros2_ws/install/pub_initial_pose:/home/nth/ros2_ws/install/nav2_simple_commander:/home/nth/ros2_ws/install/nav2_gazebo_spawner:/home/nth/rtc_ws/install/turtlebot3_teleop:/home/nth/rtc_ws/install/turtlebot3_example:/home/nth/rtc_ws/install/nav2_simple_commander:/home/nth/rtc_ws/install/nav2_gazebo_spawner:/home/nth/rtcamr_ws/install/turtlebot3_teleop:/home/nth/rtcamr_ws/install/turtlebot3_example:/home/nth/rtcamr_ws/install/nav2_simple_commander:/home/nth/rtcamr_ws/install/nav2_gazebo_spawner:/opt/ros/foxy /usr/bin/cmake --install /home/nth/ros2_ws/build/action_tutorials_interfaces
