[1.430s] Invoking command in '/home/nth/ros2_ws/src/navigation2/nav2_bringup/nav2_gazebo_spawner': PYTHONPATH=/home/nth/ros2_ws/install/nav2_gazebo_spawner/lib/python3.8/site-packages:${PYTHONPATH} /usr/bin/python3 setup.py egg_info --egg-base ../../../../build/nav2_gazebo_spawner build --build-base /home/nth/ros2_ws/build/nav2_gazebo_spawner/build install --prefix /home/nth/ros2_ws/install/nav2_gazebo_spawner --record /home/nth/ros2_ws/build/nav2_gazebo_spawner/install.log --single-version-externally-managed
[1.686s] running egg_info
[1.686s] creating ../../../../build/nav2_gazebo_spawner/nav2_gazebo_spawner.egg-info
[1.687s] writing ../../../../build/nav2_gazebo_spawner/nav2_gazebo_spawner.egg-info/PKG-INFO
[1.687s] writing dependency_links to ../../../../build/nav2_gazebo_spawner/nav2_gazebo_spawner.egg-info/dependency_links.txt
[1.687s] writing entry points to ../../../../build/nav2_gazebo_spawner/nav2_gazebo_spawner.egg-info/entry_points.txt
[1.687s] writing requirements to ../../../../build/nav2_gazebo_spawner/nav2_gazebo_spawner.egg-info/requires.txt
[1.687s] writing top-level names to ../../../../build/nav2_gazebo_spawner/nav2_gazebo_spawner.egg-info/top_level.txt
[1.690s] writing manifest file '../../../../build/nav2_gazebo_spawner/nav2_gazebo_spawner.egg-info/SOURCES.txt'
[1.719s] reading manifest file '../../../../build/nav2_gazebo_spawner/nav2_gazebo_spawner.egg-info/SOURCES.txt'
[1.719s] writing manifest file '../../../../build/nav2_gazebo_spawner/nav2_gazebo_spawner.egg-info/SOURCES.txt'
[1.720s] running build
[1.720s] running build_py
[1.720s] creating /home/nth/ros2_ws/build/nav2_gazebo_spawner/build
[1.720s] creating /home/nth/ros2_ws/build/nav2_gazebo_spawner/build/lib
[1.720s] creating /home/nth/ros2_ws/build/nav2_gazebo_spawner/build/lib/nav2_gazebo_spawner
[1.720s] copying nav2_gazebo_spawner/nav2_gazebo_spawner.py -> /home/nth/ros2_ws/build/nav2_gazebo_spawner/build/lib/nav2_gazebo_spawner
[1.721s] copying nav2_gazebo_spawner/__init__.py -> /home/nth/ros2_ws/build/nav2_gazebo_spawner/build/lib/nav2_gazebo_spawner
[1.721s] running install
[1.722s] running install_lib
[1.726s] creating /home/nth/ros2_ws/install/nav2_gazebo_spawner/lib/python3.8/site-packages/nav2_gazebo_spawner
[1.726s] copying /home/nth/ros2_ws/build/nav2_gazebo_spawner/build/lib/nav2_gazebo_spawner/nav2_gazebo_spawner.py -> /home/nth/ros2_ws/install/nav2_gazebo_spawner/lib/python3.8/site-packages/nav2_gazebo_spawner
[1.726s] copying /home/nth/ros2_ws/build/nav2_gazebo_spawner/build/lib/nav2_gazebo_spawner/__init__.py -> /home/nth/ros2_ws/install/nav2_gazebo_spawner/lib/python3.8/site-packages/nav2_gazebo_spawner
[1.726s] byte-compiling /home/nth/ros2_ws/install/nav2_gazebo_spawner/lib/python3.8/site-packages/nav2_gazebo_spawner/nav2_gazebo_spawner.py to nav2_gazebo_spawner.cpython-38.pyc
[1.726s] byte-compiling /home/nth/ros2_ws/install/nav2_gazebo_spawner/lib/python3.8/site-packages/nav2_gazebo_spawner/__init__.py to __init__.cpython-38.pyc
[1.727s] running install_data
[1.727s] creating /home/nth/ros2_ws/install/nav2_gazebo_spawner/share/ament_index
[1.727s] creating /home/nth/ros2_ws/install/nav2_gazebo_spawner/share/ament_index/resource_index
[1.727s] creating /home/nth/ros2_ws/install/nav2_gazebo_spawner/share/ament_index/resource_index/packages
[1.727s] copying resource/nav2_gazebo_spawner -> /home/nth/ros2_ws/install/nav2_gazebo_spawner/share/ament_index/resource_index/packages
[1.727s] copying package.xml -> /home/nth/ros2_ws/install/nav2_gazebo_spawner/share/nav2_gazebo_spawner
[1.727s] running install_egg_info
[1.728s] Copying ../../../../build/nav2_gazebo_spawner/nav2_gazebo_spawner.egg-info to /home/nth/ros2_ws/install/nav2_gazebo_spawner/lib/python3.8/site-packages/nav2_gazebo_spawner-0.3.0-py3.8.egg-info
[1.731s] running install_scripts
[1.747s] Installing nav2_gazebo_spawner script to /home/nth/ros2_ws/install/nav2_gazebo_spawner/lib/nav2_gazebo_spawner
[1.747s] writing list of installed files to '/home/nth/ros2_ws/build/nav2_gazebo_spawner/install.log'
[1.787s] Invoked command in '/home/nth/ros2_ws/src/navigation2/nav2_bringup/nav2_gazebo_spawner' returned '0': PYTHONPATH=/home/nth/ros2_ws/install/nav2_gazebo_spawner/lib/python3.8/site-packages:${PYTHONPATH} /usr/bin/python3 setup.py egg_info --egg-base ../../../../build/nav2_gazebo_spawner build --build-base /home/nth/ros2_ws/build/nav2_gazebo_spawner/build install --prefix /home/nth/ros2_ws/install/nav2_gazebo_spawner --record /home/nth/ros2_ws/build/nav2_gazebo_spawner/install.log --single-version-externally-managed
