[0.507s] Invoking command in '/home/nth/ros2_ws/build/ros2_tutorial': CMAKE_PREFIX_PATH=${CMAKE_PREFIX_PATH}:/home/nth/ros2_ws/install/turtlesim_test:/home/nth/ros2_ws/install/service_test:/home/nth/ros2_ws/install/pub_initial_pose:/home/nth/ros2_ws/install/nav2_simple_commander:/home/nth/ros2_ws/install/nav2_gazebo_spawner:/home/nth/rtc_ws/install/turtlebot3_teleop:/home/nth/rtc_ws/install/turtlebot3_example:/home/nth/rtc_ws/install/nav2_simple_commander:/home/nth/rtc_ws/install/nav2_gazebo_spawner:/home/nth/rtcamr_ws/install/turtlebot3_teleop:/home/nth/rtcamr_ws/install/turtlebot3_example:/home/nth/rtcamr_ws/install/nav2_simple_commander:/home/nth/rtcamr_ws/install/nav2_gazebo_spawner:/opt/ros/foxy /usr/bin/cmake --build /home/nth/ros2_ws/build/ros2_tutorial -- -j16 -l16
[0.898s] Invoked command in '/home/nth/ros2_ws/build/ros2_tutorial' returned '0': CMAKE_PREFIX_PATH=${CMAKE_PREFIX_PATH}:/home/nth/ros2_ws/install/turtlesim_test:/home/nth/ros2_ws/install/service_test:/home/nth/ros2_ws/install/pub_initial_pose:/home/nth/ros2_ws/install/nav2_simple_commander:/home/nth/ros2_ws/install/nav2_gazebo_spawner:/home/nth/rtc_ws/install/turtlebot3_teleop:/home/nth/rtc_ws/install/turtlebot3_example:/home/nth/rtc_ws/install/nav2_simple_commander:/home/nth/rtc_ws/install/nav2_gazebo_spawner:/home/nth/rtcamr_ws/install/turtlebot3_teleop:/home/nth/rtcamr_ws/install/turtlebot3_example:/home/nth/rtcamr_ws/install/nav2_simple_commander:/home/nth/rtcamr_ws/install/nav2_gazebo_spawner:/opt/ros/foxy /usr/bin/cmake --build /home/nth/ros2_ws/build/ros2_tutorial -- -j16 -l16
[1.136s] Invoking command in '/home/nth/ros2_ws/build/ros2_tutorial': CMAKE_PREFIX_PATH=${CMAKE_PREFIX_PATH}:/home/nth/ros2_ws/install/turtlesim_test:/home/nth/ros2_ws/install/service_test:/home/nth/ros2_ws/install/pub_initial_pose:/home/nth/ros2_ws/install/nav2_simple_commander:/home/nth/ros2_ws/install/nav2_gazebo_spawner:/home/nth/rtc_ws/install/turtlebot3_teleop:/home/nth/rtc_ws/install/turtlebot3_example:/home/nth/rtc_ws/install/nav2_simple_commander:/home/nth/rtc_ws/install/nav2_gazebo_spawner:/home/nth/rtcamr_ws/install/turtlebot3_teleop:/home/nth/rtcamr_ws/install/turtlebot3_example:/home/nth/rtcamr_ws/install/nav2_simple_commander:/home/nth/rtcamr_ws/install/nav2_gazebo_spawner:/opt/ros/foxy /usr/bin/cmake --install /home/nth/ros2_ws/build/ros2_tutorial
[1.178s] -- Install configuration: ""
[1.178s] -- Up-to-date: /home/nth/ros2_ws/install/ros2_tutorial/share/ament_index/resource_index/package_run_dependencies/ros2_tutorial
[1.178s] -- Up-to-date: /home/nth/ros2_ws/install/ros2_tutorial/share/ament_index/resource_index/parent_prefix_path/ros2_tutorial
[1.178s] -- Up-to-date: /home/nth/ros2_ws/install/ros2_tutorial/share/ros2_tutorial/environment/ament_prefix_path.sh
[1.178s] -- Up-to-date: /home/nth/ros2_ws/install/ros2_tutorial/share/ros2_tutorial/environment/ament_prefix_path.dsv
[1.178s] -- Up-to-date: /home/nth/ros2_ws/install/ros2_tutorial/share/ros2_tutorial/environment/path.sh
[1.178s] -- Up-to-date: /home/nth/ros2_ws/install/ros2_tutorial/share/ros2_tutorial/environment/path.dsv
[1.178s] -- Up-to-date: /home/nth/ros2_ws/install/ros2_tutorial/share/ros2_tutorial/local_setup.bash
[1.178s] -- Up-to-date: /home/nth/ros2_ws/install/ros2_tutorial/share/ros2_tutorial/local_setup.sh
[1.178s] -- Up-to-date: /home/nth/ros2_ws/install/ros2_tutorial/share/ros2_tutorial/local_setup.zsh
[1.179s] -- Up-to-date: /home/nth/ros2_ws/install/ros2_tutorial/share/ros2_tutorial/local_setup.dsv
[1.179s] -- Installing: /home/nth/ros2_ws/install/ros2_tutorial/share/ros2_tutorial/package.dsv
[1.179s] -- Up-to-date: /home/nth/ros2_ws/install/ros2_tutorial/share/ament_index/resource_index/packages/ros2_tutorial
[1.179s] -- Up-to-date: /home/nth/ros2_ws/install/ros2_tutorial/share/ros2_tutorial/cmake/ros2_tutorialConfig.cmake
[1.179s] -- Up-to-date: /home/nth/ros2_ws/install/ros2_tutorial/share/ros2_tutorial/cmake/ros2_tutorialConfig-version.cmake
[1.179s] -- Up-to-date: /home/nth/ros2_ws/install/ros2_tutorial/share/ros2_tutorial/package.xml
[1.189s] Invoked command in '/home/nth/ros2_ws/build/ros2_tutorial' returned '0': CMAKE_PREFIX_PATH=${CMAKE_PREFIX_PATH}:/home/nth/ros2_ws/install/turtlesim_test:/home/nth/ros2_ws/install/service_test:/home/nth/ros2_ws/install/pub_initial_pose:/home/nth/ros2_ws/install/nav2_simple_commander:/home/nth/ros2_ws/install/nav2_gazebo_spawner:/home/nth/rtc_ws/install/turtlebot3_teleop:/home/nth/rtc_ws/install/turtlebot3_example:/home/nth/rtc_ws/install/nav2_simple_commander:/home/nth/rtc_ws/install/nav2_gazebo_spawner:/home/nth/rtcamr_ws/install/turtlebot3_teleop:/home/nth/rtcamr_ws/install/turtlebot3_example:/home/nth/rtcamr_ws/install/nav2_simple_commander:/home/nth/rtcamr_ws/install/nav2_gazebo_spawner:/opt/ros/foxy /usr/bin/cmake --install /home/nth/ros2_ws/build/ros2_tutorial
