[ 50%] Built target client
[100%] Built target server
-- Install configuration: ""
-- Installing: /home/nth/ros2_ws/install/service_cpp/lib/service_cpp/server
-- Set runtime path of "/home/nth/ros2_ws/install/service_cpp/lib/service_cpp/server" to ""
-- Installing: /home/nth/ros2_ws/install/service_cpp/lib/service_cpp/client
-- Set runtime path of "/home/nth/ros2_ws/install/service_cpp/lib/service_cpp/client" to ""
-- Installing: /home/nth/ros2_ws/install/service_cpp/share/ament_index/resource_index/package_run_dependencies/service_cpp
-- Installing: /home/nth/ros2_ws/install/service_cpp/share/ament_index/resource_index/parent_prefix_path/service_cpp
-- Installing: /home/nth/ros2_ws/install/service_cpp/share/service_cpp/environment/ament_prefix_path.sh
-- Installing: /home/nth/ros2_ws/install/service_cpp/share/service_cpp/environment/ament_prefix_path.dsv
-- Installing: /home/nth/ros2_ws/install/service_cpp/share/service_cpp/environment/path.sh
-- Installing: /home/nth/ros2_ws/install/service_cpp/share/service_cpp/environment/path.dsv
-- Installing: /home/nth/ros2_ws/install/service_cpp/share/service_cpp/local_setup.bash
-- Installing: /home/nth/ros2_ws/install/service_cpp/share/service_cpp/local_setup.sh
-- Installing: /home/nth/ros2_ws/install/service_cpp/share/service_cpp/local_setup.zsh
-- Installing: /home/nth/ros2_ws/install/service_cpp/share/service_cpp/local_setup.dsv
-- Installing: /home/nth/ros2_ws/install/service_cpp/share/service_cpp/package.dsv
-- Installing: /home/nth/ros2_ws/install/service_cpp/share/ament_index/resource_index/packages/service_cpp
-- Installing: /home/nth/ros2_ws/install/service_cpp/share/service_cpp/cmake/service_cppConfig.cmake
-- Installing: /home/nth/ros2_ws/install/service_cpp/share/service_cpp/cmake/service_cppConfig-version.cmake
-- Installing: /home/nth/ros2_ws/install/service_cpp/share/service_cpp/package.xml
