[1.523s] Invoking command in '/home/nth/ros2_ws/src/pub_initial_pose': PYTHONPATH=/home/nth/ros2_ws/install/pub_initial_pose/lib/python3.8/site-packages:${PYTHONPATH} /usr/bin/python3 setup.py egg_info --egg-base ../../build/pub_initial_pose build --build-base /home/nth/ros2_ws/build/pub_initial_pose/build install --prefix /home/nth/ros2_ws/install/pub_initial_pose --record /home/nth/ros2_ws/build/pub_initial_pose/install.log --single-version-externally-managed
[1.758s] running egg_info
[1.765s] writing ../../build/pub_initial_pose/pub_initial_pose.egg-info/PKG-INFO
[1.765s] writing dependency_links to ../../build/pub_initial_pose/pub_initial_pose.egg-info/dependency_links.txt
[1.765s] writing entry points to ../../build/pub_initial_pose/pub_initial_pose.egg-info/entry_points.txt
[1.765s] writing requirements to ../../build/pub_initial_pose/pub_initial_pose.egg-info/requires.txt
[1.766s] writing top-level names to ../../build/pub_initial_pose/pub_initial_pose.egg-info/top_level.txt
[1.792s] reading manifest file '../../build/pub_initial_pose/pub_initial_pose.egg-info/SOURCES.txt'
[1.792s] writing manifest file '../../build/pub_initial_pose/pub_initial_pose.egg-info/SOURCES.txt'
[1.792s] running build
[1.792s] running build_py
[1.792s] copying pub_initial_pose/publisher.py -> /home/nth/ros2_ws/build/pub_initial_pose/build/lib/pub_initial_pose
[1.792s] running install
[1.792s] running install_lib
[1.792s] copying /home/nth/ros2_ws/build/pub_initial_pose/build/lib/pub_initial_pose/publisher.py -> /home/nth/ros2_ws/install/pub_initial_pose/lib/python3.8/site-packages/pub_initial_pose
[1.792s] byte-compiling /home/nth/ros2_ws/install/pub_initial_pose/lib/python3.8/site-packages/pub_initial_pose/publisher.py to publisher.cpython-38.pyc
[1.793s] running install_data
[1.793s] running install_egg_info
[1.795s] removing '/home/nth/ros2_ws/install/pub_initial_pose/lib/python3.8/site-packages/pub_initial_pose-0.0.0-py3.8.egg-info' (and everything under it)
[1.795s] Copying ../../build/pub_initial_pose/pub_initial_pose.egg-info to /home/nth/ros2_ws/install/pub_initial_pose/lib/python3.8/site-packages/pub_initial_pose-0.0.0-py3.8.egg-info
[1.798s] running install_scripts
[1.811s] Installing pub_initial_pose script to /home/nth/ros2_ws/install/pub_initial_pose/lib/pub_initial_pose
[1.811s] writing list of installed files to '/home/nth/ros2_ws/build/pub_initial_pose/install.log'
[1.871s] Invoked command in '/home/nth/ros2_ws/src/pub_initial_pose' returned '0': PYTHONPATH=/home/nth/ros2_ws/install/pub_initial_pose/lib/python3.8/site-packages:${PYTHONPATH} /usr/bin/python3 setup.py egg_info --egg-base ../../build/pub_initial_pose build --build-base /home/nth/ros2_ws/build/pub_initial_pose/build install --prefix /home/nth/ros2_ws/install/pub_initial_pose --record /home/nth/ros2_ws/build/pub_initial_pose/install.log --single-version-externally-managed
