[0.101s] Invoking command in '/home/nth/ros2_ws/build/action_tutorials_interfaces': CMAKE_PREFIX_PATH=${CMAKE_PREFIX_PATH}:/home/nth/rtc_ws/install/turtlebot3_teleop:/home/nth/rtc_ws/install/turtlebot3_example:/home/nth/rtc_ws/install/nav2_simple_commander:/home/nth/rtc_ws/install/nav2_gazebo_spawner:/home/nth/rtcamr_ws/install/turtlebot3_teleop:/home/nth/rtcamr_ws/install/turtlebot3_example:/home/nth/rtcamr_ws/install/nav2_simple_commander:/home/nth/rtcamr_ws/install/nav2_gazebo_spawner:/opt/ros/foxy /usr/bin/cmake --build /home/nth/ros2_ws/build/action_tutorials_interfaces -- -j16 -l16
[0.846s] [  7%] Built target action_tutorials_interfaces__cpp
[0.846s] [ 12%] Built target action_tutorials_interfaces__rosidl_generator_c
[0.846s] [ 30%] Built target action_tutorials_interfaces__rosidl_typesupport_introspection_c
[0.846s] [ 33%] Built target action_tutorials_interfaces__rosidl_typesupport_c
[0.846s] [ 53%] Built target action_tutorials_interfaces__rosidl_typesupport_cpp
[0.846s] [ 53%] Built target action_tutorials_interfaces__rosidl_typesupport_introspection_cpp
[0.846s] [ 64%] Built target action_tutorials_interfaces__rosidl_typesupport_fastrtps_cpp
[0.846s] [ 74%] Built target action_tutorials_interfaces__rosidl_typesupport_fastrtps_c
[0.846s] [ 74%] Built target action_tutorials_interfaces
[0.846s] [ 76%] Built target action_tutorials_interfaces__py
[0.847s] [ 84%] Built target action_tutorials_interfaces__python
[0.847s] [ 97%] Built target action_tutorials_interfaces__rosidl_typesupport_c__pyext
[0.847s] [ 97%] Built target action_tutorials_interfaces__rosidl_typesupport_introspection_c__pyext
[0.847s] [100%] Built target action_tutorials_interfaces__rosidl_typesupport_fastrtps_c__pyext
[1.033s] Invoked command in '/home/nth/ros2_ws/build/action_tutorials_interfaces' returned '0': CMAKE_PREFIX_PATH=${CMAKE_PREFIX_PATH}:/home/nth/rtc_ws/install/turtlebot3_teleop:/home/nth/rtc_ws/install/turtlebot3_example:/home/nth/rtc_ws/install/nav2_simple_commander:/home/nth/rtc_ws/install/nav2_gazebo_spawner:/home/nth/rtcamr_ws/install/turtlebot3_teleop:/home/nth/rtcamr_ws/install/turtlebot3_example:/home/nth/rtcamr_ws/install/nav2_simple_commander:/home/nth/rtcamr_ws/install/nav2_gazebo_spawner:/opt/ros/foxy /usr/bin/cmake --build /home/nth/ros2_ws/build/action_tutorials_interfaces -- -j16 -l16
[1.133s] Invoking command in '/home/nth/ros2_ws/build/action_tutorials_interfaces': CMAKE_PREFIX_PATH=${CMAKE_PREFIX_PATH}:/home/nth/rtc_ws/install/turtlebot3_teleop:/home/nth/rtc_ws/install/turtlebot3_example:/home/nth/rtc_ws/install/nav2_simple_commander:/home/nth/rtc_ws/install/nav2_gazebo_spawner:/home/nth/rtcamr_ws/install/turtlebot3_teleop:/home/nth/rtcamr_ws/install/turtlebot3_example:/home/nth/rtcamr_ws/install/nav2_simple_commander:/home/nth/rtcamr_ws/install/nav2_gazebo_spawner:/opt/ros/foxy /usr/bin/cmake --install /home/nth/ros2_ws/build/action_tutorials_interfaces
[1.145s] -- Install configuration: ""
[1.146s] -- Up-to-date: /home/nth/ros2_ws/install/action_tutorials_interfaces/share/ament_index/resource_index/rosidl_interfaces/action_tutorials_interfaces
[1.147s] -- Up-to-date: /home/nth/ros2_ws/install/action_tutorials_interfaces/include/action_tutorials_interfaces
[1.147s] -- Up-to-date: /home/nth/ros2_ws/install/action_tutorials_interfaces/include/action_tutorials_interfaces/msg
[1.147s] -- Up-to-date: /home/nth/ros2_ws/install/action_tutorials_interfaces/include/action_tutorials_interfaces/msg/rosidl_generator_c__visibility_control.h
[1.147s] -- Up-to-date: /home/nth/ros2_ws/install/action_tutorials_interfaces/include/action_tutorials_interfaces/action
[1.147s] -- Up-to-date: /home/nth/ros2_ws/install/action_tutorials_interfaces/include/action_tutorials_interfaces/action/boiso.h
[1.147s] -- Up-to-date: /home/nth/ros2_ws/install/action_tutorials_interfaces/include/action_tutorials_interfaces/action/detail
[1.147s] -- Up-to-date: /home/nth/ros2_ws/install/action_tutorials_interfaces/include/action_tutorials_interfaces/action/detail/fibonacci__functions.h
[1.147s] -- Up-to-date: /home/nth/ros2_ws/install/action_tutorials_interfaces/include/action_tutorials_interfaces/action/detail/boiso__functions.h
[1.148s] -- Up-to-date: /home/nth/ros2_ws/install/action_tutorials_interfaces/include/action_tutorials_interfaces/action/detail/boiso__functions.c
[1.148s] -- Up-to-date: /home/nth/ros2_ws/install/action_tutorials_interfaces/include/action_tutorials_interfaces/action/detail/fibonacci__struct.h
[1.148s] -- Up-to-date: /home/nth/ros2_ws/install/action_tutorials_interfaces/include/action_tutorials_interfaces/action/detail/boiso__struct.h
[1.148s] -- Up-to-date: /home/nth/ros2_ws/install/action_tutorials_interfaces/include/action_tutorials_interfaces/action/detail/fibonacci__type_support.h
[1.148s] -- Up-to-date: /home/nth/ros2_ws/install/action_tutorials_interfaces/include/action_tutorials_interfaces/action/detail/fibonacci__functions.c
[1.148s] -- Up-to-date: /home/nth/ros2_ws/install/action_tutorials_interfaces/include/action_tutorials_interfaces/action/detail/boiso__type_support.h
[1.148s] -- Up-to-date: /home/nth/ros2_ws/install/action_tutorials_interfaces/include/action_tutorials_interfaces/action/fibonacci.h
[1.149s] -- Up-to-date: /home/nth/ros2_ws/install/action_tutorials_interfaces/share/action_tutorials_interfaces/environment/library_path.sh
[1.149s] -- Up-to-date: /home/nth/ros2_ws/install/action_tutorials_interfaces/share/action_tutorials_interfaces/environment/library_path.dsv
[1.149s] -- Up-to-date: /home/nth/ros2_ws/install/action_tutorials_interfaces/lib/libaction_tutorials_interfaces__rosidl_generator_c.so
[1.149s] -- Up-to-date: /home/nth/ros2_ws/install/action_tutorials_interfaces/include/action_tutorials_interfaces
[1.149s] -- Up-to-date: /home/nth/ros2_ws/install/action_tutorials_interfaces/include/action_tutorials_interfaces/msg
[1.149s] -- Up-to-date: /home/nth/ros2_ws/install/action_tutorials_interfaces/include/action_tutorials_interfaces/msg/rosidl_typesupport_fastrtps_c__visibility_control.h
[1.149s] -- Up-to-date: /home/nth/ros2_ws/install/action_tutorials_interfaces/include/action_tutorials_interfaces/action
[1.150s] -- Up-to-date: /home/nth/ros2_ws/install/action_tutorials_interfaces/include/action_tutorials_interfaces/action/detail
[1.150s] -- Up-to-date: /home/nth/ros2_ws/install/action_tutorials_interfaces/include/action_tutorials_interfaces/action/detail/fibonacci__rosidl_typesupport_fastrtps_c.h
[1.150s] -- Up-to-date: /home/nth/ros2_ws/install/action_tutorials_interfaces/include/action_tutorials_interfaces/action/detail/boiso__rosidl_typesupport_fastrtps_c.h
[1.150s] -- Up-to-date: /home/nth/ros2_ws/install/action_tutorials_interfaces/lib/libaction_tutorials_interfaces__rosidl_typesupport_fastrtps_c.so
[1.150s] -- Up-to-date: /home/nth/ros2_ws/install/action_tutorials_interfaces/include/action_tutorials_interfaces
[1.150s] -- Up-to-date: /home/nth/ros2_ws/install/action_tutorials_interfaces/include/action_tutorials_interfaces/msg
[1.150s] -- Up-to-date: /home/nth/ros2_ws/install/action_tutorials_interfaces/include/action_tutorials_interfaces/msg/rosidl_typesupport_fastrtps_cpp__visibility_control.h
[1.150s] -- Up-to-date: /home/nth/ros2_ws/install/action_tutorials_interfaces/include/action_tutorials_interfaces/action
[1.151s] -- Up-to-date: /home/nth/ros2_ws/install/action_tutorials_interfaces/include/action_tutorials_interfaces/action/detail
[1.151s] -- Up-to-date: /home/nth/ros2_ws/install/action_tutorials_interfaces/include/action_tutorials_interfaces/action/detail/fibonacci__rosidl_typesupport_fastrtps_cpp.hpp
[1.151s] -- Up-to-date: /home/nth/ros2_ws/install/action_tutorials_interfaces/include/action_tutorials_interfaces/action/detail/dds_fastrtps
[1.151s] -- Up-to-date: /home/nth/ros2_ws/install/action_tutorials_interfaces/include/action_tutorials_interfaces/action/detail/boiso__rosidl_typesupport_fastrtps_cpp.hpp
[1.151s] -- Up-to-date: /home/nth/ros2_ws/install/action_tutorials_interfaces/lib/libaction_tutorials_interfaces__rosidl_typesupport_fastrtps_cpp.so
[1.151s] -- Up-to-date: /home/nth/ros2_ws/install/action_tutorials_interfaces/include/action_tutorials_interfaces
[1.152s] -- Up-to-date: /home/nth/ros2_ws/install/action_tutorials_interfaces/include/action_tutorials_interfaces/msg
[1.152s] -- Up-to-date: /home/nth/ros2_ws/install/action_tutorials_interfaces/include/action_tutorials_interfaces/msg/rosidl_typesupport_introspection_c__visibility_control.h
[1.152s] -- Up-to-date: /home/nth/ros2_ws/install/action_tutorials_interfaces/include/action_tutorials_interfaces/action
[1.152s] -- Up-to-date: /home/nth/ros2_ws/install/action_tutorials_interfaces/include/action_tutorials_interfaces/action/detail
[1.152s] -- Up-to-date: /home/nth/ros2_ws/install/action_tutorials_interfaces/include/action_tutorials_interfaces/action/detail/boiso__rosidl_typesupport_introspection_c.h
[1.152s] -- Up-to-date: /home/nth/ros2_ws/install/action_tutorials_interfaces/include/action_tutorials_interfaces/action/detail/boiso__type_support.c
[1.152s] -- Up-to-date: /home/nth/ros2_ws/install/action_tutorials_interfaces/include/action_tutorials_interfaces/action/detail/fibonacci__type_support.c
[1.153s] -- Up-to-date: /home/nth/ros2_ws/install/action_tutorials_interfaces/include/action_tutorials_interfaces/action/detail/fibonacci__rosidl_typesupport_introspection_c.h
[1.153s] -- Up-to-date: /home/nth/ros2_ws/install/action_tutorials_interfaces/lib/libaction_tutorials_interfaces__rosidl_typesupport_introspection_c.so
[1.153s] -- Up-to-date: /home/nth/ros2_ws/install/action_tutorials_interfaces/lib/libaction_tutorials_interfaces__rosidl_typesupport_c.so
[1.153s] -- Up-to-date: /home/nth/ros2_ws/install/action_tutorials_interfaces/include/action_tutorials_interfaces
[1.153s] -- Up-to-date: /home/nth/ros2_ws/install/action_tutorials_interfaces/include/action_tutorials_interfaces/action
[1.153s] -- Up-to-date: /home/nth/ros2_ws/install/action_tutorials_interfaces/include/action_tutorials_interfaces/action/detail
[1.153s] -- Up-to-date: /home/nth/ros2_ws/install/action_tutorials_interfaces/include/action_tutorials_interfaces/action/detail/boiso__struct.hpp
[1.153s] -- Up-to-date: /home/nth/ros2_ws/install/action_tutorials_interfaces/include/action_tutorials_interfaces/action/detail/boiso__builder.hpp
[1.153s] -- Up-to-date: /home/nth/ros2_ws/install/action_tutorials_interfaces/include/action_tutorials_interfaces/action/detail/fibonacci__struct.hpp
[1.154s] -- Up-to-date: /home/nth/ros2_ws/install/action_tutorials_interfaces/include/action_tutorials_interfaces/action/detail/fibonacci__builder.hpp
[1.154s] -- Up-to-date: /home/nth/ros2_ws/install/action_tutorials_interfaces/include/action_tutorials_interfaces/action/detail/fibonacci__traits.hpp
[1.154s] -- Up-to-date: /home/nth/ros2_ws/install/action_tutorials_interfaces/include/action_tutorials_interfaces/action/detail/boiso__traits.hpp
[1.154s] -- Up-to-date: /home/nth/ros2_ws/install/action_tutorials_interfaces/include/action_tutorials_interfaces/action/boiso.hpp
[1.154s] -- Up-to-date: /home/nth/ros2_ws/install/action_tutorials_interfaces/include/action_tutorials_interfaces/action/fibonacci.hpp
[1.154s] -- Up-to-date: /home/nth/ros2_ws/install/action_tutorials_interfaces/include/action_tutorials_interfaces
[1.154s] -- Up-to-date: /home/nth/ros2_ws/install/action_tutorials_interfaces/include/action_tutorials_interfaces/action
[1.154s] -- Up-to-date: /home/nth/ros2_ws/install/action_tutorials_interfaces/include/action_tutorials_interfaces/action/detail
[1.154s] -- Up-to-date: /home/nth/ros2_ws/install/action_tutorials_interfaces/include/action_tutorials_interfaces/action/detail/boiso__rosidl_typesupport_introspection_cpp.hpp
[1.154s] -- Up-to-date: /home/nth/ros2_ws/install/action_tutorials_interfaces/include/action_tutorials_interfaces/action/detail/fibonacci__rosidl_typesupport_introspection_cpp.hpp
[1.154s] -- Up-to-date: /home/nth/ros2_ws/install/action_tutorials_interfaces/include/action_tutorials_interfaces/action/detail/fibonacci__type_support.cpp
[1.155s] -- Up-to-date: /home/nth/ros2_ws/install/action_tutorials_interfaces/include/action_tutorials_interfaces/action/detail/boiso__type_support.cpp
[1.159s] -- Up-to-date: /home/nth/ros2_ws/install/action_tutorials_interfaces/lib/libaction_tutorials_interfaces__rosidl_typesupport_introspection_cpp.so
[1.159s] -- Up-to-date: /home/nth/ros2_ws/install/action_tutorials_interfaces/lib/libaction_tutorials_interfaces__rosidl_typesupport_cpp.so
[1.159s] -- Up-to-date: /home/nth/ros2_ws/install/action_tutorials_interfaces/share/action_tutorials_interfaces/environment/pythonpath.sh
[1.159s] -- Up-to-date: /home/nth/ros2_ws/install/action_tutorials_interfaces/share/action_tutorials_interfaces/environment/pythonpath.dsv
[1.159s] -- Up-to-date: /home/nth/ros2_ws/install/action_tutorials_interfaces/lib/python3.8/site-packages/action_tutorials_interfaces/__init__.py
[1.187s] -- Up-to-date: /home/nth/ros2_ws/install/action_tutorials_interfaces/lib/python3.8/site-packages/action_tutorials_interfaces/action
[1.187s] -- Up-to-date: /home/nth/ros2_ws/install/action_tutorials_interfaces/lib/python3.8/site-packages/action_tutorials_interfaces/action/_boiso_s.c
[1.187s] -- Up-to-date: /home/nth/ros2_ws/install/action_tutorials_interfaces/lib/python3.8/site-packages/action_tutorials_interfaces/action/_boiso.py
[1.187s] -- Up-to-date: /home/nth/ros2_ws/install/action_tutorials_interfaces/lib/python3.8/site-packages/action_tutorials_interfaces/action/_fibonacci_s.c
[1.187s] -- Up-to-date: /home/nth/ros2_ws/install/action_tutorials_interfaces/lib/python3.8/site-packages/action_tutorials_interfaces/action/_fibonacci.py
[1.188s] -- Up-to-date: /home/nth/ros2_ws/install/action_tutorials_interfaces/lib/python3.8/site-packages/action_tutorials_interfaces/action/__init__.py
[1.188s] -- Up-to-date: /home/nth/ros2_ws/install/action_tutorials_interfaces/lib/python3.8/site-packages/action_tutorials_interfaces/action_tutorials_interfaces_s__rosidl_typesupport_fastrtps_c.cpython-38-x86_64-linux-gnu.so
[1.188s] -- Up-to-date: /home/nth/ros2_ws/install/action_tutorials_interfaces/lib/python3.8/site-packages/action_tutorials_interfaces/action_tutorials_interfaces_s__rosidl_typesupport_introspection_c.cpython-38-x86_64-linux-gnu.so
[1.188s] -- Up-to-date: /home/nth/ros2_ws/install/action_tutorials_interfaces/lib/python3.8/site-packages/action_tutorials_interfaces/action_tutorials_interfaces_s__rosidl_typesupport_c.cpython-38-x86_64-linux-gnu.so
[1.188s] -- Up-to-date: /home/nth/ros2_ws/install/action_tutorials_interfaces/lib/libaction_tutorials_interfaces__python.so
[1.188s] -- Up-to-date: /home/nth/ros2_ws/install/action_tutorials_interfaces/share/action_tutorials_interfaces/action/Fibonacci.idl
[1.189s] -- Up-to-date: /home/nth/ros2_ws/install/action_tutorials_interfaces/share/action_tutorials_interfaces/action/Boiso.idl
[1.189s] -- Up-to-date: /home/nth/ros2_ws/install/action_tutorials_interfaces/share/action_tutorials_interfaces/action/Fibonacci.action
[1.189s] -- Up-to-date: /home/nth/ros2_ws/install/action_tutorials_interfaces/share/action_tutorials_interfaces/action/Boiso.action
[1.190s] -- Up-to-date: /home/nth/ros2_ws/install/action_tutorials_interfaces/share/ament_index/resource_index/package_run_dependencies/action_tutorials_interfaces
[1.190s] -- Up-to-date: /home/nth/ros2_ws/install/action_tutorials_interfaces/share/ament_index/resource_index/parent_prefix_path/action_tutorials_interfaces
[1.190s] -- Up-to-date: /home/nth/ros2_ws/install/action_tutorials_interfaces/share/action_tutorials_interfaces/environment/ament_prefix_path.sh
[1.190s] -- Up-to-date: /home/nth/ros2_ws/install/action_tutorials_interfaces/share/action_tutorials_interfaces/environment/ament_prefix_path.dsv
[1.190s] -- Up-to-date: /home/nth/ros2_ws/install/action_tutorials_interfaces/share/action_tutorials_interfaces/environment/path.sh
[1.190s] -- Up-to-date: /home/nth/ros2_ws/install/action_tutorials_interfaces/share/action_tutorials_interfaces/environment/path.dsv
[1.190s] -- Up-to-date: /home/nth/ros2_ws/install/action_tutorials_interfaces/share/action_tutorials_interfaces/local_setup.bash
[1.190s] -- Up-to-date: /home/nth/ros2_ws/install/action_tutorials_interfaces/share/action_tutorials_interfaces/local_setup.sh
[1.190s] -- Up-to-date: /home/nth/ros2_ws/install/action_tutorials_interfaces/share/action_tutorials_interfaces/local_setup.zsh
[1.190s] -- Up-to-date: /home/nth/ros2_ws/install/action_tutorials_interfaces/share/action_tutorials_interfaces/local_setup.dsv
[1.190s] -- Installing: /home/nth/ros2_ws/install/action_tutorials_interfaces/share/action_tutorials_interfaces/package.dsv
[1.190s] -- Up-to-date: /home/nth/ros2_ws/install/action_tutorials_interfaces/share/ament_index/resource_index/packages/action_tutorials_interfaces
[1.191s] -- Up-to-date: /home/nth/ros2_ws/install/action_tutorials_interfaces/share/action_tutorials_interfaces/cmake/action_tutorials_interfaces__rosidl_generator_cExport.cmake
[1.191s] -- Up-to-date: /home/nth/ros2_ws/install/action_tutorials_interfaces/share/action_tutorials_interfaces/cmake/action_tutorials_interfaces__rosidl_generator_cExport-noconfig.cmake
[1.191s] -- Up-to-date: /home/nth/ros2_ws/install/action_tutorials_interfaces/share/action_tutorials_interfaces/cmake/action_tutorials_interfaces__rosidl_typesupport_introspection_cExport.cmake
[1.191s] -- Up-to-date: /home/nth/ros2_ws/install/action_tutorials_interfaces/share/action_tutorials_interfaces/cmake/action_tutorials_interfaces__rosidl_typesupport_introspection_cExport-noconfig.cmake
[1.191s] -- Up-to-date: /home/nth/ros2_ws/install/action_tutorials_interfaces/share/action_tutorials_interfaces/cmake/action_tutorials_interfaces__rosidl_typesupport_cExport.cmake
[1.191s] -- Up-to-date: /home/nth/ros2_ws/install/action_tutorials_interfaces/share/action_tutorials_interfaces/cmake/action_tutorials_interfaces__rosidl_typesupport_cExport-noconfig.cmake
[1.191s] -- Up-to-date: /home/nth/ros2_ws/install/action_tutorials_interfaces/share/action_tutorials_interfaces/cmake/action_tutorials_interfaces__rosidl_generator_cppExport.cmake
[1.191s] -- Up-to-date: /home/nth/ros2_ws/install/action_tutorials_interfaces/share/action_tutorials_interfaces/cmake/action_tutorials_interfaces__rosidl_typesupport_introspection_cppExport.cmake
[1.191s] -- Up-to-date: /home/nth/ros2_ws/install/action_tutorials_interfaces/share/action_tutorials_interfaces/cmake/action_tutorials_interfaces__rosidl_typesupport_introspection_cppExport-noconfig.cmake
[1.191s] -- Up-to-date: /home/nth/ros2_ws/install/action_tutorials_interfaces/share/action_tutorials_interfaces/cmake/action_tutorials_interfaces__rosidl_typesupport_cppExport.cmake
[1.191s] -- Up-to-date: /home/nth/ros2_ws/install/action_tutorials_interfaces/share/action_tutorials_interfaces/cmake/action_tutorials_interfaces__rosidl_typesupport_cppExport-noconfig.cmake
[1.191s] -- Up-to-date: /home/nth/ros2_ws/install/action_tutorials_interfaces/share/action_tutorials_interfaces/cmake/rosidl_cmake-extras.cmake
[1.192s] -- Up-to-date: /home/nth/ros2_ws/install/action_tutorials_interfaces/share/action_tutorials_interfaces/cmake/ament_cmake_export_dependencies-extras.cmake
[1.192s] -- Up-to-date: /home/nth/ros2_ws/install/action_tutorials_interfaces/share/action_tutorials_interfaces/cmake/ament_cmake_export_libraries-extras.cmake
[1.192s] -- Up-to-date: /home/nth/ros2_ws/install/action_tutorials_interfaces/share/action_tutorials_interfaces/cmake/ament_cmake_export_targets-extras.cmake
[1.192s] -- Up-to-date: /home/nth/ros2_ws/install/action_tutorials_interfaces/share/action_tutorials_interfaces/cmake/ament_cmake_export_include_directories-extras.cmake
[1.192s] -- Up-to-date: /home/nth/ros2_ws/install/action_tutorials_interfaces/share/action_tutorials_interfaces/cmake/rosidl_cmake_export_typesupport_libraries-extras.cmake
[1.192s] -- Up-to-date: /home/nth/ros2_ws/install/action_tutorials_interfaces/share/action_tutorials_interfaces/cmake/rosidl_cmake_export_typesupport_targets-extras.cmake
[1.192s] -- Up-to-date: /home/nth/ros2_ws/install/action_tutorials_interfaces/share/action_tutorials_interfaces/cmake/action_tutorials_interfacesConfig.cmake
[1.192s] -- Up-to-date: /home/nth/ros2_ws/install/action_tutorials_interfaces/share/action_tutorials_interfaces/cmake/action_tutorials_interfacesConfig-version.cmake
[1.192s] -- Up-to-date: /home/nth/ros2_ws/install/action_tutorials_interfaces/share/action_tutorials_interfaces/package.xml
[1.225s] Invoked command in '/home/nth/ros2_ws/build/action_tutorials_interfaces' returned '0': CMAKE_PREFIX_PATH=${CMAKE_PREFIX_PATH}:/home/nth/rtc_ws/install/turtlebot3_teleop:/home/nth/rtc_ws/install/turtlebot3_example:/home/nth/rtc_ws/install/nav2_simple_commander:/home/nth/rtc_ws/install/nav2_gazebo_spawner:/home/nth/rtcamr_ws/install/turtlebot3_teleop:/home/nth/rtcamr_ws/install/turtlebot3_example:/home/nth/rtcamr_ws/install/nav2_simple_commander:/home/nth/rtcamr_ws/install/nav2_gazebo_spawner:/opt/ros/foxy /usr/bin/cmake --install /home/nth/ros2_ws/build/action_tutorials_interfaces
