[0.065s] Invoking command in '/home/nth/ros2_ws/build/nav2_behavior_tree': AMENT_PREFIX_PATH=/home/nth/ros2_ws/install/nav2_util:/home/nth/ros2_ws/install/nav2_msgs:/home/nth/ros2_ws/install/nav2_common:${AMENT_PREFIX_PATH} CMAKE_PREFIX_PATH=/home/nth/ros2_ws/install/nav2_util:/home/nth/ros2_ws/install/nav2_msgs:/home/nth/ros2_ws/install/nav2_common:/home/nth/rtc_ws/install/turtlebot3:/home/nth/rtc_ws/install/turtlebot3_bringup:/home/nth/rtc_ws/install/turtlebot3_node:/home/nth/rtc_ws/install/turtlebot3_navigation2:/home/nth/rtc_ws/install/turtlebot3_msgs:/home/nth/rtc_ws/install/turtlebot3_description:/home/nth/rtc_ws/install/turtlebot3_cartographer:/home/nth/rtc_ws/install/teb_msgs:/home/nth/rtc_ws/install/nav2_system_tests:/home/nth/rtc_ws/install/nav2_bringup:/home/nth/rtc_ws/install/navigation2:/home/nth/rtc_ws/install/smac_planner:/home/nth/rtc_ws/install/rplidar_ros2:/home/nth/rtc_ws/install/robot_localization:/home/nth/rtc_ws/install/nav2_dwb_controller:/home/nth/rtc_ws/install/nav2_controller:/home/nth/rtc_ws/install/dwb_plugins:/home/nth/rtc_ws/install/dwb_critics:/home/nth/rtc_ws/install/dwb_core:/home/nth/rtc_ws/install/nav_2d_utils:/home/nth/rtc_ws/install/dwb_msgs:/home/nth/rtc_ws/install/nav_2d_msgs:/home/nth/rtc_ws/install/nav2_waypoint_follower:/home/nth/rtc_ws/install/nav2_regulated_pure_pursuit_controller:/home/nth/rtc_ws/install/nav2_recoveries:/home/nth/rtc_ws/install/nav2_planner:/home/nth/rtc_ws/install/nav2_navfn_planner:/home/nth/rtc_ws/install/nav2_core:/home/nth/rtc_ws/install/costmap_queue:/home/nth/rtc_ws/install/costmap_converter:/home/nth/rtc_ws/install/nav2_costmap_2d:/home/nth/rtc_ws/install/nav2_voxel_grid:/home/nth/rtc_ws/install/nav2_rviz_plugins:/home/nth/rtc_ws/install/nav2_map_server:/home/nth/rtc_ws/install/nav2_lifecycle_manager:/home/nth/rtc_ws/install/nav2_bt_navigator:/home/nth/rtc_ws/install/nav2_behavior_tree:/home/nth/rtc_ws/install/nav2_amcl:/home/nth/rtc_ws/install/nav2_util:/home/nth/rtc_ws/install/nav2_msgs:/home/nth/rtc_ws/install/nav2_common:/home/nth/rtc_ws/install/ld08_driver:/home/nth/rtc_ws/install/g2o:/home/nth/rtc_ws/install/dynamixel_sdk_examples:/home/nth/rtc_ws/install/dynamixel_sdk_custom_interfaces:/home/nth/rtc_ws/install/dynamixel_sdk:/home/nth/rtc_ws/install/costmap_converter_msgs:/home/nth/rtc_ws/install/aws_robomaker_small_warehouse_world:/home/nth/rtcamr_ws/install/turtlebot3_msgs:/home/nth/rtcamr_ws/install/turtlebot3_gazebo:/home/nth/rtcamr_ws/install/turtlebot3_description:/home/nth/rtcamr_ws/install/turtlebot3_cartographer:/home/nth/rtcamr_ws/install/rplidar_ros2:/home/nth/rtcamr_ws/install/dwb_msgs:/home/nth/rtcamr_ws/install/nav_2d_msgs:/home/nth/rtcamr_ws/install/nav2_voxel_grid:/home/nth/rtcamr_ws/install/nav2_msgs:/home/nth/rtcamr_ws/install/nav2_common:/home/nth/rtcamr_ws/install/aws_robomaker_small_warehouse_world:/home/nth/rtc_ws/install/turtlebot3_teleop:/home/nth/rtc_ws/install/turtlebot3_example:/home/nth/rtc_ws/install/nav2_simple_commander:/home/nth/rtc_ws/install/nav2_gazebo_spawner:/home/nth/rtcamr_ws/install/turtlebot3_teleop:/home/nth/rtcamr_ws/install/turtlebot3_example:/home/nth/rtcamr_ws/install/nav2_simple_commander:/home/nth/rtcamr_ws/install/nav2_gazebo_spawner:/opt/ros/foxy LD_LIBRARY_PATH=/home/nth/ros2_ws/install/nav2_util/lib:/home/nth/ros2_ws/install/nav2_msgs/lib:${LD_LIBRARY_PATH} PYTHONPATH=/home/nth/ros2_ws/install/nav2_msgs/lib/python3.8/site-packages:/home/nth/ros2_ws/install/nav2_common/lib/python3.8/site-packages:${PYTHONPATH} /usr/bin/cmake /home/nth/ros2_ws/src/navigation2/nav2_behavior_tree -DCMAKE_INSTALL_PREFIX=/home/nth/ros2_ws/install/nav2_behavior_tree
[0.138s] -- The CXX compiler identification is GNU 9.4.0
[0.155s] -- Check for working CXX compiler: /usr/bin/c++
[0.242s] -- Check for working CXX compiler: /usr/bin/c++ -- works
[0.244s] -- Detecting CXX compiler ABI info
[0.330s] -- Detecting CXX compiler ABI info - done
[0.342s] -- Detecting CXX compile features
[0.342s] -- Detecting CXX compile features - done
[0.348s] -- Found ament_cmake: 0.9.9 (/opt/ros/foxy/share/ament_cmake/cmake)
[0.388s] -- Found PythonInterp: /usr/bin/python3 (found suitable version "3.8.10", minimum required is "3") 
[0.388s] -- Using PYTHON_EXECUTABLE: /usr/bin/python3
[0.641s] -- Found nav2_common: 0.4.7 (/home/nth/ros2_ws/install/nav2_common/share/nav2_common/cmake)
[0.646s] -- Found rclcpp: 2.4.1 (/opt/ros/foxy/share/rclcpp/cmake)
[0.723s] -- Using all available rosidl_typesupport_c: rosidl_typesupport_fastrtps_c;rosidl_typesupport_introspection_c
[0.737s] -- Found rosidl_adapter: 1.2.1 (/opt/ros/foxy/share/rosidl_adapter/cmake)
[0.846s] -- Found OpenSSL: /usr/lib/x86_64-linux-gnu/libcrypto.so (found version "1.1.1f")  
[0.880s] -- Found FastRTPS: /opt/ros/foxy/include  
[0.979s] -- Using all available rosidl_typesupport_cpp: rosidl_typesupport_fastrtps_cpp;rosidl_typesupport_introspection_cpp
[1.056s] -- Found rmw_implementation_cmake: 1.0.3 (/opt/ros/foxy/share/rmw_implementation_cmake/cmake)
[1.059s] -- Using RMW implementation 'rmw_fastrtps_cpp' as default
[1.061s] -- Looking for C++ include pthread.h
[1.150s] -- Looking for C++ include pthread.h - found
[1.150s] -- Performing Test CMAKE_HAVE_LIBC_PTHREAD
[1.239s] -- Performing Test CMAKE_HAVE_LIBC_PTHREAD - Failed
[1.239s] -- Looking for pthread_create in pthreads
[1.314s] -- Looking for pthread_create in pthreads - not found
[1.314s] -- Looking for pthread_create in pthread
[1.400s] -- Looking for pthread_create in pthread - found
[1.401s] -- Found Threads: TRUE  
[1.557s] -- Found rclcpp_action: 2.4.1 (/opt/ros/foxy/share/rclcpp_action/cmake)
[1.636s] -- Found rclcpp_lifecycle: 2.4.1 (/opt/ros/foxy/share/rclcpp_lifecycle/cmake)
[1.673s] -- Found geometry_msgs: 2.0.5 (/opt/ros/foxy/share/geometry_msgs/cmake)
[1.709s] -- Found sensor_msgs: 2.0.5 (/opt/ros/foxy/share/sensor_msgs/cmake)
[1.809s] -- Found nav2_msgs: 0.4.7 (/home/nth/ros2_ws/install/nav2_msgs/share/nav2_msgs/cmake)
[2.068s] -- Found behaviortree_cpp_v3: 3.6.1 (/opt/ros/foxy/share/behaviortree_cpp_v3/cmake)
[2.073s] -- Found tf2_ros: 0.13.13 (/opt/ros/foxy/share/tf2_ros/cmake)
[2.308s] -- Found tf2_geometry_msgs: 0.13.13 (/opt/ros/foxy/share/tf2_geometry_msgs/cmake)
[2.320s] -- Found eigen3_cmake_module: 0.1.1 (/opt/ros/foxy/share/eigen3_cmake_module/cmake)
[2.325s] -- Found Eigen3: TRUE (found version "3.3.7") 
[2.348s] -- Found std_srvs: 2.0.5 (/opt/ros/foxy/share/std_srvs/cmake)
[2.356s] -- Found nav2_util: 0.4.7 (/home/nth/ros2_ws/install/nav2_util/share/nav2_util/cmake)
[2.476s] -- Setting build type to Release as none was specified.
[6.219s] -- Found ament_lint_auto: 0.9.6 (/opt/ros/foxy/share/ament_lint_auto/cmake)
[6.335s] -- Found ament_cmake_gtest: 0.9.9 (/opt/ros/foxy/share/ament_cmake_gtest/cmake)
[6.348s] -- Found gtest sources under '/opt/ros/foxy/src/gtest_vendor': C++ tests using 'Google Test' will be built
[6.386s] -- The C compiler identification is GNU 9.4.0
[6.392s] -- Check for working C compiler: /usr/bin/cc
[6.463s] -- Check for working C compiler: /usr/bin/cc -- works
[6.464s] -- Detecting C compiler ABI info
[6.544s] -- Detecting C compiler ABI info - done
[6.560s] -- Detecting C compile features
[6.560s] -- Detecting C compile features - done
[6.564s] -- Check if compiler accepts -pthread
[6.659s] -- Check if compiler accepts -pthread - yes
[9.849s] -- Added test 'copyright' to check source files copyright and LICENSE
[9.854s] -- Added test 'cppcheck' to perform static code analysis on C / C++ code
[9.856s] -- Configured cppcheck include dirs: /home/nth/ros2_ws/src/navigation2/nav2_behavior_tree/include
[9.856s] -- Configured cppcheck exclude dirs and/or files: 
[9.860s] -- Added test 'cpplint' to check C / C++ code against the Google style
[9.860s] -- Configured cpplint exclude dirs and/or files: 
[9.862s] -- Added test 'lint_cmake' to check CMake code style
[9.866s] -- Added test 'uncrustify' to check C / C++ code style
[9.866s] -- Configured uncrustify additional arguments: 
[9.868s] -- Added test 'xmllint' to check XML markup files
[9.875s] -- Configuring done
[10.809s] -- Generating done
[10.815s] -- Build files have been written to: /home/nth/ros2_ws/build/nav2_behavior_tree
[10.844s] Invoked command in '/home/nth/ros2_ws/build/nav2_behavior_tree' returned '0': AMENT_PREFIX_PATH=/home/nth/ros2_ws/install/nav2_util:/home/nth/ros2_ws/install/nav2_msgs:/home/nth/ros2_ws/install/nav2_common:${AMENT_PREFIX_PATH} CMAKE_PREFIX_PATH=/home/nth/ros2_ws/install/nav2_util:/home/nth/ros2_ws/install/nav2_msgs:/home/nth/ros2_ws/install/nav2_common:/home/nth/rtc_ws/install/turtlebot3:/home/nth/rtc_ws/install/turtlebot3_bringup:/home/nth/rtc_ws/install/turtlebot3_node:/home/nth/rtc_ws/install/turtlebot3_navigation2:/home/nth/rtc_ws/install/turtlebot3_msgs:/home/nth/rtc_ws/install/turtlebot3_description:/home/nth/rtc_ws/install/turtlebot3_cartographer:/home/nth/rtc_ws/install/teb_msgs:/home/nth/rtc_ws/install/nav2_system_tests:/home/nth/rtc_ws/install/nav2_bringup:/home/nth/rtc_ws/install/navigation2:/home/nth/rtc_ws/install/smac_planner:/home/nth/rtc_ws/install/rplidar_ros2:/home/nth/rtc_ws/install/robot_localization:/home/nth/rtc_ws/install/nav2_dwb_controller:/home/nth/rtc_ws/install/nav2_controller:/home/nth/rtc_ws/install/dwb_plugins:/home/nth/rtc_ws/install/dwb_critics:/home/nth/rtc_ws/install/dwb_core:/home/nth/rtc_ws/install/nav_2d_utils:/home/nth/rtc_ws/install/dwb_msgs:/home/nth/rtc_ws/install/nav_2d_msgs:/home/nth/rtc_ws/install/nav2_waypoint_follower:/home/nth/rtc_ws/install/nav2_regulated_pure_pursuit_controller:/home/nth/rtc_ws/install/nav2_recoveries:/home/nth/rtc_ws/install/nav2_planner:/home/nth/rtc_ws/install/nav2_navfn_planner:/home/nth/rtc_ws/install/nav2_core:/home/nth/rtc_ws/install/costmap_queue:/home/nth/rtc_ws/install/costmap_converter:/home/nth/rtc_ws/install/nav2_costmap_2d:/home/nth/rtc_ws/install/nav2_voxel_grid:/home/nth/rtc_ws/install/nav2_rviz_plugins:/home/nth/rtc_ws/install/nav2_map_server:/home/nth/rtc_ws/install/nav2_lifecycle_manager:/home/nth/rtc_ws/install/nav2_bt_navigator:/home/nth/rtc_ws/install/nav2_behavior_tree:/home/nth/rtc_ws/install/nav2_amcl:/home/nth/rtc_ws/install/nav2_util:/home/nth/rtc_ws/install/nav2_msgs:/home/nth/rtc_ws/install/nav2_common:/home/nth/rtc_ws/install/ld08_driver:/home/nth/rtc_ws/install/g2o:/home/nth/rtc_ws/install/dynamixel_sdk_examples:/home/nth/rtc_ws/install/dynamixel_sdk_custom_interfaces:/home/nth/rtc_ws/install/dynamixel_sdk:/home/nth/rtc_ws/install/costmap_converter_msgs:/home/nth/rtc_ws/install/aws_robomaker_small_warehouse_world:/home/nth/rtcamr_ws/install/turtlebot3_msgs:/home/nth/rtcamr_ws/install/turtlebot3_gazebo:/home/nth/rtcamr_ws/install/turtlebot3_description:/home/nth/rtcamr_ws/install/turtlebot3_cartographer:/home/nth/rtcamr_ws/install/rplidar_ros2:/home/nth/rtcamr_ws/install/dwb_msgs:/home/nth/rtcamr_ws/install/nav_2d_msgs:/home/nth/rtcamr_ws/install/nav2_voxel_grid:/home/nth/rtcamr_ws/install/nav2_msgs:/home/nth/rtcamr_ws/install/nav2_common:/home/nth/rtcamr_ws/install/aws_robomaker_small_warehouse_world:/home/nth/rtc_ws/install/turtlebot3_teleop:/home/nth/rtc_ws/install/turtlebot3_example:/home/nth/rtc_ws/install/nav2_simple_commander:/home/nth/rtc_ws/install/nav2_gazebo_spawner:/home/nth/rtcamr_ws/install/turtlebot3_teleop:/home/nth/rtcamr_ws/install/turtlebot3_example:/home/nth/rtcamr_ws/install/nav2_simple_commander:/home/nth/rtcamr_ws/install/nav2_gazebo_spawner:/opt/ros/foxy LD_LIBRARY_PATH=/home/nth/ros2_ws/install/nav2_util/lib:/home/nth/ros2_ws/install/nav2_msgs/lib:${LD_LIBRARY_PATH} PYTHONPATH=/home/nth/ros2_ws/install/nav2_msgs/lib/python3.8/site-packages:/home/nth/ros2_ws/install/nav2_common/lib/python3.8/site-packages:${PYTHONPATH} /usr/bin/cmake /home/nth/ros2_ws/src/navigation2/nav2_behavior_tree -DCMAKE_INSTALL_PREFIX=/home/nth/ros2_ws/install/nav2_behavior_tree
[10.848s] Invoking command in '/home/nth/ros2_ws/build/nav2_behavior_tree': AMENT_PREFIX_PATH=/home/nth/ros2_ws/install/nav2_util:/home/nth/ros2_ws/install/nav2_msgs:/home/nth/ros2_ws/install/nav2_common:${AMENT_PREFIX_PATH} CMAKE_PREFIX_PATH=/home/nth/ros2_ws/install/nav2_util:/home/nth/ros2_ws/install/nav2_msgs:/home/nth/ros2_ws/install/nav2_common:/home/nth/rtc_ws/install/turtlebot3:/home/nth/rtc_ws/install/turtlebot3_bringup:/home/nth/rtc_ws/install/turtlebot3_node:/home/nth/rtc_ws/install/turtlebot3_navigation2:/home/nth/rtc_ws/install/turtlebot3_msgs:/home/nth/rtc_ws/install/turtlebot3_description:/home/nth/rtc_ws/install/turtlebot3_cartographer:/home/nth/rtc_ws/install/teb_msgs:/home/nth/rtc_ws/install/nav2_system_tests:/home/nth/rtc_ws/install/nav2_bringup:/home/nth/rtc_ws/install/navigation2:/home/nth/rtc_ws/install/smac_planner:/home/nth/rtc_ws/install/rplidar_ros2:/home/nth/rtc_ws/install/robot_localization:/home/nth/rtc_ws/install/nav2_dwb_controller:/home/nth/rtc_ws/install/nav2_controller:/home/nth/rtc_ws/install/dwb_plugins:/home/nth/rtc_ws/install/dwb_critics:/home/nth/rtc_ws/install/dwb_core:/home/nth/rtc_ws/install/nav_2d_utils:/home/nth/rtc_ws/install/dwb_msgs:/home/nth/rtc_ws/install/nav_2d_msgs:/home/nth/rtc_ws/install/nav2_waypoint_follower:/home/nth/rtc_ws/install/nav2_regulated_pure_pursuit_controller:/home/nth/rtc_ws/install/nav2_recoveries:/home/nth/rtc_ws/install/nav2_planner:/home/nth/rtc_ws/install/nav2_navfn_planner:/home/nth/rtc_ws/install/nav2_core:/home/nth/rtc_ws/install/costmap_queue:/home/nth/rtc_ws/install/costmap_converter:/home/nth/rtc_ws/install/nav2_costmap_2d:/home/nth/rtc_ws/install/nav2_voxel_grid:/home/nth/rtc_ws/install/nav2_rviz_plugins:/home/nth/rtc_ws/install/nav2_map_server:/home/nth/rtc_ws/install/nav2_lifecycle_manager:/home/nth/rtc_ws/install/nav2_bt_navigator:/home/nth/rtc_ws/install/nav2_behavior_tree:/home/nth/rtc_ws/install/nav2_amcl:/home/nth/rtc_ws/install/nav2_util:/home/nth/rtc_ws/install/nav2_msgs:/home/nth/rtc_ws/install/nav2_common:/home/nth/rtc_ws/install/ld08_driver:/home/nth/rtc_ws/install/g2o:/home/nth/rtc_ws/install/dynamixel_sdk_examples:/home/nth/rtc_ws/install/dynamixel_sdk_custom_interfaces:/home/nth/rtc_ws/install/dynamixel_sdk:/home/nth/rtc_ws/install/costmap_converter_msgs:/home/nth/rtc_ws/install/aws_robomaker_small_warehouse_world:/home/nth/rtcamr_ws/install/turtlebot3_msgs:/home/nth/rtcamr_ws/install/turtlebot3_gazebo:/home/nth/rtcamr_ws/install/turtlebot3_description:/home/nth/rtcamr_ws/install/turtlebot3_cartographer:/home/nth/rtcamr_ws/install/rplidar_ros2:/home/nth/rtcamr_ws/install/dwb_msgs:/home/nth/rtcamr_ws/install/nav_2d_msgs:/home/nth/rtcamr_ws/install/nav2_voxel_grid:/home/nth/rtcamr_ws/install/nav2_msgs:/home/nth/rtcamr_ws/install/nav2_common:/home/nth/rtcamr_ws/install/aws_robomaker_small_warehouse_world:/home/nth/rtc_ws/install/turtlebot3_teleop:/home/nth/rtc_ws/install/turtlebot3_example:/home/nth/rtc_ws/install/nav2_simple_commander:/home/nth/rtc_ws/install/nav2_gazebo_spawner:/home/nth/rtcamr_ws/install/turtlebot3_teleop:/home/nth/rtcamr_ws/install/turtlebot3_example:/home/nth/rtcamr_ws/install/nav2_simple_commander:/home/nth/rtcamr_ws/install/nav2_gazebo_spawner:/opt/ros/foxy LD_LIBRARY_PATH=/home/nth/ros2_ws/install/nav2_util/lib:/home/nth/ros2_ws/install/nav2_msgs/lib:${LD_LIBRARY_PATH} PYTHONPATH=/home/nth/ros2_ws/install/nav2_msgs/lib/python3.8/site-packages:/home/nth/ros2_ws/install/nav2_common/lib/python3.8/site-packages:${PYTHONPATH} /usr/bin/cmake --build /home/nth/ros2_ws/build/nav2_behavior_tree -- -j16 -l16
[10.903s] [35m[1mScanning dependencies of target nav2_spin_action_bt_node[0m
[10.903s] [35m[1mScanning dependencies of target nav2_pipeline_sequence_bt_node[0m
[10.903s] [35m[1mScanning dependencies of target nav2_wait_action_bt_node[0m
[10.905s] [35m[1mScanning dependencies of target nav2_goal_updated_condition_bt_node[0m
[10.905s] [35m[1mScanning dependencies of target nav2_compute_path_to_pose_action_bt_node[0m
[10.905s] [35m[1mScanning dependencies of target nav2_transform_available_condition_bt_node[0m
[10.908s] [35m[1mScanning dependencies of target nav2_goal_reached_condition_bt_node[0m
[10.909s] [35m[1mScanning dependencies of target nav2_time_expired_condition_bt_node[0m
[10.914s] [35m[1mScanning dependencies of target nav2_is_stuck_condition_bt_node[0m
[10.919s] [35m[1mScanning dependencies of target nav2_initial_pose_received_condition_bt_node[0m
[10.920s] [35m[1mScanning dependencies of target nav2_behavior_tree[0m
[10.921s] [35m[1mScanning dependencies of target nav2_distance_traveled_condition_bt_node[0m
[10.931s] [35m[1mScanning dependencies of target nav2_is_battery_low_condition_bt_node[0m
[10.932s] [35m[1mScanning dependencies of target nav2_follow_path_action_bt_node[0m
[10.934s] [35m[1mScanning dependencies of target nav2_goal_updater_node_bt_node[0m
[10.938s] [35m[1mScanning dependencies of target nav2_reinitialize_global_localization_service_bt_node[0m
[10.967s] [  1%] [32mBuilding CXX object CMakeFiles/nav2_pipeline_sequence_bt_node.dir/plugins/control/pipeline_sequence.cpp.o[0m
[10.974s] [  2%] [32mBuilding CXX object CMakeFiles/nav2_initial_pose_received_condition_bt_node.dir/plugins/condition/initial_pose_received_condition.cpp.o[0m
[10.976s] [  3%] [32mBuilding CXX object CMakeFiles/nav2_goal_updated_condition_bt_node.dir/plugins/condition/goal_updated_condition.cpp.o[0m
[10.996s] [  4%] [32mBuilding CXX object CMakeFiles/nav2_is_stuck_condition_bt_node.dir/plugins/condition/is_stuck_condition.cpp.o[0m
[11.008s] [  5%] [32mBuilding CXX object CMakeFiles/nav2_time_expired_condition_bt_node.dir/plugins/condition/time_expired_condition.cpp.o[0m
[11.011s] [  6%] [32mBuilding CXX object CMakeFiles/nav2_compute_path_to_pose_action_bt_node.dir/plugins/action/compute_path_to_pose_action.cpp.o[0m
[11.025s] [  7%] [32mBuilding CXX object CMakeFiles/nav2_goal_updater_node_bt_node.dir/plugins/decorator/goal_updater_node.cpp.o[0m
[11.026s] [  8%] [32mBuilding CXX object CMakeFiles/nav2_wait_action_bt_node.dir/plugins/action/wait_action.cpp.o[0m
[11.026s] [  9%] [32mBuilding CXX object CMakeFiles/nav2_transform_available_condition_bt_node.dir/plugins/condition/transform_available_condition.cpp.o[0m
[11.027s] [ 10%] [32mBuilding CXX object CMakeFiles/nav2_goal_reached_condition_bt_node.dir/plugins/condition/goal_reached_condition.cpp.o[0m
[11.040s] [ 11%] [32mBuilding CXX object CMakeFiles/nav2_distance_traveled_condition_bt_node.dir/plugins/condition/distance_traveled_condition.cpp.o[0m
[11.048s] [ 12%] [32mBuilding CXX object CMakeFiles/nav2_behavior_tree.dir/src/behavior_tree_engine.cpp.o[0m
[11.051s] [ 13%] [32mBuilding CXX object CMakeFiles/nav2_spin_action_bt_node.dir/plugins/action/spin_action.cpp.o[0m
[11.063s] [ 14%] [32mBuilding CXX object CMakeFiles/nav2_is_battery_low_condition_bt_node.dir/plugins/condition/is_battery_low_condition.cpp.o[0m
[11.065s] [ 15%] [32mBuilding CXX object CMakeFiles/nav2_follow_path_action_bt_node.dir/plugins/action/follow_path_action.cpp.o[0m
[11.099s] [ 16%] [32mBuilding CXX object CMakeFiles/nav2_reinitialize_global_localization_service_bt_node.dir/plugins/action/reinitialize_global_localization_service.cpp.o[0m
[13.558s] [ 17%] [32m[1mLinking CXX shared library libnav2_pipeline_sequence_bt_node.so[0m
[13.957s] [ 17%] Built target nav2_pipeline_sequence_bt_node
[14.014s] [35m[1mScanning dependencies of target nav2_rate_controller_bt_node[0m
[14.107s] [ 18%] [32mBuilding CXX object CMakeFiles/nav2_rate_controller_bt_node.dir/plugins/decorator/rate_controller.cpp.o[0m
[15.355s] [ 19%] [32m[1mLinking CXX shared library libnav2_initial_pose_received_condition_bt_node.so[0m
[15.488s] [ 20%] [32m[1mLinking CXX shared library libnav2_goal_updated_condition_bt_node.so[0m
[15.653s] [ 20%] Built target nav2_initial_pose_received_condition_bt_node
[15.738s] [35m[1mScanning dependencies of target nav2_distance_controller_bt_node[0m
[15.825s] [ 20%] Built target nav2_goal_updated_condition_bt_node
[15.875s] [35m[1mScanning dependencies of target nav2_round_robin_node_bt_node[0m
[15.878s] [ 21%] [32mBuilding CXX object CMakeFiles/nav2_distance_controller_bt_node.dir/plugins/decorator/distance_controller.cpp.o[0m
[15.929s] [ 22%] [32mBuilding CXX object CMakeFiles/nav2_round_robin_node_bt_node.dir/plugins/control/round_robin_node.cpp.o[0m
[16.695s] [ 23%] [32m[1mLinking CXX shared library libnav2_time_expired_condition_bt_node.so[0m
[16.762s] [ 24%] [32m[1mLinking CXX shared library libnav2_behavior_tree.so[0m
[16.986s] [ 24%] Built target nav2_time_expired_condition_bt_node
[17.039s] [35m[1mScanning dependencies of target nav2_clear_costmap_service_bt_node[0m
[17.119s] [ 25%] [32m[1mLinking CXX shared library libnav2_rate_controller_bt_node.so[0m
[17.168s] [ 26%] [32mBuilding CXX object CMakeFiles/nav2_clear_costmap_service_bt_node.dir/plugins/action/clear_costmap_service.cpp.o[0m
[17.207s] [ 26%] Built target nav2_behavior_tree
[17.272s] [35m[1mScanning dependencies of target nav2_speed_controller_bt_node[0m
[17.428s] [ 27%] [32mBuilding CXX object CMakeFiles/nav2_speed_controller_bt_node.dir/plugins/decorator/speed_controller.cpp.o[0m
[17.450s] [ 27%] Built target nav2_rate_controller_bt_node
[17.525s] [35m[1mScanning dependencies of target nav2_truncate_path_action_bt_node[0m
[17.671s] [ 28%] [32mBuilding CXX object CMakeFiles/nav2_truncate_path_action_bt_node.dir/plugins/action/truncate_path_action.cpp.o[0m
[18.607s] [ 29%] [32m[1mLinking CXX shared library libnav2_reinitialize_global_localization_service_bt_node.so[0m
[18.841s] [ 30%] [32m[1mLinking CXX shared library libnav2_round_robin_node_bt_node.so[0m
[19.029s] [ 30%] Built target nav2_reinitialize_global_localization_service_bt_node
[19.117s] [35m[1mScanning dependencies of target nav2_navigate_to_pose_action_bt_node[0m
[19.137s] [ 30%] Built target nav2_round_robin_node_bt_node
[19.206s] [35m[1mScanning dependencies of target nav2_back_up_action_bt_node[0m
[19.260s] [ 31%] [32mBuilding CXX object CMakeFiles/nav2_navigate_to_pose_action_bt_node.dir/plugins/action/navigate_to_pose_action.cpp.o[0m
[19.323s] [ 32%] [32mBuilding CXX object CMakeFiles/nav2_back_up_action_bt_node.dir/plugins/action/back_up_action.cpp.o[0m
[19.730s] [ 33%] [32m[1mLinking CXX shared library libnav2_transform_available_condition_bt_node.so[0m
[20.103s] [ 33%] Built target nav2_transform_available_condition_bt_node
[20.182s] [35m[1mScanning dependencies of target nav2_recovery_node_bt_node[0m
[20.269s] [ 34%] [32mBuilding CXX object CMakeFiles/nav2_recovery_node_bt_node.dir/plugins/control/recovery_node.cpp.o[0m
[20.365s] [ 35%] [32m[1mLinking CXX shared library libnav2_goal_reached_condition_bt_node.so[0m
[20.915s] [ 36%] [32m[1mLinking CXX shared library libnav2_distance_traveled_condition_bt_node.so[0m
[20.962s] [ 36%] Built target nav2_goal_reached_condition_bt_node
[21.032s] [35m[1mScanning dependencies of target gtest[0m
[21.113s] [ 37%] [32mBuilding CXX object gtest/CMakeFiles/gtest.dir/src/gtest-all.cc.o[0m
[21.230s] [ 38%] [32m[1mLinking CXX shared library libnav2_wait_action_bt_node.so[0m
[21.350s] [ 38%] Built target nav2_distance_traveled_condition_bt_node
[21.370s] [ 39%] [32m[1mLinking CXX shared library libnav2_follow_path_action_bt_node.so[0m
[21.412s] [35m[1mScanning dependencies of target gtest_main[0m
[21.499s] [ 40%] [32mBuilding CXX object gtest/CMakeFiles/gtest_main.dir/src/gtest_main.cc.o[0m
[21.706s] [ 40%] Built target nav2_wait_action_bt_node
[21.878s] [ 40%] Built target nav2_follow_path_action_bt_node
[22.467s] [ 41%] [32m[1mLinking CXX shared library libnav2_compute_path_to_pose_action_bt_node.so[0m
[22.759s] [ 42%] [32m[1mLinking CXX static library libgtest_main.a[0m
[22.809s] [ 42%] Built target nav2_compute_path_to_pose_action_bt_node
[22.833s] [ 42%] Built target gtest_main
[23.096s] [ 43%] [32m[1mLinking CXX shared library libnav2_spin_action_bt_node.so[0m
[23.302s] [ 43%] Built target nav2_spin_action_bt_node
[23.376s] [ 44%] [32m[1mLinking CXX shared library libnav2_recovery_node_bt_node.so[0m
[23.430s] [ 45%] [32m[1mLinking CXX shared library libnav2_distance_controller_bt_node.so[0m
[23.572s] [ 45%] Built target nav2_recovery_node_bt_node
[23.648s] [ 45%] Built target nav2_distance_controller_bt_node
[23.762s] [ 46%] [32m[1mLinking CXX shared library libnav2_goal_updater_node_bt_node.so[0m
[23.987s] [ 46%] Built target nav2_goal_updater_node_bt_node
[24.177s] [ 47%] [32m[1mLinking CXX shared library libnav2_is_stuck_condition_bt_node.so[0m
[24.496s] [ 48%] [32m[1mLinking CXX shared library libnav2_speed_controller_bt_node.so[0m
[24.528s] [ 48%] Built target nav2_is_stuck_condition_bt_node
[24.804s] [ 48%] Built target nav2_speed_controller_bt_node
[24.866s] [ 50%] [32m[1mLinking CXX shared library libnav2_clear_costmap_service_bt_node.so[0m
[25.112s] [ 50%] Built target nav2_clear_costmap_service_bt_node
[25.338s] [ 51%] [32m[1mLinking CXX shared library libnav2_truncate_path_action_bt_node.so[0m
[25.418s] [ 52%] [32m[1mLinking CXX shared library libnav2_is_battery_low_condition_bt_node.so[0m
[25.594s] [ 52%] Built target nav2_truncate_path_action_bt_node
[25.621s] [ 52%] Built target nav2_is_battery_low_condition_bt_node
[27.008s] [ 53%] [32m[1mLinking CXX shared library libnav2_back_up_action_bt_node.so[0m
[27.317s] [ 53%] Built target nav2_back_up_action_bt_node
[27.735s] [ 54%] [32m[1mLinking CXX shared library libnav2_navigate_to_pose_action_bt_node.so[0m
[27.921s] [ 54%] Built target nav2_navigate_to_pose_action_bt_node
[30.523s] [ 55%] [32m[1mLinking CXX static library libgtest.a[0m
[30.566s] [ 55%] Built target gtest
[30.584s] [35m[1mScanning dependencies of target test_condition_distance_traveled[0m
[30.584s] [35m[1mScanning dependencies of target test_condition_transform_available[0m
[30.584s] [35m[1mScanning dependencies of target test_condition_is_battery_low[0m
[30.584s] [35m[1mScanning dependencies of target test_condition_goal_updated[0m
[30.584s] [35m[1mScanning dependencies of target test_bt_conversions[0m
[30.584s] [35m[1mScanning dependencies of target test_condition_time_expired[0m
[30.584s] [35m[1mScanning dependencies of target test_decorator_speed_controller[0m
[30.585s] [35m[1mScanning dependencies of target test_condition_initial_pose_received[0m
[30.586s] [35m[1mScanning dependencies of target test_decorator_rate_controller[0m
[30.587s] [35m[1mScanning dependencies of target test_condition_goal_reached[0m
[30.588s] [35m[1mScanning dependencies of target test_control_round_robin_node[0m
[30.591s] [35m[1mScanning dependencies of target test_goal_updater_node[0m
[30.598s] [35m[1mScanning dependencies of target test_control_recovery_node[0m
[30.602s] [35m[1mScanning dependencies of target test_control_pipeline_sequence[0m
[30.611s] [35m[1mScanning dependencies of target test_condition_is_stuck[0m
[30.627s] [35m[1mScanning dependencies of target test_decorator_distance_controller[0m
[30.639s] [ 56%] [32mBuilding CXX object test/CMakeFiles/test_bt_conversions.dir/test_bt_conversions.cpp.o[0m
[30.658s] [ 57%] [32mBuilding CXX object test/plugins/condition/CMakeFiles/test_condition_transform_available.dir/test_transform_available.cpp.o[0m
[30.665s] [ 59%] [32mBuilding CXX object test/plugins/condition/CMakeFiles/test_condition_goal_updated.dir/test_goal_updated.cpp.o[0m
[30.665s] [ 59%] [32mBuilding CXX object test/plugins/condition/CMakeFiles/test_condition_is_battery_low.dir/test_is_battery_low.cpp.o[0m
[30.667s] [ 60%] [32mBuilding CXX object test/plugins/condition/CMakeFiles/test_condition_time_expired.dir/test_time_expired.cpp.o[0m
[30.669s] [ 61%] [32mBuilding CXX object test/plugins/decorator/CMakeFiles/test_decorator_rate_controller.dir/test_rate_controller.cpp.o[0m
[30.675s] [ 63%] [32mBuilding CXX object test/plugins/condition/CMakeFiles/test_condition_initial_pose_received.dir/test_initial_pose_received.cpp.o[0m
[30.675s] [ 63%] [32mBuilding CXX object test/plugins/condition/CMakeFiles/test_condition_distance_traveled.dir/test_distance_traveled.cpp.o[0m
[30.675s] [ 64%] [32mBuilding CXX object test/plugins/condition/CMakeFiles/test_condition_goal_reached.dir/test_goal_reached.cpp.o[0m
[30.689s] [ 65%] [32mBuilding CXX object test/plugins/decorator/CMakeFiles/test_decorator_speed_controller.dir/test_speed_controller.cpp.o[0m
[30.693s] [ 66%] [32mBuilding CXX object test/plugins/control/CMakeFiles/test_control_pipeline_sequence.dir/test_pipeline_sequence.cpp.o[0m
[30.699s] [ 67%] [32mBuilding CXX object test/plugins/control/CMakeFiles/test_control_round_robin_node.dir/test_round_robin_node.cpp.o[0m
[30.706s] [ 68%] [32mBuilding CXX object test/plugins/decorator/CMakeFiles/test_goal_updater_node.dir/test_goal_updater_node.cpp.o[0m
[30.708s] [ 69%] [32mBuilding CXX object test/plugins/decorator/CMakeFiles/test_decorator_distance_controller.dir/test_distance_controller.cpp.o[0m
[30.713s] [ 70%] [32mBuilding CXX object test/plugins/control/CMakeFiles/test_control_recovery_node.dir/test_recovery_node.cpp.o[0m
[30.715s] [ 71%] [32mBuilding CXX object test/plugins/condition/CMakeFiles/test_condition_is_stuck.dir/test_is_stuck.cpp.o[0m
[35.430s] [ 72%] [32m[1mLinking CXX executable test_bt_conversions[0m
[36.065s] [ 72%] Built target test_bt_conversions
[36.133s] [35m[1mScanning dependencies of target test_truncate_path_action[0m
[36.281s] [ 73%] [32mBuilding CXX object test/plugins/action/CMakeFiles/test_truncate_path_action.dir/test_truncate_path_action.cpp.o[0m
[38.889s] [ 74%] [32m[1mLinking CXX executable test_goal_updater_node[0m
[39.389s] [ 75%] [32m[1mLinking CXX executable test_condition_initial_pose_received[0m
[39.438s] [ 76%] [32m[1mLinking CXX executable test_condition_time_expired[0m
[39.466s] [ 76%] Built target test_goal_updater_node
[39.535s] [35m[1mScanning dependencies of target test_action_navigate_to_pose_action[0m
[39.681s] [ 77%] [32mBuilding CXX object test/plugins/action/CMakeFiles/test_action_navigate_to_pose_action.dir/test_navigate_to_pose_action.cpp.o[0m
[39.707s] [ 78%] [32m[1mLinking CXX executable test_decorator_distance_controller[0m
[39.715s] [ 79%] [32m[1mLinking CXX executable test_condition_goal_updated[0m
[39.722s] [ 80%] [32m[1mLinking CXX executable test_condition_distance_traveled[0m
[39.810s] [ 80%] Built target test_condition_initial_pose_received
[39.872s] [35m[1mScanning dependencies of target test_action_follow_path_action[0m
[39.959s] [ 80%] Built target test_condition_time_expired
[40.046s] [ 81%] [32mBuilding CXX object test/plugins/action/CMakeFiles/test_action_follow_path_action.dir/test_follow_path_action.cpp.o[0m
[40.048s] [35m[1mScanning dependencies of target test_action_compute_path_to_pose_action[0m
[40.186s] [ 82%] [32mBuilding CXX object test/plugins/action/CMakeFiles/test_action_compute_path_to_pose_action.dir/test_compute_path_to_pose_action.cpp.o[0m
[40.213s] [ 82%] Built target test_condition_goal_updated
[40.232s] [ 82%] Built target test_condition_distance_traveled
[40.252s] [35m[1mScanning dependencies of target test_action_reinitialize_global_localization_service[0m
[40.292s] [35m[1mScanning dependencies of target test_action_clear_costmap_service[0m
[40.318s] [ 82%] Built target test_decorator_distance_controller
[40.329s] [ 83%] [32m[1mLinking CXX executable test_condition_transform_available[0m
[40.368s] [ 84%] [32mBuilding CXX object test/plugins/action/CMakeFiles/test_action_reinitialize_global_localization_service.dir/test_reinitialize_global_localization_service.cpp.o[0m
[40.383s] [ 85%] [32mBuilding CXX object test/plugins/action/CMakeFiles/test_action_clear_costmap_service.dir/test_clear_costmap_service.cpp.o[0m
[40.504s] [ 86%] [32m[1mLinking CXX executable test_control_recovery_node[0m
[40.650s] [ 87%] [32m[1mLinking CXX executable test_condition_is_battery_low[0m
[40.677s] [ 88%] [32m[1mLinking CXX executable test_decorator_rate_controller[0m
[40.744s] [ 88%] Built target test_condition_transform_available
[40.958s] [ 88%] Built target test_control_recovery_node
[41.092s] [ 88%] Built target test_decorator_rate_controller
[41.101s] [ 88%] Built target test_condition_is_battery_low
[41.185s] [ 89%] [32m[1mLinking CXX executable test_condition_goal_reached[0m
[41.194s] [ 90%] [32m[1mLinking CXX executable test_control_pipeline_sequence[0m
[41.243s] [ 91%] [32m[1mLinking CXX executable test_decorator_speed_controller[0m
[41.302s] [ 92%] [32m[1mLinking CXX executable test_control_round_robin_node[0m
[41.694s] [ 93%] [32m[1mLinking CXX executable test_condition_is_stuck[0m
[41.701s] [ 93%] Built target test_control_pipeline_sequence
[41.798s] [ 93%] Built target test_decorator_speed_controller
[41.805s] [ 93%] Built target test_condition_goal_reached
[41.846s] [ 93%] Built target test_control_round_robin_node
[42.162s] [ 93%] Built target test_condition_is_stuck
[44.172s] [ 94%] [32m[1mLinking CXX executable test_truncate_path_action[0m
[44.562s] [ 94%] Built target test_truncate_path_action
[46.587s] [ 95%] [32m[1mLinking CXX executable test_action_reinitialize_global_localization_service[0m
[46.818s] [ 95%] Built target test_action_reinitialize_global_localization_service
[47.010s] [ 96%] [32m[1mLinking CXX executable test_action_clear_costmap_service[0m
[47.234s] [ 96%] Built target test_action_clear_costmap_service
[48.410s] [ 97%] [32m[1mLinking CXX executable test_action_navigate_to_pose_action[0m
[48.645s] [ 97%] Built target test_action_navigate_to_pose_action
[48.856s] [ 98%] [32m[1mLinking CXX executable test_action_compute_path_to_pose_action[0m
[48.924s] [100%] [32m[1mLinking CXX executable test_action_follow_path_action[0m
[49.103s] [100%] Built target test_action_compute_path_to_pose_action
[49.156s] [100%] Built target test_action_follow_path_action
[49.170s] Invoked command in '/home/nth/ros2_ws/build/nav2_behavior_tree' returned '0': AMENT_PREFIX_PATH=/home/nth/ros2_ws/install/nav2_util:/home/nth/ros2_ws/install/nav2_msgs:/home/nth/ros2_ws/install/nav2_common:${AMENT_PREFIX_PATH} CMAKE_PREFIX_PATH=/home/nth/ros2_ws/install/nav2_util:/home/nth/ros2_ws/install/nav2_msgs:/home/nth/ros2_ws/install/nav2_common:/home/nth/rtc_ws/install/turtlebot3:/home/nth/rtc_ws/install/turtlebot3_bringup:/home/nth/rtc_ws/install/turtlebot3_node:/home/nth/rtc_ws/install/turtlebot3_navigation2:/home/nth/rtc_ws/install/turtlebot3_msgs:/home/nth/rtc_ws/install/turtlebot3_description:/home/nth/rtc_ws/install/turtlebot3_cartographer:/home/nth/rtc_ws/install/teb_msgs:/home/nth/rtc_ws/install/nav2_system_tests:/home/nth/rtc_ws/install/nav2_bringup:/home/nth/rtc_ws/install/navigation2:/home/nth/rtc_ws/install/smac_planner:/home/nth/rtc_ws/install/rplidar_ros2:/home/nth/rtc_ws/install/robot_localization:/home/nth/rtc_ws/install/nav2_dwb_controller:/home/nth/rtc_ws/install/nav2_controller:/home/nth/rtc_ws/install/dwb_plugins:/home/nth/rtc_ws/install/dwb_critics:/home/nth/rtc_ws/install/dwb_core:/home/nth/rtc_ws/install/nav_2d_utils:/home/nth/rtc_ws/install/dwb_msgs:/home/nth/rtc_ws/install/nav_2d_msgs:/home/nth/rtc_ws/install/nav2_waypoint_follower:/home/nth/rtc_ws/install/nav2_regulated_pure_pursuit_controller:/home/nth/rtc_ws/install/nav2_recoveries:/home/nth/rtc_ws/install/nav2_planner:/home/nth/rtc_ws/install/nav2_navfn_planner:/home/nth/rtc_ws/install/nav2_core:/home/nth/rtc_ws/install/costmap_queue:/home/nth/rtc_ws/install/costmap_converter:/home/nth/rtc_ws/install/nav2_costmap_2d:/home/nth/rtc_ws/install/nav2_voxel_grid:/home/nth/rtc_ws/install/nav2_rviz_plugins:/home/nth/rtc_ws/install/nav2_map_server:/home/nth/rtc_ws/install/nav2_lifecycle_manager:/home/nth/rtc_ws/install/nav2_bt_navigator:/home/nth/rtc_ws/install/nav2_behavior_tree:/home/nth/rtc_ws/install/nav2_amcl:/home/nth/rtc_ws/install/nav2_util:/home/nth/rtc_ws/install/nav2_msgs:/home/nth/rtc_ws/install/nav2_common:/home/nth/rtc_ws/install/ld08_driver:/home/nth/rtc_ws/install/g2o:/home/nth/rtc_ws/install/dynamixel_sdk_examples:/home/nth/rtc_ws/install/dynamixel_sdk_custom_interfaces:/home/nth/rtc_ws/install/dynamixel_sdk:/home/nth/rtc_ws/install/costmap_converter_msgs:/home/nth/rtc_ws/install/aws_robomaker_small_warehouse_world:/home/nth/rtcamr_ws/install/turtlebot3_msgs:/home/nth/rtcamr_ws/install/turtlebot3_gazebo:/home/nth/rtcamr_ws/install/turtlebot3_description:/home/nth/rtcamr_ws/install/turtlebot3_cartographer:/home/nth/rtcamr_ws/install/rplidar_ros2:/home/nth/rtcamr_ws/install/dwb_msgs:/home/nth/rtcamr_ws/install/nav_2d_msgs:/home/nth/rtcamr_ws/install/nav2_voxel_grid:/home/nth/rtcamr_ws/install/nav2_msgs:/home/nth/rtcamr_ws/install/nav2_common:/home/nth/rtcamr_ws/install/aws_robomaker_small_warehouse_world:/home/nth/rtc_ws/install/turtlebot3_teleop:/home/nth/rtc_ws/install/turtlebot3_example:/home/nth/rtc_ws/install/nav2_simple_commander:/home/nth/rtc_ws/install/nav2_gazebo_spawner:/home/nth/rtcamr_ws/install/turtlebot3_teleop:/home/nth/rtcamr_ws/install/turtlebot3_example:/home/nth/rtcamr_ws/install/nav2_simple_commander:/home/nth/rtcamr_ws/install/nav2_gazebo_spawner:/opt/ros/foxy LD_LIBRARY_PATH=/home/nth/ros2_ws/install/nav2_util/lib:/home/nth/ros2_ws/install/nav2_msgs/lib:${LD_LIBRARY_PATH} PYTHONPATH=/home/nth/ros2_ws/install/nav2_msgs/lib/python3.8/site-packages:/home/nth/ros2_ws/install/nav2_common/lib/python3.8/site-packages:${PYTHONPATH} /usr/bin/cmake --build /home/nth/ros2_ws/build/nav2_behavior_tree -- -j16 -l16
[49.306s] Invoking command in '/home/nth/ros2_ws/build/nav2_behavior_tree': AMENT_PREFIX_PATH=/home/nth/ros2_ws/install/nav2_util:/home/nth/ros2_ws/install/nav2_msgs:/home/nth/ros2_ws/install/nav2_common:${AMENT_PREFIX_PATH} CMAKE_PREFIX_PATH=/home/nth/ros2_ws/install/nav2_util:/home/nth/ros2_ws/install/nav2_msgs:/home/nth/ros2_ws/install/nav2_common:/home/nth/rtc_ws/install/turtlebot3:/home/nth/rtc_ws/install/turtlebot3_bringup:/home/nth/rtc_ws/install/turtlebot3_node:/home/nth/rtc_ws/install/turtlebot3_navigation2:/home/nth/rtc_ws/install/turtlebot3_msgs:/home/nth/rtc_ws/install/turtlebot3_description:/home/nth/rtc_ws/install/turtlebot3_cartographer:/home/nth/rtc_ws/install/teb_msgs:/home/nth/rtc_ws/install/nav2_system_tests:/home/nth/rtc_ws/install/nav2_bringup:/home/nth/rtc_ws/install/navigation2:/home/nth/rtc_ws/install/smac_planner:/home/nth/rtc_ws/install/rplidar_ros2:/home/nth/rtc_ws/install/robot_localization:/home/nth/rtc_ws/install/nav2_dwb_controller:/home/nth/rtc_ws/install/nav2_controller:/home/nth/rtc_ws/install/dwb_plugins:/home/nth/rtc_ws/install/dwb_critics:/home/nth/rtc_ws/install/dwb_core:/home/nth/rtc_ws/install/nav_2d_utils:/home/nth/rtc_ws/install/dwb_msgs:/home/nth/rtc_ws/install/nav_2d_msgs:/home/nth/rtc_ws/install/nav2_waypoint_follower:/home/nth/rtc_ws/install/nav2_regulated_pure_pursuit_controller:/home/nth/rtc_ws/install/nav2_recoveries:/home/nth/rtc_ws/install/nav2_planner:/home/nth/rtc_ws/install/nav2_navfn_planner:/home/nth/rtc_ws/install/nav2_core:/home/nth/rtc_ws/install/costmap_queue:/home/nth/rtc_ws/install/costmap_converter:/home/nth/rtc_ws/install/nav2_costmap_2d:/home/nth/rtc_ws/install/nav2_voxel_grid:/home/nth/rtc_ws/install/nav2_rviz_plugins:/home/nth/rtc_ws/install/nav2_map_server:/home/nth/rtc_ws/install/nav2_lifecycle_manager:/home/nth/rtc_ws/install/nav2_bt_navigator:/home/nth/rtc_ws/install/nav2_behavior_tree:/home/nth/rtc_ws/install/nav2_amcl:/home/nth/rtc_ws/install/nav2_util:/home/nth/rtc_ws/install/nav2_msgs:/home/nth/rtc_ws/install/nav2_common:/home/nth/rtc_ws/install/ld08_driver:/home/nth/rtc_ws/install/g2o:/home/nth/rtc_ws/install/dynamixel_sdk_examples:/home/nth/rtc_ws/install/dynamixel_sdk_custom_interfaces:/home/nth/rtc_ws/install/dynamixel_sdk:/home/nth/rtc_ws/install/costmap_converter_msgs:/home/nth/rtc_ws/install/aws_robomaker_small_warehouse_world:/home/nth/rtcamr_ws/install/turtlebot3_msgs:/home/nth/rtcamr_ws/install/turtlebot3_gazebo:/home/nth/rtcamr_ws/install/turtlebot3_description:/home/nth/rtcamr_ws/install/turtlebot3_cartographer:/home/nth/rtcamr_ws/install/rplidar_ros2:/home/nth/rtcamr_ws/install/dwb_msgs:/home/nth/rtcamr_ws/install/nav_2d_msgs:/home/nth/rtcamr_ws/install/nav2_voxel_grid:/home/nth/rtcamr_ws/install/nav2_msgs:/home/nth/rtcamr_ws/install/nav2_common:/home/nth/rtcamr_ws/install/aws_robomaker_small_warehouse_world:/home/nth/rtc_ws/install/turtlebot3_teleop:/home/nth/rtc_ws/install/turtlebot3_example:/home/nth/rtc_ws/install/nav2_simple_commander:/home/nth/rtc_ws/install/nav2_gazebo_spawner:/home/nth/rtcamr_ws/install/turtlebot3_teleop:/home/nth/rtcamr_ws/install/turtlebot3_example:/home/nth/rtcamr_ws/install/nav2_simple_commander:/home/nth/rtcamr_ws/install/nav2_gazebo_spawner:/opt/ros/foxy LD_LIBRARY_PATH=/home/nth/ros2_ws/install/nav2_util/lib:/home/nth/ros2_ws/install/nav2_msgs/lib:${LD_LIBRARY_PATH} PYTHONPATH=/home/nth/ros2_ws/install/nav2_msgs/lib/python3.8/site-packages:/home/nth/ros2_ws/install/nav2_common/lib/python3.8/site-packages:${PYTHONPATH} /usr/bin/cmake --install /home/nth/ros2_ws/build/nav2_behavior_tree
[49.316s] -- Install configuration: "Release"
[49.316s] -- Installing: /home/nth/ros2_ws/install/nav2_behavior_tree/lib/libnav2_behavior_tree.so
[49.317s] -- Set runtime path of "/home/nth/ros2_ws/install/nav2_behavior_tree/lib/libnav2_behavior_tree.so" to ""
[49.317s] -- Installing: /home/nth/ros2_ws/install/nav2_behavior_tree/lib/libnav2_compute_path_to_pose_action_bt_node.so
[49.317s] -- Set runtime path of "/home/nth/ros2_ws/install/nav2_behavior_tree/lib/libnav2_compute_path_to_pose_action_bt_node.so" to ""
[49.317s] -- Installing: /home/nth/ros2_ws/install/nav2_behavior_tree/lib/libnav2_follow_path_action_bt_node.so
[49.318s] -- Set runtime path of "/home/nth/ros2_ws/install/nav2_behavior_tree/lib/libnav2_follow_path_action_bt_node.so" to ""
[49.318s] -- Installing: /home/nth/ros2_ws/install/nav2_behavior_tree/lib/libnav2_back_up_action_bt_node.so
[49.318s] -- Set runtime path of "/home/nth/ros2_ws/install/nav2_behavior_tree/lib/libnav2_back_up_action_bt_node.so" to ""
[49.319s] -- Installing: /home/nth/ros2_ws/install/nav2_behavior_tree/lib/libnav2_spin_action_bt_node.so
[49.319s] -- Set runtime path of "/home/nth/ros2_ws/install/nav2_behavior_tree/lib/libnav2_spin_action_bt_node.so" to ""
[49.319s] -- Installing: /home/nth/ros2_ws/install/nav2_behavior_tree/lib/libnav2_wait_action_bt_node.so
[49.320s] -- Set runtime path of "/home/nth/ros2_ws/install/nav2_behavior_tree/lib/libnav2_wait_action_bt_node.so" to ""
[49.320s] -- Installing: /home/nth/ros2_ws/install/nav2_behavior_tree/lib/libnav2_clear_costmap_service_bt_node.so
[49.320s] -- Set runtime path of "/home/nth/ros2_ws/install/nav2_behavior_tree/lib/libnav2_clear_costmap_service_bt_node.so" to ""
[49.321s] -- Installing: /home/nth/ros2_ws/install/nav2_behavior_tree/lib/libnav2_is_stuck_condition_bt_node.so
[49.321s] -- Set runtime path of "/home/nth/ros2_ws/install/nav2_behavior_tree/lib/libnav2_is_stuck_condition_bt_node.so" to ""
[49.321s] -- Installing: /home/nth/ros2_ws/install/nav2_behavior_tree/lib/libnav2_transform_available_condition_bt_node.so
[49.321s] -- Set runtime path of "/home/nth/ros2_ws/install/nav2_behavior_tree/lib/libnav2_transform_available_condition_bt_node.so" to ""
[49.321s] -- Installing: /home/nth/ros2_ws/install/nav2_behavior_tree/lib/libnav2_goal_reached_condition_bt_node.so
[49.322s] -- Set runtime path of "/home/nth/ros2_ws/install/nav2_behavior_tree/lib/libnav2_goal_reached_condition_bt_node.so" to ""
[49.322s] -- Installing: /home/nth/ros2_ws/install/nav2_behavior_tree/lib/libnav2_goal_updated_condition_bt_node.so
[49.322s] -- Set runtime path of "/home/nth/ros2_ws/install/nav2_behavior_tree/lib/libnav2_goal_updated_condition_bt_node.so" to ""
[49.322s] -- Installing: /home/nth/ros2_ws/install/nav2_behavior_tree/lib/libnav2_time_expired_condition_bt_node.so
[49.322s] -- Set runtime path of "/home/nth/ros2_ws/install/nav2_behavior_tree/lib/libnav2_time_expired_condition_bt_node.so" to ""
[49.323s] -- Installing: /home/nth/ros2_ws/install/nav2_behavior_tree/lib/libnav2_distance_traveled_condition_bt_node.so
[49.324s] -- Set runtime path of "/home/nth/ros2_ws/install/nav2_behavior_tree/lib/libnav2_distance_traveled_condition_bt_node.so" to ""
[49.324s] -- Installing: /home/nth/ros2_ws/install/nav2_behavior_tree/lib/libnav2_initial_pose_received_condition_bt_node.so
[49.325s] -- Set runtime path of "/home/nth/ros2_ws/install/nav2_behavior_tree/lib/libnav2_initial_pose_received_condition_bt_node.so" to ""
[49.325s] -- Installing: /home/nth/ros2_ws/install/nav2_behavior_tree/lib/libnav2_is_battery_low_condition_bt_node.so
[49.325s] -- Set runtime path of "/home/nth/ros2_ws/install/nav2_behavior_tree/lib/libnav2_is_battery_low_condition_bt_node.so" to ""
[49.326s] -- Installing: /home/nth/ros2_ws/install/nav2_behavior_tree/lib/libnav2_reinitialize_global_localization_service_bt_node.so
[49.326s] -- Set runtime path of "/home/nth/ros2_ws/install/nav2_behavior_tree/lib/libnav2_reinitialize_global_localization_service_bt_node.so" to ""
[49.326s] -- Installing: /home/nth/ros2_ws/install/nav2_behavior_tree/lib/libnav2_rate_controller_bt_node.so
[49.326s] -- Set runtime path of "/home/nth/ros2_ws/install/nav2_behavior_tree/lib/libnav2_rate_controller_bt_node.so" to ""
[49.327s] -- Installing: /home/nth/ros2_ws/install/nav2_behavior_tree/lib/libnav2_distance_controller_bt_node.so
[49.327s] -- Set runtime path of "/home/nth/ros2_ws/install/nav2_behavior_tree/lib/libnav2_distance_controller_bt_node.so" to ""
[49.327s] -- Installing: /home/nth/ros2_ws/install/nav2_behavior_tree/lib/libnav2_speed_controller_bt_node.so
[49.327s] -- Set runtime path of "/home/nth/ros2_ws/install/nav2_behavior_tree/lib/libnav2_speed_controller_bt_node.so" to ""
[49.328s] -- Installing: /home/nth/ros2_ws/install/nav2_behavior_tree/lib/libnav2_truncate_path_action_bt_node.so
[49.328s] -- Set runtime path of "/home/nth/ros2_ws/install/nav2_behavior_tree/lib/libnav2_truncate_path_action_bt_node.so" to ""
[49.328s] -- Installing: /home/nth/ros2_ws/install/nav2_behavior_tree/lib/libnav2_goal_updater_node_bt_node.so
[49.329s] -- Set runtime path of "/home/nth/ros2_ws/install/nav2_behavior_tree/lib/libnav2_goal_updater_node_bt_node.so" to ""
[49.329s] -- Installing: /home/nth/ros2_ws/install/nav2_behavior_tree/lib/libnav2_recovery_node_bt_node.so
[49.329s] -- Set runtime path of "/home/nth/ros2_ws/install/nav2_behavior_tree/lib/libnav2_recovery_node_bt_node.so" to ""
[49.329s] -- Installing: /home/nth/ros2_ws/install/nav2_behavior_tree/lib/libnav2_navigate_to_pose_action_bt_node.so
[49.330s] -- Set runtime path of "/home/nth/ros2_ws/install/nav2_behavior_tree/lib/libnav2_navigate_to_pose_action_bt_node.so" to ""
[49.330s] -- Installing: /home/nth/ros2_ws/install/nav2_behavior_tree/lib/libnav2_pipeline_sequence_bt_node.so
[49.330s] -- Set runtime path of "/home/nth/ros2_ws/install/nav2_behavior_tree/lib/libnav2_pipeline_sequence_bt_node.so" to ""
[49.330s] -- Installing: /home/nth/ros2_ws/install/nav2_behavior_tree/lib/libnav2_round_robin_node_bt_node.so
[49.330s] -- Set runtime path of "/home/nth/ros2_ws/install/nav2_behavior_tree/lib/libnav2_round_robin_node_bt_node.so" to ""
[49.330s] -- Installing: /home/nth/ros2_ws/install/nav2_behavior_tree/include/
[49.330s] -- Installing: /home/nth/ros2_ws/install/nav2_behavior_tree/include//nav2_behavior_tree
[49.330s] -- Installing: /home/nth/ros2_ws/install/nav2_behavior_tree/include//nav2_behavior_tree/bt_action_node.hpp
[49.331s] -- Installing: /home/nth/ros2_ws/install/nav2_behavior_tree/include//nav2_behavior_tree/bt_conversions.hpp
[49.331s] -- Installing: /home/nth/ros2_ws/install/nav2_behavior_tree/include//nav2_behavior_tree/behavior_tree_engine.hpp
[49.331s] -- Installing: /home/nth/ros2_ws/install/nav2_behavior_tree/include//nav2_behavior_tree/bt_service_node.hpp
[49.331s] -- Installing: /home/nth/ros2_ws/install/nav2_behavior_tree/include//nav2_behavior_tree/plugins
[49.331s] -- Installing: /home/nth/ros2_ws/install/nav2_behavior_tree/include//nav2_behavior_tree/plugins/action
[49.331s] -- Installing: /home/nth/ros2_ws/install/nav2_behavior_tree/include//nav2_behavior_tree/plugins/action/clear_costmap_service.hpp
[49.331s] -- Installing: /home/nth/ros2_ws/install/nav2_behavior_tree/include//nav2_behavior_tree/plugins/action/truncate_path_action.hpp
[49.331s] -- Installing: /home/nth/ros2_ws/install/nav2_behavior_tree/include//nav2_behavior_tree/plugins/action/compute_path_to_pose_action.hpp
[49.331s] -- Installing: /home/nth/ros2_ws/install/nav2_behavior_tree/include//nav2_behavior_tree/plugins/action/back_up_action.hpp
[49.332s] -- Installing: /home/nth/ros2_ws/install/nav2_behavior_tree/include//nav2_behavior_tree/plugins/action/navigate_to_pose_action.hpp
[49.332s] -- Installing: /home/nth/ros2_ws/install/nav2_behavior_tree/include//nav2_behavior_tree/plugins/action/follow_path_action.hpp
[49.332s] -- Installing: /home/nth/ros2_ws/install/nav2_behavior_tree/include//nav2_behavior_tree/plugins/action/wait_action.hpp
[49.332s] -- Installing: /home/nth/ros2_ws/install/nav2_behavior_tree/include//nav2_behavior_tree/plugins/action/spin_action.hpp
[49.332s] -- Installing: /home/nth/ros2_ws/install/nav2_behavior_tree/include//nav2_behavior_tree/plugins/action/reinitialize_global_localization_service.hpp
[49.332s] -- Installing: /home/nth/ros2_ws/install/nav2_behavior_tree/include//nav2_behavior_tree/plugins/decorator
[49.332s] -- Installing: /home/nth/ros2_ws/install/nav2_behavior_tree/include//nav2_behavior_tree/plugins/decorator/speed_controller.hpp
[49.332s] -- Installing: /home/nth/ros2_ws/install/nav2_behavior_tree/include//nav2_behavior_tree/plugins/decorator/rate_controller.hpp
[49.333s] -- Installing: /home/nth/ros2_ws/install/nav2_behavior_tree/include//nav2_behavior_tree/plugins/decorator/distance_controller.hpp
[49.333s] -- Installing: /home/nth/ros2_ws/install/nav2_behavior_tree/include//nav2_behavior_tree/plugins/decorator/goal_updater_node.hpp
[49.333s] -- Installing: /home/nth/ros2_ws/install/nav2_behavior_tree/include//nav2_behavior_tree/plugins/condition
[49.333s] -- Installing: /home/nth/ros2_ws/install/nav2_behavior_tree/include//nav2_behavior_tree/plugins/condition/initial_pose_received_condition.hpp
[49.333s] -- Installing: /home/nth/ros2_ws/install/nav2_behavior_tree/include//nav2_behavior_tree/plugins/condition/transform_available_condition.hpp
[49.333s] -- Installing: /home/nth/ros2_ws/install/nav2_behavior_tree/include//nav2_behavior_tree/plugins/condition/is_battery_low_condition.hpp
[49.333s] -- Installing: /home/nth/ros2_ws/install/nav2_behavior_tree/include//nav2_behavior_tree/plugins/condition/time_expired_condition.hpp
[49.333s] -- Installing: /home/nth/ros2_ws/install/nav2_behavior_tree/include//nav2_behavior_tree/plugins/condition/goal_reached_condition.hpp
[49.333s] -- Installing: /home/nth/ros2_ws/install/nav2_behavior_tree/include//nav2_behavior_tree/plugins/condition/is_stuck_condition.hpp
[49.333s] -- Installing: /home/nth/ros2_ws/install/nav2_behavior_tree/include//nav2_behavior_tree/plugins/condition/goal_updated_condition.hpp
[49.333s] -- Installing: /home/nth/ros2_ws/install/nav2_behavior_tree/include//nav2_behavior_tree/plugins/condition/distance_traveled_condition.hpp
[49.333s] -- Installing: /home/nth/ros2_ws/install/nav2_behavior_tree/include//nav2_behavior_tree/plugins/control
[49.334s] -- Installing: /home/nth/ros2_ws/install/nav2_behavior_tree/include//nav2_behavior_tree/plugins/control/pipeline_sequence.hpp
[49.334s] -- Installing: /home/nth/ros2_ws/install/nav2_behavior_tree/include//nav2_behavior_tree/plugins/control/recovery_node.hpp
[49.334s] -- Installing: /home/nth/ros2_ws/install/nav2_behavior_tree/include//nav2_behavior_tree/plugins/control/round_robin_node.hpp
[49.334s] -- Installing: /home/nth/ros2_ws/install/nav2_behavior_tree/share/nav2_behavior_tree/nav2_tree_nodes.xml
[49.334s] -- Installing: /home/nth/ros2_ws/install/nav2_behavior_tree/share/nav2_behavior_tree/environment/library_path.sh
[49.334s] -- Installing: /home/nth/ros2_ws/install/nav2_behavior_tree/share/nav2_behavior_tree/environment/library_path.dsv
[49.334s] -- Installing: /home/nth/ros2_ws/install/nav2_behavior_tree/share/ament_index/resource_index/package_run_dependencies/nav2_behavior_tree
[49.334s] -- Installing: /home/nth/ros2_ws/install/nav2_behavior_tree/share/ament_index/resource_index/parent_prefix_path/nav2_behavior_tree
[49.334s] -- Installing: /home/nth/ros2_ws/install/nav2_behavior_tree/share/nav2_behavior_tree/environment/ament_prefix_path.sh
[49.334s] -- Installing: /home/nth/ros2_ws/install/nav2_behavior_tree/share/nav2_behavior_tree/environment/ament_prefix_path.dsv
[49.334s] -- Installing: /home/nth/ros2_ws/install/nav2_behavior_tree/share/nav2_behavior_tree/environment/path.sh
[49.335s] -- Installing: /home/nth/ros2_ws/install/nav2_behavior_tree/share/nav2_behavior_tree/environment/path.dsv
[49.335s] -- Installing: /home/nth/ros2_ws/install/nav2_behavior_tree/share/nav2_behavior_tree/local_setup.bash
[49.335s] -- Installing: /home/nth/ros2_ws/install/nav2_behavior_tree/share/nav2_behavior_tree/local_setup.sh
[49.335s] -- Installing: /home/nth/ros2_ws/install/nav2_behavior_tree/share/nav2_behavior_tree/local_setup.zsh
[49.335s] -- Installing: /home/nth/ros2_ws/install/nav2_behavior_tree/share/nav2_behavior_tree/local_setup.dsv
[49.335s] -- Installing: /home/nth/ros2_ws/install/nav2_behavior_tree/share/nav2_behavior_tree/package.dsv
[49.335s] -- Installing: /home/nth/ros2_ws/install/nav2_behavior_tree/share/ament_index/resource_index/packages/nav2_behavior_tree
[49.335s] -- Installing: /home/nth/ros2_ws/install/nav2_behavior_tree/share/nav2_behavior_tree/cmake/ament_cmake_export_include_directories-extras.cmake
[49.335s] -- Installing: /home/nth/ros2_ws/install/nav2_behavior_tree/share/nav2_behavior_tree/cmake/ament_cmake_export_libraries-extras.cmake
[49.335s] -- Installing: /home/nth/ros2_ws/install/nav2_behavior_tree/share/nav2_behavior_tree/cmake/ament_cmake_export_dependencies-extras.cmake
[49.336s] -- Installing: /home/nth/ros2_ws/install/nav2_behavior_tree/share/nav2_behavior_tree/cmake/nav2_behavior_treeConfig.cmake
[49.336s] -- Installing: /home/nth/ros2_ws/install/nav2_behavior_tree/share/nav2_behavior_tree/cmake/nav2_behavior_treeConfig-version.cmake
[49.336s] -- Installing: /home/nth/ros2_ws/install/nav2_behavior_tree/share/nav2_behavior_tree/package.xml
[49.338s] Invoked command in '/home/nth/ros2_ws/build/nav2_behavior_tree' returned '0': AMENT_PREFIX_PATH=/home/nth/ros2_ws/install/nav2_util:/home/nth/ros2_ws/install/nav2_msgs:/home/nth/ros2_ws/install/nav2_common:${AMENT_PREFIX_PATH} CMAKE_PREFIX_PATH=/home/nth/ros2_ws/install/nav2_util:/home/nth/ros2_ws/install/nav2_msgs:/home/nth/ros2_ws/install/nav2_common:/home/nth/rtc_ws/install/turtlebot3:/home/nth/rtc_ws/install/turtlebot3_bringup:/home/nth/rtc_ws/install/turtlebot3_node:/home/nth/rtc_ws/install/turtlebot3_navigation2:/home/nth/rtc_ws/install/turtlebot3_msgs:/home/nth/rtc_ws/install/turtlebot3_description:/home/nth/rtc_ws/install/turtlebot3_cartographer:/home/nth/rtc_ws/install/teb_msgs:/home/nth/rtc_ws/install/nav2_system_tests:/home/nth/rtc_ws/install/nav2_bringup:/home/nth/rtc_ws/install/navigation2:/home/nth/rtc_ws/install/smac_planner:/home/nth/rtc_ws/install/rplidar_ros2:/home/nth/rtc_ws/install/robot_localization:/home/nth/rtc_ws/install/nav2_dwb_controller:/home/nth/rtc_ws/install/nav2_controller:/home/nth/rtc_ws/install/dwb_plugins:/home/nth/rtc_ws/install/dwb_critics:/home/nth/rtc_ws/install/dwb_core:/home/nth/rtc_ws/install/nav_2d_utils:/home/nth/rtc_ws/install/dwb_msgs:/home/nth/rtc_ws/install/nav_2d_msgs:/home/nth/rtc_ws/install/nav2_waypoint_follower:/home/nth/rtc_ws/install/nav2_regulated_pure_pursuit_controller:/home/nth/rtc_ws/install/nav2_recoveries:/home/nth/rtc_ws/install/nav2_planner:/home/nth/rtc_ws/install/nav2_navfn_planner:/home/nth/rtc_ws/install/nav2_core:/home/nth/rtc_ws/install/costmap_queue:/home/nth/rtc_ws/install/costmap_converter:/home/nth/rtc_ws/install/nav2_costmap_2d:/home/nth/rtc_ws/install/nav2_voxel_grid:/home/nth/rtc_ws/install/nav2_rviz_plugins:/home/nth/rtc_ws/install/nav2_map_server:/home/nth/rtc_ws/install/nav2_lifecycle_manager:/home/nth/rtc_ws/install/nav2_bt_navigator:/home/nth/rtc_ws/install/nav2_behavior_tree:/home/nth/rtc_ws/install/nav2_amcl:/home/nth/rtc_ws/install/nav2_util:/home/nth/rtc_ws/install/nav2_msgs:/home/nth/rtc_ws/install/nav2_common:/home/nth/rtc_ws/install/ld08_driver:/home/nth/rtc_ws/install/g2o:/home/nth/rtc_ws/install/dynamixel_sdk_examples:/home/nth/rtc_ws/install/dynamixel_sdk_custom_interfaces:/home/nth/rtc_ws/install/dynamixel_sdk:/home/nth/rtc_ws/install/costmap_converter_msgs:/home/nth/rtc_ws/install/aws_robomaker_small_warehouse_world:/home/nth/rtcamr_ws/install/turtlebot3_msgs:/home/nth/rtcamr_ws/install/turtlebot3_gazebo:/home/nth/rtcamr_ws/install/turtlebot3_description:/home/nth/rtcamr_ws/install/turtlebot3_cartographer:/home/nth/rtcamr_ws/install/rplidar_ros2:/home/nth/rtcamr_ws/install/dwb_msgs:/home/nth/rtcamr_ws/install/nav_2d_msgs:/home/nth/rtcamr_ws/install/nav2_voxel_grid:/home/nth/rtcamr_ws/install/nav2_msgs:/home/nth/rtcamr_ws/install/nav2_common:/home/nth/rtcamr_ws/install/aws_robomaker_small_warehouse_world:/home/nth/rtc_ws/install/turtlebot3_teleop:/home/nth/rtc_ws/install/turtlebot3_example:/home/nth/rtc_ws/install/nav2_simple_commander:/home/nth/rtc_ws/install/nav2_gazebo_spawner:/home/nth/rtcamr_ws/install/turtlebot3_teleop:/home/nth/rtcamr_ws/install/turtlebot3_example:/home/nth/rtcamr_ws/install/nav2_simple_commander:/home/nth/rtcamr_ws/install/nav2_gazebo_spawner:/opt/ros/foxy LD_LIBRARY_PATH=/home/nth/ros2_ws/install/nav2_util/lib:/home/nth/ros2_ws/install/nav2_msgs/lib:${LD_LIBRARY_PATH} PYTHONPATH=/home/nth/ros2_ws/install/nav2_msgs/lib/python3.8/site-packages:/home/nth/ros2_ws/install/nav2_common/lib/python3.8/site-packages:${PYTHONPATH} /usr/bin/cmake --install /home/nth/ros2_ws/build/nav2_behavior_tree
