[0.995s] Invoking command in '/home/nth/ros2_ws/src/rssi_module': PYTHONPATH=/home/nth/ros2_ws/install/rssi/lib/python3.8/site-packages:${PYTHONPATH} /usr/bin/python3 setup.py egg_info --egg-base ../../build/rssi build --build-base /home/nth/ros2_ws/build/rssi/build install --prefix /home/nth/ros2_ws/install/rssi --record /home/nth/ros2_ws/build/rssi/install.log --single-version-externally-managed
[1.194s] Warning: 'classifiers' should be a list, got type 'tuple'
[1.202s] running egg_info
[1.202s] creating ../../build/rssi/rssi.egg-info
[1.202s] writing ../../build/rssi/rssi.egg-info/PKG-INFO
[1.203s] writing dependency_links to ../../build/rssi/rssi.egg-info/dependency_links.txt
[1.203s] writing top-level names to ../../build/rssi/rssi.egg-info/top_level.txt
[1.203s] writing manifest file '../../build/rssi/rssi.egg-info/SOURCES.txt'
[1.235s] reading manifest file '../../build/rssi/rssi.egg-info/SOURCES.txt'
[1.235s] writing manifest file '../../build/rssi/rssi.egg-info/SOURCES.txt'
[1.235s] running build
[1.235s] running build_py
[1.236s] creating /home/nth/ros2_ws/build/rssi/build
[1.236s] creating /home/nth/ros2_ws/build/rssi/build/lib
[1.236s] creating /home/nth/ros2_ws/build/rssi/build/lib/rssi
[1.236s] copying rssi/__init__.py -> /home/nth/ros2_ws/build/rssi/build/lib/rssi
[1.236s] running install
[1.236s] running install_lib
[1.236s] creating /home/nth/ros2_ws/install/rssi/lib/python3.8/site-packages/rssi
[1.237s] copying /home/nth/ros2_ws/build/rssi/build/lib/rssi/__init__.py -> /home/nth/ros2_ws/install/rssi/lib/python3.8/site-packages/rssi
[1.237s] byte-compiling /home/nth/ros2_ws/install/rssi/lib/python3.8/site-packages/rssi/__init__.py to __init__.cpython-38.pyc
[1.238s] running install_egg_info
[1.239s]   File "/home/nth/ros2_ws/install/rssi/lib/python3.8/site-packages/rssi/__init__.py", line 185
[1.239s]     'mac': self.getMacAddress(raw_cell)
[1.239s]     ^
[1.239s] SyntaxError: invalid syntax
[1.239s] 
[1.242s] Copying ../../build/rssi/rssi.egg-info to /home/nth/ros2_ws/install/rssi/lib/python3.8/site-packages/rssi-1.0.2-py3.8.egg-info
[1.242s] running install_scripts
[1.255s] writing list of installed files to '/home/nth/ros2_ws/build/rssi/install.log'
[1.311s] Invoked command in '/home/nth/ros2_ws/src/rssi_module' returned '0': PYTHONPATH=/home/nth/ros2_ws/install/rssi/lib/python3.8/site-packages:${PYTHONPATH} /usr/bin/python3 setup.py egg_info --egg-base ../../build/rssi build --build-base /home/nth/ros2_ws/build/rssi/build install --prefix /home/nth/ros2_ws/install/rssi --record /home/nth/ros2_ws/build/rssi/install.log --single-version-externally-managed
