[0.034s] Invoking command in '/home/nth/ros2_ws/build/dwb_msgs': AMENT_PREFIX_PATH=/home/nth/ros2_ws/install/nav_2d_msgs:${AMENT_PREFIX_PATH} CMAKE_PREFIX_PATH=/home/nth/ros2_ws/install/nav_2d_msgs:/home/nth/rtc_ws/install/turtlebot3:/home/nth/rtc_ws/install/turtlebot3_bringup:/home/nth/rtc_ws/install/turtlebot3_node:/home/nth/rtc_ws/install/turtlebot3_navigation2:/home/nth/rtc_ws/install/turtlebot3_msgs:/home/nth/rtc_ws/install/turtlebot3_description:/home/nth/rtc_ws/install/turtlebot3_cartographer:/home/nth/rtc_ws/install/teb_msgs:/home/nth/rtc_ws/install/nav2_system_tests:/home/nth/rtc_ws/install/nav2_bringup:/home/nth/rtc_ws/install/navigation2:/home/nth/rtc_ws/install/smac_planner:/home/nth/rtc_ws/install/rplidar_ros2:/home/nth/rtc_ws/install/robot_localization:/home/nth/rtc_ws/install/nav2_dwb_controller:/home/nth/rtc_ws/install/nav2_controller:/home/nth/rtc_ws/install/dwb_plugins:/home/nth/rtc_ws/install/dwb_critics:/home/nth/rtc_ws/install/dwb_core:/home/nth/rtc_ws/install/nav_2d_utils:/home/nth/rtc_ws/install/dwb_msgs:/home/nth/rtc_ws/install/nav_2d_msgs:/home/nth/rtc_ws/install/nav2_waypoint_follower:/home/nth/rtc_ws/install/nav2_regulated_pure_pursuit_controller:/home/nth/rtc_ws/install/nav2_recoveries:/home/nth/rtc_ws/install/nav2_planner:/home/nth/rtc_ws/install/nav2_navfn_planner:/home/nth/rtc_ws/install/nav2_core:/home/nth/rtc_ws/install/costmap_queue:/home/nth/rtc_ws/install/costmap_converter:/home/nth/rtc_ws/install/nav2_costmap_2d:/home/nth/rtc_ws/install/nav2_voxel_grid:/home/nth/rtc_ws/install/nav2_rviz_plugins:/home/nth/rtc_ws/install/nav2_map_server:/home/nth/rtc_ws/install/nav2_lifecycle_manager:/home/nth/rtc_ws/install/nav2_bt_navigator:/home/nth/rtc_ws/install/nav2_behavior_tree:/home/nth/rtc_ws/install/nav2_amcl:/home/nth/rtc_ws/install/nav2_util:/home/nth/rtc_ws/install/nav2_msgs:/home/nth/rtc_ws/install/nav2_common:/home/nth/rtc_ws/install/ld08_driver:/home/nth/rtc_ws/install/g2o:/home/nth/rtc_ws/install/dynamixel_sdk_examples:/home/nth/rtc_ws/install/dynamixel_sdk_custom_interfaces:/home/nth/rtc_ws/install/dynamixel_sdk:/home/nth/rtc_ws/install/costmap_converter_msgs:/home/nth/rtc_ws/install/aws_robomaker_small_warehouse_world:/home/nth/rtcamr_ws/install/turtlebot3_msgs:/home/nth/rtcamr_ws/install/turtlebot3_gazebo:/home/nth/rtcamr_ws/install/turtlebot3_description:/home/nth/rtcamr_ws/install/turtlebot3_cartographer:/home/nth/rtcamr_ws/install/rplidar_ros2:/home/nth/rtcamr_ws/install/dwb_msgs:/home/nth/rtcamr_ws/install/nav_2d_msgs:/home/nth/rtcamr_ws/install/nav2_voxel_grid:/home/nth/rtcamr_ws/install/nav2_msgs:/home/nth/rtcamr_ws/install/nav2_common:/home/nth/rtcamr_ws/install/aws_robomaker_small_warehouse_world:/home/nth/rtc_ws/install/turtlebot3_teleop:/home/nth/rtc_ws/install/turtlebot3_example:/home/nth/rtc_ws/install/nav2_simple_commander:/home/nth/rtc_ws/install/nav2_gazebo_spawner:/home/nth/rtcamr_ws/install/turtlebot3_teleop:/home/nth/rtcamr_ws/install/turtlebot3_example:/home/nth/rtcamr_ws/install/nav2_simple_commander:/home/nth/rtcamr_ws/install/nav2_gazebo_spawner:/opt/ros/foxy LD_LIBRARY_PATH=/home/nth/ros2_ws/install/nav_2d_msgs/lib:${LD_LIBRARY_PATH} PYTHONPATH=/home/nth/ros2_ws/install/nav_2d_msgs/lib/python3.8/site-packages:${PYTHONPATH} /usr/bin/cmake --build /home/nth/ros2_ws/build/dwb_msgs -- -j16 -l16
[0.098s] [  1%] Built target dwb_msgs__cpp
[0.102s] [ 12%] Built target dwb_msgs__rosidl_generator_c
[0.130s] [ 35%] Built target dwb_msgs__rosidl_typesupport_introspection_cpp
[0.130s] [ 35%] Built target dwb_msgs__rosidl_typesupport_cpp
[0.136s] [ 56%] Built target dwb_msgs__rosidl_typesupport_fastrtps_cpp
[0.136s] [ 58%] Built target dwb_msgs__rosidl_typesupport_introspection_c
[0.136s] [ 70%] Built target dwb_msgs__rosidl_typesupport_c
[0.173s] [ 82%] Built target dwb_msgs__rosidl_typesupport_fastrtps_c
[0.199s] [ 82%] Built target dwb_msgs
[0.226s] [ 83%] Built target dwb_msgs__py
[0.258s] [ 93%] Built target dwb_msgs__python
[0.284s] [100%] Built target dwb_msgs__rosidl_typesupport_c__pyext
[0.284s] [100%] Built target dwb_msgs__rosidl_typesupport_fastrtps_c__pyext
[0.284s] [100%] Built target dwb_msgs__rosidl_typesupport_introspection_c__pyext
[0.295s] Invoked command in '/home/nth/ros2_ws/build/dwb_msgs' returned '0': AMENT_PREFIX_PATH=/home/nth/ros2_ws/install/nav_2d_msgs:${AMENT_PREFIX_PATH} CMAKE_PREFIX_PATH=/home/nth/ros2_ws/install/nav_2d_msgs:/home/nth/rtc_ws/install/turtlebot3:/home/nth/rtc_ws/install/turtlebot3_bringup:/home/nth/rtc_ws/install/turtlebot3_node:/home/nth/rtc_ws/install/turtlebot3_navigation2:/home/nth/rtc_ws/install/turtlebot3_msgs:/home/nth/rtc_ws/install/turtlebot3_description:/home/nth/rtc_ws/install/turtlebot3_cartographer:/home/nth/rtc_ws/install/teb_msgs:/home/nth/rtc_ws/install/nav2_system_tests:/home/nth/rtc_ws/install/nav2_bringup:/home/nth/rtc_ws/install/navigation2:/home/nth/rtc_ws/install/smac_planner:/home/nth/rtc_ws/install/rplidar_ros2:/home/nth/rtc_ws/install/robot_localization:/home/nth/rtc_ws/install/nav2_dwb_controller:/home/nth/rtc_ws/install/nav2_controller:/home/nth/rtc_ws/install/dwb_plugins:/home/nth/rtc_ws/install/dwb_critics:/home/nth/rtc_ws/install/dwb_core:/home/nth/rtc_ws/install/nav_2d_utils:/home/nth/rtc_ws/install/dwb_msgs:/home/nth/rtc_ws/install/nav_2d_msgs:/home/nth/rtc_ws/install/nav2_waypoint_follower:/home/nth/rtc_ws/install/nav2_regulated_pure_pursuit_controller:/home/nth/rtc_ws/install/nav2_recoveries:/home/nth/rtc_ws/install/nav2_planner:/home/nth/rtc_ws/install/nav2_navfn_planner:/home/nth/rtc_ws/install/nav2_core:/home/nth/rtc_ws/install/costmap_queue:/home/nth/rtc_ws/install/costmap_converter:/home/nth/rtc_ws/install/nav2_costmap_2d:/home/nth/rtc_ws/install/nav2_voxel_grid:/home/nth/rtc_ws/install/nav2_rviz_plugins:/home/nth/rtc_ws/install/nav2_map_server:/home/nth/rtc_ws/install/nav2_lifecycle_manager:/home/nth/rtc_ws/install/nav2_bt_navigator:/home/nth/rtc_ws/install/nav2_behavior_tree:/home/nth/rtc_ws/install/nav2_amcl:/home/nth/rtc_ws/install/nav2_util:/home/nth/rtc_ws/install/nav2_msgs:/home/nth/rtc_ws/install/nav2_common:/home/nth/rtc_ws/install/ld08_driver:/home/nth/rtc_ws/install/g2o:/home/nth/rtc_ws/install/dynamixel_sdk_examples:/home/nth/rtc_ws/install/dynamixel_sdk_custom_interfaces:/home/nth/rtc_ws/install/dynamixel_sdk:/home/nth/rtc_ws/install/costmap_converter_msgs:/home/nth/rtc_ws/install/aws_robomaker_small_warehouse_world:/home/nth/rtcamr_ws/install/turtlebot3_msgs:/home/nth/rtcamr_ws/install/turtlebot3_gazebo:/home/nth/rtcamr_ws/install/turtlebot3_description:/home/nth/rtcamr_ws/install/turtlebot3_cartographer:/home/nth/rtcamr_ws/install/rplidar_ros2:/home/nth/rtcamr_ws/install/dwb_msgs:/home/nth/rtcamr_ws/install/nav_2d_msgs:/home/nth/rtcamr_ws/install/nav2_voxel_grid:/home/nth/rtcamr_ws/install/nav2_msgs:/home/nth/rtcamr_ws/install/nav2_common:/home/nth/rtcamr_ws/install/aws_robomaker_small_warehouse_world:/home/nth/rtc_ws/install/turtlebot3_teleop:/home/nth/rtc_ws/install/turtlebot3_example:/home/nth/rtc_ws/install/nav2_simple_commander:/home/nth/rtc_ws/install/nav2_gazebo_spawner:/home/nth/rtcamr_ws/install/turtlebot3_teleop:/home/nth/rtcamr_ws/install/turtlebot3_example:/home/nth/rtcamr_ws/install/nav2_simple_commander:/home/nth/rtcamr_ws/install/nav2_gazebo_spawner:/opt/ros/foxy LD_LIBRARY_PATH=/home/nth/ros2_ws/install/nav_2d_msgs/lib:${LD_LIBRARY_PATH} PYTHONPATH=/home/nth/ros2_ws/install/nav_2d_msgs/lib/python3.8/site-packages:${PYTHONPATH} /usr/bin/cmake --build /home/nth/ros2_ws/build/dwb_msgs -- -j16 -l16
[0.470s] Invoking command in '/home/nth/ros2_ws/build/dwb_msgs': AMENT_PREFIX_PATH=/home/nth/ros2_ws/install/nav_2d_msgs:${AMENT_PREFIX_PATH} CMAKE_PREFIX_PATH=/home/nth/ros2_ws/install/nav_2d_msgs:/home/nth/rtc_ws/install/turtlebot3:/home/nth/rtc_ws/install/turtlebot3_bringup:/home/nth/rtc_ws/install/turtlebot3_node:/home/nth/rtc_ws/install/turtlebot3_navigation2:/home/nth/rtc_ws/install/turtlebot3_msgs:/home/nth/rtc_ws/install/turtlebot3_description:/home/nth/rtc_ws/install/turtlebot3_cartographer:/home/nth/rtc_ws/install/teb_msgs:/home/nth/rtc_ws/install/nav2_system_tests:/home/nth/rtc_ws/install/nav2_bringup:/home/nth/rtc_ws/install/navigation2:/home/nth/rtc_ws/install/smac_planner:/home/nth/rtc_ws/install/rplidar_ros2:/home/nth/rtc_ws/install/robot_localization:/home/nth/rtc_ws/install/nav2_dwb_controller:/home/nth/rtc_ws/install/nav2_controller:/home/nth/rtc_ws/install/dwb_plugins:/home/nth/rtc_ws/install/dwb_critics:/home/nth/rtc_ws/install/dwb_core:/home/nth/rtc_ws/install/nav_2d_utils:/home/nth/rtc_ws/install/dwb_msgs:/home/nth/rtc_ws/install/nav_2d_msgs:/home/nth/rtc_ws/install/nav2_waypoint_follower:/home/nth/rtc_ws/install/nav2_regulated_pure_pursuit_controller:/home/nth/rtc_ws/install/nav2_recoveries:/home/nth/rtc_ws/install/nav2_planner:/home/nth/rtc_ws/install/nav2_navfn_planner:/home/nth/rtc_ws/install/nav2_core:/home/nth/rtc_ws/install/costmap_queue:/home/nth/rtc_ws/install/costmap_converter:/home/nth/rtc_ws/install/nav2_costmap_2d:/home/nth/rtc_ws/install/nav2_voxel_grid:/home/nth/rtc_ws/install/nav2_rviz_plugins:/home/nth/rtc_ws/install/nav2_map_server:/home/nth/rtc_ws/install/nav2_lifecycle_manager:/home/nth/rtc_ws/install/nav2_bt_navigator:/home/nth/rtc_ws/install/nav2_behavior_tree:/home/nth/rtc_ws/install/nav2_amcl:/home/nth/rtc_ws/install/nav2_util:/home/nth/rtc_ws/install/nav2_msgs:/home/nth/rtc_ws/install/nav2_common:/home/nth/rtc_ws/install/ld08_driver:/home/nth/rtc_ws/install/g2o:/home/nth/rtc_ws/install/dynamixel_sdk_examples:/home/nth/rtc_ws/install/dynamixel_sdk_custom_interfaces:/home/nth/rtc_ws/install/dynamixel_sdk:/home/nth/rtc_ws/install/costmap_converter_msgs:/home/nth/rtc_ws/install/aws_robomaker_small_warehouse_world:/home/nth/rtcamr_ws/install/turtlebot3_msgs:/home/nth/rtcamr_ws/install/turtlebot3_gazebo:/home/nth/rtcamr_ws/install/turtlebot3_description:/home/nth/rtcamr_ws/install/turtlebot3_cartographer:/home/nth/rtcamr_ws/install/rplidar_ros2:/home/nth/rtcamr_ws/install/dwb_msgs:/home/nth/rtcamr_ws/install/nav_2d_msgs:/home/nth/rtcamr_ws/install/nav2_voxel_grid:/home/nth/rtcamr_ws/install/nav2_msgs:/home/nth/rtcamr_ws/install/nav2_common:/home/nth/rtcamr_ws/install/aws_robomaker_small_warehouse_world:/home/nth/rtc_ws/install/turtlebot3_teleop:/home/nth/rtc_ws/install/turtlebot3_example:/home/nth/rtc_ws/install/nav2_simple_commander:/home/nth/rtc_ws/install/nav2_gazebo_spawner:/home/nth/rtcamr_ws/install/turtlebot3_teleop:/home/nth/rtcamr_ws/install/turtlebot3_example:/home/nth/rtcamr_ws/install/nav2_simple_commander:/home/nth/rtcamr_ws/install/nav2_gazebo_spawner:/opt/ros/foxy LD_LIBRARY_PATH=/home/nth/ros2_ws/install/nav_2d_msgs/lib:${LD_LIBRARY_PATH} PYTHONPATH=/home/nth/ros2_ws/install/nav_2d_msgs/lib/python3.8/site-packages:${PYTHONPATH} /usr/bin/cmake --install /home/nth/ros2_ws/build/dwb_msgs
[0.480s] -- Install configuration: ""
[0.480s] -- Up-to-date: /home/nth/ros2_ws/install/dwb_msgs/share/ament_index/resource_index/rosidl_interfaces/dwb_msgs
[0.480s] -- Up-to-date: /home/nth/ros2_ws/install/dwb_msgs/include/dwb_msgs
[0.481s] -- Up-to-date: /home/nth/ros2_ws/install/dwb_msgs/include/dwb_msgs/srv
[0.481s] -- Up-to-date: /home/nth/ros2_ws/install/dwb_msgs/include/dwb_msgs/srv/detail
[0.481s] -- Up-to-date: /home/nth/ros2_ws/install/dwb_msgs/include/dwb_msgs/srv/detail/get_critic_score__functions.h
[0.481s] -- Up-to-date: /home/nth/ros2_ws/install/dwb_msgs/include/dwb_msgs/srv/detail/generate_trajectory__struct.h
[0.481s] -- Up-to-date: /home/nth/ros2_ws/install/dwb_msgs/include/dwb_msgs/srv/detail/score_trajectory__functions.h
[0.481s] -- Up-to-date: /home/nth/ros2_ws/install/dwb_msgs/include/dwb_msgs/srv/detail/debug_local_plan__type_support.h
[0.481s] -- Up-to-date: /home/nth/ros2_ws/install/dwb_msgs/include/dwb_msgs/srv/detail/generate_twists__functions.c
[0.481s] -- Up-to-date: /home/nth/ros2_ws/install/dwb_msgs/include/dwb_msgs/srv/detail/generate_twists__functions.h
[0.481s] -- Up-to-date: /home/nth/ros2_ws/install/dwb_msgs/include/dwb_msgs/srv/detail/generate_twists__type_support.h
[0.481s] -- Up-to-date: /home/nth/ros2_ws/install/dwb_msgs/include/dwb_msgs/srv/detail/score_trajectory__type_support.h
[0.481s] -- Up-to-date: /home/nth/ros2_ws/install/dwb_msgs/include/dwb_msgs/srv/detail/get_critic_score__functions.c
[0.481s] -- Up-to-date: /home/nth/ros2_ws/install/dwb_msgs/include/dwb_msgs/srv/detail/generate_trajectory__functions.c
[0.482s] -- Up-to-date: /home/nth/ros2_ws/install/dwb_msgs/include/dwb_msgs/srv/detail/score_trajectory__functions.c
[0.482s] -- Up-to-date: /home/nth/ros2_ws/install/dwb_msgs/include/dwb_msgs/srv/detail/generate_trajectory__type_support.h
[0.482s] -- Up-to-date: /home/nth/ros2_ws/install/dwb_msgs/include/dwb_msgs/srv/detail/debug_local_plan__functions.h
[0.482s] -- Up-to-date: /home/nth/ros2_ws/install/dwb_msgs/include/dwb_msgs/srv/detail/debug_local_plan__struct.h
[0.482s] -- Up-to-date: /home/nth/ros2_ws/install/dwb_msgs/include/dwb_msgs/srv/detail/get_critic_score__type_support.h
[0.482s] -- Up-to-date: /home/nth/ros2_ws/install/dwb_msgs/include/dwb_msgs/srv/detail/get_critic_score__struct.h
[0.482s] -- Up-to-date: /home/nth/ros2_ws/install/dwb_msgs/include/dwb_msgs/srv/detail/generate_twists__struct.h
[0.482s] -- Up-to-date: /home/nth/ros2_ws/install/dwb_msgs/include/dwb_msgs/srv/detail/debug_local_plan__functions.c
[0.482s] -- Up-to-date: /home/nth/ros2_ws/install/dwb_msgs/include/dwb_msgs/srv/detail/score_trajectory__struct.h
[0.482s] -- Up-to-date: /home/nth/ros2_ws/install/dwb_msgs/include/dwb_msgs/srv/detail/generate_trajectory__functions.h
[0.482s] -- Up-to-date: /home/nth/ros2_ws/install/dwb_msgs/include/dwb_msgs/srv/get_critic_score.h
[0.482s] -- Up-to-date: /home/nth/ros2_ws/install/dwb_msgs/include/dwb_msgs/srv/debug_local_plan.h
[0.482s] -- Up-to-date: /home/nth/ros2_ws/install/dwb_msgs/include/dwb_msgs/srv/generate_twists.h
[0.482s] -- Up-to-date: /home/nth/ros2_ws/install/dwb_msgs/include/dwb_msgs/srv/generate_trajectory.h
[0.482s] -- Up-to-date: /home/nth/ros2_ws/install/dwb_msgs/include/dwb_msgs/srv/score_trajectory.h
[0.483s] -- Up-to-date: /home/nth/ros2_ws/install/dwb_msgs/include/dwb_msgs/msg
[0.483s] -- Up-to-date: /home/nth/ros2_ws/install/dwb_msgs/include/dwb_msgs/msg/trajectory_score.h
[0.483s] -- Up-to-date: /home/nth/ros2_ws/install/dwb_msgs/include/dwb_msgs/msg/rosidl_generator_c__visibility_control.h
[0.483s] -- Up-to-date: /home/nth/ros2_ws/install/dwb_msgs/include/dwb_msgs/msg/detail
[0.483s] -- Up-to-date: /home/nth/ros2_ws/install/dwb_msgs/include/dwb_msgs/msg/detail/trajectory2_d__functions.c
[0.483s] -- Up-to-date: /home/nth/ros2_ws/install/dwb_msgs/include/dwb_msgs/msg/detail/local_plan_evaluation__functions.h
[0.483s] -- Up-to-date: /home/nth/ros2_ws/install/dwb_msgs/include/dwb_msgs/msg/detail/trajectory_score__functions.c
[0.483s] -- Up-to-date: /home/nth/ros2_ws/install/dwb_msgs/include/dwb_msgs/msg/detail/trajectory_score__struct.h
[0.483s] -- Up-to-date: /home/nth/ros2_ws/install/dwb_msgs/include/dwb_msgs/msg/detail/local_plan_evaluation__type_support.h
[0.483s] -- Up-to-date: /home/nth/ros2_ws/install/dwb_msgs/include/dwb_msgs/msg/detail/trajectory_score__type_support.h
[0.483s] -- Up-to-date: /home/nth/ros2_ws/install/dwb_msgs/include/dwb_msgs/msg/detail/trajectory2_d__functions.h
[0.483s] -- Up-to-date: /home/nth/ros2_ws/install/dwb_msgs/include/dwb_msgs/msg/detail/local_plan_evaluation__struct.h
[0.483s] -- Up-to-date: /home/nth/ros2_ws/install/dwb_msgs/include/dwb_msgs/msg/detail/trajectory2_d__struct.h
[0.483s] -- Up-to-date: /home/nth/ros2_ws/install/dwb_msgs/include/dwb_msgs/msg/detail/critic_score__functions.c
[0.484s] -- Up-to-date: /home/nth/ros2_ws/install/dwb_msgs/include/dwb_msgs/msg/detail/critic_score__struct.h
[0.484s] -- Up-to-date: /home/nth/ros2_ws/install/dwb_msgs/include/dwb_msgs/msg/detail/local_plan_evaluation__functions.c
[0.484s] -- Up-to-date: /home/nth/ros2_ws/install/dwb_msgs/include/dwb_msgs/msg/detail/trajectory_score__functions.h
[0.484s] -- Up-to-date: /home/nth/ros2_ws/install/dwb_msgs/include/dwb_msgs/msg/detail/critic_score__functions.h
[0.484s] -- Up-to-date: /home/nth/ros2_ws/install/dwb_msgs/include/dwb_msgs/msg/detail/critic_score__type_support.h
[0.484s] -- Up-to-date: /home/nth/ros2_ws/install/dwb_msgs/include/dwb_msgs/msg/detail/trajectory2_d__type_support.h
[0.484s] -- Up-to-date: /home/nth/ros2_ws/install/dwb_msgs/include/dwb_msgs/msg/local_plan_evaluation.h
[0.484s] -- Up-to-date: /home/nth/ros2_ws/install/dwb_msgs/include/dwb_msgs/msg/trajectory2_d.h
[0.484s] -- Up-to-date: /home/nth/ros2_ws/install/dwb_msgs/include/dwb_msgs/msg/critic_score.h
[0.484s] -- Up-to-date: /home/nth/ros2_ws/install/dwb_msgs/share/dwb_msgs/environment/library_path.sh
[0.484s] -- Up-to-date: /home/nth/ros2_ws/install/dwb_msgs/share/dwb_msgs/environment/library_path.dsv
[0.484s] -- Up-to-date: /home/nth/ros2_ws/install/dwb_msgs/lib/libdwb_msgs__rosidl_generator_c.so
[0.484s] -- Up-to-date: /home/nth/ros2_ws/install/dwb_msgs/include/dwb_msgs
[0.485s] -- Up-to-date: /home/nth/ros2_ws/install/dwb_msgs/include/dwb_msgs/srv
[0.485s] -- Up-to-date: /home/nth/ros2_ws/install/dwb_msgs/include/dwb_msgs/srv/detail
[0.485s] -- Up-to-date: /home/nth/ros2_ws/install/dwb_msgs/include/dwb_msgs/srv/detail/generate_twists__rosidl_typesupport_fastrtps_c.h
[0.485s] -- Up-to-date: /home/nth/ros2_ws/install/dwb_msgs/include/dwb_msgs/srv/detail/get_critic_score__rosidl_typesupport_fastrtps_c.h
[0.485s] -- Up-to-date: /home/nth/ros2_ws/install/dwb_msgs/include/dwb_msgs/srv/detail/generate_trajectory__rosidl_typesupport_fastrtps_c.h
[0.485s] -- Up-to-date: /home/nth/ros2_ws/install/dwb_msgs/include/dwb_msgs/srv/detail/debug_local_plan__rosidl_typesupport_fastrtps_c.h
[0.485s] -- Up-to-date: /home/nth/ros2_ws/install/dwb_msgs/include/dwb_msgs/srv/detail/score_trajectory__rosidl_typesupport_fastrtps_c.h
[0.485s] -- Up-to-date: /home/nth/ros2_ws/install/dwb_msgs/include/dwb_msgs/msg
[0.485s] -- Up-to-date: /home/nth/ros2_ws/install/dwb_msgs/include/dwb_msgs/msg/detail
[0.485s] -- Up-to-date: /home/nth/ros2_ws/install/dwb_msgs/include/dwb_msgs/msg/detail/local_plan_evaluation__rosidl_typesupport_fastrtps_c.h
[0.485s] -- Up-to-date: /home/nth/ros2_ws/install/dwb_msgs/include/dwb_msgs/msg/detail/trajectory_score__rosidl_typesupport_fastrtps_c.h
[0.485s] -- Up-to-date: /home/nth/ros2_ws/install/dwb_msgs/include/dwb_msgs/msg/detail/critic_score__rosidl_typesupport_fastrtps_c.h
[0.485s] -- Up-to-date: /home/nth/ros2_ws/install/dwb_msgs/include/dwb_msgs/msg/detail/trajectory2_d__rosidl_typesupport_fastrtps_c.h
[0.485s] -- Up-to-date: /home/nth/ros2_ws/install/dwb_msgs/include/dwb_msgs/msg/rosidl_typesupport_fastrtps_c__visibility_control.h
[0.485s] -- Up-to-date: /home/nth/ros2_ws/install/dwb_msgs/lib/libdwb_msgs__rosidl_typesupport_fastrtps_c.so
[0.485s] -- Up-to-date: /home/nth/ros2_ws/install/dwb_msgs/include/dwb_msgs
[0.486s] -- Up-to-date: /home/nth/ros2_ws/install/dwb_msgs/include/dwb_msgs/srv
[0.486s] -- Up-to-date: /home/nth/ros2_ws/install/dwb_msgs/include/dwb_msgs/srv/detail
[0.486s] -- Up-to-date: /home/nth/ros2_ws/install/dwb_msgs/include/dwb_msgs/srv/detail/score_trajectory__rosidl_typesupport_fastrtps_cpp.hpp
[0.486s] -- Up-to-date: /home/nth/ros2_ws/install/dwb_msgs/include/dwb_msgs/srv/detail/generate_trajectory__rosidl_typesupport_fastrtps_cpp.hpp
[0.486s] -- Up-to-date: /home/nth/ros2_ws/install/dwb_msgs/include/dwb_msgs/srv/detail/get_critic_score__rosidl_typesupport_fastrtps_cpp.hpp
[0.486s] -- Up-to-date: /home/nth/ros2_ws/install/dwb_msgs/include/dwb_msgs/srv/detail/dds_fastrtps
[0.486s] -- Up-to-date: /home/nth/ros2_ws/install/dwb_msgs/include/dwb_msgs/srv/detail/debug_local_plan__rosidl_typesupport_fastrtps_cpp.hpp
[0.486s] -- Up-to-date: /home/nth/ros2_ws/install/dwb_msgs/include/dwb_msgs/srv/detail/generate_twists__rosidl_typesupport_fastrtps_cpp.hpp
[0.486s] -- Up-to-date: /home/nth/ros2_ws/install/dwb_msgs/include/dwb_msgs/msg
[0.486s] -- Up-to-date: /home/nth/ros2_ws/install/dwb_msgs/include/dwb_msgs/msg/detail
[0.486s] -- Up-to-date: /home/nth/ros2_ws/install/dwb_msgs/include/dwb_msgs/msg/detail/critic_score__rosidl_typesupport_fastrtps_cpp.hpp
[0.486s] -- Up-to-date: /home/nth/ros2_ws/install/dwb_msgs/include/dwb_msgs/msg/detail/local_plan_evaluation__rosidl_typesupport_fastrtps_cpp.hpp
[0.486s] -- Up-to-date: /home/nth/ros2_ws/install/dwb_msgs/include/dwb_msgs/msg/detail/trajectory2_d__rosidl_typesupport_fastrtps_cpp.hpp
[0.486s] -- Up-to-date: /home/nth/ros2_ws/install/dwb_msgs/include/dwb_msgs/msg/detail/dds_fastrtps
[0.486s] -- Up-to-date: /home/nth/ros2_ws/install/dwb_msgs/include/dwb_msgs/msg/detail/trajectory_score__rosidl_typesupport_fastrtps_cpp.hpp
[0.486s] -- Up-to-date: /home/nth/ros2_ws/install/dwb_msgs/include/dwb_msgs/msg/rosidl_typesupport_fastrtps_cpp__visibility_control.h
[0.486s] -- Up-to-date: /home/nth/ros2_ws/install/dwb_msgs/lib/libdwb_msgs__rosidl_typesupport_fastrtps_cpp.so
[0.487s] -- Up-to-date: /home/nth/ros2_ws/install/dwb_msgs/include/dwb_msgs
[0.487s] -- Up-to-date: /home/nth/ros2_ws/install/dwb_msgs/include/dwb_msgs/srv
[0.487s] -- Up-to-date: /home/nth/ros2_ws/install/dwb_msgs/include/dwb_msgs/srv/detail
[0.487s] -- Up-to-date: /home/nth/ros2_ws/install/dwb_msgs/include/dwb_msgs/srv/detail/generate_trajectory__rosidl_typesupport_introspection_c.h
[0.487s] -- Up-to-date: /home/nth/ros2_ws/install/dwb_msgs/include/dwb_msgs/srv/detail/get_critic_score__type_support.c
[0.487s] -- Up-to-date: /home/nth/ros2_ws/install/dwb_msgs/include/dwb_msgs/srv/detail/generate_twists__type_support.c
[0.487s] -- Up-to-date: /home/nth/ros2_ws/install/dwb_msgs/include/dwb_msgs/srv/detail/score_trajectory__type_support.c
[0.487s] -- Up-to-date: /home/nth/ros2_ws/install/dwb_msgs/include/dwb_msgs/srv/detail/debug_local_plan__type_support.c
[0.487s] -- Up-to-date: /home/nth/ros2_ws/install/dwb_msgs/include/dwb_msgs/srv/detail/generate_trajectory__type_support.c
[0.487s] -- Up-to-date: /home/nth/ros2_ws/install/dwb_msgs/include/dwb_msgs/srv/detail/score_trajectory__rosidl_typesupport_introspection_c.h
[0.487s] -- Up-to-date: /home/nth/ros2_ws/install/dwb_msgs/include/dwb_msgs/srv/detail/debug_local_plan__rosidl_typesupport_introspection_c.h
[0.487s] -- Up-to-date: /home/nth/ros2_ws/install/dwb_msgs/include/dwb_msgs/srv/detail/generate_twists__rosidl_typesupport_introspection_c.h
[0.487s] -- Up-to-date: /home/nth/ros2_ws/install/dwb_msgs/include/dwb_msgs/srv/detail/get_critic_score__rosidl_typesupport_introspection_c.h
[0.487s] -- Up-to-date: /home/nth/ros2_ws/install/dwb_msgs/include/dwb_msgs/msg
[0.487s] -- Up-to-date: /home/nth/ros2_ws/install/dwb_msgs/include/dwb_msgs/msg/detail
[0.487s] -- Up-to-date: /home/nth/ros2_ws/install/dwb_msgs/include/dwb_msgs/msg/detail/critic_score__type_support.c
[0.488s] -- Up-to-date: /home/nth/ros2_ws/install/dwb_msgs/include/dwb_msgs/msg/detail/trajectory2_d__rosidl_typesupport_introspection_c.h
[0.488s] -- Up-to-date: /home/nth/ros2_ws/install/dwb_msgs/include/dwb_msgs/msg/detail/trajectory2_d__type_support.c
[0.488s] -- Up-to-date: /home/nth/ros2_ws/install/dwb_msgs/include/dwb_msgs/msg/detail/trajectory_score__type_support.c
[0.488s] -- Up-to-date: /home/nth/ros2_ws/install/dwb_msgs/include/dwb_msgs/msg/detail/critic_score__rosidl_typesupport_introspection_c.h
[0.488s] -- Up-to-date: /home/nth/ros2_ws/install/dwb_msgs/include/dwb_msgs/msg/detail/trajectory_score__rosidl_typesupport_introspection_c.h
[0.488s] -- Up-to-date: /home/nth/ros2_ws/install/dwb_msgs/include/dwb_msgs/msg/detail/local_plan_evaluation__type_support.c
[0.488s] -- Up-to-date: /home/nth/ros2_ws/install/dwb_msgs/include/dwb_msgs/msg/detail/local_plan_evaluation__rosidl_typesupport_introspection_c.h
[0.488s] -- Up-to-date: /home/nth/ros2_ws/install/dwb_msgs/include/dwb_msgs/msg/rosidl_typesupport_introspection_c__visibility_control.h
[0.488s] -- Up-to-date: /home/nth/ros2_ws/install/dwb_msgs/lib/libdwb_msgs__rosidl_typesupport_introspection_c.so
[0.488s] -- Up-to-date: /home/nth/ros2_ws/install/dwb_msgs/lib/libdwb_msgs__rosidl_typesupport_c.so
[0.488s] -- Up-to-date: /home/nth/ros2_ws/install/dwb_msgs/include/dwb_msgs
[0.488s] -- Up-to-date: /home/nth/ros2_ws/install/dwb_msgs/include/dwb_msgs/srv
[0.488s] -- Up-to-date: /home/nth/ros2_ws/install/dwb_msgs/include/dwb_msgs/srv/detail
[0.488s] -- Up-to-date: /home/nth/ros2_ws/install/dwb_msgs/include/dwb_msgs/srv/detail/generate_trajectory__struct.hpp
[0.488s] -- Up-to-date: /home/nth/ros2_ws/install/dwb_msgs/include/dwb_msgs/srv/detail/generate_trajectory__builder.hpp
[0.489s] -- Up-to-date: /home/nth/ros2_ws/install/dwb_msgs/include/dwb_msgs/srv/detail/generate_trajectory__traits.hpp
[0.489s] -- Up-to-date: /home/nth/ros2_ws/install/dwb_msgs/include/dwb_msgs/srv/detail/score_trajectory__builder.hpp
[0.489s] -- Up-to-date: /home/nth/ros2_ws/install/dwb_msgs/include/dwb_msgs/srv/detail/debug_local_plan__traits.hpp
[0.489s] -- Up-to-date: /home/nth/ros2_ws/install/dwb_msgs/include/dwb_msgs/srv/detail/get_critic_score__traits.hpp
[0.489s] -- Up-to-date: /home/nth/ros2_ws/install/dwb_msgs/include/dwb_msgs/srv/detail/generate_twists__builder.hpp
[0.489s] -- Up-to-date: /home/nth/ros2_ws/install/dwb_msgs/include/dwb_msgs/srv/detail/debug_local_plan__builder.hpp
[0.489s] -- Up-to-date: /home/nth/ros2_ws/install/dwb_msgs/include/dwb_msgs/srv/detail/debug_local_plan__struct.hpp
[0.489s] -- Up-to-date: /home/nth/ros2_ws/install/dwb_msgs/include/dwb_msgs/srv/detail/score_trajectory__traits.hpp
[0.489s] -- Up-to-date: /home/nth/ros2_ws/install/dwb_msgs/include/dwb_msgs/srv/detail/get_critic_score__struct.hpp
[0.489s] -- Up-to-date: /home/nth/ros2_ws/install/dwb_msgs/include/dwb_msgs/srv/detail/score_trajectory__struct.hpp
[0.489s] -- Up-to-date: /home/nth/ros2_ws/install/dwb_msgs/include/dwb_msgs/srv/detail/generate_twists__traits.hpp
[0.489s] -- Up-to-date: /home/nth/ros2_ws/install/dwb_msgs/include/dwb_msgs/srv/detail/generate_twists__struct.hpp
[0.490s] -- Up-to-date: /home/nth/ros2_ws/install/dwb_msgs/include/dwb_msgs/srv/detail/get_critic_score__builder.hpp
[0.490s] -- Up-to-date: /home/nth/ros2_ws/install/dwb_msgs/include/dwb_msgs/srv/generate_trajectory.hpp
[0.490s] -- Up-to-date: /home/nth/ros2_ws/install/dwb_msgs/include/dwb_msgs/srv/get_critic_score.hpp
[0.490s] -- Up-to-date: /home/nth/ros2_ws/install/dwb_msgs/include/dwb_msgs/srv/debug_local_plan.hpp
[0.490s] -- Up-to-date: /home/nth/ros2_ws/install/dwb_msgs/include/dwb_msgs/srv/score_trajectory.hpp
[0.490s] -- Up-to-date: /home/nth/ros2_ws/install/dwb_msgs/include/dwb_msgs/srv/generate_twists.hpp
[0.490s] -- Up-to-date: /home/nth/ros2_ws/install/dwb_msgs/include/dwb_msgs/msg
[0.490s] -- Up-to-date: /home/nth/ros2_ws/install/dwb_msgs/include/dwb_msgs/msg/critic_score.hpp
[0.490s] -- Up-to-date: /home/nth/ros2_ws/install/dwb_msgs/include/dwb_msgs/msg/detail
[0.490s] -- Up-to-date: /home/nth/ros2_ws/install/dwb_msgs/include/dwb_msgs/msg/detail/trajectory_score__struct.hpp
[0.490s] -- Up-to-date: /home/nth/ros2_ws/install/dwb_msgs/include/dwb_msgs/msg/detail/trajectory2_d__traits.hpp
[0.490s] -- Up-to-date: /home/nth/ros2_ws/install/dwb_msgs/include/dwb_msgs/msg/detail/trajectory2_d__builder.hpp
[0.490s] -- Up-to-date: /home/nth/ros2_ws/install/dwb_msgs/include/dwb_msgs/msg/detail/critic_score__builder.hpp
[0.490s] -- Up-to-date: /home/nth/ros2_ws/install/dwb_msgs/include/dwb_msgs/msg/detail/critic_score__struct.hpp
[0.490s] -- Up-to-date: /home/nth/ros2_ws/install/dwb_msgs/include/dwb_msgs/msg/detail/local_plan_evaluation__struct.hpp
[0.490s] -- Up-to-date: /home/nth/ros2_ws/install/dwb_msgs/include/dwb_msgs/msg/detail/trajectory_score__traits.hpp
[0.491s] -- Up-to-date: /home/nth/ros2_ws/install/dwb_msgs/include/dwb_msgs/msg/detail/critic_score__traits.hpp
[0.491s] -- Up-to-date: /home/nth/ros2_ws/install/dwb_msgs/include/dwb_msgs/msg/detail/trajectory2_d__struct.hpp
[0.491s] -- Up-to-date: /home/nth/ros2_ws/install/dwb_msgs/include/dwb_msgs/msg/detail/trajectory_score__builder.hpp
[0.491s] -- Up-to-date: /home/nth/ros2_ws/install/dwb_msgs/include/dwb_msgs/msg/detail/local_plan_evaluation__traits.hpp
[0.491s] -- Up-to-date: /home/nth/ros2_ws/install/dwb_msgs/include/dwb_msgs/msg/detail/local_plan_evaluation__builder.hpp
[0.491s] -- Up-to-date: /home/nth/ros2_ws/install/dwb_msgs/include/dwb_msgs/msg/trajectory_score.hpp
[0.491s] -- Up-to-date: /home/nth/ros2_ws/install/dwb_msgs/include/dwb_msgs/msg/local_plan_evaluation.hpp
[0.491s] -- Up-to-date: /home/nth/ros2_ws/install/dwb_msgs/include/dwb_msgs/msg/trajectory2_d.hpp
[0.491s] -- Up-to-date: /home/nth/ros2_ws/install/dwb_msgs/include/dwb_msgs
[0.491s] -- Up-to-date: /home/nth/ros2_ws/install/dwb_msgs/include/dwb_msgs/srv
[0.491s] -- Up-to-date: /home/nth/ros2_ws/install/dwb_msgs/include/dwb_msgs/srv/detail
[0.491s] -- Up-to-date: /home/nth/ros2_ws/install/dwb_msgs/include/dwb_msgs/srv/detail/debug_local_plan__rosidl_typesupport_introspection_cpp.hpp
[0.492s] -- Up-to-date: /home/nth/ros2_ws/install/dwb_msgs/include/dwb_msgs/srv/detail/generate_twists__rosidl_typesupport_introspection_cpp.hpp
[0.492s] -- Up-to-date: /home/nth/ros2_ws/install/dwb_msgs/include/dwb_msgs/srv/detail/score_trajectory__rosidl_typesupport_introspection_cpp.hpp
[0.492s] -- Up-to-date: /home/nth/ros2_ws/install/dwb_msgs/include/dwb_msgs/srv/detail/generate_trajectory__rosidl_typesupport_introspection_cpp.hpp
[0.492s] -- Up-to-date: /home/nth/ros2_ws/install/dwb_msgs/include/dwb_msgs/srv/detail/debug_local_plan__type_support.cpp
[0.492s] -- Up-to-date: /home/nth/ros2_ws/install/dwb_msgs/include/dwb_msgs/srv/detail/generate_trajectory__type_support.cpp
[0.492s] -- Up-to-date: /home/nth/ros2_ws/install/dwb_msgs/include/dwb_msgs/srv/detail/score_trajectory__type_support.cpp
[0.492s] -- Up-to-date: /home/nth/ros2_ws/install/dwb_msgs/include/dwb_msgs/srv/detail/generate_twists__type_support.cpp
[0.492s] -- Up-to-date: /home/nth/ros2_ws/install/dwb_msgs/include/dwb_msgs/srv/detail/get_critic_score__rosidl_typesupport_introspection_cpp.hpp
[0.492s] -- Up-to-date: /home/nth/ros2_ws/install/dwb_msgs/include/dwb_msgs/srv/detail/get_critic_score__type_support.cpp
[0.492s] -- Up-to-date: /home/nth/ros2_ws/install/dwb_msgs/include/dwb_msgs/msg
[0.492s] -- Up-to-date: /home/nth/ros2_ws/install/dwb_msgs/include/dwb_msgs/msg/detail
[0.492s] -- Up-to-date: /home/nth/ros2_ws/install/dwb_msgs/include/dwb_msgs/msg/detail/trajectory2_d__rosidl_typesupport_introspection_cpp.hpp
[0.492s] -- Up-to-date: /home/nth/ros2_ws/install/dwb_msgs/include/dwb_msgs/msg/detail/critic_score__type_support.cpp
[0.492s] -- Up-to-date: /home/nth/ros2_ws/install/dwb_msgs/include/dwb_msgs/msg/detail/trajectory_score__rosidl_typesupport_introspection_cpp.hpp
[0.493s] -- Up-to-date: /home/nth/ros2_ws/install/dwb_msgs/include/dwb_msgs/msg/detail/local_plan_evaluation__type_support.cpp
[0.493s] -- Up-to-date: /home/nth/ros2_ws/install/dwb_msgs/include/dwb_msgs/msg/detail/critic_score__rosidl_typesupport_introspection_cpp.hpp
[0.493s] -- Up-to-date: /home/nth/ros2_ws/install/dwb_msgs/include/dwb_msgs/msg/detail/trajectory_score__type_support.cpp
[0.493s] -- Up-to-date: /home/nth/ros2_ws/install/dwb_msgs/include/dwb_msgs/msg/detail/local_plan_evaluation__rosidl_typesupport_introspection_cpp.hpp
[0.493s] -- Up-to-date: /home/nth/ros2_ws/install/dwb_msgs/include/dwb_msgs/msg/detail/trajectory2_d__type_support.cpp
[0.493s] -- Up-to-date: /home/nth/ros2_ws/install/dwb_msgs/lib/libdwb_msgs__rosidl_typesupport_introspection_cpp.so
[0.493s] -- Up-to-date: /home/nth/ros2_ws/install/dwb_msgs/lib/libdwb_msgs__rosidl_typesupport_cpp.so
[0.493s] -- Up-to-date: /home/nth/ros2_ws/install/dwb_msgs/share/dwb_msgs/environment/pythonpath.sh
[0.493s] -- Up-to-date: /home/nth/ros2_ws/install/dwb_msgs/share/dwb_msgs/environment/pythonpath.dsv
[0.493s] -- Up-to-date: /home/nth/ros2_ws/install/dwb_msgs/lib/python3.8/site-packages/dwb_msgs/__init__.py
[0.520s] -- Up-to-date: /home/nth/ros2_ws/install/dwb_msgs/lib/python3.8/site-packages/dwb_msgs/msg
[0.520s] -- Up-to-date: /home/nth/ros2_ws/install/dwb_msgs/lib/python3.8/site-packages/dwb_msgs/msg/_critic_score_s.c
[0.520s] -- Up-to-date: /home/nth/ros2_ws/install/dwb_msgs/lib/python3.8/site-packages/dwb_msgs/msg/_trajectory_score.py
[0.520s] -- Up-to-date: /home/nth/ros2_ws/install/dwb_msgs/lib/python3.8/site-packages/dwb_msgs/msg/_local_plan_evaluation_s.c
[0.520s] -- Up-to-date: /home/nth/ros2_ws/install/dwb_msgs/lib/python3.8/site-packages/dwb_msgs/msg/_trajectory2_d.py
[0.520s] -- Up-to-date: /home/nth/ros2_ws/install/dwb_msgs/lib/python3.8/site-packages/dwb_msgs/msg/_trajectory_score_s.c
[0.520s] -- Up-to-date: /home/nth/ros2_ws/install/dwb_msgs/lib/python3.8/site-packages/dwb_msgs/msg/__init__.py
[0.520s] -- Up-to-date: /home/nth/ros2_ws/install/dwb_msgs/lib/python3.8/site-packages/dwb_msgs/msg/_critic_score.py
[0.520s] -- Up-to-date: /home/nth/ros2_ws/install/dwb_msgs/lib/python3.8/site-packages/dwb_msgs/msg/_local_plan_evaluation.py
[0.520s] -- Up-to-date: /home/nth/ros2_ws/install/dwb_msgs/lib/python3.8/site-packages/dwb_msgs/msg/_trajectory2_d_s.c
[0.520s] -- Up-to-date: /home/nth/ros2_ws/install/dwb_msgs/lib/python3.8/site-packages/dwb_msgs/srv
[0.521s] -- Up-to-date: /home/nth/ros2_ws/install/dwb_msgs/lib/python3.8/site-packages/dwb_msgs/srv/_generate_twists.py
[0.521s] -- Up-to-date: /home/nth/ros2_ws/install/dwb_msgs/lib/python3.8/site-packages/dwb_msgs/srv/_debug_local_plan.py
[0.521s] -- Up-to-date: /home/nth/ros2_ws/install/dwb_msgs/lib/python3.8/site-packages/dwb_msgs/srv/_debug_local_plan_s.c
[0.521s] -- Up-to-date: /home/nth/ros2_ws/install/dwb_msgs/lib/python3.8/site-packages/dwb_msgs/srv/_get_critic_score.py
[0.521s] -- Up-to-date: /home/nth/ros2_ws/install/dwb_msgs/lib/python3.8/site-packages/dwb_msgs/srv/_score_trajectory_s.c
[0.521s] -- Up-to-date: /home/nth/ros2_ws/install/dwb_msgs/lib/python3.8/site-packages/dwb_msgs/srv/__init__.py
[0.522s] -- Up-to-date: /home/nth/ros2_ws/install/dwb_msgs/lib/python3.8/site-packages/dwb_msgs/srv/_generate_trajectory_s.c
[0.522s] -- Up-to-date: /home/nth/ros2_ws/install/dwb_msgs/lib/python3.8/site-packages/dwb_msgs/srv/_generate_trajectory.py
[0.522s] -- Up-to-date: /home/nth/ros2_ws/install/dwb_msgs/lib/python3.8/site-packages/dwb_msgs/srv/_score_trajectory.py
[0.522s] -- Up-to-date: /home/nth/ros2_ws/install/dwb_msgs/lib/python3.8/site-packages/dwb_msgs/srv/_get_critic_score_s.c
[0.522s] -- Up-to-date: /home/nth/ros2_ws/install/dwb_msgs/lib/python3.8/site-packages/dwb_msgs/srv/_generate_twists_s.c
[0.522s] -- Up-to-date: /home/nth/ros2_ws/install/dwb_msgs/lib/python3.8/site-packages/dwb_msgs/dwb_msgs_s__rosidl_typesupport_fastrtps_c.cpython-38-x86_64-linux-gnu.so
[0.522s] -- Up-to-date: /home/nth/ros2_ws/install/dwb_msgs/lib/python3.8/site-packages/dwb_msgs/dwb_msgs_s__rosidl_typesupport_introspection_c.cpython-38-x86_64-linux-gnu.so
[0.522s] -- Up-to-date: /home/nth/ros2_ws/install/dwb_msgs/lib/python3.8/site-packages/dwb_msgs/dwb_msgs_s__rosidl_typesupport_c.cpython-38-x86_64-linux-gnu.so
[0.522s] -- Up-to-date: /home/nth/ros2_ws/install/dwb_msgs/lib/libdwb_msgs__python.so
[0.522s] -- Up-to-date: /home/nth/ros2_ws/install/dwb_msgs/share/dwb_msgs/msg/CriticScore.idl
[0.522s] -- Up-to-date: /home/nth/ros2_ws/install/dwb_msgs/share/dwb_msgs/msg/LocalPlanEvaluation.idl
[0.522s] -- Up-to-date: /home/nth/ros2_ws/install/dwb_msgs/share/dwb_msgs/msg/Trajectory2D.idl
[0.522s] -- Up-to-date: /home/nth/ros2_ws/install/dwb_msgs/share/dwb_msgs/msg/TrajectoryScore.idl
[0.522s] -- Up-to-date: /home/nth/ros2_ws/install/dwb_msgs/share/dwb_msgs/srv/DebugLocalPlan.idl
[0.522s] -- Up-to-date: /home/nth/ros2_ws/install/dwb_msgs/share/dwb_msgs/srv/GenerateTrajectory.idl
[0.523s] -- Up-to-date: /home/nth/ros2_ws/install/dwb_msgs/share/dwb_msgs/srv/GenerateTwists.idl
[0.523s] -- Up-to-date: /home/nth/ros2_ws/install/dwb_msgs/share/dwb_msgs/srv/GetCriticScore.idl
[0.523s] -- Up-to-date: /home/nth/ros2_ws/install/dwb_msgs/share/dwb_msgs/srv/ScoreTrajectory.idl
[0.523s] -- Up-to-date: /home/nth/ros2_ws/install/dwb_msgs/share/dwb_msgs/msg/CriticScore.msg
[0.523s] -- Up-to-date: /home/nth/ros2_ws/install/dwb_msgs/share/dwb_msgs/msg/LocalPlanEvaluation.msg
[0.523s] -- Up-to-date: /home/nth/ros2_ws/install/dwb_msgs/share/dwb_msgs/msg/Trajectory2D.msg
[0.523s] -- Up-to-date: /home/nth/ros2_ws/install/dwb_msgs/share/dwb_msgs/msg/TrajectoryScore.msg
[0.523s] -- Up-to-date: /home/nth/ros2_ws/install/dwb_msgs/share/dwb_msgs/srv/DebugLocalPlan.srv
[0.523s] -- Up-to-date: /home/nth/ros2_ws/install/dwb_msgs/share/dwb_msgs/srv/DebugLocalPlan_Request.msg
[0.523s] -- Up-to-date: /home/nth/ros2_ws/install/dwb_msgs/share/dwb_msgs/srv/DebugLocalPlan_Response.msg
[0.523s] -- Up-to-date: /home/nth/ros2_ws/install/dwb_msgs/share/dwb_msgs/srv/GenerateTrajectory.srv
[0.523s] -- Up-to-date: /home/nth/ros2_ws/install/dwb_msgs/share/dwb_msgs/srv/GenerateTrajectory_Request.msg
[0.523s] -- Up-to-date: /home/nth/ros2_ws/install/dwb_msgs/share/dwb_msgs/srv/GenerateTrajectory_Response.msg
[0.523s] -- Up-to-date: /home/nth/ros2_ws/install/dwb_msgs/share/dwb_msgs/srv/GenerateTwists.srv
[0.523s] -- Up-to-date: /home/nth/ros2_ws/install/dwb_msgs/share/dwb_msgs/srv/GenerateTwists_Request.msg
[0.523s] -- Up-to-date: /home/nth/ros2_ws/install/dwb_msgs/share/dwb_msgs/srv/GenerateTwists_Response.msg
[0.524s] -- Up-to-date: /home/nth/ros2_ws/install/dwb_msgs/share/dwb_msgs/srv/GetCriticScore.srv
[0.524s] -- Up-to-date: /home/nth/ros2_ws/install/dwb_msgs/share/dwb_msgs/srv/GetCriticScore_Request.msg
[0.524s] -- Up-to-date: /home/nth/ros2_ws/install/dwb_msgs/share/dwb_msgs/srv/GetCriticScore_Response.msg
[0.524s] -- Up-to-date: /home/nth/ros2_ws/install/dwb_msgs/share/dwb_msgs/srv/ScoreTrajectory.srv
[0.524s] -- Up-to-date: /home/nth/ros2_ws/install/dwb_msgs/share/dwb_msgs/srv/ScoreTrajectory_Request.msg
[0.524s] -- Up-to-date: /home/nth/ros2_ws/install/dwb_msgs/share/dwb_msgs/srv/ScoreTrajectory_Response.msg
[0.524s] -- Up-to-date: /home/nth/ros2_ws/install/dwb_msgs/share/ament_index/resource_index/package_run_dependencies/dwb_msgs
[0.524s] -- Up-to-date: /home/nth/ros2_ws/install/dwb_msgs/share/ament_index/resource_index/parent_prefix_path/dwb_msgs
[0.524s] -- Up-to-date: /home/nth/ros2_ws/install/dwb_msgs/share/dwb_msgs/environment/ament_prefix_path.sh
[0.524s] -- Up-to-date: /home/nth/ros2_ws/install/dwb_msgs/share/dwb_msgs/environment/ament_prefix_path.dsv
[0.524s] -- Up-to-date: /home/nth/ros2_ws/install/dwb_msgs/share/dwb_msgs/environment/path.sh
[0.524s] -- Up-to-date: /home/nth/ros2_ws/install/dwb_msgs/share/dwb_msgs/environment/path.dsv
[0.524s] -- Up-to-date: /home/nth/ros2_ws/install/dwb_msgs/share/dwb_msgs/local_setup.bash
[0.524s] -- Up-to-date: /home/nth/ros2_ws/install/dwb_msgs/share/dwb_msgs/local_setup.sh
[0.524s] -- Up-to-date: /home/nth/ros2_ws/install/dwb_msgs/share/dwb_msgs/local_setup.zsh
[0.524s] -- Up-to-date: /home/nth/ros2_ws/install/dwb_msgs/share/dwb_msgs/local_setup.dsv
[0.524s] -- Installing: /home/nth/ros2_ws/install/dwb_msgs/share/dwb_msgs/package.dsv
[0.524s] -- Up-to-date: /home/nth/ros2_ws/install/dwb_msgs/share/ament_index/resource_index/packages/dwb_msgs
[0.524s] -- Up-to-date: /home/nth/ros2_ws/install/dwb_msgs/share/dwb_msgs/cmake/dwb_msgs__rosidl_generator_cExport.cmake
[0.525s] -- Up-to-date: /home/nth/ros2_ws/install/dwb_msgs/share/dwb_msgs/cmake/dwb_msgs__rosidl_generator_cExport-noconfig.cmake
[0.525s] -- Up-to-date: /home/nth/ros2_ws/install/dwb_msgs/share/dwb_msgs/cmake/dwb_msgs__rosidl_typesupport_introspection_cExport.cmake
[0.525s] -- Up-to-date: /home/nth/ros2_ws/install/dwb_msgs/share/dwb_msgs/cmake/dwb_msgs__rosidl_typesupport_introspection_cExport-noconfig.cmake
[0.525s] -- Up-to-date: /home/nth/ros2_ws/install/dwb_msgs/share/dwb_msgs/cmake/dwb_msgs__rosidl_typesupport_cExport.cmake
[0.525s] -- Up-to-date: /home/nth/ros2_ws/install/dwb_msgs/share/dwb_msgs/cmake/dwb_msgs__rosidl_typesupport_cExport-noconfig.cmake
[0.525s] -- Up-to-date: /home/nth/ros2_ws/install/dwb_msgs/share/dwb_msgs/cmake/dwb_msgs__rosidl_generator_cppExport.cmake
[0.525s] -- Up-to-date: /home/nth/ros2_ws/install/dwb_msgs/share/dwb_msgs/cmake/dwb_msgs__rosidl_typesupport_introspection_cppExport.cmake
[0.525s] -- Up-to-date: /home/nth/ros2_ws/install/dwb_msgs/share/dwb_msgs/cmake/dwb_msgs__rosidl_typesupport_introspection_cppExport-noconfig.cmake
[0.525s] -- Up-to-date: /home/nth/ros2_ws/install/dwb_msgs/share/dwb_msgs/cmake/dwb_msgs__rosidl_typesupport_cppExport.cmake
[0.525s] -- Up-to-date: /home/nth/ros2_ws/install/dwb_msgs/share/dwb_msgs/cmake/dwb_msgs__rosidl_typesupport_cppExport-noconfig.cmake
[0.525s] -- Up-to-date: /home/nth/ros2_ws/install/dwb_msgs/share/dwb_msgs/cmake/rosidl_cmake-extras.cmake
[0.525s] -- Up-to-date: /home/nth/ros2_ws/install/dwb_msgs/share/dwb_msgs/cmake/ament_cmake_export_dependencies-extras.cmake
[0.525s] -- Up-to-date: /home/nth/ros2_ws/install/dwb_msgs/share/dwb_msgs/cmake/ament_cmake_export_libraries-extras.cmake
[0.525s] -- Up-to-date: /home/nth/ros2_ws/install/dwb_msgs/share/dwb_msgs/cmake/ament_cmake_export_targets-extras.cmake
[0.525s] -- Up-to-date: /home/nth/ros2_ws/install/dwb_msgs/share/dwb_msgs/cmake/ament_cmake_export_include_directories-extras.cmake
[0.526s] -- Up-to-date: /home/nth/ros2_ws/install/dwb_msgs/share/dwb_msgs/cmake/rosidl_cmake_export_typesupport_libraries-extras.cmake
[0.526s] -- Up-to-date: /home/nth/ros2_ws/install/dwb_msgs/share/dwb_msgs/cmake/rosidl_cmake_export_typesupport_targets-extras.cmake
[0.526s] -- Up-to-date: /home/nth/ros2_ws/install/dwb_msgs/share/dwb_msgs/cmake/dwb_msgsConfig.cmake
[0.526s] -- Up-to-date: /home/nth/ros2_ws/install/dwb_msgs/share/dwb_msgs/cmake/dwb_msgsConfig-version.cmake
[0.526s] -- Up-to-date: /home/nth/ros2_ws/install/dwb_msgs/share/dwb_msgs/package.xml
[0.527s] Invoked command in '/home/nth/ros2_ws/build/dwb_msgs' returned '0': AMENT_PREFIX_PATH=/home/nth/ros2_ws/install/nav_2d_msgs:${AMENT_PREFIX_PATH} CMAKE_PREFIX_PATH=/home/nth/ros2_ws/install/nav_2d_msgs:/home/nth/rtc_ws/install/turtlebot3:/home/nth/rtc_ws/install/turtlebot3_bringup:/home/nth/rtc_ws/install/turtlebot3_node:/home/nth/rtc_ws/install/turtlebot3_navigation2:/home/nth/rtc_ws/install/turtlebot3_msgs:/home/nth/rtc_ws/install/turtlebot3_description:/home/nth/rtc_ws/install/turtlebot3_cartographer:/home/nth/rtc_ws/install/teb_msgs:/home/nth/rtc_ws/install/nav2_system_tests:/home/nth/rtc_ws/install/nav2_bringup:/home/nth/rtc_ws/install/navigation2:/home/nth/rtc_ws/install/smac_planner:/home/nth/rtc_ws/install/rplidar_ros2:/home/nth/rtc_ws/install/robot_localization:/home/nth/rtc_ws/install/nav2_dwb_controller:/home/nth/rtc_ws/install/nav2_controller:/home/nth/rtc_ws/install/dwb_plugins:/home/nth/rtc_ws/install/dwb_critics:/home/nth/rtc_ws/install/dwb_core:/home/nth/rtc_ws/install/nav_2d_utils:/home/nth/rtc_ws/install/dwb_msgs:/home/nth/rtc_ws/install/nav_2d_msgs:/home/nth/rtc_ws/install/nav2_waypoint_follower:/home/nth/rtc_ws/install/nav2_regulated_pure_pursuit_controller:/home/nth/rtc_ws/install/nav2_recoveries:/home/nth/rtc_ws/install/nav2_planner:/home/nth/rtc_ws/install/nav2_navfn_planner:/home/nth/rtc_ws/install/nav2_core:/home/nth/rtc_ws/install/costmap_queue:/home/nth/rtc_ws/install/costmap_converter:/home/nth/rtc_ws/install/nav2_costmap_2d:/home/nth/rtc_ws/install/nav2_voxel_grid:/home/nth/rtc_ws/install/nav2_rviz_plugins:/home/nth/rtc_ws/install/nav2_map_server:/home/nth/rtc_ws/install/nav2_lifecycle_manager:/home/nth/rtc_ws/install/nav2_bt_navigator:/home/nth/rtc_ws/install/nav2_behavior_tree:/home/nth/rtc_ws/install/nav2_amcl:/home/nth/rtc_ws/install/nav2_util:/home/nth/rtc_ws/install/nav2_msgs:/home/nth/rtc_ws/install/nav2_common:/home/nth/rtc_ws/install/ld08_driver:/home/nth/rtc_ws/install/g2o:/home/nth/rtc_ws/install/dynamixel_sdk_examples:/home/nth/rtc_ws/install/dynamixel_sdk_custom_interfaces:/home/nth/rtc_ws/install/dynamixel_sdk:/home/nth/rtc_ws/install/costmap_converter_msgs:/home/nth/rtc_ws/install/aws_robomaker_small_warehouse_world:/home/nth/rtcamr_ws/install/turtlebot3_msgs:/home/nth/rtcamr_ws/install/turtlebot3_gazebo:/home/nth/rtcamr_ws/install/turtlebot3_description:/home/nth/rtcamr_ws/install/turtlebot3_cartographer:/home/nth/rtcamr_ws/install/rplidar_ros2:/home/nth/rtcamr_ws/install/dwb_msgs:/home/nth/rtcamr_ws/install/nav_2d_msgs:/home/nth/rtcamr_ws/install/nav2_voxel_grid:/home/nth/rtcamr_ws/install/nav2_msgs:/home/nth/rtcamr_ws/install/nav2_common:/home/nth/rtcamr_ws/install/aws_robomaker_small_warehouse_world:/home/nth/rtc_ws/install/turtlebot3_teleop:/home/nth/rtc_ws/install/turtlebot3_example:/home/nth/rtc_ws/install/nav2_simple_commander:/home/nth/rtc_ws/install/nav2_gazebo_spawner:/home/nth/rtcamr_ws/install/turtlebot3_teleop:/home/nth/rtcamr_ws/install/turtlebot3_example:/home/nth/rtcamr_ws/install/nav2_simple_commander:/home/nth/rtcamr_ws/install/nav2_gazebo_spawner:/opt/ros/foxy LD_LIBRARY_PATH=/home/nth/ros2_ws/install/nav_2d_msgs/lib:${LD_LIBRARY_PATH} PYTHONPATH=/home/nth/ros2_ws/install/nav_2d_msgs/lib/python3.8/site-packages:${PYTHONPATH} /usr/bin/cmake --install /home/nth/ros2_ws/build/dwb_msgs
