[0.265s] Invoking command in '/home/nth/ros2_ws/build/tf2_cpp': CMAKE_PREFIX_PATH=${CMAKE_PREFIX_PATH}:/home/nth/ros2_ws/install/turtlesim_test:/home/nth/ros2_ws/install/service_test:/home/nth/rtc_ws/install/turtlebot3_teleop:/home/nth/rtc_ws/install/turtlebot3_example:/home/nth/rtc_ws/install/nav2_gazebo_spawner:/opt/ros/foxy /usr/bin/cmake --build /home/nth/ros2_ws/build/tf2_cpp -- -j16 -l16
[0.289s] -- Found geometry_msgs: 2.0.5 (/opt/ros/foxy/share/geometry_msgs/cmake)
[0.310s] -- Using PYTHON_EXECUTABLE: /usr/bin/python3
[0.478s] -- Using all available rosidl_typesupport_c: rosidl_typesupport_fastrtps_c;rosidl_typesupport_introspection_c
[0.481s] -- Found rosidl_adapter: 1.2.1 (/opt/ros/foxy/share/rosidl_adapter/cmake)
[0.593s] -- Using all available rosidl_typesupport_cpp: rosidl_typesupport_fastrtps_cpp;rosidl_typesupport_introspection_cpp
[0.666s] -- Found rclcpp: 2.4.1 (/opt/ros/foxy/share/rclcpp/cmake)
[0.699s] -- Found rmw_implementation_cmake: 1.0.3 (/opt/ros/foxy/share/rmw_implementation_cmake/cmake)
[0.702s] -- Using RMW implementation 'rmw_fastrtps_cpp' as default
[0.833s] -- Found tf2: 0.13.13 (/opt/ros/foxy/share/tf2/cmake)
[0.847s] -- Found tf2_ros: 0.13.13 (/opt/ros/foxy/share/tf2_ros/cmake)
[1.095s] -- Found turtlesim: 1.2.5 (/opt/ros/foxy/share/turtlesim/cmake)
[1.133s] -- Found ament_lint_auto: 0.9.6 (/opt/ros/foxy/share/ament_lint_auto/cmake)
[1.206s] -- Added test 'copyright' to check source files copyright and LICENSE
[1.206s] -- Added test 'cppcheck' to perform static code analysis on C / C++ code
[1.207s] -- Configured cppcheck include dirs: 
[1.207s] -- Configured cppcheck exclude dirs and/or files: 
[1.207s] -- Added test 'cpplint' to check C / C++ code against the Google style
[1.207s] -- Configured cpplint exclude dirs and/or files: 
[1.207s] -- Added test 'flake8' to check Python code syntax and style conventions
[1.208s] -- Added test 'lint_cmake' to check CMake code style
[1.208s] -- Added test 'pep257' to check Python code against some of the style conventions in PEP 257
[1.208s] -- Added test 'uncrustify' to check C / C++ code style
[1.209s] -- Configured uncrustify additional arguments: 
[1.209s] -- Added test 'xmllint' to check XML markup files
[1.210s] -- Configuring done
[1.223s] -- Generating done
[1.226s] -- Build files have been written to: /home/nth/ros2_ws/build/tf2_cpp
[1.288s] [ 50%] Built target tf2_broadcaster
[1.288s] [100%] Built target turtle_tf2
[1.305s] Invoked command in '/home/nth/ros2_ws/build/tf2_cpp' returned '0': CMAKE_PREFIX_PATH=${CMAKE_PREFIX_PATH}:/home/nth/ros2_ws/install/turtlesim_test:/home/nth/ros2_ws/install/service_test:/home/nth/rtc_ws/install/turtlebot3_teleop:/home/nth/rtc_ws/install/turtlebot3_example:/home/nth/rtc_ws/install/nav2_gazebo_spawner:/opt/ros/foxy /usr/bin/cmake --build /home/nth/ros2_ws/build/tf2_cpp -- -j16 -l16
[1.359s] Invoking command in '/home/nth/ros2_ws/build/tf2_cpp': CMAKE_PREFIX_PATH=${CMAKE_PREFIX_PATH}:/home/nth/ros2_ws/install/turtlesim_test:/home/nth/ros2_ws/install/service_test:/home/nth/rtc_ws/install/turtlebot3_teleop:/home/nth/rtc_ws/install/turtlebot3_example:/home/nth/rtc_ws/install/nav2_gazebo_spawner:/opt/ros/foxy /usr/bin/cmake --install /home/nth/ros2_ws/build/tf2_cpp
[1.372s] -- Install configuration: ""
[1.373s] -- Up-to-date: /home/nth/ros2_ws/install/tf2_cpp/lib/tf2_cpp/turtle_tf2
[1.373s] -- Up-to-date: /home/nth/ros2_ws/install/tf2_cpp/lib/tf2_cpp/tf2_broadcaster
[1.373s] -- Up-to-date: /home/nth/ros2_ws/install/tf2_cpp/share/tf2_cpp/launch
[1.373s] -- Up-to-date: /home/nth/ros2_ws/install/tf2_cpp/share/tf2_cpp/launch/turtle_tf2_demo.launch.py
[1.373s] -- Up-to-date: /home/nth/ros2_ws/install/tf2_cpp/share/ament_index/resource_index/package_run_dependencies/tf2_cpp
[1.373s] -- Up-to-date: /home/nth/ros2_ws/install/tf2_cpp/share/ament_index/resource_index/parent_prefix_path/tf2_cpp
[1.373s] -- Up-to-date: /home/nth/ros2_ws/install/tf2_cpp/share/tf2_cpp/environment/ament_prefix_path.sh
[1.373s] -- Installing: /home/nth/ros2_ws/install/tf2_cpp/share/tf2_cpp/environment/ament_prefix_path.dsv
[1.374s] -- Up-to-date: /home/nth/ros2_ws/install/tf2_cpp/share/tf2_cpp/environment/path.sh
[1.374s] -- Installing: /home/nth/ros2_ws/install/tf2_cpp/share/tf2_cpp/environment/path.dsv
[1.374s] -- Up-to-date: /home/nth/ros2_ws/install/tf2_cpp/share/tf2_cpp/local_setup.bash
[1.374s] -- Up-to-date: /home/nth/ros2_ws/install/tf2_cpp/share/tf2_cpp/local_setup.sh
[1.374s] -- Up-to-date: /home/nth/ros2_ws/install/tf2_cpp/share/tf2_cpp/local_setup.zsh
[1.374s] -- Installing: /home/nth/ros2_ws/install/tf2_cpp/share/tf2_cpp/local_setup.dsv
[1.374s] -- Installing: /home/nth/ros2_ws/install/tf2_cpp/share/tf2_cpp/package.dsv
[1.374s] -- Up-to-date: /home/nth/ros2_ws/install/tf2_cpp/share/ament_index/resource_index/packages/tf2_cpp
[1.374s] -- Up-to-date: /home/nth/ros2_ws/install/tf2_cpp/share/tf2_cpp/cmake/tf2_cppConfig.cmake
[1.374s] -- Up-to-date: /home/nth/ros2_ws/install/tf2_cpp/share/tf2_cpp/cmake/tf2_cppConfig-version.cmake
[1.374s] -- Up-to-date: /home/nth/ros2_ws/install/tf2_cpp/share/tf2_cpp/package.xml
[1.375s] Invoked command in '/home/nth/ros2_ws/build/tf2_cpp' returned '0': CMAKE_PREFIX_PATH=${CMAKE_PREFIX_PATH}:/home/nth/ros2_ws/install/turtlesim_test:/home/nth/ros2_ws/install/service_test:/home/nth/rtc_ws/install/turtlebot3_teleop:/home/nth/rtc_ws/install/turtlebot3_example:/home/nth/rtc_ws/install/nav2_gazebo_spawner:/opt/ros/foxy /usr/bin/cmake --install /home/nth/ros2_ws/build/tf2_cpp
