[1.122s] Invoking command in '/home/nth/ros2_ws/src/rssi_module': PYTHONPATH=/home/nth/ros2_ws/install/rssi/lib/python3.8/site-packages:${PYTHONPATH} /usr/bin/python3 setup.py egg_info --egg-base ../../build/rssi build --build-base /home/nth/ros2_ws/build/rssi/build install --prefix /home/nth/ros2_ws/install/rssi --record /home/nth/ros2_ws/build/rssi/install.log --single-version-externally-managed
[1.323s] Warning: 'classifiers' should be a list, got type 'tuple'
[1.329s] running egg_info
[1.330s] writing ../../build/rssi/rssi.egg-info/PKG-INFO
[1.330s] writing dependency_links to ../../build/rssi/rssi.egg-info/dependency_links.txt
[1.330s] writing top-level names to ../../build/rssi/rssi.egg-info/top_level.txt
[1.357s] reading manifest file '../../build/rssi/rssi.egg-info/SOURCES.txt'
[1.357s] writing manifest file '../../build/rssi/rssi.egg-info/SOURCES.txt'
[1.357s] running build
[1.357s] running build_py
[1.357s] copying rssi/__init__.py -> /home/nth/ros2_ws/build/rssi/build/lib/rssi
[1.357s] running install
[1.358s] running install_lib
[1.358s] copying /home/nth/ros2_ws/build/rssi/build/lib/rssi/__init__.py -> /home/nth/ros2_ws/install/rssi/lib/python3.8/site-packages/rssi
[1.359s] byte-compiling /home/nth/ros2_ws/install/rssi/lib/python3.8/site-packages/rssi/__init__.py to __init__.cpython-38.pyc
[1.361s] running install_egg_info
[1.365s] removing '/home/nth/ros2_ws/install/rssi/lib/python3.8/site-packages/rssi-1.0.2-py3.8.egg-info' (and everything under it)
[1.365s] Copying ../../build/rssi/rssi.egg-info to /home/nth/ros2_ws/install/rssi/lib/python3.8/site-packages/rssi-1.0.2-py3.8.egg-info
[1.365s] running install_scripts
[1.376s] writing list of installed files to '/home/nth/ros2_ws/build/rssi/install.log'
[1.415s] Invoked command in '/home/nth/ros2_ws/src/rssi_module' returned '0': PYTHONPATH=/home/nth/ros2_ws/install/rssi/lib/python3.8/site-packages:${PYTHONPATH} /usr/bin/python3 setup.py egg_info --egg-base ../../build/rssi build --build-base /home/nth/ros2_ws/build/rssi/build install --prefix /home/nth/ros2_ws/install/rssi --record /home/nth/ros2_ws/build/rssi/install.log --single-version-externally-managed
