[0.057s] Invoking command in '/home/nth/ros2_ws/build/nav2_voxel_grid': AMENT_PREFIX_PATH=/home/nth/ros2_ws/install/nav2_common:${AMENT_PREFIX_PATH} CMAKE_PREFIX_PATH=/home/nth/ros2_ws/install/nav2_common:/home/nth/rtc_ws/install/turtlebot3:/home/nth/rtc_ws/install/turtlebot3_bringup:/home/nth/rtc_ws/install/turtlebot3_node:/home/nth/rtc_ws/install/turtlebot3_navigation2:/home/nth/rtc_ws/install/turtlebot3_msgs:/home/nth/rtc_ws/install/turtlebot3_description:/home/nth/rtc_ws/install/turtlebot3_cartographer:/home/nth/rtc_ws/install/teb_msgs:/home/nth/rtc_ws/install/nav2_system_tests:/home/nth/rtc_ws/install/nav2_bringup:/home/nth/rtc_ws/install/navigation2:/home/nth/rtc_ws/install/smac_planner:/home/nth/rtc_ws/install/rplidar_ros2:/home/nth/rtc_ws/install/robot_localization:/home/nth/rtc_ws/install/nav2_dwb_controller:/home/nth/rtc_ws/install/nav2_controller:/home/nth/rtc_ws/install/dwb_plugins:/home/nth/rtc_ws/install/dwb_critics:/home/nth/rtc_ws/install/dwb_core:/home/nth/rtc_ws/install/nav_2d_utils:/home/nth/rtc_ws/install/dwb_msgs:/home/nth/rtc_ws/install/nav_2d_msgs:/home/nth/rtc_ws/install/nav2_waypoint_follower:/home/nth/rtc_ws/install/nav2_regulated_pure_pursuit_controller:/home/nth/rtc_ws/install/nav2_recoveries:/home/nth/rtc_ws/install/nav2_planner:/home/nth/rtc_ws/install/nav2_navfn_planner:/home/nth/rtc_ws/install/nav2_core:/home/nth/rtc_ws/install/costmap_queue:/home/nth/rtc_ws/install/costmap_converter:/home/nth/rtc_ws/install/nav2_costmap_2d:/home/nth/rtc_ws/install/nav2_voxel_grid:/home/nth/rtc_ws/install/nav2_rviz_plugins:/home/nth/rtc_ws/install/nav2_map_server:/home/nth/rtc_ws/install/nav2_lifecycle_manager:/home/nth/rtc_ws/install/nav2_bt_navigator:/home/nth/rtc_ws/install/nav2_behavior_tree:/home/nth/rtc_ws/install/nav2_amcl:/home/nth/rtc_ws/install/nav2_util:/home/nth/rtc_ws/install/nav2_msgs:/home/nth/rtc_ws/install/nav2_common:/home/nth/rtc_ws/install/ld08_driver:/home/nth/rtc_ws/install/g2o:/home/nth/rtc_ws/install/dynamixel_sdk_examples:/home/nth/rtc_ws/install/dynamixel_sdk_custom_interfaces:/home/nth/rtc_ws/install/dynamixel_sdk:/home/nth/rtc_ws/install/costmap_converter_msgs:/home/nth/rtc_ws/install/aws_robomaker_small_warehouse_world:/home/nth/rtcamr_ws/install/turtlebot3_msgs:/home/nth/rtcamr_ws/install/turtlebot3_gazebo:/home/nth/rtcamr_ws/install/turtlebot3_description:/home/nth/rtcamr_ws/install/turtlebot3_cartographer:/home/nth/rtcamr_ws/install/rplidar_ros2:/home/nth/rtcamr_ws/install/dwb_msgs:/home/nth/rtcamr_ws/install/nav_2d_msgs:/home/nth/rtcamr_ws/install/nav2_voxel_grid:/home/nth/rtcamr_ws/install/nav2_msgs:/home/nth/rtcamr_ws/install/nav2_common:/home/nth/rtcamr_ws/install/aws_robomaker_small_warehouse_world:/home/nth/rtc_ws/install/turtlebot3_teleop:/home/nth/rtc_ws/install/turtlebot3_example:/home/nth/rtc_ws/install/nav2_simple_commander:/home/nth/rtc_ws/install/nav2_gazebo_spawner:/home/nth/rtcamr_ws/install/turtlebot3_teleop:/home/nth/rtcamr_ws/install/turtlebot3_example:/home/nth/rtcamr_ws/install/nav2_simple_commander:/home/nth/rtcamr_ws/install/nav2_gazebo_spawner:/opt/ros/foxy PYTHONPATH=/home/nth/ros2_ws/install/nav2_common/lib/python3.8/site-packages:${PYTHONPATH} /usr/bin/cmake /home/nth/ros2_ws/src/navigation2/nav2_voxel_grid -DCMAKE_INSTALL_PREFIX=/home/nth/ros2_ws/install/nav2_voxel_grid
[0.111s] -- The C compiler identification is GNU 9.4.0
[0.174s] -- The CXX compiler identification is GNU 9.4.0
[0.182s] -- Check for working C compiler: /usr/bin/cc
[0.262s] -- Check for working C compiler: /usr/bin/cc -- works
[0.262s] -- Detecting C compiler ABI info
[0.336s] -- Detecting C compiler ABI info - done
[0.345s] -- Detecting C compile features
[0.345s] -- Detecting C compile features - done
[0.346s] -- Check for working CXX compiler: /usr/bin/c++
[0.422s] -- Check for working CXX compiler: /usr/bin/c++ -- works
[0.424s] -- Detecting CXX compiler ABI info
[0.515s] -- Detecting CXX compiler ABI info - done
[0.520s] -- Detecting CXX compile features
[0.521s] -- Detecting CXX compile features - done
[0.525s] -- Found ament_cmake: 0.9.9 (/opt/ros/foxy/share/ament_cmake/cmake)
[0.558s] -- Found PythonInterp: /usr/bin/python3 (found suitable version "3.8.10", minimum required is "3") 
[0.558s] -- Using PYTHON_EXECUTABLE: /usr/bin/python3
[0.782s] -- Found nav2_common: 0.4.7 (/home/nth/ros2_ws/install/nav2_common/share/nav2_common/cmake)
[0.786s] -- Found rclcpp: 2.4.1 (/opt/ros/foxy/share/rclcpp/cmake)
[0.861s] -- Using all available rosidl_typesupport_c: rosidl_typesupport_fastrtps_c;rosidl_typesupport_introspection_c
[0.874s] -- Found rosidl_adapter: 1.2.1 (/opt/ros/foxy/share/rosidl_adapter/cmake)
[0.988s] -- Found OpenSSL: /usr/lib/x86_64-linux-gnu/libcrypto.so (found version "1.1.1f")  
[1.021s] -- Found FastRTPS: /opt/ros/foxy/include  
[1.108s] -- Using all available rosidl_typesupport_cpp: rosidl_typesupport_fastrtps_cpp;rosidl_typesupport_introspection_cpp
[1.178s] -- Found rmw_implementation_cmake: 1.0.3 (/opt/ros/foxy/share/rmw_implementation_cmake/cmake)
[1.182s] -- Using RMW implementation 'rmw_fastrtps_cpp' as default
[1.184s] -- Looking for pthread.h
[1.262s] -- Looking for pthread.h - found
[1.262s] -- Performing Test CMAKE_HAVE_LIBC_PTHREAD
[1.340s] -- Performing Test CMAKE_HAVE_LIBC_PTHREAD - Failed
[1.341s] -- Looking for pthread_create in pthreads
[1.405s] -- Looking for pthread_create in pthreads - not found
[1.405s] -- Looking for pthread_create in pthread
[1.478s] -- Looking for pthread_create in pthread - found
[1.479s] -- Found Threads: TRUE  
[1.692s] -- Setting build type to Release as none was specified.
[1.705s] -- Found ament_lint_auto: 0.9.6 (/opt/ros/foxy/share/ament_lint_auto/cmake)
[1.844s] -- Found gtest sources under '/opt/ros/foxy/src/gtest_vendor': C++ tests using 'Google Test' will be built
[1.846s] -- Check if compiler accepts -pthread
[1.945s] -- Check if compiler accepts -pthread - yes
[1.953s] -- Added test 'cppcheck' to perform static code analysis on C / C++ code
[1.954s] -- Configured cppcheck include dirs: /home/nth/ros2_ws/src/navigation2/nav2_voxel_grid/include
[1.954s] -- Configured cppcheck exclude dirs and/or files: 
[1.957s] -- Added test 'cpplint' to check C / C++ code against the Google style
[1.957s] -- Configured cpplint exclude dirs and/or files: 
[1.959s] -- Added test 'lint_cmake' to check CMake code style
[1.962s] -- Added test 'uncrustify' to check C / C++ code style
[1.962s] -- Configured uncrustify additional arguments: 
[1.964s] -- Added test 'xmllint' to check XML markup files
[1.970s] -- Configuring done
[1.986s] -- Generating done
[1.990s] -- Build files have been written to: /home/nth/ros2_ws/build/nav2_voxel_grid
[2.012s] Invoked command in '/home/nth/ros2_ws/build/nav2_voxel_grid' returned '0': AMENT_PREFIX_PATH=/home/nth/ros2_ws/install/nav2_common:${AMENT_PREFIX_PATH} CMAKE_PREFIX_PATH=/home/nth/ros2_ws/install/nav2_common:/home/nth/rtc_ws/install/turtlebot3:/home/nth/rtc_ws/install/turtlebot3_bringup:/home/nth/rtc_ws/install/turtlebot3_node:/home/nth/rtc_ws/install/turtlebot3_navigation2:/home/nth/rtc_ws/install/turtlebot3_msgs:/home/nth/rtc_ws/install/turtlebot3_description:/home/nth/rtc_ws/install/turtlebot3_cartographer:/home/nth/rtc_ws/install/teb_msgs:/home/nth/rtc_ws/install/nav2_system_tests:/home/nth/rtc_ws/install/nav2_bringup:/home/nth/rtc_ws/install/navigation2:/home/nth/rtc_ws/install/smac_planner:/home/nth/rtc_ws/install/rplidar_ros2:/home/nth/rtc_ws/install/robot_localization:/home/nth/rtc_ws/install/nav2_dwb_controller:/home/nth/rtc_ws/install/nav2_controller:/home/nth/rtc_ws/install/dwb_plugins:/home/nth/rtc_ws/install/dwb_critics:/home/nth/rtc_ws/install/dwb_core:/home/nth/rtc_ws/install/nav_2d_utils:/home/nth/rtc_ws/install/dwb_msgs:/home/nth/rtc_ws/install/nav_2d_msgs:/home/nth/rtc_ws/install/nav2_waypoint_follower:/home/nth/rtc_ws/install/nav2_regulated_pure_pursuit_controller:/home/nth/rtc_ws/install/nav2_recoveries:/home/nth/rtc_ws/install/nav2_planner:/home/nth/rtc_ws/install/nav2_navfn_planner:/home/nth/rtc_ws/install/nav2_core:/home/nth/rtc_ws/install/costmap_queue:/home/nth/rtc_ws/install/costmap_converter:/home/nth/rtc_ws/install/nav2_costmap_2d:/home/nth/rtc_ws/install/nav2_voxel_grid:/home/nth/rtc_ws/install/nav2_rviz_plugins:/home/nth/rtc_ws/install/nav2_map_server:/home/nth/rtc_ws/install/nav2_lifecycle_manager:/home/nth/rtc_ws/install/nav2_bt_navigator:/home/nth/rtc_ws/install/nav2_behavior_tree:/home/nth/rtc_ws/install/nav2_amcl:/home/nth/rtc_ws/install/nav2_util:/home/nth/rtc_ws/install/nav2_msgs:/home/nth/rtc_ws/install/nav2_common:/home/nth/rtc_ws/install/ld08_driver:/home/nth/rtc_ws/install/g2o:/home/nth/rtc_ws/install/dynamixel_sdk_examples:/home/nth/rtc_ws/install/dynamixel_sdk_custom_interfaces:/home/nth/rtc_ws/install/dynamixel_sdk:/home/nth/rtc_ws/install/costmap_converter_msgs:/home/nth/rtc_ws/install/aws_robomaker_small_warehouse_world:/home/nth/rtcamr_ws/install/turtlebot3_msgs:/home/nth/rtcamr_ws/install/turtlebot3_gazebo:/home/nth/rtcamr_ws/install/turtlebot3_description:/home/nth/rtcamr_ws/install/turtlebot3_cartographer:/home/nth/rtcamr_ws/install/rplidar_ros2:/home/nth/rtcamr_ws/install/dwb_msgs:/home/nth/rtcamr_ws/install/nav_2d_msgs:/home/nth/rtcamr_ws/install/nav2_voxel_grid:/home/nth/rtcamr_ws/install/nav2_msgs:/home/nth/rtcamr_ws/install/nav2_common:/home/nth/rtcamr_ws/install/aws_robomaker_small_warehouse_world:/home/nth/rtc_ws/install/turtlebot3_teleop:/home/nth/rtc_ws/install/turtlebot3_example:/home/nth/rtc_ws/install/nav2_simple_commander:/home/nth/rtc_ws/install/nav2_gazebo_spawner:/home/nth/rtcamr_ws/install/turtlebot3_teleop:/home/nth/rtcamr_ws/install/turtlebot3_example:/home/nth/rtcamr_ws/install/nav2_simple_commander:/home/nth/rtcamr_ws/install/nav2_gazebo_spawner:/opt/ros/foxy PYTHONPATH=/home/nth/ros2_ws/install/nav2_common/lib/python3.8/site-packages:${PYTHONPATH} /usr/bin/cmake /home/nth/ros2_ws/src/navigation2/nav2_voxel_grid -DCMAKE_INSTALL_PREFIX=/home/nth/ros2_ws/install/nav2_voxel_grid
[2.013s] Invoking command in '/home/nth/ros2_ws/build/nav2_voxel_grid': AMENT_PREFIX_PATH=/home/nth/ros2_ws/install/nav2_common:${AMENT_PREFIX_PATH} CMAKE_PREFIX_PATH=/home/nth/ros2_ws/install/nav2_common:/home/nth/rtc_ws/install/turtlebot3:/home/nth/rtc_ws/install/turtlebot3_bringup:/home/nth/rtc_ws/install/turtlebot3_node:/home/nth/rtc_ws/install/turtlebot3_navigation2:/home/nth/rtc_ws/install/turtlebot3_msgs:/home/nth/rtc_ws/install/turtlebot3_description:/home/nth/rtc_ws/install/turtlebot3_cartographer:/home/nth/rtc_ws/install/teb_msgs:/home/nth/rtc_ws/install/nav2_system_tests:/home/nth/rtc_ws/install/nav2_bringup:/home/nth/rtc_ws/install/navigation2:/home/nth/rtc_ws/install/smac_planner:/home/nth/rtc_ws/install/rplidar_ros2:/home/nth/rtc_ws/install/robot_localization:/home/nth/rtc_ws/install/nav2_dwb_controller:/home/nth/rtc_ws/install/nav2_controller:/home/nth/rtc_ws/install/dwb_plugins:/home/nth/rtc_ws/install/dwb_critics:/home/nth/rtc_ws/install/dwb_core:/home/nth/rtc_ws/install/nav_2d_utils:/home/nth/rtc_ws/install/dwb_msgs:/home/nth/rtc_ws/install/nav_2d_msgs:/home/nth/rtc_ws/install/nav2_waypoint_follower:/home/nth/rtc_ws/install/nav2_regulated_pure_pursuit_controller:/home/nth/rtc_ws/install/nav2_recoveries:/home/nth/rtc_ws/install/nav2_planner:/home/nth/rtc_ws/install/nav2_navfn_planner:/home/nth/rtc_ws/install/nav2_core:/home/nth/rtc_ws/install/costmap_queue:/home/nth/rtc_ws/install/costmap_converter:/home/nth/rtc_ws/install/nav2_costmap_2d:/home/nth/rtc_ws/install/nav2_voxel_grid:/home/nth/rtc_ws/install/nav2_rviz_plugins:/home/nth/rtc_ws/install/nav2_map_server:/home/nth/rtc_ws/install/nav2_lifecycle_manager:/home/nth/rtc_ws/install/nav2_bt_navigator:/home/nth/rtc_ws/install/nav2_behavior_tree:/home/nth/rtc_ws/install/nav2_amcl:/home/nth/rtc_ws/install/nav2_util:/home/nth/rtc_ws/install/nav2_msgs:/home/nth/rtc_ws/install/nav2_common:/home/nth/rtc_ws/install/ld08_driver:/home/nth/rtc_ws/install/g2o:/home/nth/rtc_ws/install/dynamixel_sdk_examples:/home/nth/rtc_ws/install/dynamixel_sdk_custom_interfaces:/home/nth/rtc_ws/install/dynamixel_sdk:/home/nth/rtc_ws/install/costmap_converter_msgs:/home/nth/rtc_ws/install/aws_robomaker_small_warehouse_world:/home/nth/rtcamr_ws/install/turtlebot3_msgs:/home/nth/rtcamr_ws/install/turtlebot3_gazebo:/home/nth/rtcamr_ws/install/turtlebot3_description:/home/nth/rtcamr_ws/install/turtlebot3_cartographer:/home/nth/rtcamr_ws/install/rplidar_ros2:/home/nth/rtcamr_ws/install/dwb_msgs:/home/nth/rtcamr_ws/install/nav_2d_msgs:/home/nth/rtcamr_ws/install/nav2_voxel_grid:/home/nth/rtcamr_ws/install/nav2_msgs:/home/nth/rtcamr_ws/install/nav2_common:/home/nth/rtcamr_ws/install/aws_robomaker_small_warehouse_world:/home/nth/rtc_ws/install/turtlebot3_teleop:/home/nth/rtc_ws/install/turtlebot3_example:/home/nth/rtc_ws/install/nav2_simple_commander:/home/nth/rtc_ws/install/nav2_gazebo_spawner:/home/nth/rtcamr_ws/install/turtlebot3_teleop:/home/nth/rtcamr_ws/install/turtlebot3_example:/home/nth/rtcamr_ws/install/nav2_simple_commander:/home/nth/rtcamr_ws/install/nav2_gazebo_spawner:/opt/ros/foxy PYTHONPATH=/home/nth/ros2_ws/install/nav2_common/lib/python3.8/site-packages:${PYTHONPATH} /usr/bin/cmake --build /home/nth/ros2_ws/build/nav2_voxel_grid -- -j16 -l16
[2.153s] [35m[1mScanning dependencies of target voxel_grid[0m
[2.191s] [35m[1mScanning dependencies of target gtest[0m
[2.192s] [35m[1mScanning dependencies of target gtest_main[0m
[2.239s] [ 12%] [32mBuilding CXX object gtest/CMakeFiles/gtest.dir/src/gtest-all.cc.o[0m
[2.249s] [ 25%] [32mBuilding CXX object gtest/CMakeFiles/gtest_main.dir/src/gtest_main.cc.o[0m
[2.251s] [ 37%] [32mBuilding CXX object CMakeFiles/voxel_grid.dir/src/voxel_grid.cpp.o[0m
[3.083s] [ 50%] [32m[1mLinking CXX static library libgtest_main.a[0m
[3.122s] [ 50%] Built target gtest_main
[4.200s] [ 62%] [32m[1mLinking CXX shared library libvoxel_grid.so[0m
[4.303s] [ 62%] Built target voxel_grid
[10.252s] [ 75%] [32m[1mLinking CXX static library libgtest.a[0m
[10.311s] [ 75%] Built target gtest
[10.326s] [35m[1mScanning dependencies of target voxel_grid_tests[0m
[10.359s] [ 87%] [32mBuilding CXX object test/CMakeFiles/voxel_grid_tests.dir/voxel_grid_tests.cpp.o[0m
[13.059s] [100%] [32m[1mLinking CXX executable voxel_grid_tests[0m
[13.196s] [100%] Built target voxel_grid_tests
[13.210s] Invoked command in '/home/nth/ros2_ws/build/nav2_voxel_grid' returned '0': AMENT_PREFIX_PATH=/home/nth/ros2_ws/install/nav2_common:${AMENT_PREFIX_PATH} CMAKE_PREFIX_PATH=/home/nth/ros2_ws/install/nav2_common:/home/nth/rtc_ws/install/turtlebot3:/home/nth/rtc_ws/install/turtlebot3_bringup:/home/nth/rtc_ws/install/turtlebot3_node:/home/nth/rtc_ws/install/turtlebot3_navigation2:/home/nth/rtc_ws/install/turtlebot3_msgs:/home/nth/rtc_ws/install/turtlebot3_description:/home/nth/rtc_ws/install/turtlebot3_cartographer:/home/nth/rtc_ws/install/teb_msgs:/home/nth/rtc_ws/install/nav2_system_tests:/home/nth/rtc_ws/install/nav2_bringup:/home/nth/rtc_ws/install/navigation2:/home/nth/rtc_ws/install/smac_planner:/home/nth/rtc_ws/install/rplidar_ros2:/home/nth/rtc_ws/install/robot_localization:/home/nth/rtc_ws/install/nav2_dwb_controller:/home/nth/rtc_ws/install/nav2_controller:/home/nth/rtc_ws/install/dwb_plugins:/home/nth/rtc_ws/install/dwb_critics:/home/nth/rtc_ws/install/dwb_core:/home/nth/rtc_ws/install/nav_2d_utils:/home/nth/rtc_ws/install/dwb_msgs:/home/nth/rtc_ws/install/nav_2d_msgs:/home/nth/rtc_ws/install/nav2_waypoint_follower:/home/nth/rtc_ws/install/nav2_regulated_pure_pursuit_controller:/home/nth/rtc_ws/install/nav2_recoveries:/home/nth/rtc_ws/install/nav2_planner:/home/nth/rtc_ws/install/nav2_navfn_planner:/home/nth/rtc_ws/install/nav2_core:/home/nth/rtc_ws/install/costmap_queue:/home/nth/rtc_ws/install/costmap_converter:/home/nth/rtc_ws/install/nav2_costmap_2d:/home/nth/rtc_ws/install/nav2_voxel_grid:/home/nth/rtc_ws/install/nav2_rviz_plugins:/home/nth/rtc_ws/install/nav2_map_server:/home/nth/rtc_ws/install/nav2_lifecycle_manager:/home/nth/rtc_ws/install/nav2_bt_navigator:/home/nth/rtc_ws/install/nav2_behavior_tree:/home/nth/rtc_ws/install/nav2_amcl:/home/nth/rtc_ws/install/nav2_util:/home/nth/rtc_ws/install/nav2_msgs:/home/nth/rtc_ws/install/nav2_common:/home/nth/rtc_ws/install/ld08_driver:/home/nth/rtc_ws/install/g2o:/home/nth/rtc_ws/install/dynamixel_sdk_examples:/home/nth/rtc_ws/install/dynamixel_sdk_custom_interfaces:/home/nth/rtc_ws/install/dynamixel_sdk:/home/nth/rtc_ws/install/costmap_converter_msgs:/home/nth/rtc_ws/install/aws_robomaker_small_warehouse_world:/home/nth/rtcamr_ws/install/turtlebot3_msgs:/home/nth/rtcamr_ws/install/turtlebot3_gazebo:/home/nth/rtcamr_ws/install/turtlebot3_description:/home/nth/rtcamr_ws/install/turtlebot3_cartographer:/home/nth/rtcamr_ws/install/rplidar_ros2:/home/nth/rtcamr_ws/install/dwb_msgs:/home/nth/rtcamr_ws/install/nav_2d_msgs:/home/nth/rtcamr_ws/install/nav2_voxel_grid:/home/nth/rtcamr_ws/install/nav2_msgs:/home/nth/rtcamr_ws/install/nav2_common:/home/nth/rtcamr_ws/install/aws_robomaker_small_warehouse_world:/home/nth/rtc_ws/install/turtlebot3_teleop:/home/nth/rtc_ws/install/turtlebot3_example:/home/nth/rtc_ws/install/nav2_simple_commander:/home/nth/rtc_ws/install/nav2_gazebo_spawner:/home/nth/rtcamr_ws/install/turtlebot3_teleop:/home/nth/rtcamr_ws/install/turtlebot3_example:/home/nth/rtcamr_ws/install/nav2_simple_commander:/home/nth/rtcamr_ws/install/nav2_gazebo_spawner:/opt/ros/foxy PYTHONPATH=/home/nth/ros2_ws/install/nav2_common/lib/python3.8/site-packages:${PYTHONPATH} /usr/bin/cmake --build /home/nth/ros2_ws/build/nav2_voxel_grid -- -j16 -l16
[13.247s] Invoking command in '/home/nth/ros2_ws/build/nav2_voxel_grid': AMENT_PREFIX_PATH=/home/nth/ros2_ws/install/nav2_common:${AMENT_PREFIX_PATH} CMAKE_PREFIX_PATH=/home/nth/ros2_ws/install/nav2_common:/home/nth/rtc_ws/install/turtlebot3:/home/nth/rtc_ws/install/turtlebot3_bringup:/home/nth/rtc_ws/install/turtlebot3_node:/home/nth/rtc_ws/install/turtlebot3_navigation2:/home/nth/rtc_ws/install/turtlebot3_msgs:/home/nth/rtc_ws/install/turtlebot3_description:/home/nth/rtc_ws/install/turtlebot3_cartographer:/home/nth/rtc_ws/install/teb_msgs:/home/nth/rtc_ws/install/nav2_system_tests:/home/nth/rtc_ws/install/nav2_bringup:/home/nth/rtc_ws/install/navigation2:/home/nth/rtc_ws/install/smac_planner:/home/nth/rtc_ws/install/rplidar_ros2:/home/nth/rtc_ws/install/robot_localization:/home/nth/rtc_ws/install/nav2_dwb_controller:/home/nth/rtc_ws/install/nav2_controller:/home/nth/rtc_ws/install/dwb_plugins:/home/nth/rtc_ws/install/dwb_critics:/home/nth/rtc_ws/install/dwb_core:/home/nth/rtc_ws/install/nav_2d_utils:/home/nth/rtc_ws/install/dwb_msgs:/home/nth/rtc_ws/install/nav_2d_msgs:/home/nth/rtc_ws/install/nav2_waypoint_follower:/home/nth/rtc_ws/install/nav2_regulated_pure_pursuit_controller:/home/nth/rtc_ws/install/nav2_recoveries:/home/nth/rtc_ws/install/nav2_planner:/home/nth/rtc_ws/install/nav2_navfn_planner:/home/nth/rtc_ws/install/nav2_core:/home/nth/rtc_ws/install/costmap_queue:/home/nth/rtc_ws/install/costmap_converter:/home/nth/rtc_ws/install/nav2_costmap_2d:/home/nth/rtc_ws/install/nav2_voxel_grid:/home/nth/rtc_ws/install/nav2_rviz_plugins:/home/nth/rtc_ws/install/nav2_map_server:/home/nth/rtc_ws/install/nav2_lifecycle_manager:/home/nth/rtc_ws/install/nav2_bt_navigator:/home/nth/rtc_ws/install/nav2_behavior_tree:/home/nth/rtc_ws/install/nav2_amcl:/home/nth/rtc_ws/install/nav2_util:/home/nth/rtc_ws/install/nav2_msgs:/home/nth/rtc_ws/install/nav2_common:/home/nth/rtc_ws/install/ld08_driver:/home/nth/rtc_ws/install/g2o:/home/nth/rtc_ws/install/dynamixel_sdk_examples:/home/nth/rtc_ws/install/dynamixel_sdk_custom_interfaces:/home/nth/rtc_ws/install/dynamixel_sdk:/home/nth/rtc_ws/install/costmap_converter_msgs:/home/nth/rtc_ws/install/aws_robomaker_small_warehouse_world:/home/nth/rtcamr_ws/install/turtlebot3_msgs:/home/nth/rtcamr_ws/install/turtlebot3_gazebo:/home/nth/rtcamr_ws/install/turtlebot3_description:/home/nth/rtcamr_ws/install/turtlebot3_cartographer:/home/nth/rtcamr_ws/install/rplidar_ros2:/home/nth/rtcamr_ws/install/dwb_msgs:/home/nth/rtcamr_ws/install/nav_2d_msgs:/home/nth/rtcamr_ws/install/nav2_voxel_grid:/home/nth/rtcamr_ws/install/nav2_msgs:/home/nth/rtcamr_ws/install/nav2_common:/home/nth/rtcamr_ws/install/aws_robomaker_small_warehouse_world:/home/nth/rtc_ws/install/turtlebot3_teleop:/home/nth/rtc_ws/install/turtlebot3_example:/home/nth/rtc_ws/install/nav2_simple_commander:/home/nth/rtc_ws/install/nav2_gazebo_spawner:/home/nth/rtcamr_ws/install/turtlebot3_teleop:/home/nth/rtcamr_ws/install/turtlebot3_example:/home/nth/rtcamr_ws/install/nav2_simple_commander:/home/nth/rtcamr_ws/install/nav2_gazebo_spawner:/opt/ros/foxy PYTHONPATH=/home/nth/ros2_ws/install/nav2_common/lib/python3.8/site-packages:${PYTHONPATH} /usr/bin/cmake --install /home/nth/ros2_ws/build/nav2_voxel_grid
[13.256s] -- Install configuration: "Release"
[13.257s] -- Installing: /home/nth/ros2_ws/install/nav2_voxel_grid/lib/libvoxel_grid.so
[13.257s] -- Set runtime path of "/home/nth/ros2_ws/install/nav2_voxel_grid/lib/libvoxel_grid.so" to ""
[13.257s] -- Installing: /home/nth/ros2_ws/install/nav2_voxel_grid/include
[13.257s] -- Installing: /home/nth/ros2_ws/install/nav2_voxel_grid/include/nav2_voxel_grid
[13.257s] -- Installing: /home/nth/ros2_ws/install/nav2_voxel_grid/include/nav2_voxel_grid/voxel_grid.hpp
[13.257s] -- Installing: /home/nth/ros2_ws/install/nav2_voxel_grid/share/nav2_voxel_grid/environment/library_path.sh
[13.257s] -- Installing: /home/nth/ros2_ws/install/nav2_voxel_grid/share/nav2_voxel_grid/environment/library_path.dsv
[13.257s] -- Installing: /home/nth/ros2_ws/install/nav2_voxel_grid/share/ament_index/resource_index/package_run_dependencies/nav2_voxel_grid
[13.257s] -- Installing: /home/nth/ros2_ws/install/nav2_voxel_grid/share/ament_index/resource_index/parent_prefix_path/nav2_voxel_grid
[13.258s] -- Installing: /home/nth/ros2_ws/install/nav2_voxel_grid/share/nav2_voxel_grid/environment/ament_prefix_path.sh
[13.258s] -- Installing: /home/nth/ros2_ws/install/nav2_voxel_grid/share/nav2_voxel_grid/environment/ament_prefix_path.dsv
[13.258s] -- Installing: /home/nth/ros2_ws/install/nav2_voxel_grid/share/nav2_voxel_grid/environment/path.sh
[13.258s] -- Installing: /home/nth/ros2_ws/install/nav2_voxel_grid/share/nav2_voxel_grid/environment/path.dsv
[13.258s] -- Installing: /home/nth/ros2_ws/install/nav2_voxel_grid/share/nav2_voxel_grid/local_setup.bash
[13.258s] -- Installing: /home/nth/ros2_ws/install/nav2_voxel_grid/share/nav2_voxel_grid/local_setup.sh
[13.258s] -- Installing: /home/nth/ros2_ws/install/nav2_voxel_grid/share/nav2_voxel_grid/local_setup.zsh
[13.258s] -- Installing: /home/nth/ros2_ws/install/nav2_voxel_grid/share/nav2_voxel_grid/local_setup.dsv
[13.258s] -- Installing: /home/nth/ros2_ws/install/nav2_voxel_grid/share/nav2_voxel_grid/package.dsv
[13.258s] -- Installing: /home/nth/ros2_ws/install/nav2_voxel_grid/share/ament_index/resource_index/packages/nav2_voxel_grid
[13.258s] -- Installing: /home/nth/ros2_ws/install/nav2_voxel_grid/share/nav2_voxel_grid/cmake/ament_cmake_export_dependencies-extras.cmake
[13.258s] -- Installing: /home/nth/ros2_ws/install/nav2_voxel_grid/share/nav2_voxel_grid/cmake/ament_cmake_export_include_directories-extras.cmake
[13.259s] -- Installing: /home/nth/ros2_ws/install/nav2_voxel_grid/share/nav2_voxel_grid/cmake/ament_cmake_export_libraries-extras.cmake
[13.259s] -- Installing: /home/nth/ros2_ws/install/nav2_voxel_grid/share/nav2_voxel_grid/cmake/nav2_voxel_gridConfig.cmake
[13.259s] -- Installing: /home/nth/ros2_ws/install/nav2_voxel_grid/share/nav2_voxel_grid/cmake/nav2_voxel_gridConfig-version.cmake
[13.259s] -- Installing: /home/nth/ros2_ws/install/nav2_voxel_grid/share/nav2_voxel_grid/package.xml
[13.264s] Invoked command in '/home/nth/ros2_ws/build/nav2_voxel_grid' returned '0': AMENT_PREFIX_PATH=/home/nth/ros2_ws/install/nav2_common:${AMENT_PREFIX_PATH} CMAKE_PREFIX_PATH=/home/nth/ros2_ws/install/nav2_common:/home/nth/rtc_ws/install/turtlebot3:/home/nth/rtc_ws/install/turtlebot3_bringup:/home/nth/rtc_ws/install/turtlebot3_node:/home/nth/rtc_ws/install/turtlebot3_navigation2:/home/nth/rtc_ws/install/turtlebot3_msgs:/home/nth/rtc_ws/install/turtlebot3_description:/home/nth/rtc_ws/install/turtlebot3_cartographer:/home/nth/rtc_ws/install/teb_msgs:/home/nth/rtc_ws/install/nav2_system_tests:/home/nth/rtc_ws/install/nav2_bringup:/home/nth/rtc_ws/install/navigation2:/home/nth/rtc_ws/install/smac_planner:/home/nth/rtc_ws/install/rplidar_ros2:/home/nth/rtc_ws/install/robot_localization:/home/nth/rtc_ws/install/nav2_dwb_controller:/home/nth/rtc_ws/install/nav2_controller:/home/nth/rtc_ws/install/dwb_plugins:/home/nth/rtc_ws/install/dwb_critics:/home/nth/rtc_ws/install/dwb_core:/home/nth/rtc_ws/install/nav_2d_utils:/home/nth/rtc_ws/install/dwb_msgs:/home/nth/rtc_ws/install/nav_2d_msgs:/home/nth/rtc_ws/install/nav2_waypoint_follower:/home/nth/rtc_ws/install/nav2_regulated_pure_pursuit_controller:/home/nth/rtc_ws/install/nav2_recoveries:/home/nth/rtc_ws/install/nav2_planner:/home/nth/rtc_ws/install/nav2_navfn_planner:/home/nth/rtc_ws/install/nav2_core:/home/nth/rtc_ws/install/costmap_queue:/home/nth/rtc_ws/install/costmap_converter:/home/nth/rtc_ws/install/nav2_costmap_2d:/home/nth/rtc_ws/install/nav2_voxel_grid:/home/nth/rtc_ws/install/nav2_rviz_plugins:/home/nth/rtc_ws/install/nav2_map_server:/home/nth/rtc_ws/install/nav2_lifecycle_manager:/home/nth/rtc_ws/install/nav2_bt_navigator:/home/nth/rtc_ws/install/nav2_behavior_tree:/home/nth/rtc_ws/install/nav2_amcl:/home/nth/rtc_ws/install/nav2_util:/home/nth/rtc_ws/install/nav2_msgs:/home/nth/rtc_ws/install/nav2_common:/home/nth/rtc_ws/install/ld08_driver:/home/nth/rtc_ws/install/g2o:/home/nth/rtc_ws/install/dynamixel_sdk_examples:/home/nth/rtc_ws/install/dynamixel_sdk_custom_interfaces:/home/nth/rtc_ws/install/dynamixel_sdk:/home/nth/rtc_ws/install/costmap_converter_msgs:/home/nth/rtc_ws/install/aws_robomaker_small_warehouse_world:/home/nth/rtcamr_ws/install/turtlebot3_msgs:/home/nth/rtcamr_ws/install/turtlebot3_gazebo:/home/nth/rtcamr_ws/install/turtlebot3_description:/home/nth/rtcamr_ws/install/turtlebot3_cartographer:/home/nth/rtcamr_ws/install/rplidar_ros2:/home/nth/rtcamr_ws/install/dwb_msgs:/home/nth/rtcamr_ws/install/nav_2d_msgs:/home/nth/rtcamr_ws/install/nav2_voxel_grid:/home/nth/rtcamr_ws/install/nav2_msgs:/home/nth/rtcamr_ws/install/nav2_common:/home/nth/rtcamr_ws/install/aws_robomaker_small_warehouse_world:/home/nth/rtc_ws/install/turtlebot3_teleop:/home/nth/rtc_ws/install/turtlebot3_example:/home/nth/rtc_ws/install/nav2_simple_commander:/home/nth/rtc_ws/install/nav2_gazebo_spawner:/home/nth/rtcamr_ws/install/turtlebot3_teleop:/home/nth/rtcamr_ws/install/turtlebot3_example:/home/nth/rtcamr_ws/install/nav2_simple_commander:/home/nth/rtcamr_ws/install/nav2_gazebo_spawner:/opt/ros/foxy PYTHONPATH=/home/nth/ros2_ws/install/nav2_common/lib/python3.8/site-packages:${PYTHONPATH} /usr/bin/cmake --install /home/nth/ros2_ws/build/nav2_voxel_grid
