[0.080s] Invoking command in '/home/nth/ros2_ws/build/action_tutorials_interfaces': CMAKE_PREFIX_PATH=${CMAKE_PREFIX_PATH}:/home/nth/ros2_ws/install/turtlesim_test:/home/nth/ros2_ws/install/service_test:/home/nth/rtc_ws/install/turtlebot3_teleop:/home/nth/rtc_ws/install/turtlebot3_example:/home/nth/rtc_ws/install/nav2_gazebo_spawner:/opt/ros/foxy /usr/bin/cmake /home/nth/ros2_ws/src/action_tutorials_interfaces -DCMAKE_INSTALL_PREFIX=/home/nth/ros2_ws/install/action_tutorials_interfaces
[0.315s] -- The C compiler identification is GNU 9.4.0
[0.315s] -- The CXX compiler identification is GNU 9.4.0
[0.315s] -- Check for working C compiler: /usr/bin/cc
[0.315s] -- Check for working C compiler: /usr/bin/cc -- works
[0.315s] -- Detecting C compiler ABI info
[0.338s] -- Detecting C compiler ABI info - done
[0.347s] -- Detecting C compile features
[0.347s] -- Detecting C compile features - done
[0.349s] -- Check for working CXX compiler: /usr/bin/c++
[0.421s] -- Check for working CXX compiler: /usr/bin/c++ -- works
[0.422s] -- Detecting CXX compiler ABI info
[0.497s] -- Detecting CXX compiler ABI info - done
[0.507s] -- Detecting CXX compile features
[0.507s] -- Detecting CXX compile features - done
[0.512s] -- Found ament_cmake: 0.9.9 (/opt/ros/foxy/share/ament_cmake/cmake)
[0.544s] -- Found PythonInterp: /usr/bin/python3 (found suitable version "3.8.10", minimum required is "3") 
[0.544s] -- Using PYTHON_EXECUTABLE: /usr/bin/python3
[0.747s] -- Found rosidl_default_generators: 1.0.1 (/opt/ros/foxy/share/rosidl_default_generators/cmake)
[0.761s] -- Using all available rosidl_typesupport_c: rosidl_typesupport_fastrtps_c;rosidl_typesupport_introspection_c
[0.772s] -- Found rosidl_adapter: 1.2.1 (/opt/ros/foxy/share/rosidl_adapter/cmake)
[0.902s] -- Found OpenSSL: /usr/lib/x86_64-linux-gnu/libcrypto.so (found version "1.1.1f")  
[0.936s] -- Found FastRTPS: /opt/ros/foxy/include  
[1.023s] -- Using all available rosidl_typesupport_cpp: rosidl_typesupport_fastrtps_cpp;rosidl_typesupport_introspection_cpp
[1.075s] -- Found PythonInterp: /usr/bin/python3 (found version "3.8.10") 
[1.287s] -- Found ament_cmake_ros: 0.9.2 (/opt/ros/foxy/share/ament_cmake_ros/cmake)
[1.428s] -- Using all available rosidl_typesupport_c: rosidl_typesupport_fastrtps_c;rosidl_typesupport_introspection_c
[1.461s] -- Using all available rosidl_typesupport_cpp: rosidl_typesupport_fastrtps_cpp;rosidl_typesupport_introspection_cpp
[1.494s] -- Found PythonInterp: /usr/bin/python3 (found suitable version "3.8.10", minimum required is "3.5") 
[1.498s] -- Found python_cmake_module: 0.8.1 (/opt/ros/foxy/share/python_cmake_module/cmake)
[1.530s] -- Found PythonLibs: /usr/lib/x86_64-linux-gnu/libpython3.8.so (found suitable version "3.8.10", minimum required is "3.5") 
[1.530s] -- Using PYTHON_EXECUTABLE: /usr/bin/python3
[1.530s] -- Using PYTHON_INCLUDE_DIRS: /usr/include/python3.8
[1.530s] -- Using PYTHON_LIBRARIES: /usr/lib/x86_64-linux-gnu/libpython3.8.so
[1.557s] -- Found PythonExtra: .so  
[1.639s] -- Found ament_lint_auto: 0.9.6 (/opt/ros/foxy/share/ament_lint_auto/cmake)
[1.676s] -- Added test 'copyright' to check source files copyright and LICENSE
[1.679s] -- Added test 'lint_cmake' to check CMake code style
[1.680s] -- Added test 'xmllint' to check XML markup files
[1.684s] -- Configuring done
[1.723s] -- Generating done
[1.725s] -- Build files have been written to: /home/nth/ros2_ws/build/action_tutorials_interfaces
[1.736s] Invoked command in '/home/nth/ros2_ws/build/action_tutorials_interfaces' returned '0': CMAKE_PREFIX_PATH=${CMAKE_PREFIX_PATH}:/home/nth/ros2_ws/install/turtlesim_test:/home/nth/ros2_ws/install/service_test:/home/nth/rtc_ws/install/turtlebot3_teleop:/home/nth/rtc_ws/install/turtlebot3_example:/home/nth/rtc_ws/install/nav2_gazebo_spawner:/opt/ros/foxy /usr/bin/cmake /home/nth/ros2_ws/src/action_tutorials_interfaces -DCMAKE_INSTALL_PREFIX=/home/nth/ros2_ws/install/action_tutorials_interfaces
[1.739s] Invoking command in '/home/nth/ros2_ws/build/action_tutorials_interfaces': CMAKE_PREFIX_PATH=${CMAKE_PREFIX_PATH}:/home/nth/ros2_ws/install/turtlesim_test:/home/nth/ros2_ws/install/service_test:/home/nth/rtc_ws/install/turtlebot3_teleop:/home/nth/rtc_ws/install/turtlebot3_example:/home/nth/rtc_ws/install/nav2_gazebo_spawner:/opt/ros/foxy /usr/bin/cmake --build /home/nth/ros2_ws/build/action_tutorials_interfaces -- -j16 -l16
[1.781s] [  2%] [34m[1mGenerating C code for ROS interfaces[0m
[1.781s] [35m[1mScanning dependencies of target action_tutorials_interfaces__cpp[0m
[1.793s] [  5%] [34m[1mGenerating C++ code for ROS interfaces[0m
[2.270s] [  5%] Built target action_tutorials_interfaces__cpp
[2.283s] [ 10%] [34m[1mGenerating C++ type support for eProsima Fast-RTPS[0m
[2.283s] [ 10%] [34m[1mGenerating C++ type support dispatch for ROS interfaces[0m
[2.285s] [ 12%] [34m[1mGenerating C++ introspection for ROS interfaces[0m
[2.374s] [35m[1mScanning dependencies of target action_tutorials_interfaces__rosidl_generator_c[0m
[2.388s] [ 15%] [32mBuilding C object CMakeFiles/action_tutorials_interfaces__rosidl_generator_c.dir/rosidl_generator_c/action_tutorials_interfaces/action/detail/boiso__functions.c.o[0m
[2.388s] [ 17%] [32mBuilding C object CMakeFiles/action_tutorials_interfaces__rosidl_generator_c.dir/rosidl_generator_c/action_tutorials_interfaces/action/detail/fibonacci__functions.c.o[0m
[2.467s] [ 20%] [32m[1mLinking C shared library libaction_tutorials_interfaces__rosidl_generator_c.so[0m
[2.507s] [ 20%] Built target action_tutorials_interfaces__rosidl_generator_c
[2.520s] [ 25%] [34m[1mGenerating C introspection for ROS interfaces[0m
[2.520s] [ 25%] [34m[1mGenerating C type support dispatch for ROS interfaces[0m
[2.594s] [35m[1mScanning dependencies of target action_tutorials_interfaces__rosidl_typesupport_cpp[0m
[2.611s] [ 30%] [32mBuilding CXX object CMakeFiles/action_tutorials_interfaces__rosidl_typesupport_cpp.dir/rosidl_typesupport_cpp/action_tutorials_interfaces/action/boiso__type_support.cpp.o[0m
[2.611s] [ 30%] [32mBuilding CXX object CMakeFiles/action_tutorials_interfaces__rosidl_typesupport_cpp.dir/rosidl_typesupport_cpp/action_tutorials_interfaces/action/fibonacci__type_support.cpp.o[0m
[2.681s] [35m[1mScanning dependencies of target action_tutorials_interfaces__rosidl_typesupport_introspection_cpp[0m
[2.696s] [ 35%] [32mBuilding CXX object CMakeFiles/action_tutorials_interfaces__rosidl_typesupport_introspection_cpp.dir/rosidl_typesupport_introspection_cpp/action_tutorials_interfaces/action/detail/boiso__type_support.cpp.o[0m
[2.696s] [ 35%] [32mBuilding CXX object CMakeFiles/action_tutorials_interfaces__rosidl_typesupport_introspection_cpp.dir/rosidl_typesupport_introspection_cpp/action_tutorials_interfaces/action/detail/fibonacci__type_support.cpp.o[0m
[2.745s] [35m[1mScanning dependencies of target action_tutorials_interfaces__rosidl_typesupport_fastrtps_cpp[0m
[2.765s] [ 38%] [32mBuilding CXX object CMakeFiles/action_tutorials_interfaces__rosidl_typesupport_fastrtps_cpp.dir/rosidl_typesupport_fastrtps_cpp/action_tutorials_interfaces/action/detail/dds_fastrtps/fibonacci__type_support.cpp.o[0m
[2.768s] [ 41%] [32mBuilding CXX object CMakeFiles/action_tutorials_interfaces__rosidl_typesupport_fastrtps_cpp.dir/rosidl_typesupport_fastrtps_cpp/action_tutorials_interfaces/action/detail/dds_fastrtps/boiso__type_support.cpp.o[0m
[2.880s] [35m[1mScanning dependencies of target action_tutorials_interfaces__rosidl_typesupport_c[0m
[2.899s] [ 43%] [32mBuilding CXX object CMakeFiles/action_tutorials_interfaces__rosidl_typesupport_c.dir/rosidl_typesupport_c/action_tutorials_interfaces/action/fibonacci__type_support.cpp.o[0m
[2.902s] [ 46%] [32mBuilding CXX object CMakeFiles/action_tutorials_interfaces__rosidl_typesupport_c.dir/rosidl_typesupport_c/action_tutorials_interfaces/action/boiso__type_support.cpp.o[0m
[2.912s] [ 48%] [32m[1mLinking CXX shared library libaction_tutorials_interfaces__rosidl_typesupport_cpp.so[0m
[2.938s] [35m[1mScanning dependencies of target action_tutorials_interfaces__rosidl_typesupport_introspection_c[0m
[2.949s] [ 51%] [32m[1mLinking CXX shared library libaction_tutorials_interfaces__rosidl_typesupport_c.so[0m
[2.957s] [ 56%] [32mBuilding C object CMakeFiles/action_tutorials_interfaces__rosidl_typesupport_introspection_c.dir/rosidl_typesupport_introspection_c/action_tutorials_interfaces/action/detail/fibonacci__type_support.c.o[0m
[2.958s] [ 56%] [32mBuilding C object CMakeFiles/action_tutorials_interfaces__rosidl_typesupport_introspection_c.dir/rosidl_typesupport_introspection_c/action_tutorials_interfaces/action/detail/boiso__type_support.c.o[0m
[2.968s] [ 56%] Built target action_tutorials_interfaces__rosidl_typesupport_cpp
[3.001s] [ 58%] [32m[1mLinking C shared library libaction_tutorials_interfaces__rosidl_typesupport_introspection_c.so[0m
[3.004s] [ 58%] Built target action_tutorials_interfaces__rosidl_typesupport_c
[3.036s] [ 58%] Built target action_tutorials_interfaces__rosidl_typesupport_introspection_c
[3.093s] [ 61%] [32m[1mLinking CXX shared library libaction_tutorials_interfaces__rosidl_typesupport_introspection_cpp.so[0m
[3.163s] [ 61%] Built target action_tutorials_interfaces__rosidl_typesupport_introspection_cpp
[3.244s] [ 64%] [32m[1mLinking CXX shared library libaction_tutorials_interfaces__rosidl_typesupport_fastrtps_cpp.so[0m
[3.327s] [ 64%] Built target action_tutorials_interfaces__rosidl_typesupport_fastrtps_cpp
[3.340s] [ 66%] [34m[1mGenerating C type support for eProsima Fast-RTPS[0m
[3.722s] [35m[1mScanning dependencies of target action_tutorials_interfaces__rosidl_typesupport_fastrtps_c[0m
[3.741s] [ 71%] [32mBuilding CXX object CMakeFiles/action_tutorials_interfaces__rosidl_typesupport_fastrtps_c.dir/rosidl_typesupport_fastrtps_c/action_tutorials_interfaces/action/detail/fibonacci__type_support_c.cpp.o[0m
[3.742s] [ 71%] [32mBuilding CXX object CMakeFiles/action_tutorials_interfaces__rosidl_typesupport_fastrtps_c.dir/rosidl_typesupport_fastrtps_c/action_tutorials_interfaces/action/detail/boiso__type_support_c.cpp.o[0m
[4.082s] [ 74%] [32m[1mLinking CXX shared library libaction_tutorials_interfaces__rosidl_typesupport_fastrtps_c.so[0m
[4.178s] [ 74%] Built target action_tutorials_interfaces__rosidl_typesupport_fastrtps_c
[4.192s] [35m[1mScanning dependencies of target action_tutorials_interfaces[0m
[4.214s] [ 74%] Built target action_tutorials_interfaces
[4.229s] [35m[1mScanning dependencies of target action_tutorials_interfaces__py[0m
[4.248s] [ 76%] [34m[1mGenerating Python code for ROS interfaces[0m
[5.153s] [ 76%] Built target action_tutorials_interfaces__py
[5.170s] [35m[1mScanning dependencies of target action_tutorials_interfaces__python[0m
[5.192s] [ 82%] [32mBuilding C object CMakeFiles/action_tutorials_interfaces__python.dir/rosidl_generator_py/action_tutorials_interfaces/action/_fibonacci_s.c.o[0m
[5.192s] [ 82%] [32mBuilding C object CMakeFiles/action_tutorials_interfaces__python.dir/rosidl_generator_py/action_tutorials_interfaces/action/_boiso_s.c.o[0m
[5.299s] [ 84%] [32m[1mLinking C shared library rosidl_generator_py/action_tutorials_interfaces/libaction_tutorials_interfaces__python.so[0m
[5.349s] [ 84%] Built target action_tutorials_interfaces__python
[5.363s] [35m[1mScanning dependencies of target action_tutorials_interfaces__rosidl_typesupport_c__pyext[0m
[5.363s] [35m[1mScanning dependencies of target action_tutorials_interfaces__rosidl_typesupport_fastrtps_c__pyext[0m
[5.363s] [35m[1mScanning dependencies of target action_tutorials_interfaces__rosidl_typesupport_introspection_c__pyext[0m
[5.379s] [ 89%] [32mBuilding C object CMakeFiles/action_tutorials_interfaces__rosidl_typesupport_introspection_c__pyext.dir/rosidl_generator_py/action_tutorials_interfaces/_action_tutorials_interfaces_s.ep.rosidl_typesupport_introspection_c.c.o[0m
[5.379s] [ 89%] [32mBuilding C object CMakeFiles/action_tutorials_interfaces__rosidl_typesupport_c__pyext.dir/rosidl_generator_py/action_tutorials_interfaces/_action_tutorials_interfaces_s.ep.rosidl_typesupport_c.c.o[0m
[5.380s] [ 92%] [32mBuilding C object CMakeFiles/action_tutorials_interfaces__rosidl_typesupport_fastrtps_c__pyext.dir/rosidl_generator_py/action_tutorials_interfaces/_action_tutorials_interfaces_s.ep.rosidl_typesupport_fastrtps_c.c.o[0m
[5.480s] [ 97%] [32m[1mLinking C shared library rosidl_generator_py/action_tutorials_interfaces/action_tutorials_interfaces_s__rosidl_typesupport_c.cpython-38-x86_64-linux-gnu.so[0m
[5.480s] [ 97%] [32m[1mLinking C shared library rosidl_generator_py/action_tutorials_interfaces/action_tutorials_interfaces_s__rosidl_typesupport_introspection_c.cpython-38-x86_64-linux-gnu.so[0m
[5.487s] [100%] [32m[1mLinking CXX shared library rosidl_generator_py/action_tutorials_interfaces/action_tutorials_interfaces_s__rosidl_typesupport_fastrtps_c.cpython-38-x86_64-linux-gnu.so[0m
[5.516s] [100%] Built target action_tutorials_interfaces__rosidl_typesupport_introspection_c__pyext
[5.518s] [100%] Built target action_tutorials_interfaces__rosidl_typesupport_c__pyext
[5.563s] [100%] Built target action_tutorials_interfaces__rosidl_typesupport_fastrtps_c__pyext
