[1.888s] Invoking command in '/home/nth/ros2_ws/src/pub_initial_pose': PYTHONPATH=/home/nth/ros2_ws/install/pub_initial_pose/lib/python3.8/site-packages:${PYTHONPATH} /usr/bin/python3 setup.py egg_info --egg-base ../../build/pub_initial_pose build --build-base /home/nth/ros2_ws/build/pub_initial_pose/build install --prefix /home/nth/ros2_ws/install/pub_initial_pose --record /home/nth/ros2_ws/build/pub_initial_pose/install.log --single-version-externally-managed
[2.142s] running egg_info
[2.144s] writing ../../build/pub_initial_pose/pub_initial_pose.egg-info/PKG-INFO
[2.146s] writing dependency_links to ../../build/pub_initial_pose/pub_initial_pose.egg-info/dependency_links.txt
[2.147s] writing entry points to ../../build/pub_initial_pose/pub_initial_pose.egg-info/entry_points.txt
[2.147s] writing requirements to ../../build/pub_initial_pose/pub_initial_pose.egg-info/requires.txt
[2.147s] writing top-level names to ../../build/pub_initial_pose/pub_initial_pose.egg-info/top_level.txt
[2.178s] reading manifest file '../../build/pub_initial_pose/pub_initial_pose.egg-info/SOURCES.txt'
[2.178s] writing manifest file '../../build/pub_initial_pose/pub_initial_pose.egg-info/SOURCES.txt'
[2.178s] running build
[2.178s] running build_py
[2.179s] copying pub_initial_pose/publisher.py -> /home/nth/ros2_ws/build/pub_initial_pose/build/lib/pub_initial_pose
[2.179s] running install
[2.179s] running install_lib
[2.180s] copying /home/nth/ros2_ws/build/pub_initial_pose/build/lib/pub_initial_pose/publisher.py -> /home/nth/ros2_ws/install/pub_initial_pose/lib/python3.8/site-packages/pub_initial_pose
[2.180s] byte-compiling /home/nth/ros2_ws/install/pub_initial_pose/lib/python3.8/site-packages/pub_initial_pose/publisher.py to publisher.cpython-38.pyc
[2.181s] running install_data
[2.181s] running install_egg_info
[2.183s] removing '/home/nth/ros2_ws/install/pub_initial_pose/lib/python3.8/site-packages/pub_initial_pose-0.0.0-py3.8.egg-info' (and everything under it)
[2.183s] Copying ../../build/pub_initial_pose/pub_initial_pose.egg-info to /home/nth/ros2_ws/install/pub_initial_pose/lib/python3.8/site-packages/pub_initial_pose-0.0.0-py3.8.egg-info
[2.184s] running install_scripts
[2.202s] Installing pub_initial_pose script to /home/nth/ros2_ws/install/pub_initial_pose/lib/pub_initial_pose
[2.202s] writing list of installed files to '/home/nth/ros2_ws/build/pub_initial_pose/install.log'
[2.270s] Invoked command in '/home/nth/ros2_ws/src/pub_initial_pose' returned '0': PYTHONPATH=/home/nth/ros2_ws/install/pub_initial_pose/lib/python3.8/site-packages:${PYTHONPATH} /usr/bin/python3 setup.py egg_info --egg-base ../../build/pub_initial_pose build --build-base /home/nth/ros2_ws/build/pub_initial_pose/build install --prefix /home/nth/ros2_ws/install/pub_initial_pose --record /home/nth/ros2_ws/build/pub_initial_pose/install.log --single-version-externally-managed
