[0.107s] Invoking command in '/home/nth/ros2_ws/build/nav_2d_msgs': CMAKE_PREFIX_PATH=${CMAKE_PREFIX_PATH}:/home/nth/rtc_ws/install/turtlebot3_teleop:/home/nth/rtc_ws/install/turtlebot3_example:/home/nth/rtc_ws/install/nav2_simple_commander:/home/nth/rtc_ws/install/nav2_gazebo_spawner:/home/nth/rtcamr_ws/install/turtlebot3_teleop:/home/nth/rtcamr_ws/install/turtlebot3_example:/home/nth/rtcamr_ws/install/nav2_simple_commander:/home/nth/rtcamr_ws/install/nav2_gazebo_spawner:/opt/ros/foxy /usr/bin/cmake --build /home/nth/ros2_ws/build/nav_2d_msgs -- -j16 -l16
[0.851s] [  1%] Built target nav_2d_msgs__cpp
[0.851s] [ 12%] Built target nav_2d_msgs__rosidl_generator_c
[0.851s] [ 23%] Built target nav_2d_msgs__rosidl_typesupport_cpp
[0.851s] [ 35%] Built target nav_2d_msgs__rosidl_typesupport_introspection_cpp
[0.851s] [ 46%] Built target nav_2d_msgs__rosidl_typesupport_c
[0.851s] [ 57%] Built target nav_2d_msgs__rosidl_typesupport_fastrtps_cpp
[0.851s] [ 69%] Built target nav_2d_msgs__rosidl_typesupport_introspection_c
[0.851s] [ 80%] Built target nav_2d_msgs__rosidl_typesupport_fastrtps_c
[0.852s] [ 80%] Built target nav_2d_msgs
[0.852s] [ 81%] Built target nav_2d_msgs__py
[0.852s] [ 91%] Built target nav_2d_msgs__python
[0.852s] [ 94%] Built target nav_2d_msgs__rosidl_typesupport_c__pyext
[0.852s] [ 97%] Built target nav_2d_msgs__rosidl_typesupport_fastrtps_c__pyext
[0.852s] [100%] Built target nav_2d_msgs__rosidl_typesupport_introspection_c__pyext
[1.077s] Invoked command in '/home/nth/ros2_ws/build/nav_2d_msgs' returned '0': CMAKE_PREFIX_PATH=${CMAKE_PREFIX_PATH}:/home/nth/rtc_ws/install/turtlebot3_teleop:/home/nth/rtc_ws/install/turtlebot3_example:/home/nth/rtc_ws/install/nav2_simple_commander:/home/nth/rtc_ws/install/nav2_gazebo_spawner:/home/nth/rtcamr_ws/install/turtlebot3_teleop:/home/nth/rtcamr_ws/install/turtlebot3_example:/home/nth/rtcamr_ws/install/nav2_simple_commander:/home/nth/rtcamr_ws/install/nav2_gazebo_spawner:/opt/ros/foxy /usr/bin/cmake --build /home/nth/ros2_ws/build/nav_2d_msgs -- -j16 -l16
[1.280s] Invoking command in '/home/nth/ros2_ws/build/nav_2d_msgs': CMAKE_PREFIX_PATH=${CMAKE_PREFIX_PATH}:/home/nth/rtc_ws/install/turtlebot3_teleop:/home/nth/rtc_ws/install/turtlebot3_example:/home/nth/rtc_ws/install/nav2_simple_commander:/home/nth/rtc_ws/install/nav2_gazebo_spawner:/home/nth/rtcamr_ws/install/turtlebot3_teleop:/home/nth/rtcamr_ws/install/turtlebot3_example:/home/nth/rtcamr_ws/install/nav2_simple_commander:/home/nth/rtcamr_ws/install/nav2_gazebo_spawner:/opt/ros/foxy /usr/bin/cmake --install /home/nth/ros2_ws/build/nav_2d_msgs
[1.302s] -- Install configuration: ""
[1.302s] -- Up-to-date: /home/nth/ros2_ws/install/nav_2d_msgs/share/ament_index/resource_index/rosidl_interfaces/nav_2d_msgs
[1.302s] -- Up-to-date: /home/nth/ros2_ws/install/nav_2d_msgs/include/nav_2d_msgs
[1.302s] -- Up-to-date: /home/nth/ros2_ws/install/nav_2d_msgs/include/nav_2d_msgs/msg
[1.302s] -- Up-to-date: /home/nth/ros2_ws/install/nav_2d_msgs/include/nav_2d_msgs/msg/twist2_d32.h
[1.302s] -- Up-to-date: /home/nth/ros2_ws/install/nav_2d_msgs/include/nav_2d_msgs/msg/rosidl_generator_c__visibility_control.h
[1.302s] -- Up-to-date: /home/nth/ros2_ws/install/nav_2d_msgs/include/nav_2d_msgs/msg/twist2_d.h
[1.302s] -- Up-to-date: /home/nth/ros2_ws/install/nav_2d_msgs/include/nav_2d_msgs/msg/detail
[1.303s] -- Up-to-date: /home/nth/ros2_ws/install/nav_2d_msgs/include/nav_2d_msgs/msg/detail/twist2_d32__struct.h
[1.303s] -- Up-to-date: /home/nth/ros2_ws/install/nav_2d_msgs/include/nav_2d_msgs/msg/detail/twist2_d__struct.h
[1.303s] -- Up-to-date: /home/nth/ros2_ws/install/nav_2d_msgs/include/nav_2d_msgs/msg/detail/path2_d__struct.h
[1.303s] -- Up-to-date: /home/nth/ros2_ws/install/nav_2d_msgs/include/nav_2d_msgs/msg/detail/twist2_d__type_support.h
[1.303s] -- Up-to-date: /home/nth/ros2_ws/install/nav_2d_msgs/include/nav_2d_msgs/msg/detail/pose2_d32__type_support.h
[1.303s] -- Up-to-date: /home/nth/ros2_ws/install/nav_2d_msgs/include/nav_2d_msgs/msg/detail/pose2_d_stamped__struct.h
[1.303s] -- Up-to-date: /home/nth/ros2_ws/install/nav_2d_msgs/include/nav_2d_msgs/msg/detail/path2_d__type_support.h
[1.303s] -- Up-to-date: /home/nth/ros2_ws/install/nav_2d_msgs/include/nav_2d_msgs/msg/detail/twist2_d_stamped__functions.c
[1.303s] -- Up-to-date: /home/nth/ros2_ws/install/nav_2d_msgs/include/nav_2d_msgs/msg/detail/pose2_d32__struct.h
[1.303s] -- Up-to-date: /home/nth/ros2_ws/install/nav_2d_msgs/include/nav_2d_msgs/msg/detail/path2_d__functions.h
[1.303s] -- Up-to-date: /home/nth/ros2_ws/install/nav_2d_msgs/include/nav_2d_msgs/msg/detail/pose2_d_stamped__functions.c
[1.304s] -- Up-to-date: /home/nth/ros2_ws/install/nav_2d_msgs/include/nav_2d_msgs/msg/detail/twist2_d32__functions.h
[1.304s] -- Up-to-date: /home/nth/ros2_ws/install/nav_2d_msgs/include/nav_2d_msgs/msg/detail/pose2_d32__functions.c
[1.304s] -- Up-to-date: /home/nth/ros2_ws/install/nav_2d_msgs/include/nav_2d_msgs/msg/detail/twist2_d__functions.c
[1.304s] -- Up-to-date: /home/nth/ros2_ws/install/nav_2d_msgs/include/nav_2d_msgs/msg/detail/twist2_d32__type_support.h
[1.304s] -- Up-to-date: /home/nth/ros2_ws/install/nav_2d_msgs/include/nav_2d_msgs/msg/detail/twist2_d_stamped__type_support.h
[1.304s] -- Up-to-date: /home/nth/ros2_ws/install/nav_2d_msgs/include/nav_2d_msgs/msg/detail/pose2_d_stamped__type_support.h
[1.304s] -- Up-to-date: /home/nth/ros2_ws/install/nav_2d_msgs/include/nav_2d_msgs/msg/detail/pose2_d_stamped__functions.h
[1.304s] -- Up-to-date: /home/nth/ros2_ws/install/nav_2d_msgs/include/nav_2d_msgs/msg/detail/twist2_d_stamped__functions.h
[1.304s] -- Up-to-date: /home/nth/ros2_ws/install/nav_2d_msgs/include/nav_2d_msgs/msg/detail/twist2_d_stamped__struct.h
[1.304s] -- Up-to-date: /home/nth/ros2_ws/install/nav_2d_msgs/include/nav_2d_msgs/msg/detail/pose2_d32__functions.h
[1.304s] -- Up-to-date: /home/nth/ros2_ws/install/nav_2d_msgs/include/nav_2d_msgs/msg/detail/path2_d__functions.c
[1.304s] -- Up-to-date: /home/nth/ros2_ws/install/nav_2d_msgs/include/nav_2d_msgs/msg/detail/twist2_d32__functions.c
[1.304s] -- Up-to-date: /home/nth/ros2_ws/install/nav_2d_msgs/include/nav_2d_msgs/msg/detail/twist2_d__functions.h
[1.305s] -- Up-to-date: /home/nth/ros2_ws/install/nav_2d_msgs/include/nav_2d_msgs/msg/pose2_d32.h
[1.305s] -- Up-to-date: /home/nth/ros2_ws/install/nav_2d_msgs/include/nav_2d_msgs/msg/path2_d.h
[1.305s] -- Up-to-date: /home/nth/ros2_ws/install/nav_2d_msgs/include/nav_2d_msgs/msg/pose2_d_stamped.h
[1.305s] -- Up-to-date: /home/nth/ros2_ws/install/nav_2d_msgs/include/nav_2d_msgs/msg/twist2_d_stamped.h
[1.305s] -- Up-to-date: /home/nth/ros2_ws/install/nav_2d_msgs/share/nav_2d_msgs/environment/library_path.sh
[1.305s] -- Up-to-date: /home/nth/ros2_ws/install/nav_2d_msgs/share/nav_2d_msgs/environment/library_path.dsv
[1.305s] -- Up-to-date: /home/nth/ros2_ws/install/nav_2d_msgs/lib/libnav_2d_msgs__rosidl_generator_c.so
[1.305s] -- Up-to-date: /home/nth/ros2_ws/install/nav_2d_msgs/include/nav_2d_msgs
[1.307s] -- Up-to-date: /home/nth/ros2_ws/install/nav_2d_msgs/include/nav_2d_msgs/msg
[1.308s] -- Up-to-date: /home/nth/ros2_ws/install/nav_2d_msgs/include/nav_2d_msgs/msg/detail
[1.308s] -- Up-to-date: /home/nth/ros2_ws/install/nav_2d_msgs/include/nav_2d_msgs/msg/detail/pose2_d32__rosidl_typesupport_fastrtps_c.h
[1.308s] -- Up-to-date: /home/nth/ros2_ws/install/nav_2d_msgs/include/nav_2d_msgs/msg/detail/path2_d__rosidl_typesupport_fastrtps_c.h
[1.308s] -- Up-to-date: /home/nth/ros2_ws/install/nav_2d_msgs/include/nav_2d_msgs/msg/detail/twist2_d__rosidl_typesupport_fastrtps_c.h
[1.308s] -- Up-to-date: /home/nth/ros2_ws/install/nav_2d_msgs/include/nav_2d_msgs/msg/detail/pose2_d_stamped__rosidl_typesupport_fastrtps_c.h
[1.308s] -- Up-to-date: /home/nth/ros2_ws/install/nav_2d_msgs/include/nav_2d_msgs/msg/detail/twist2_d_stamped__rosidl_typesupport_fastrtps_c.h
[1.308s] -- Up-to-date: /home/nth/ros2_ws/install/nav_2d_msgs/include/nav_2d_msgs/msg/detail/twist2_d32__rosidl_typesupport_fastrtps_c.h
[1.308s] -- Up-to-date: /home/nth/ros2_ws/install/nav_2d_msgs/include/nav_2d_msgs/msg/rosidl_typesupport_fastrtps_c__visibility_control.h
[1.308s] -- Up-to-date: /home/nth/ros2_ws/install/nav_2d_msgs/lib/libnav_2d_msgs__rosidl_typesupport_fastrtps_c.so
[1.309s] -- Up-to-date: /home/nth/ros2_ws/install/nav_2d_msgs/include/nav_2d_msgs
[1.309s] -- Up-to-date: /home/nth/ros2_ws/install/nav_2d_msgs/include/nav_2d_msgs/msg
[1.309s] -- Up-to-date: /home/nth/ros2_ws/install/nav_2d_msgs/include/nav_2d_msgs/msg/detail
[1.309s] -- Up-to-date: /home/nth/ros2_ws/install/nav_2d_msgs/include/nav_2d_msgs/msg/detail/pose2_d32__rosidl_typesupport_fastrtps_cpp.hpp
[1.309s] -- Up-to-date: /home/nth/ros2_ws/install/nav_2d_msgs/include/nav_2d_msgs/msg/detail/twist2_d__rosidl_typesupport_fastrtps_cpp.hpp
[1.309s] -- Up-to-date: /home/nth/ros2_ws/install/nav_2d_msgs/include/nav_2d_msgs/msg/detail/path2_d__rosidl_typesupport_fastrtps_cpp.hpp
[1.309s] -- Up-to-date: /home/nth/ros2_ws/install/nav_2d_msgs/include/nav_2d_msgs/msg/detail/twist2_d32__rosidl_typesupport_fastrtps_cpp.hpp
[1.309s] -- Up-to-date: /home/nth/ros2_ws/install/nav_2d_msgs/include/nav_2d_msgs/msg/detail/twist2_d_stamped__rosidl_typesupport_fastrtps_cpp.hpp
[1.309s] -- Up-to-date: /home/nth/ros2_ws/install/nav_2d_msgs/include/nav_2d_msgs/msg/detail/dds_fastrtps
[1.309s] -- Up-to-date: /home/nth/ros2_ws/install/nav_2d_msgs/include/nav_2d_msgs/msg/detail/pose2_d_stamped__rosidl_typesupport_fastrtps_cpp.hpp
[1.309s] -- Up-to-date: /home/nth/ros2_ws/install/nav_2d_msgs/include/nav_2d_msgs/msg/rosidl_typesupport_fastrtps_cpp__visibility_control.h
[1.309s] -- Up-to-date: /home/nth/ros2_ws/install/nav_2d_msgs/lib/libnav_2d_msgs__rosidl_typesupport_fastrtps_cpp.so
[1.309s] -- Up-to-date: /home/nth/ros2_ws/install/nav_2d_msgs/include/nav_2d_msgs
[1.309s] -- Up-to-date: /home/nth/ros2_ws/install/nav_2d_msgs/include/nav_2d_msgs/msg
[1.309s] -- Up-to-date: /home/nth/ros2_ws/install/nav_2d_msgs/include/nav_2d_msgs/msg/detail
[1.310s] -- Up-to-date: /home/nth/ros2_ws/install/nav_2d_msgs/include/nav_2d_msgs/msg/detail/twist2_d_stamped__rosidl_typesupport_introspection_c.h
[1.310s] -- Up-to-date: /home/nth/ros2_ws/install/nav_2d_msgs/include/nav_2d_msgs/msg/detail/pose2_d32__rosidl_typesupport_introspection_c.h
[1.310s] -- Up-to-date: /home/nth/ros2_ws/install/nav_2d_msgs/include/nav_2d_msgs/msg/detail/path2_d__rosidl_typesupport_introspection_c.h
[1.310s] -- Up-to-date: /home/nth/ros2_ws/install/nav_2d_msgs/include/nav_2d_msgs/msg/detail/twist2_d__type_support.c
[1.310s] -- Up-to-date: /home/nth/ros2_ws/install/nav_2d_msgs/include/nav_2d_msgs/msg/detail/twist2_d__rosidl_typesupport_introspection_c.h
[1.310s] -- Up-to-date: /home/nth/ros2_ws/install/nav_2d_msgs/include/nav_2d_msgs/msg/detail/pose2_d32__type_support.c
[1.310s] -- Up-to-date: /home/nth/ros2_ws/install/nav_2d_msgs/include/nav_2d_msgs/msg/detail/twist2_d32__rosidl_typesupport_introspection_c.h
[1.310s] -- Up-to-date: /home/nth/ros2_ws/install/nav_2d_msgs/include/nav_2d_msgs/msg/detail/twist2_d_stamped__type_support.c
[1.310s] -- Up-to-date: /home/nth/ros2_ws/install/nav_2d_msgs/include/nav_2d_msgs/msg/detail/pose2_d_stamped__rosidl_typesupport_introspection_c.h
[1.310s] -- Up-to-date: /home/nth/ros2_ws/install/nav_2d_msgs/include/nav_2d_msgs/msg/detail/path2_d__type_support.c
[1.310s] -- Up-to-date: /home/nth/ros2_ws/install/nav_2d_msgs/include/nav_2d_msgs/msg/detail/pose2_d_stamped__type_support.c
[1.310s] -- Up-to-date: /home/nth/ros2_ws/install/nav_2d_msgs/include/nav_2d_msgs/msg/detail/twist2_d32__type_support.c
[1.310s] -- Up-to-date: /home/nth/ros2_ws/install/nav_2d_msgs/include/nav_2d_msgs/msg/rosidl_typesupport_introspection_c__visibility_control.h
[1.311s] -- Up-to-date: /home/nth/ros2_ws/install/nav_2d_msgs/lib/libnav_2d_msgs__rosidl_typesupport_introspection_c.so
[1.311s] -- Up-to-date: /home/nth/ros2_ws/install/nav_2d_msgs/lib/libnav_2d_msgs__rosidl_typesupport_c.so
[1.311s] -- Up-to-date: /home/nth/ros2_ws/install/nav_2d_msgs/include/nav_2d_msgs
[1.311s] -- Up-to-date: /home/nth/ros2_ws/install/nav_2d_msgs/include/nav_2d_msgs/msg
[1.311s] -- Up-to-date: /home/nth/ros2_ws/install/nav_2d_msgs/include/nav_2d_msgs/msg/detail
[1.311s] -- Up-to-date: /home/nth/ros2_ws/install/nav_2d_msgs/include/nav_2d_msgs/msg/detail/path2_d__builder.hpp
[1.311s] -- Up-to-date: /home/nth/ros2_ws/install/nav_2d_msgs/include/nav_2d_msgs/msg/detail/path2_d__struct.hpp
[1.312s] -- Up-to-date: /home/nth/ros2_ws/install/nav_2d_msgs/include/nav_2d_msgs/msg/detail/twist2_d__struct.hpp
[1.312s] -- Up-to-date: /home/nth/ros2_ws/install/nav_2d_msgs/include/nav_2d_msgs/msg/detail/twist2_d__builder.hpp
[1.312s] -- Up-to-date: /home/nth/ros2_ws/install/nav_2d_msgs/include/nav_2d_msgs/msg/detail/twist2_d_stamped__builder.hpp
[1.312s] -- Up-to-date: /home/nth/ros2_ws/install/nav_2d_msgs/include/nav_2d_msgs/msg/detail/twist2_d__traits.hpp
[1.312s] -- Up-to-date: /home/nth/ros2_ws/install/nav_2d_msgs/include/nav_2d_msgs/msg/detail/pose2_d32__builder.hpp
[1.312s] -- Up-to-date: /home/nth/ros2_ws/install/nav_2d_msgs/include/nav_2d_msgs/msg/detail/pose2_d32__traits.hpp
[1.312s] -- Up-to-date: /home/nth/ros2_ws/install/nav_2d_msgs/include/nav_2d_msgs/msg/detail/pose2_d32__struct.hpp
[1.312s] -- Up-to-date: /home/nth/ros2_ws/install/nav_2d_msgs/include/nav_2d_msgs/msg/detail/pose2_d_stamped__traits.hpp
[1.312s] -- Up-to-date: /home/nth/ros2_ws/install/nav_2d_msgs/include/nav_2d_msgs/msg/detail/twist2_d32__builder.hpp
[1.312s] -- Up-to-date: /home/nth/ros2_ws/install/nav_2d_msgs/include/nav_2d_msgs/msg/detail/twist2_d32__struct.hpp
[1.312s] -- Up-to-date: /home/nth/ros2_ws/install/nav_2d_msgs/include/nav_2d_msgs/msg/detail/pose2_d_stamped__struct.hpp
[1.312s] -- Up-to-date: /home/nth/ros2_ws/install/nav_2d_msgs/include/nav_2d_msgs/msg/detail/twist2_d32__traits.hpp
[1.312s] -- Up-to-date: /home/nth/ros2_ws/install/nav_2d_msgs/include/nav_2d_msgs/msg/detail/path2_d__traits.hpp
[1.312s] -- Up-to-date: /home/nth/ros2_ws/install/nav_2d_msgs/include/nav_2d_msgs/msg/detail/pose2_d_stamped__builder.hpp
[1.312s] -- Up-to-date: /home/nth/ros2_ws/install/nav_2d_msgs/include/nav_2d_msgs/msg/detail/twist2_d_stamped__struct.hpp
[1.313s] -- Up-to-date: /home/nth/ros2_ws/install/nav_2d_msgs/include/nav_2d_msgs/msg/detail/twist2_d_stamped__traits.hpp
[1.313s] -- Up-to-date: /home/nth/ros2_ws/install/nav_2d_msgs/include/nav_2d_msgs/msg/pose2_d32.hpp
[1.313s] -- Up-to-date: /home/nth/ros2_ws/install/nav_2d_msgs/include/nav_2d_msgs/msg/twist2_d32.hpp
[1.313s] -- Up-to-date: /home/nth/ros2_ws/install/nav_2d_msgs/include/nav_2d_msgs/msg/path2_d.hpp
[1.313s] -- Up-to-date: /home/nth/ros2_ws/install/nav_2d_msgs/include/nav_2d_msgs/msg/pose2_d_stamped.hpp
[1.313s] -- Up-to-date: /home/nth/ros2_ws/install/nav_2d_msgs/include/nav_2d_msgs/msg/twist2_d_stamped.hpp
[1.313s] -- Up-to-date: /home/nth/ros2_ws/install/nav_2d_msgs/include/nav_2d_msgs/msg/twist2_d.hpp
[1.313s] -- Up-to-date: /home/nth/ros2_ws/install/nav_2d_msgs/include/nav_2d_msgs
[1.313s] -- Up-to-date: /home/nth/ros2_ws/install/nav_2d_msgs/include/nav_2d_msgs/msg
[1.313s] -- Up-to-date: /home/nth/ros2_ws/install/nav_2d_msgs/include/nav_2d_msgs/msg/detail
[1.314s] -- Up-to-date: /home/nth/ros2_ws/install/nav_2d_msgs/include/nav_2d_msgs/msg/detail/pose2_d_stamped__rosidl_typesupport_introspection_cpp.hpp
[1.314s] -- Up-to-date: /home/nth/ros2_ws/install/nav_2d_msgs/include/nav_2d_msgs/msg/detail/twist2_d_stamped__type_support.cpp
[1.314s] -- Up-to-date: /home/nth/ros2_ws/install/nav_2d_msgs/include/nav_2d_msgs/msg/detail/pose2_d32__type_support.cpp
[1.314s] -- Up-to-date: /home/nth/ros2_ws/install/nav_2d_msgs/include/nav_2d_msgs/msg/detail/twist2_d__rosidl_typesupport_introspection_cpp.hpp
[1.314s] -- Up-to-date: /home/nth/ros2_ws/install/nav_2d_msgs/include/nav_2d_msgs/msg/detail/path2_d__rosidl_typesupport_introspection_cpp.hpp
[1.314s] -- Up-to-date: /home/nth/ros2_ws/install/nav_2d_msgs/include/nav_2d_msgs/msg/detail/twist2_d32__type_support.cpp
[1.314s] -- Up-to-date: /home/nth/ros2_ws/install/nav_2d_msgs/include/nav_2d_msgs/msg/detail/pose2_d_stamped__type_support.cpp
[1.314s] -- Up-to-date: /home/nth/ros2_ws/install/nav_2d_msgs/include/nav_2d_msgs/msg/detail/pose2_d32__rosidl_typesupport_introspection_cpp.hpp
[1.314s] -- Up-to-date: /home/nth/ros2_ws/install/nav_2d_msgs/include/nav_2d_msgs/msg/detail/twist2_d__type_support.cpp
[1.314s] -- Up-to-date: /home/nth/ros2_ws/install/nav_2d_msgs/include/nav_2d_msgs/msg/detail/twist2_d32__rosidl_typesupport_introspection_cpp.hpp
[1.314s] -- Up-to-date: /home/nth/ros2_ws/install/nav_2d_msgs/include/nav_2d_msgs/msg/detail/twist2_d_stamped__rosidl_typesupport_introspection_cpp.hpp
[1.315s] -- Up-to-date: /home/nth/ros2_ws/install/nav_2d_msgs/include/nav_2d_msgs/msg/detail/path2_d__type_support.cpp
[1.315s] -- Up-to-date: /home/nth/ros2_ws/install/nav_2d_msgs/lib/libnav_2d_msgs__rosidl_typesupport_introspection_cpp.so
[1.315s] -- Up-to-date: /home/nth/ros2_ws/install/nav_2d_msgs/lib/libnav_2d_msgs__rosidl_typesupport_cpp.so
[1.315s] -- Up-to-date: /home/nth/ros2_ws/install/nav_2d_msgs/share/nav_2d_msgs/environment/pythonpath.sh
[1.315s] -- Up-to-date: /home/nth/ros2_ws/install/nav_2d_msgs/share/nav_2d_msgs/environment/pythonpath.dsv
[1.315s] -- Up-to-date: /home/nth/ros2_ws/install/nav_2d_msgs/lib/python3.8/site-packages/nav_2d_msgs/__init__.py
[1.329s] -- Up-to-date: /home/nth/ros2_ws/install/nav_2d_msgs/lib/python3.8/site-packages/nav_2d_msgs/msg
[1.329s] -- Up-to-date: /home/nth/ros2_ws/install/nav_2d_msgs/lib/python3.8/site-packages/nav_2d_msgs/msg/_twist2_d_stamped.py
[1.329s] -- Up-to-date: /home/nth/ros2_ws/install/nav_2d_msgs/lib/python3.8/site-packages/nav_2d_msgs/msg/_pose2_d_stamped.py
[1.329s] -- Up-to-date: /home/nth/ros2_ws/install/nav_2d_msgs/lib/python3.8/site-packages/nav_2d_msgs/msg/_twist2_d32.py
[1.329s] -- Up-to-date: /home/nth/ros2_ws/install/nav_2d_msgs/lib/python3.8/site-packages/nav_2d_msgs/msg/_twist2_d_s.c
[1.330s] -- Up-to-date: /home/nth/ros2_ws/install/nav_2d_msgs/lib/python3.8/site-packages/nav_2d_msgs/msg/_twist2_d.py
[1.330s] -- Up-to-date: /home/nth/ros2_ws/install/nav_2d_msgs/lib/python3.8/site-packages/nav_2d_msgs/msg/_pose2_d32.py
[1.330s] -- Up-to-date: /home/nth/ros2_ws/install/nav_2d_msgs/lib/python3.8/site-packages/nav_2d_msgs/msg/_twist2_d_stamped_s.c
[1.330s] -- Up-to-date: /home/nth/ros2_ws/install/nav_2d_msgs/lib/python3.8/site-packages/nav_2d_msgs/msg/_pose2_d_stamped_s.c
[1.330s] -- Up-to-date: /home/nth/ros2_ws/install/nav_2d_msgs/lib/python3.8/site-packages/nav_2d_msgs/msg/__init__.py
[1.330s] -- Up-to-date: /home/nth/ros2_ws/install/nav_2d_msgs/lib/python3.8/site-packages/nav_2d_msgs/msg/_path2_d_s.c
[1.330s] -- Up-to-date: /home/nth/ros2_ws/install/nav_2d_msgs/lib/python3.8/site-packages/nav_2d_msgs/msg/_pose2_d32_s.c
[1.330s] -- Up-to-date: /home/nth/ros2_ws/install/nav_2d_msgs/lib/python3.8/site-packages/nav_2d_msgs/msg/_path2_d.py
[1.330s] -- Up-to-date: /home/nth/ros2_ws/install/nav_2d_msgs/lib/python3.8/site-packages/nav_2d_msgs/msg/_twist2_d32_s.c
[1.330s] -- Up-to-date: /home/nth/ros2_ws/install/nav_2d_msgs/lib/python3.8/site-packages/nav_2d_msgs/nav_2d_msgs_s__rosidl_typesupport_fastrtps_c.cpython-38-x86_64-linux-gnu.so
[1.330s] -- Up-to-date: /home/nth/ros2_ws/install/nav_2d_msgs/lib/python3.8/site-packages/nav_2d_msgs/nav_2d_msgs_s__rosidl_typesupport_introspection_c.cpython-38-x86_64-linux-gnu.so
[1.331s] -- Up-to-date: /home/nth/ros2_ws/install/nav_2d_msgs/lib/python3.8/site-packages/nav_2d_msgs/nav_2d_msgs_s__rosidl_typesupport_c.cpython-38-x86_64-linux-gnu.so
[1.331s] -- Up-to-date: /home/nth/ros2_ws/install/nav_2d_msgs/lib/libnav_2d_msgs__python.so
[1.331s] -- Up-to-date: /home/nth/ros2_ws/install/nav_2d_msgs/share/nav_2d_msgs/msg/Path2D.idl
[1.331s] -- Up-to-date: /home/nth/ros2_ws/install/nav_2d_msgs/share/nav_2d_msgs/msg/Pose2D32.idl
[1.331s] -- Up-to-date: /home/nth/ros2_ws/install/nav_2d_msgs/share/nav_2d_msgs/msg/Pose2DStamped.idl
[1.331s] -- Up-to-date: /home/nth/ros2_ws/install/nav_2d_msgs/share/nav_2d_msgs/msg/Twist2D.idl
[1.331s] -- Up-to-date: /home/nth/ros2_ws/install/nav_2d_msgs/share/nav_2d_msgs/msg/Twist2D32.idl
[1.331s] -- Up-to-date: /home/nth/ros2_ws/install/nav_2d_msgs/share/nav_2d_msgs/msg/Twist2DStamped.idl
[1.331s] -- Up-to-date: /home/nth/ros2_ws/install/nav_2d_msgs/share/nav_2d_msgs/msg/Path2D.msg
[1.331s] -- Up-to-date: /home/nth/ros2_ws/install/nav_2d_msgs/share/nav_2d_msgs/msg/Pose2D32.msg
[1.331s] -- Up-to-date: /home/nth/ros2_ws/install/nav_2d_msgs/share/nav_2d_msgs/msg/Pose2DStamped.msg
[1.332s] -- Up-to-date: /home/nth/ros2_ws/install/nav_2d_msgs/share/nav_2d_msgs/msg/Twist2D.msg
[1.332s] -- Up-to-date: /home/nth/ros2_ws/install/nav_2d_msgs/share/nav_2d_msgs/msg/Twist2D32.msg
[1.332s] -- Up-to-date: /home/nth/ros2_ws/install/nav_2d_msgs/share/nav_2d_msgs/msg/Twist2DStamped.msg
[1.332s] -- Up-to-date: /home/nth/ros2_ws/install/nav_2d_msgs/share/ament_index/resource_index/package_run_dependencies/nav_2d_msgs
[1.332s] -- Up-to-date: /home/nth/ros2_ws/install/nav_2d_msgs/share/ament_index/resource_index/parent_prefix_path/nav_2d_msgs
[1.332s] -- Up-to-date: /home/nth/ros2_ws/install/nav_2d_msgs/share/nav_2d_msgs/environment/ament_prefix_path.sh
[1.332s] -- Up-to-date: /home/nth/ros2_ws/install/nav_2d_msgs/share/nav_2d_msgs/environment/ament_prefix_path.dsv
[1.332s] -- Up-to-date: /home/nth/ros2_ws/install/nav_2d_msgs/share/nav_2d_msgs/environment/path.sh
[1.332s] -- Up-to-date: /home/nth/ros2_ws/install/nav_2d_msgs/share/nav_2d_msgs/environment/path.dsv
[1.332s] -- Up-to-date: /home/nth/ros2_ws/install/nav_2d_msgs/share/nav_2d_msgs/local_setup.bash
[1.332s] -- Up-to-date: /home/nth/ros2_ws/install/nav_2d_msgs/share/nav_2d_msgs/local_setup.sh
[1.332s] -- Up-to-date: /home/nth/ros2_ws/install/nav_2d_msgs/share/nav_2d_msgs/local_setup.zsh
[1.332s] -- Up-to-date: /home/nth/ros2_ws/install/nav_2d_msgs/share/nav_2d_msgs/local_setup.dsv
[1.332s] -- Installing: /home/nth/ros2_ws/install/nav_2d_msgs/share/nav_2d_msgs/package.dsv
[1.333s] -- Up-to-date: /home/nth/ros2_ws/install/nav_2d_msgs/share/ament_index/resource_index/packages/nav_2d_msgs
[1.333s] -- Up-to-date: /home/nth/ros2_ws/install/nav_2d_msgs/share/nav_2d_msgs/cmake/nav_2d_msgs__rosidl_generator_cExport.cmake
[1.333s] -- Up-to-date: /home/nth/ros2_ws/install/nav_2d_msgs/share/nav_2d_msgs/cmake/nav_2d_msgs__rosidl_generator_cExport-noconfig.cmake
[1.333s] -- Up-to-date: /home/nth/ros2_ws/install/nav_2d_msgs/share/nav_2d_msgs/cmake/nav_2d_msgs__rosidl_typesupport_introspection_cExport.cmake
[1.333s] -- Up-to-date: /home/nth/ros2_ws/install/nav_2d_msgs/share/nav_2d_msgs/cmake/nav_2d_msgs__rosidl_typesupport_introspection_cExport-noconfig.cmake
[1.333s] -- Up-to-date: /home/nth/ros2_ws/install/nav_2d_msgs/share/nav_2d_msgs/cmake/nav_2d_msgs__rosidl_typesupport_cExport.cmake
[1.333s] -- Up-to-date: /home/nth/ros2_ws/install/nav_2d_msgs/share/nav_2d_msgs/cmake/nav_2d_msgs__rosidl_typesupport_cExport-noconfig.cmake
[1.333s] -- Up-to-date: /home/nth/ros2_ws/install/nav_2d_msgs/share/nav_2d_msgs/cmake/nav_2d_msgs__rosidl_generator_cppExport.cmake
[1.333s] -- Up-to-date: /home/nth/ros2_ws/install/nav_2d_msgs/share/nav_2d_msgs/cmake/nav_2d_msgs__rosidl_typesupport_introspection_cppExport.cmake
[1.333s] -- Up-to-date: /home/nth/ros2_ws/install/nav_2d_msgs/share/nav_2d_msgs/cmake/nav_2d_msgs__rosidl_typesupport_introspection_cppExport-noconfig.cmake
[1.333s] -- Up-to-date: /home/nth/ros2_ws/install/nav_2d_msgs/share/nav_2d_msgs/cmake/nav_2d_msgs__rosidl_typesupport_cppExport.cmake
[1.333s] -- Up-to-date: /home/nth/ros2_ws/install/nav_2d_msgs/share/nav_2d_msgs/cmake/nav_2d_msgs__rosidl_typesupport_cppExport-noconfig.cmake
[1.333s] -- Up-to-date: /home/nth/ros2_ws/install/nav_2d_msgs/share/nav_2d_msgs/cmake/rosidl_cmake-extras.cmake
[1.333s] -- Up-to-date: /home/nth/ros2_ws/install/nav_2d_msgs/share/nav_2d_msgs/cmake/ament_cmake_export_dependencies-extras.cmake
[1.334s] -- Up-to-date: /home/nth/ros2_ws/install/nav_2d_msgs/share/nav_2d_msgs/cmake/ament_cmake_export_libraries-extras.cmake
[1.334s] -- Up-to-date: /home/nth/ros2_ws/install/nav_2d_msgs/share/nav_2d_msgs/cmake/ament_cmake_export_targets-extras.cmake
[1.334s] -- Up-to-date: /home/nth/ros2_ws/install/nav_2d_msgs/share/nav_2d_msgs/cmake/ament_cmake_export_include_directories-extras.cmake
[1.334s] -- Up-to-date: /home/nth/ros2_ws/install/nav_2d_msgs/share/nav_2d_msgs/cmake/rosidl_cmake_export_typesupport_libraries-extras.cmake
[1.334s] -- Up-to-date: /home/nth/ros2_ws/install/nav_2d_msgs/share/nav_2d_msgs/cmake/rosidl_cmake_export_typesupport_targets-extras.cmake
[1.335s] -- Up-to-date: /home/nth/ros2_ws/install/nav_2d_msgs/share/nav_2d_msgs/cmake/nav_2d_msgsConfig.cmake
[1.335s] -- Up-to-date: /home/nth/ros2_ws/install/nav_2d_msgs/share/nav_2d_msgs/cmake/nav_2d_msgsConfig-version.cmake
[1.335s] -- Up-to-date: /home/nth/ros2_ws/install/nav_2d_msgs/share/nav_2d_msgs/package.xml
[1.390s] Invoked command in '/home/nth/ros2_ws/build/nav_2d_msgs' returned '0': CMAKE_PREFIX_PATH=${CMAKE_PREFIX_PATH}:/home/nth/rtc_ws/install/turtlebot3_teleop:/home/nth/rtc_ws/install/turtlebot3_example:/home/nth/rtc_ws/install/nav2_simple_commander:/home/nth/rtc_ws/install/nav2_gazebo_spawner:/home/nth/rtcamr_ws/install/turtlebot3_teleop:/home/nth/rtcamr_ws/install/turtlebot3_example:/home/nth/rtcamr_ws/install/nav2_simple_commander:/home/nth/rtcamr_ws/install/nav2_gazebo_spawner:/opt/ros/foxy /usr/bin/cmake --install /home/nth/ros2_ws/build/nav_2d_msgs
