[1.458s] Invoking command in '/home/nth/ros2_ws/src/navigation2/nav2_bringup/nav2_gazebo_spawner': PYTHONPATH=/home/nth/ros2_ws/install/nav2_gazebo_spawner/lib/python3.8/site-packages:${PYTHONPATH} /usr/bin/python3 setup.py egg_info --egg-base ../../../../build/nav2_gazebo_spawner build --build-base /home/nth/ros2_ws/build/nav2_gazebo_spawner/build install --prefix /home/nth/ros2_ws/install/nav2_gazebo_spawner --record /home/nth/ros2_ws/build/nav2_gazebo_spawner/install.log --single-version-externally-managed
[1.675s] running egg_info
[1.676s] writing ../../../../build/nav2_gazebo_spawner/nav2_gazebo_spawner.egg-info/PKG-INFO
[1.676s] writing dependency_links to ../../../../build/nav2_gazebo_spawner/nav2_gazebo_spawner.egg-info/dependency_links.txt
[1.676s] writing entry points to ../../../../build/nav2_gazebo_spawner/nav2_gazebo_spawner.egg-info/entry_points.txt
[1.676s] writing requirements to ../../../../build/nav2_gazebo_spawner/nav2_gazebo_spawner.egg-info/requires.txt
[1.676s] writing top-level names to ../../../../build/nav2_gazebo_spawner/nav2_gazebo_spawner.egg-info/top_level.txt
[1.702s] reading manifest file '../../../../build/nav2_gazebo_spawner/nav2_gazebo_spawner.egg-info/SOURCES.txt'
[1.705s] writing manifest file '../../../../build/nav2_gazebo_spawner/nav2_gazebo_spawner.egg-info/SOURCES.txt'
[1.705s] running build
[1.705s] running build_py
[1.705s] running install
[1.705s] running install_lib
[1.706s] running install_data
[1.706s] running install_egg_info
[1.712s] removing '/home/nth/ros2_ws/install/nav2_gazebo_spawner/lib/python3.8/site-packages/nav2_gazebo_spawner-0.3.0-py3.8.egg-info' (and everything under it)
[1.712s] Copying ../../../../build/nav2_gazebo_spawner/nav2_gazebo_spawner.egg-info to /home/nth/ros2_ws/install/nav2_gazebo_spawner/lib/python3.8/site-packages/nav2_gazebo_spawner-0.3.0-py3.8.egg-info
[1.712s] running install_scripts
[1.729s] Installing nav2_gazebo_spawner script to /home/nth/ros2_ws/install/nav2_gazebo_spawner/lib/nav2_gazebo_spawner
[1.730s] writing list of installed files to '/home/nth/ros2_ws/build/nav2_gazebo_spawner/install.log'
[1.769s] Invoked command in '/home/nth/ros2_ws/src/navigation2/nav2_bringup/nav2_gazebo_spawner' returned '0': PYTHONPATH=/home/nth/ros2_ws/install/nav2_gazebo_spawner/lib/python3.8/site-packages:${PYTHONPATH} /usr/bin/python3 setup.py egg_info --egg-base ../../../../build/nav2_gazebo_spawner build --build-base /home/nth/ros2_ws/build/nav2_gazebo_spawner/build install --prefix /home/nth/ros2_ws/install/nav2_gazebo_spawner --record /home/nth/ros2_ws/build/nav2_gazebo_spawner/install.log --single-version-externally-managed
